
RAxML-NG v. 1.1 released on 29.11.2021 by The Exelixis Lab.
Developed by: Alexey M. Kozlov and Alexandros Stamatakis.
Contributors: Diego Darriba, Tomas Flouri, Benoit Morel, Sarah Lutteropp, Ben Bettisworth.
Latest version: https://github.com/amkozlov/raxml-ng
Questions/problems/suggestions? Please visit: https://groups.google.com/forum/#!forum/raxml

System: Intel(R) Xeon(R) CPU E5-2680 v3 @ 2.50GHz, 24 cores, 125 GB RAM

RAxML-NG was called at 09-Feb-2023 06:39:27 as follows:

raxml-ng --msa /groups/pupko/alburquerque/RL/Tree_Data/data/All_sized/2224/masked_species_real_msa.phy --threads 1 --model GTR{1.03524/3.11819/2.16613/1.37892/6.59729/1.00000}+I{0.446}+G{0.603}+F{0.27887/0.19295/0.26505/0.26314} --tree /groups/pupko/alburquerque/RL/Tree_Data/data/All_sized/2224/Temp_start_tree_file_for_raxml_search.txt --redo

Analysis options:
  run mode: ML tree search
  start tree(s): user
  random seed: 1675917567
  tip-inner: OFF
  pattern compression: ON
  per-rate scalers: OFF
  site repeats: ON
  fast spr radius: AUTO
  spr subtree cutoff: 1.000000
  branch lengths: proportional (ML estimate, algorithm: NR-FAST)
  SIMD kernels: AVX2
  parallelization: coarse-grained (auto), NONE/sequential

WARNING: Running in REDO mode: existing checkpoints are ignored, and all result files will be overwritten!

[00:00:00] Reading alignment from file: /groups/pupko/alburquerque/RL/Tree_Data/data/All_sized/2224/masked_species_real_msa.phy
[00:00:00] Loaded alignment with 7 taxa and 2267 sites

Alignment comprises 1 partitions and 362 patterns

Partition 0: noname
Model: GTR{1.03524/3.11819/2.16613/1.37892/6.59729/1}+FU{0.27887/0.19295/0.26505/0.26314}+IU{0.446}+G4m{0.603}
Alignment sites / patterns: 2267 / 362
Gaps: 2.82 %
Invariant sites: 77.19 %


NOTE: Binary MSA file created: /groups/pupko/alburquerque/RL/Tree_Data/data/All_sized/2224/masked_species_real_msa.phy.raxml.rba

Parallelization scheme autoconfig: 1 worker(s) x 1 thread(s)

Parallel reduction/worker buffer size: 1 KB  / 0 KB

[00:00:00] Loading user starting tree(s) from: /groups/pupko/alburquerque/RL/Tree_Data/data/All_sized/2224/Temp_start_tree_file_for_raxml_search.txt
[00:00:00] Data distribution: max. partitions/sites/weight per thread: 1 / 362 / 5792
[00:00:00] Data distribution: max. searches per worker: 1

Starting ML tree search with 1 distinct starting trees

[00:00:00 -7412.037510] Initial branch length optimization
[00:00:00 -7079.959369] Model parameter optimization (eps = 10.000000)
[00:00:00 -7079.653680] AUTODETECT spr round 1 (radius: 5)
[00:00:00 -6923.422522] SPR radius for FAST iterations: 5 (autodetect)
[00:00:00 -6923.422522] Model parameter optimization (eps = 3.000000)
[00:00:00 -6923.420604] FAST spr round 1 (radius: 5)
[00:00:00 -6923.420519] Model parameter optimization (eps = 1.000000)
[00:00:00 -6923.420519] SLOW spr round 1 (radius: 5)
[00:00:00 -6923.420519] Model parameter optimization (eps = 0.100000)

[00:00:00] ML tree search #1, logLikelihood: -6923.420519


Optimized model parameters:

   Partition 0: noname
   Rate heterogeneity: GAMMA (4 cats, mean),  alpha: 0.603000 (user),  weights&rates: (0.250000,0.053727) (0.250000,0.313936) (0.250000,0.882842) (0.250000,2.749495) 
   P-inv (user): 0.446000
   Base frequencies (user): 0.278867 0.192948 0.265047 0.263137 
   Substitution rates (user): 1.035240 3.118190 2.166130 1.378920 6.597290 1.000000 


Final LogLikelihood: -6923.420519

AIC score: 13868.841037 / AICc score: 13868.958110 / BIC score: 13931.829376
Free parameters (model + branch lengths): 11

Best ML tree saved to: /groups/pupko/alburquerque/RL/Tree_Data/data/All_sized/2224/masked_species_real_msa.phy.raxml.bestTree
Optimized model saved to: /groups/pupko/alburquerque/RL/Tree_Data/data/All_sized/2224/masked_species_real_msa.phy.raxml.bestModel

Execution log saved to: /groups/pupko/alburquerque/RL/Tree_Data/data/All_sized/2224/masked_species_real_msa.phy.raxml.log

Analysis started: 09-Feb-2023 06:39:27 / finished: 09-Feb-2023 06:39:27

Elapsed time: 0.156 seconds

