
RAxML-NG v. 1.1 released on 29.11.2021 by The Exelixis Lab.
Developed by: Alexey M. Kozlov and Alexandros Stamatakis.
Contributors: Diego Darriba, Tomas Flouri, Benoit Morel, Sarah Lutteropp, Ben Bettisworth.
Latest version: https://github.com/amkozlov/raxml-ng
Questions/problems/suggestions? Please visit: https://groups.google.com/forum/#!forum/raxml

System: Intel(R) Xeon(R) Gold 6230 CPU @ 2.10GHz, 1 cores, 31 GB RAM

RAxML-NG was called at 28-Dec-2022 15:01:32 as follows:

raxml-ng --msa /groups/pupko/alburquerque/RL/Tree_Data/data/All_sized/16771/masked_species_real_msa.phy --threads 1 --opt-branches on --opt-model --nofiles --tree rand{1} --redo off --model GTR{2.56659/8.59370/2.09555/1.59693/7.81031/1.00000}+I{0.261}+G{0.587}+F{0.22349/0.26035/0.24118/0.27498}

Analysis options:
  run mode: ML tree search
  start tree(s): random (1)
  random seed: 1672232492
  tip-inner: OFF
  pattern compression: ON
  per-rate scalers: OFF
  site repeats: ON
  fast spr radius: AUTO
  spr subtree cutoff: 1.000000
  branch lengths: proportional (ML estimate, algorithm: NR-FAST)
  SIMD kernels: AVX2
  parallelization: coarse-grained (auto), NONE/sequential

WARNING: Running in REDO mode: existing checkpoints are ignored, and all result files will be overwritten!

[00:00:00] Reading alignment from file: /groups/pupko/alburquerque/RL/Tree_Data/data/All_sized/16771/masked_species_real_msa.phy
[00:00:00] Loaded alignment with 20 taxa and 786 sites

WARNING: Sequences Sp004 and Sp005 are exactly identical!
WARNING: Sequences Sp006 and Sp007 are exactly identical!
WARNING: Sequences Sp012 and Sp013 are exactly identical!
WARNING: Sequences Sp018 and Sp019 are exactly identical!
WARNING: Duplicate sequences found: 4

NOTE: Reduced alignment (with duplicates and gap-only sites/taxa removed) 
NOTE: was saved to: /groups/pupko/alburquerque/RL/Tree_Data/data/All_sized/16771/masked_species_real_msa.phy.raxml.reduced.phy

Alignment comprises 1 partitions and 70 patterns

Partition 0: noname
Model: GTR{2.56659/8.5937/2.09555/1.59693/7.81031/1}+FU{0.22349/0.26035/0.24118/0.27498}+IU{0.261}+G4m{0.587}
Alignment sites / patterns: 786 / 70
Gaps: 1.06 %
Invariant sites: 86.51 %


NOTE: Binary MSA file created: /groups/pupko/alburquerque/RL/Tree_Data/data/All_sized/16771/masked_species_real_msa.phy.raxml.rba

Parallelization scheme autoconfig: 1 worker(s) x 1 thread(s)

Parallel reduction/worker buffer size: 1 KB  / 0 KB

[00:00:00] Generating 1 random starting tree(s) with 20 taxa
[00:00:00] Data distribution: max. partitions/sites/weight per thread: 1 / 70 / 1120
[00:00:00] Data distribution: max. searches per worker: 1

Starting ML tree search with 1 distinct starting trees

[00:00:00 -2865.101493] Initial branch length optimization
[00:00:00 -2160.998422] Model parameter optimization (eps = 10.000000)
[00:00:00 -2160.984759] AUTODETECT spr round 1 (radius: 5)
[00:00:00 -1715.880379] AUTODETECT spr round 2 (radius: 10)
[00:00:00 -1712.001041] AUTODETECT spr round 3 (radius: 15)
[00:00:00 -1712.001040] SPR radius for FAST iterations: 10 (autodetect)
[00:00:00 -1712.001040] Model parameter optimization (eps = 3.000000)
[00:00:00 -1712.001040] FAST spr round 1 (radius: 10)
[00:00:00 -1710.779596] FAST spr round 2 (radius: 10)
[00:00:00 -1710.779465] Model parameter optimization (eps = 1.000000)
[00:00:00 -1710.779464] SLOW spr round 1 (radius: 5)
[00:00:00 -1710.779447] SLOW spr round 2 (radius: 10)
[00:00:00 -1710.779447] SLOW spr round 3 (radius: 15)
[00:00:00 -1710.779447] SLOW spr round 4 (radius: 20)
[00:00:00 -1710.779447] Model parameter optimization (eps = 0.100000)

[00:00:00] ML tree search #1, logLikelihood: -1710.779447


Optimized model parameters:

   Partition 0: noname
   Rate heterogeneity: GAMMA (4 cats, mean),  alpha: 0.587000 (user),  weights&rates: (0.250000,0.050438) (0.250000,0.304968) (0.250000,0.874539) (0.250000,2.770054) 
   P-inv (user): 0.261000
   Base frequencies (user): 0.223490 0.260350 0.241180 0.274980 
   Substitution rates (user): 2.566590 8.593700 2.095550 1.596930 7.810310 1.000000 


Final LogLikelihood: -1710.779447

AIC score: 3495.558895 / AICc score: 3499.318253 / BIC score: 3668.236296
Free parameters (model + branch lengths): 37

WARNING: Best ML tree contains 7 near-zero branches!

Best ML tree with collapsed near-zero branches saved to: /groups/pupko/alburquerque/RL/Tree_Data/data/All_sized/16771/masked_species_real_msa.phy.raxml.bestTreeCollapsed
Best ML tree saved to: /groups/pupko/alburquerque/RL/Tree_Data/data/All_sized/16771/masked_species_real_msa.phy.raxml.bestTree
Optimized model saved to: /groups/pupko/alburquerque/RL/Tree_Data/data/All_sized/16771/masked_species_real_msa.phy.raxml.bestModel

Execution log saved to: /groups/pupko/alburquerque/RL/Tree_Data/data/All_sized/16771/masked_species_real_msa.phy.raxml.log

Analysis started: 28-Dec-2022 15:01:32 / finished: 28-Dec-2022 15:01:32

Elapsed time: 0.320 seconds

