
RAxML-NG v. 1.1 released on 29.11.2021 by The Exelixis Lab.
Developed by: Alexey M. Kozlov and Alexandros Stamatakis.
Contributors: Diego Darriba, Tomas Flouri, Benoit Morel, Sarah Lutteropp, Ben Bettisworth.
Latest version: https://github.com/amkozlov/raxml-ng
Questions/problems/suggestions? Please visit: https://groups.google.com/forum/#!forum/raxml

System: Intel(R) Xeon(R) CPU E5-2680 v3 @ 2.50GHz, 24 cores, 125 GB RAM

RAxML-NG was called at 21-Dec-2022 19:39:33 as follows:

raxml-ng --msa /groups/pupko/alburquerque/RL/Tree_Data/data/All_sized/Silphium_2/masked_species_real_msa.phy --threads 1 --opt-branches on --opt-model --nofiles --tree rand{1} --redo off --model GTR{2.15532/2.61200/1.33541/0.67725/3.42209/1.00000}+I{0.360}+G{99.825}+F{0.23653/0.24892/0.26143/0.25312}

Analysis options:
  run mode: ML tree search
  start tree(s): random (1)
  random seed: 1671644373
  tip-inner: OFF
  pattern compression: ON
  per-rate scalers: OFF
  site repeats: ON
  fast spr radius: AUTO
  spr subtree cutoff: 1.000000
  branch lengths: proportional (ML estimate, algorithm: NR-FAST)
  SIMD kernels: AVX2
  parallelization: coarse-grained (auto), NONE/sequential

WARNING: Running in REDO mode: existing checkpoints are ignored, and all result files will be overwritten!

[00:00:00] Reading alignment from file: /groups/pupko/alburquerque/RL/Tree_Data/data/All_sized/Silphium_2/masked_species_real_msa.phy
[00:00:00] Loaded alignment with 15 taxa and 647 sites

WARNING: Sequences Sp007 and Sp012 are exactly identical!
WARNING: Sequences Sp007 and Sp013 are exactly identical!
WARNING: Duplicate sequences found: 2

NOTE: Reduced alignment (with duplicates and gap-only sites/taxa removed) 
NOTE: was saved to: /groups/pupko/alburquerque/RL/Tree_Data/data/All_sized/Silphium_2/masked_species_real_msa.phy.raxml.reduced.phy

Alignment comprises 1 partitions and 160 patterns

Partition 0: noname
Model: GTR{2.15532/2.612/1.33541/0.67725/3.42209/1}+FU{0.23653/0.24892/0.26143/0.25312}+IU{0.36}+G4m{99.825}
Alignment sites / patterns: 647 / 160
Gaps: 37.08 %
Invariant sites: 68.16 %


NOTE: Binary MSA file created: /groups/pupko/alburquerque/RL/Tree_Data/data/All_sized/Silphium_2/masked_species_real_msa.phy.raxml.rba

Parallelization scheme autoconfig: 1 worker(s) x 1 thread(s)

Parallel reduction/worker buffer size: 1 KB  / 0 KB

[00:00:00] Generating 1 random starting tree(s) with 15 taxa
[00:00:00] Data distribution: max. partitions/sites/weight per thread: 1 / 160 / 2560
[00:00:00] Data distribution: max. searches per worker: 1

Starting ML tree search with 1 distinct starting trees

[00:00:00 -3275.564150] Initial branch length optimization
[00:00:00 -2753.226801] Model parameter optimization (eps = 10.000000)
[00:00:00 -2752.648521] AUTODETECT spr round 1 (radius: 5)
[00:00:00 -2001.480082] AUTODETECT spr round 2 (radius: 10)
[00:00:00 -2001.479974] SPR radius for FAST iterations: 5 (autodetect)
[00:00:00 -2001.479974] Model parameter optimization (eps = 3.000000)
[00:00:00 -2001.479973] FAST spr round 1 (radius: 5)
[00:00:00 -1978.274094] FAST spr round 2 (radius: 5)
[00:00:00 -1971.142588] FAST spr round 3 (radius: 5)
[00:00:00 -1970.601632] FAST spr round 4 (radius: 5)
[00:00:00 -1970.601582] Model parameter optimization (eps = 1.000000)
[00:00:00 -1970.601582] SLOW spr round 1 (radius: 5)
[00:00:00 -1970.601525] SLOW spr round 2 (radius: 10)
[00:00:00 -1970.601525] SLOW spr round 3 (radius: 15)
[00:00:00 -1970.601525] Model parameter optimization (eps = 0.100000)

[00:00:00] ML tree search #1, logLikelihood: -1970.601525


Optimized model parameters:

   Partition 0: noname
   Rate heterogeneity: GAMMA (4 cats, mean),  alpha: 99.825000 (user),  weights&rates: (0.250000,0.875800) (0.250000,0.964706) (0.250000,1.029572) (0.250000,1.129922) 
   P-inv (user): 0.360000
   Base frequencies (user): 0.236530 0.248920 0.261430 0.253120 
   Substitution rates (user): 2.155320 2.612000 1.335410 0.677250 3.422090 1.000000 


Final LogLikelihood: -1970.601525

AIC score: 3995.203050 / AICc score: 3997.645700 / BIC score: 4115.956400
Free parameters (model + branch lengths): 27

WARNING: Best ML tree contains 5 near-zero branches!

Best ML tree with collapsed near-zero branches saved to: /groups/pupko/alburquerque/RL/Tree_Data/data/All_sized/Silphium_2/masked_species_real_msa.phy.raxml.bestTreeCollapsed
Best ML tree saved to: /groups/pupko/alburquerque/RL/Tree_Data/data/All_sized/Silphium_2/masked_species_real_msa.phy.raxml.bestTree
Optimized model saved to: /groups/pupko/alburquerque/RL/Tree_Data/data/All_sized/Silphium_2/masked_species_real_msa.phy.raxml.bestModel

Execution log saved to: /groups/pupko/alburquerque/RL/Tree_Data/data/All_sized/Silphium_2/masked_species_real_msa.phy.raxml.log

Analysis started: 21-Dec-2022 19:39:33 / finished: 21-Dec-2022 19:39:33

Elapsed time: 0.326 seconds

