
RAxML-NG v. 1.1 released on 29.11.2021 by The Exelixis Lab.
Developed by: Alexey M. Kozlov and Alexandros Stamatakis.
Contributors: Diego Darriba, Tomas Flouri, Benoit Morel, Sarah Lutteropp, Ben Bettisworth.
Latest version: https://github.com/amkozlov/raxml-ng
Questions/problems/suggestions? Please visit: https://groups.google.com/forum/#!forum/raxml

System: Intel(R) Xeon(R) CPU E5-2670 v2 @ 2.50GHz, 20 cores, 62 GB RAM

RAxML-NG was called at 01-Mar-2023 14:17:06 as follows:

raxml-ng --msa /groups/pupko/alburquerque/RL/Tree_Data/data/All_sized/15777/masked_species_real_msa.phy --threads 1 --model GTR{1.09213/6.10387/3.09453/0.17980/9.92153/1.00000}+I{0.399}+G{0.665}+F{0.27663/0.19771/0.30110/0.22456} --tree /groups/pupko/alburquerque/RL/Tree_Data/data/All_sized/15777/Temp_start_tree_file_for_raxml_search.txt --redo

Analysis options:
  run mode: ML tree search
  start tree(s): user
  random seed: 1677673026
  tip-inner: OFF
  pattern compression: ON
  per-rate scalers: OFF
  site repeats: ON
  fast spr radius: AUTO
  spr subtree cutoff: 1.000000
  branch lengths: proportional (ML estimate, algorithm: NR-FAST)
  SIMD kernels: AVX
  parallelization: coarse-grained (auto), NONE/sequential

WARNING: Running in REDO mode: existing checkpoints are ignored, and all result files will be overwritten!

[00:00:00] Reading alignment from file: /groups/pupko/alburquerque/RL/Tree_Data/data/All_sized/15777/masked_species_real_msa.phy
[00:00:00] Loaded alignment with 15 taxa and 856 sites

Alignment comprises 1 partitions and 74 patterns

Partition 0: noname
Model: GTR{1.09213/6.10387/3.09453/0.1798/9.92153/1}+FU{0.27663/0.19771/0.3011/0.22456}+IU{0.399}+G4m{0.665}
Alignment sites / patterns: 856 / 74
Gaps: 0.69 %
Invariant sites: 89.14 %


NOTE: Binary MSA file created: /groups/pupko/alburquerque/RL/Tree_Data/data/All_sized/15777/masked_species_real_msa.phy.raxml.rba

Parallelization scheme autoconfig: 1 worker(s) x 1 thread(s)

Parallel reduction/worker buffer size: 1 KB  / 0 KB

[00:00:00] Loading user starting tree(s) from: /groups/pupko/alburquerque/RL/Tree_Data/data/All_sized/15777/Temp_start_tree_file_for_raxml_search.txt
[00:00:00] Data distribution: max. partitions/sites/weight per thread: 1 / 74 / 1184
[00:00:00] Data distribution: max. searches per worker: 1

Starting ML tree search with 1 distinct starting trees

[00:00:00 -2449.032135] Initial branch length optimization
[00:00:00 -2115.120264] Model parameter optimization (eps = 10.000000)
[00:00:00 -2114.930400] AUTODETECT spr round 1 (radius: 5)
[00:00:00 -1817.085211] AUTODETECT spr round 2 (radius: 10)
[00:00:00 -1817.085073] SPR radius for FAST iterations: 5 (autodetect)
[00:00:00 -1817.085073] Model parameter optimization (eps = 3.000000)
[00:00:00 -1817.085073] FAST spr round 1 (radius: 5)
[00:00:00 -1804.700046] FAST spr round 2 (radius: 5)
[00:00:00 -1804.699965] Model parameter optimization (eps = 1.000000)
[00:00:00 -1804.699965] SLOW spr round 1 (radius: 5)
[00:00:00 -1804.699770] SLOW spr round 2 (radius: 10)
[00:00:00 -1804.699770] SLOW spr round 3 (radius: 15)
[00:00:00 -1804.699770] Model parameter optimization (eps = 0.100000)

[00:00:00] ML tree search #1, logLikelihood: -1804.699770


Optimized model parameters:

   Partition 0: noname
   Rate heterogeneity: GAMMA (4 cats, mean),  alpha: 0.665000 (user),  weights&rates: (0.250000,0.066734) (0.250000,0.346537) (0.250000,0.911174) (0.250000,2.675555) 
   P-inv (user): 0.399000
   Base frequencies (user): 0.276630 0.197710 0.301100 0.224560 
   Substitution rates (user): 1.092130 6.103870 3.094530 0.179800 9.921530 1.000000 


Final LogLikelihood: -1804.699770

AIC score: 3663.399541 / AICc score: 3665.225628 / BIC score: 3791.710841
Free parameters (model + branch lengths): 27

WARNING: Best ML tree contains 5 near-zero branches!

Best ML tree with collapsed near-zero branches saved to: /groups/pupko/alburquerque/RL/Tree_Data/data/All_sized/15777/masked_species_real_msa.phy.raxml.bestTreeCollapsed
Best ML tree saved to: /groups/pupko/alburquerque/RL/Tree_Data/data/All_sized/15777/masked_species_real_msa.phy.raxml.bestTree
Optimized model saved to: /groups/pupko/alburquerque/RL/Tree_Data/data/All_sized/15777/masked_species_real_msa.phy.raxml.bestModel

Execution log saved to: /groups/pupko/alburquerque/RL/Tree_Data/data/All_sized/15777/masked_species_real_msa.phy.raxml.log

Analysis started: 01-Mar-2023 14:17:06 / finished: 01-Mar-2023 14:17:06

Elapsed time: 0.201 seconds

