
RAxML-NG v. 1.1 released on 29.11.2021 by The Exelixis Lab.
Developed by: Alexey M. Kozlov and Alexandros Stamatakis.
Contributors: Diego Darriba, Tomas Flouri, Benoit Morel, Sarah Lutteropp, Ben Bettisworth.
Latest version: https://github.com/amkozlov/raxml-ng
Questions/problems/suggestions? Please visit: https://groups.google.com/forum/#!forum/raxml

System: Intel(R) Xeon(R) Gold 6230 CPU @ 2.10GHz, 1 cores, 31 GB RAM

RAxML-NG was called at 28-Dec-2022 15:01:06 as follows:

raxml-ng --msa /groups/pupko/alburquerque/RL/Tree_Data/data/All_sized/20647/masked_species_real_msa.phy --threads 1 --opt-branches on --opt-model --nofiles --tree rand{1} --redo off --model GTR{1.47016/2.58243/1.17547/0.87662/5.46589/1.00000}+I{0.748}+G{0.758}+F{0.24778/0.21944/0.26234/0.27044}

Analysis options:
  run mode: ML tree search
  start tree(s): random (1)
  random seed: 1672232466
  tip-inner: OFF
  pattern compression: ON
  per-rate scalers: OFF
  site repeats: ON
  fast spr radius: AUTO
  spr subtree cutoff: 1.000000
  branch lengths: proportional (ML estimate, algorithm: NR-FAST)
  SIMD kernels: AVX2
  parallelization: coarse-grained (auto), NONE/sequential

WARNING: Running in REDO mode: existing checkpoints are ignored, and all result files will be overwritten!

[00:00:00] Reading alignment from file: /groups/pupko/alburquerque/RL/Tree_Data/data/All_sized/20647/masked_species_real_msa.phy
[00:00:00] Loaded alignment with 20 taxa and 3428 sites

Alignment comprises 1 partitions and 394 patterns

Partition 0: noname
Model: GTR{1.47016/2.58243/1.17547/0.87662/5.46589/1}+FU{0.24778/0.21944/0.26234/0.27044}+IU{0.748}+G4m{0.758}
Alignment sites / patterns: 3428 / 394
Gaps: 0.50 %
Invariant sites: 86.87 %


NOTE: Binary MSA file created: /groups/pupko/alburquerque/RL/Tree_Data/data/All_sized/20647/masked_species_real_msa.phy.raxml.rba

Parallelization scheme autoconfig: 1 worker(s) x 1 thread(s)

Parallel reduction/worker buffer size: 1 KB  / 0 KB

[00:00:00] Generating 1 random starting tree(s) with 20 taxa
[00:00:00] Data distribution: max. partitions/sites/weight per thread: 1 / 394 / 6304
[00:00:00] Data distribution: max. searches per worker: 1

Starting ML tree search with 1 distinct starting trees

[00:00:00 -11743.733292] Initial branch length optimization
[00:00:00 -10732.955316] Model parameter optimization (eps = 10.000000)
[00:00:00 -10732.018391] AUTODETECT spr round 1 (radius: 5)
[00:00:00 -9883.026298] AUTODETECT spr round 2 (radius: 10)
[00:00:00 -9883.024557] SPR radius for FAST iterations: 5 (autodetect)
[00:00:00 -9883.024557] Model parameter optimization (eps = 3.000000)
[00:00:00 -9883.024403] FAST spr round 1 (radius: 5)
[00:00:00 -9845.844223] FAST spr round 2 (radius: 5)
[00:00:00 -9845.844173] Model parameter optimization (eps = 1.000000)
[00:00:00 -9845.844172] SLOW spr round 1 (radius: 5)
[00:00:00 -9844.560528] SLOW spr round 2 (radius: 5)
[00:00:01 -9844.560287] SLOW spr round 3 (radius: 10)
[00:00:01 -9844.560286] SLOW spr round 4 (radius: 15)
[00:00:01 -9844.560286] SLOW spr round 5 (radius: 20)
[00:00:01 -9844.560286] Model parameter optimization (eps = 0.100000)

[00:00:01] ML tree search #1, logLikelihood: -9844.560286


Optimized model parameters:

   Partition 0: noname
   Rate heterogeneity: GAMMA (4 cats, mean),  alpha: 0.758000 (user),  weights&rates: (0.250000,0.086596) (0.250000,0.389658) (0.250000,0.944602) (0.250000,2.579144) 
   P-inv (user): 0.748000
   Base frequencies (user): 0.247780 0.219440 0.262340 0.270440 
   Substitution rates (user): 1.470160 2.582430 1.175470 0.876620 5.465890 1.000000 


Final LogLikelihood: -9844.560286

AIC score: 19763.120572 / AICc score: 19763.950071 / BIC score: 19990.290666
Free parameters (model + branch lengths): 37

Best ML tree saved to: /groups/pupko/alburquerque/RL/Tree_Data/data/All_sized/20647/masked_species_real_msa.phy.raxml.bestTree
Optimized model saved to: /groups/pupko/alburquerque/RL/Tree_Data/data/All_sized/20647/masked_species_real_msa.phy.raxml.bestModel

Execution log saved to: /groups/pupko/alburquerque/RL/Tree_Data/data/All_sized/20647/masked_species_real_msa.phy.raxml.log

Analysis started: 28-Dec-2022 15:01:06 / finished: 28-Dec-2022 15:01:08

Elapsed time: 1.563 seconds

