
RAxML-NG v. 1.1 released on 29.11.2021 by The Exelixis Lab.
Developed by: Alexey M. Kozlov and Alexandros Stamatakis.
Contributors: Diego Darriba, Tomas Flouri, Benoit Morel, Sarah Lutteropp, Ben Bettisworth.
Latest version: https://github.com/amkozlov/raxml-ng
Questions/problems/suggestions? Please visit: https://groups.google.com/forum/#!forum/raxml

System: AMD Opteron(tm) Processor 6128, 16 cores, 117 GB RAM

RAxML-NG was called at 30-Nov-2022 16:46:46 as follows:

raxml-ng --msa /groups/pupko/alburquerque/RL/Tree_Data/data/All_sized/34664/masked_species_real_msa.phy --threads 1 --opt-branches on --opt-model --nofiles --tree rand{1} --redo off --model GTR{0.26650/5.27281/4.80041/0.77734/8.03264/1.00000}+I{0.412}+G{0.737}+F{0.25865/0.17117/0.22933/0.34084}

Analysis options:
  run mode: ML tree search
  start tree(s): random (1)
  random seed: 1669819606
  tip-inner: OFF
  pattern compression: ON
  per-rate scalers: OFF
  site repeats: ON
  fast spr radius: AUTO
  spr subtree cutoff: 1.000000
  branch lengths: proportional (ML estimate, algorithm: NR-FAST)
  SIMD kernels: SSE3
  parallelization: coarse-grained (auto), NONE/sequential

WARNING: Running in REDO mode: existing checkpoints are ignored, and all result files will be overwritten!

[00:00:00] Reading alignment from file: /groups/pupko/alburquerque/RL/Tree_Data/data/All_sized/34664/masked_species_real_msa.phy
[00:00:00] Loaded alignment with 12 taxa and 1596 sites

WARNING: Sequences Sp004 and Sp005 are exactly identical!
WARNING: Duplicate sequences found: 1

NOTE: Reduced alignment (with duplicates and gap-only sites/taxa removed) 
NOTE: was saved to: /groups/pupko/alburquerque/RL/Tree_Data/data/All_sized/34664/masked_species_real_msa.phy.raxml.reduced.phy

Alignment comprises 1 partitions and 177 patterns

Partition 0: noname
Model: GTR{0.2665/5.27281/4.80041/0.77734/8.03264/1}+FU{0.25865/0.17117/0.22933/0.34084}+IU{0.412}+G4m{0.737}
Alignment sites / patterns: 1596 / 177
Gaps: 10.63 %
Invariant sites: 78.63 %


NOTE: Binary MSA file created: /groups/pupko/alburquerque/RL/Tree_Data/data/All_sized/34664/masked_species_real_msa.phy.raxml.rba

Parallelization scheme autoconfig: 1 worker(s) x 1 thread(s)

Parallel reduction/worker buffer size: 1 KB  / 0 KB

[00:00:00] Generating 1 random starting tree(s) with 12 taxa
[00:00:00] Data distribution: max. partitions/sites/weight per thread: 1 / 177 / 2832
[00:00:00] Data distribution: max. searches per worker: 1

Starting ML tree search with 1 distinct starting trees

[00:00:00 -5901.595621] Initial branch length optimization
[00:00:00 -4970.606243] Model parameter optimization (eps = 10.000000)
[00:00:00 -4970.339582] AUTODETECT spr round 1 (radius: 5)
[00:00:00 -4118.756872] AUTODETECT spr round 2 (radius: 10)
[00:00:00 -4118.756068] SPR radius for FAST iterations: 5 (autodetect)
[00:00:00 -4118.756068] Model parameter optimization (eps = 3.000000)
[00:00:00 -4118.755759] FAST spr round 1 (radius: 5)
[00:00:00 -4114.336837] FAST spr round 2 (radius: 5)
[00:00:00 -4114.336480] Model parameter optimization (eps = 1.000000)
[00:00:00 -4114.336463] SLOW spr round 1 (radius: 5)
[00:00:00 -4114.336454] SLOW spr round 2 (radius: 10)
[00:00:00 -4114.336454] Model parameter optimization (eps = 0.100000)

[00:00:00] ML tree search #1, logLikelihood: -4114.336453


Optimized model parameters:

   Partition 0: noname
   Rate heterogeneity: GAMMA (4 cats, mean),  alpha: 0.737000 (user),  weights&rates: (0.250000,0.082103) (0.250000,0.380477) (0.250000,0.937844) (0.250000,2.599576) 
   P-inv (user): 0.412000
   Base frequencies (user): 0.258653 0.171172 0.229332 0.340843 
   Substitution rates (user): 0.266500 5.272810 4.800410 0.777340 8.032640 1.000000 


Final LogLikelihood: -4114.336453

AIC score: 8270.672907 / AICc score: 8271.259946 / BIC score: 8383.553278
Free parameters (model + branch lengths): 21

WARNING: Best ML tree contains 2 near-zero branches!

Best ML tree with collapsed near-zero branches saved to: /groups/pupko/alburquerque/RL/Tree_Data/data/All_sized/34664/masked_species_real_msa.phy.raxml.bestTreeCollapsed
Best ML tree saved to: /groups/pupko/alburquerque/RL/Tree_Data/data/All_sized/34664/masked_species_real_msa.phy.raxml.bestTree
Optimized model saved to: /groups/pupko/alburquerque/RL/Tree_Data/data/All_sized/34664/masked_species_real_msa.phy.raxml.bestModel

Execution log saved to: /groups/pupko/alburquerque/RL/Tree_Data/data/All_sized/34664/masked_species_real_msa.phy.raxml.log

Analysis started: 30-Nov-2022 16:46:46 / finished: 30-Nov-2022 16:46:47

Elapsed time: 0.868 seconds

