
RAxML-NG v. 1.1 released on 29.11.2021 by The Exelixis Lab.
Developed by: Alexey M. Kozlov and Alexandros Stamatakis.
Contributors: Diego Darriba, Tomas Flouri, Benoit Morel, Sarah Lutteropp, Ben Bettisworth.
Latest version: https://github.com/amkozlov/raxml-ng
Questions/problems/suggestions? Please visit: https://groups.google.com/forum/#!forum/raxml

System: Intel(R) Xeon(R) CPU E5-2680 v3 @ 2.50GHz, 24 cores, 125 GB RAM

RAxML-NG was called at 21-Dec-2022 19:39:01 as follows:

raxml-ng --msa /groups/pupko/alburquerque/RL/Tree_Data/data/All_sized/3121/masked_species_real_msa.phy --threads 1 --opt-branches on --opt-model --nofiles --tree rand{1} --redo off --model GTR{1.00974/1.91221/1.20338/0.56846/9.23044/1.00000}+I{0.642}+G{0.660}+F{0.23984/0.22302/0.30112/0.23602}

Analysis options:
  run mode: ML tree search
  start tree(s): random (1)
  random seed: 1671644341
  tip-inner: OFF
  pattern compression: ON
  per-rate scalers: OFF
  site repeats: ON
  fast spr radius: AUTO
  spr subtree cutoff: 1.000000
  branch lengths: proportional (ML estimate, algorithm: NR-FAST)
  SIMD kernels: AVX2
  parallelization: coarse-grained (auto), NONE/sequential

WARNING: Running in REDO mode: existing checkpoints are ignored, and all result files will be overwritten!

[00:00:00] Reading alignment from file: /groups/pupko/alburquerque/RL/Tree_Data/data/All_sized/3121/masked_species_real_msa.phy
[00:00:00] Loaded alignment with 15 taxa and 567 sites

WARNING: Sequences Sp004 and Sp007 are exactly identical!
WARNING: Sequences Sp005 and Sp006 are exactly identical!
WARNING: Duplicate sequences found: 2

NOTE: Reduced alignment (with duplicates and gap-only sites/taxa removed) 
NOTE: was saved to: /groups/pupko/alburquerque/RL/Tree_Data/data/All_sized/3121/masked_species_real_msa.phy.raxml.reduced.phy

Alignment comprises 1 partitions and 89 patterns

Partition 0: noname
Model: GTR{1.00974/1.91221/1.20338/0.56846/9.23044/1}+FU{0.23984/0.22302/0.30112/0.23602}+IU{0.642}+G4m{0.66}
Alignment sites / patterns: 567 / 89
Gaps: 1.61 %
Invariant sites: 84.30 %


NOTE: Binary MSA file created: /groups/pupko/alburquerque/RL/Tree_Data/data/All_sized/3121/masked_species_real_msa.phy.raxml.rba

Parallelization scheme autoconfig: 1 worker(s) x 1 thread(s)

Parallel reduction/worker buffer size: 1 KB  / 0 KB

[00:00:00] Generating 1 random starting tree(s) with 15 taxa
[00:00:00] Data distribution: max. partitions/sites/weight per thread: 1 / 89 / 1424
[00:00:00] Data distribution: max. searches per worker: 1

Starting ML tree search with 1 distinct starting trees

[00:00:00 -2026.664813] Initial branch length optimization
[00:00:00 -1793.507658] Model parameter optimization (eps = 10.000000)
[00:00:00 -1791.784906] AUTODETECT spr round 1 (radius: 5)
[00:00:00 -1562.179249] AUTODETECT spr round 2 (radius: 10)
[00:00:00 -1562.169354] SPR radius for FAST iterations: 5 (autodetect)
[00:00:00 -1562.169354] Model parameter optimization (eps = 3.000000)
[00:00:00 -1562.167141] FAST spr round 1 (radius: 5)
[00:00:00 -1554.652855] FAST spr round 2 (radius: 5)
[00:00:00 -1554.645663] Model parameter optimization (eps = 1.000000)
[00:00:00 -1554.644917] SLOW spr round 1 (radius: 5)
[00:00:00 -1554.644518] SLOW spr round 2 (radius: 10)
[00:00:00 -1554.644484] SLOW spr round 3 (radius: 15)
[00:00:00 -1554.644480] Model parameter optimization (eps = 0.100000)

[00:00:00] ML tree search #1, logLikelihood: -1554.644479


Optimized model parameters:

   Partition 0: noname
   Rate heterogeneity: GAMMA (4 cats, mean),  alpha: 0.660000 (user),  weights&rates: (0.250000,0.065673) (0.250000,0.344029) (0.250000,0.909093) (0.250000,2.681204) 
   P-inv (user): 0.642000
   Base frequencies (user): 0.239840 0.223020 0.301120 0.236020 
   Substitution rates (user): 1.009740 1.912210 1.203380 0.568460 9.230440 1.000000 


Final LogLikelihood: -1554.644479

AIC score: 3163.288959 / AICc score: 3166.094154 / BIC score: 3280.478660
Free parameters (model + branch lengths): 27

Best ML tree saved to: /groups/pupko/alburquerque/RL/Tree_Data/data/All_sized/3121/masked_species_real_msa.phy.raxml.bestTree
Optimized model saved to: /groups/pupko/alburquerque/RL/Tree_Data/data/All_sized/3121/masked_species_real_msa.phy.raxml.bestModel

Execution log saved to: /groups/pupko/alburquerque/RL/Tree_Data/data/All_sized/3121/masked_species_real_msa.phy.raxml.log

Analysis started: 21-Dec-2022 19:39:01 / finished: 21-Dec-2022 19:39:01

Elapsed time: 0.236 seconds

