
RAxML-NG v. 1.1 released on 29.11.2021 by The Exelixis Lab.
Developed by: Alexey M. Kozlov and Alexandros Stamatakis.
Contributors: Diego Darriba, Tomas Flouri, Benoit Morel, Sarah Lutteropp, Ben Bettisworth.
Latest version: https://github.com/amkozlov/raxml-ng
Questions/problems/suggestions? Please visit: https://groups.google.com/forum/#!forum/raxml

System: Intel(R) Xeon(R) CPU E5-2670 v2 @ 2.50GHz, 20 cores, 62 GB RAM

RAxML-NG was called at 25-Dec-2022 18:31:41 as follows:

raxml-ng --msa /groups/pupko/alburquerque/RL/Tree_Data/data/All_sized/19765/masked_species_real_msa.phy --threads 1 --opt-branches on --opt-model --nofiles --tree rand{1} --redo off --model GTR{0.94829/2.48150/1.61228/0.84074/4.38926/1.00000}+I{0.358}+G{0.433}+F{0.26123/0.21286/0.25214/0.27378}

Analysis options:
  run mode: ML tree search
  start tree(s): random (1)
  random seed: 1671985901
  tip-inner: OFF
  pattern compression: ON
  per-rate scalers: OFF
  site repeats: ON
  fast spr radius: AUTO
  spr subtree cutoff: 1.000000
  branch lengths: proportional (ML estimate, algorithm: NR-FAST)
  SIMD kernels: AVX
  parallelization: coarse-grained (auto), NONE/sequential

WARNING: Running in REDO mode: existing checkpoints are ignored, and all result files will be overwritten!

[00:00:00] Reading alignment from file: /groups/pupko/alburquerque/RL/Tree_Data/data/All_sized/19765/masked_species_real_msa.phy
[00:00:00] Loaded alignment with 20 taxa and 1693 sites

Alignment comprises 1 partitions and 592 patterns

Partition 0: noname
Model: GTR{0.94829/2.4815/1.61228/0.84074/4.38926/1}+FU{0.26123/0.21286/0.25214/0.27378}+IU{0.358}+G4m{0.433}
Alignment sites / patterns: 1693 / 592
Gaps: 23.16 %
Invariant sites: 69.82 %


NOTE: Binary MSA file created: /groups/pupko/alburquerque/RL/Tree_Data/data/All_sized/19765/masked_species_real_msa.phy.raxml.rba

Parallelization scheme autoconfig: 1 worker(s) x 1 thread(s)

Parallel reduction/worker buffer size: 1 KB  / 0 KB

[00:00:00] Generating 1 random starting tree(s) with 20 taxa
[00:00:00] Data distribution: max. partitions/sites/weight per thread: 1 / 592 / 9472
[00:00:00] Data distribution: max. searches per worker: 1

Starting ML tree search with 1 distinct starting trees

[00:00:00 -9149.675002] Initial branch length optimization
[00:00:00 -8342.870524] Model parameter optimization (eps = 10.000000)
[00:00:00 -8342.703025] AUTODETECT spr round 1 (radius: 5)
[00:00:00 -7622.265145] AUTODETECT spr round 2 (radius: 10)
[00:00:00 -7622.254401] SPR radius for FAST iterations: 5 (autodetect)
[00:00:00 -7622.254401] Model parameter optimization (eps = 3.000000)
[00:00:00 -7622.250567] FAST spr round 1 (radius: 5)
[00:00:00 -7601.206165] FAST spr round 2 (radius: 5)
[00:00:00 -7600.753922] FAST spr round 3 (radius: 5)
[00:00:00 -7600.753911] Model parameter optimization (eps = 1.000000)
[00:00:00 -7600.753910] SLOW spr round 1 (radius: 5)
[00:00:01 -7600.753861] SLOW spr round 2 (radius: 10)
[00:00:01 -7600.753861] SLOW spr round 3 (radius: 15)
[00:00:01 -7600.753861] SLOW spr round 4 (radius: 20)
[00:00:01 -7600.753861] Model parameter optimization (eps = 0.100000)

[00:00:01] ML tree search #1, logLikelihood: -7600.753861


Optimized model parameters:

   Partition 0: noname
   Rate heterogeneity: GAMMA (4 cats, mean),  alpha: 0.433000 (user),  weights&rates: (0.250000,0.021749) (0.250000,0.205949) (0.250000,0.764656) (0.250000,3.007646) 
   P-inv (user): 0.358000
   Base frequencies (user): 0.261227 0.212858 0.252137 0.273777 
   Substitution rates (user): 0.948290 2.481500 1.612280 0.840740 4.389260 1.000000 


Final LogLikelihood: -7600.753861

AIC score: 15275.507721 / AICc score: 15277.206815 / BIC score: 15476.575245
Free parameters (model + branch lengths): 37

WARNING: Best ML tree contains 1 near-zero branches!

Best ML tree with collapsed near-zero branches saved to: /groups/pupko/alburquerque/RL/Tree_Data/data/All_sized/19765/masked_species_real_msa.phy.raxml.bestTreeCollapsed
Best ML tree saved to: /groups/pupko/alburquerque/RL/Tree_Data/data/All_sized/19765/masked_species_real_msa.phy.raxml.bestTree
Optimized model saved to: /groups/pupko/alburquerque/RL/Tree_Data/data/All_sized/19765/masked_species_real_msa.phy.raxml.bestModel

Execution log saved to: /groups/pupko/alburquerque/RL/Tree_Data/data/All_sized/19765/masked_species_real_msa.phy.raxml.log

Analysis started: 25-Dec-2022 18:31:41 / finished: 25-Dec-2022 18:31:43

Elapsed time: 1.831 seconds

