
RAxML-NG v. 1.1 released on 29.11.2021 by The Exelixis Lab.
Developed by: Alexey M. Kozlov and Alexandros Stamatakis.
Contributors: Diego Darriba, Tomas Flouri, Benoit Morel, Sarah Lutteropp, Ben Bettisworth.
Latest version: https://github.com/amkozlov/raxml-ng
Questions/problems/suggestions? Please visit: https://groups.google.com/forum/#!forum/raxml

System: AMD Opteron(tm) Processor 6128, 16 cores, 117 GB RAM

RAxML-NG was called at 30-Nov-2022 16:46:23 as follows:

raxml-ng --msa /groups/pupko/alburquerque/RL/Tree_Data/data/All_sized/3284/masked_species_real_msa.phy --threads 1 --opt-branches on --opt-model --nofiles --tree rand{1} --redo off --model GTR{1.29298/1.26088/1.01993/0.11738/2.78821/1.00000}+I{0.000}+G{0.663}+F{0.26890/0.28137/0.26008/0.18965}

Analysis options:
  run mode: ML tree search
  start tree(s): random (1)
  random seed: 1669819583
  tip-inner: OFF
  pattern compression: ON
  per-rate scalers: OFF
  site repeats: ON
  fast spr radius: AUTO
  spr subtree cutoff: 1.000000
  branch lengths: proportional (ML estimate, algorithm: NR-FAST)
  SIMD kernels: SSE3
  parallelization: coarse-grained (auto), NONE/sequential

WARNING: Running in REDO mode: existing checkpoints are ignored, and all result files will be overwritten!

[00:00:00] Reading alignment from file: /groups/pupko/alburquerque/RL/Tree_Data/data/All_sized/3284/masked_species_real_msa.phy
[00:00:00] Loaded alignment with 12 taxa and 684 sites

Alignment comprises 1 partitions and 205 patterns

Partition 0: noname
Model: GTR{1.29298/1.26088/1.01993/0.11738/2.78821/1}+FU{0.2689/0.28137/0.26008/0.18965}+IU{0}+G4m{0.663}
Alignment sites / patterns: 684 / 205
Gaps: 12.11 %
Invariant sites: 65.64 %


NOTE: Binary MSA file created: /groups/pupko/alburquerque/RL/Tree_Data/data/All_sized/3284/masked_species_real_msa.phy.raxml.rba

Parallelization scheme autoconfig: 1 worker(s) x 1 thread(s)

Parallel reduction/worker buffer size: 1 KB  / 0 KB

[00:00:00] Generating 1 random starting tree(s) with 12 taxa
[00:00:00] Data distribution: max. partitions/sites/weight per thread: 1 / 205 / 3280
[00:00:00] Data distribution: max. searches per worker: 1

Starting ML tree search with 1 distinct starting trees

[00:00:00 -3479.739041] Initial branch length optimization
[00:00:00 -3019.323973] Model parameter optimization (eps = 10.000000)
[00:00:00 -3019.261119] AUTODETECT spr round 1 (radius: 5)
[00:00:00 -2682.681447] AUTODETECT spr round 2 (radius: 10)
[00:00:00 -2682.681112] SPR radius for FAST iterations: 5 (autodetect)
[00:00:00 -2682.681112] Model parameter optimization (eps = 3.000000)
[00:00:00 -2682.681095] FAST spr round 1 (radius: 5)
[00:00:00 -2681.578557] FAST spr round 2 (radius: 5)
[00:00:00 -2681.578517] Model parameter optimization (eps = 1.000000)
[00:00:00 -2681.578517] SLOW spr round 1 (radius: 5)
[00:00:00 -2681.578517] SLOW spr round 2 (radius: 10)
[00:00:01 -2681.578517] Model parameter optimization (eps = 0.100000)

[00:00:01] ML tree search #1, logLikelihood: -2681.578517


Optimized model parameters:

   Partition 0: noname
   Rate heterogeneity: GAMMA (4 cats, mean),  alpha: 0.663000 (user),  weights&rates: (0.250000,0.066309) (0.250000,0.345537) (0.250000,0.910346) (0.250000,2.677808) 
   P-inv (user): 0.000000
   Base frequencies (user): 0.268900 0.281370 0.260080 0.189650 
   Substitution rates (user): 1.292980 1.260880 1.019930 0.117380 2.788210 1.000000 


Final LogLikelihood: -2681.578517

AIC score: 5405.157033 / AICc score: 5406.552804 / BIC score: 5500.244150
Free parameters (model + branch lengths): 21

Best ML tree saved to: /groups/pupko/alburquerque/RL/Tree_Data/data/All_sized/3284/masked_species_real_msa.phy.raxml.bestTree
Optimized model saved to: /groups/pupko/alburquerque/RL/Tree_Data/data/All_sized/3284/masked_species_real_msa.phy.raxml.bestModel

Execution log saved to: /groups/pupko/alburquerque/RL/Tree_Data/data/All_sized/3284/masked_species_real_msa.phy.raxml.log

Analysis started: 30-Nov-2022 16:46:23 / finished: 30-Nov-2022 16:46:24

Elapsed time: 1.091 seconds

