
RAxML-NG v. 1.1 released on 29.11.2021 by The Exelixis Lab.
Developed by: Alexey M. Kozlov and Alexandros Stamatakis.
Contributors: Diego Darriba, Tomas Flouri, Benoit Morel, Sarah Lutteropp, Ben Bettisworth.
Latest version: https://github.com/amkozlov/raxml-ng
Questions/problems/suggestions? Please visit: https://groups.google.com/forum/#!forum/raxml

System: AMD Opteron(tm) Processor 6128, 16 cores, 117 GB RAM

RAxML-NG was called at 30-Nov-2022 15:31:11 as follows:

raxml-ng --msa /groups/pupko/alburquerque/RL/Tree_Data/data/All_sized/23377/masked_species_real_msa.phy --threads 1 --opt-branches on --opt-model --nofiles --tree rand{1} --redo off --model GTR{2.74851/5.65406/2.21265/2.15072/9.43849/1.00000}+I{0.342}+G{1.143}+F{0.31592/0.17278/0.22815/0.28314}

Analysis options:
  run mode: ML tree search
  start tree(s): random (1)
  random seed: 1669815071
  tip-inner: OFF
  pattern compression: ON
  per-rate scalers: OFF
  site repeats: ON
  fast spr radius: AUTO
  spr subtree cutoff: 1.000000
  branch lengths: proportional (ML estimate, algorithm: NR-FAST)
  SIMD kernels: SSE3
  parallelization: coarse-grained (auto), NONE/sequential

WARNING: Running in REDO mode: existing checkpoints are ignored, and all result files will be overwritten!

[00:00:00] Reading alignment from file: /groups/pupko/alburquerque/RL/Tree_Data/data/All_sized/23377/masked_species_real_msa.phy
[00:00:00] Loaded alignment with 7 taxa and 1548 sites

Alignment comprises 1 partitions and 197 patterns

Partition 0: noname
Model: GTR{2.74851/5.65406/2.21265/2.15072/9.43849/1}+FU{0.31592/0.17278/0.22815/0.28314}+IU{0.342}+G4m{1.143}
Alignment sites / patterns: 1548 / 197
Gaps: 1.14 %
Invariant sites: 73.51 %


NOTE: Binary MSA file created: /groups/pupko/alburquerque/RL/Tree_Data/data/All_sized/23377/masked_species_real_msa.phy.raxml.rba

Parallelization scheme autoconfig: 1 worker(s) x 1 thread(s)

Parallel reduction/worker buffer size: 1 KB  / 0 KB

[00:00:00] Generating 1 random starting tree(s) with 7 taxa
[00:00:00] Data distribution: max. partitions/sites/weight per thread: 1 / 197 / 3152
[00:00:00] Data distribution: max. searches per worker: 1

Starting ML tree search with 1 distinct starting trees

[00:00:00 -5598.624398] Initial branch length optimization
[00:00:00 -5000.348685] Model parameter optimization (eps = 10.000000)
[00:00:00 -5000.343067] AUTODETECT spr round 1 (radius: 5)
[00:00:00 -4621.895599] SPR radius for FAST iterations: 5 (autodetect)
[00:00:00 -4621.895599] Model parameter optimization (eps = 3.000000)
[00:00:00 -4621.895175] FAST spr round 1 (radius: 5)
[00:00:00 -4621.895171] Model parameter optimization (eps = 1.000000)
[00:00:00 -4621.895171] SLOW spr round 1 (radius: 5)
[00:00:00 -4621.895171] Model parameter optimization (eps = 0.100000)

[00:00:00] ML tree search #1, logLikelihood: -4621.895171


Optimized model parameters:

   Partition 0: noname
   Rate heterogeneity: GAMMA (4 cats, mean),  alpha: 1.143000 (user),  weights&rates: (0.250000,0.164572) (0.250000,0.515884) (0.250000,1.020172) (0.250000,2.299373) 
   P-inv (user): 0.342000
   Base frequencies (user): 0.315923 0.172782 0.228152 0.283143 
   Substitution rates (user): 2.748510 5.654060 2.212650 2.150720 9.438490 1.000000 


Final LogLikelihood: -4621.895171

AIC score: 9265.790342 / AICc score: 9265.962217 / BIC score: 9324.582252
Free parameters (model + branch lengths): 11

Best ML tree saved to: /groups/pupko/alburquerque/RL/Tree_Data/data/All_sized/23377/masked_species_real_msa.phy.raxml.bestTree
Optimized model saved to: /groups/pupko/alburquerque/RL/Tree_Data/data/All_sized/23377/masked_species_real_msa.phy.raxml.bestModel

Execution log saved to: /groups/pupko/alburquerque/RL/Tree_Data/data/All_sized/23377/masked_species_real_msa.phy.raxml.log

Analysis started: 30-Nov-2022 15:31:11 / finished: 30-Nov-2022 15:31:11

Elapsed time: 0.399 seconds

