
RAxML-NG v. 1.1 released on 29.11.2021 by The Exelixis Lab.
Developed by: Alexey M. Kozlov and Alexandros Stamatakis.
Contributors: Diego Darriba, Tomas Flouri, Benoit Morel, Sarah Lutteropp, Ben Bettisworth.
Latest version: https://github.com/amkozlov/raxml-ng
Questions/problems/suggestions? Please visit: https://groups.google.com/forum/#!forum/raxml

System: Intel(R) Xeon(R) CPU E5-2680 v3 @ 2.50GHz, 24 cores, 125 GB RAM

RAxML-NG was called at 21-Dec-2022 19:39:11 as follows:

raxml-ng --msa /groups/pupko/alburquerque/RL/Tree_Data/data/All_sized/7679/masked_species_real_msa.phy --threads 1 --opt-branches on --opt-model --nofiles --tree rand{1} --redo off --model GTR{0.31205/1.85747/0.87055/0.81482/7.08953/1.00000}+I{0.582}+G{1.124}+F{0.17566/0.34617/0.24767/0.23051}

Analysis options:
  run mode: ML tree search
  start tree(s): random (1)
  random seed: 1671644351
  tip-inner: OFF
  pattern compression: ON
  per-rate scalers: OFF
  site repeats: ON
  fast spr radius: AUTO
  spr subtree cutoff: 1.000000
  branch lengths: proportional (ML estimate, algorithm: NR-FAST)
  SIMD kernels: AVX2
  parallelization: coarse-grained (auto), NONE/sequential

WARNING: Running in REDO mode: existing checkpoints are ignored, and all result files will be overwritten!

[00:00:00] Reading alignment from file: /groups/pupko/alburquerque/RL/Tree_Data/data/All_sized/7679/masked_species_real_msa.phy
[00:00:00] Loaded alignment with 15 taxa and 686 sites

WARNING: Sequences Sp011 and Sp012 are exactly identical!
WARNING: Sequences Sp011 and Sp013 are exactly identical!
WARNING: Duplicate sequences found: 2

NOTE: Reduced alignment (with duplicates and gap-only sites/taxa removed) 
NOTE: was saved to: /groups/pupko/alburquerque/RL/Tree_Data/data/All_sized/7679/masked_species_real_msa.phy.raxml.reduced.phy

Alignment comprises 1 partitions and 172 patterns

Partition 0: noname
Model: GTR{0.31205/1.85747/0.87055/0.81482/7.08953/1}+FU{0.17566/0.34617/0.24767/0.23051}+IU{0.582}+G4m{1.124}
Alignment sites / patterns: 686 / 172
Gaps: 1.54 %
Invariant sites: 73.32 %


NOTE: Binary MSA file created: /groups/pupko/alburquerque/RL/Tree_Data/data/All_sized/7679/masked_species_real_msa.phy.raxml.rba

Parallelization scheme autoconfig: 1 worker(s) x 1 thread(s)

Parallel reduction/worker buffer size: 1 KB  / 0 KB

[00:00:00] Generating 1 random starting tree(s) with 15 taxa
[00:00:00] Data distribution: max. partitions/sites/weight per thread: 1 / 172 / 2752
[00:00:00] Data distribution: max. searches per worker: 1

Starting ML tree search with 1 distinct starting trees

[00:00:00 -3304.400979] Initial branch length optimization
[00:00:00 -2987.142375] Model parameter optimization (eps = 10.000000)
[00:00:00 -2986.898768] AUTODETECT spr round 1 (radius: 5)
[00:00:00 -2786.743920] AUTODETECT spr round 2 (radius: 10)
[00:00:00 -2786.742484] SPR radius for FAST iterations: 5 (autodetect)
[00:00:00 -2786.742484] Model parameter optimization (eps = 3.000000)
[00:00:00 -2786.742380] FAST spr round 1 (radius: 5)
[00:00:00 -2776.538184] FAST spr round 2 (radius: 5)
[00:00:00 -2776.538045] Model parameter optimization (eps = 1.000000)
[00:00:00 -2776.538045] SLOW spr round 1 (radius: 5)
[00:00:00 -2776.538045] SLOW spr round 2 (radius: 10)
[00:00:00 -2776.538045] SLOW spr round 3 (radius: 15)
[00:00:00 -2776.538045] Model parameter optimization (eps = 0.100000)

[00:00:00] ML tree search #1, logLikelihood: -2776.538045


Optimized model parameters:

   Partition 0: noname
   Rate heterogeneity: GAMMA (4 cats, mean),  alpha: 1.124000 (user),  weights&rates: (0.250000,0.161010) (0.250000,0.511094) (0.250000,1.017851) (0.250000,2.310045) 
   P-inv (user): 0.582000
   Base frequencies (user): 0.175658 0.346167 0.247668 0.230508 
   Substitution rates (user): 0.312050 1.857470 0.870550 0.814820 7.089530 1.000000 


Final LogLikelihood: -2776.538045

AIC score: 5607.076089 / AICc score: 5609.373962 / BIC score: 5729.409785
Free parameters (model + branch lengths): 27

WARNING: Best ML tree contains 1 near-zero branches!

Best ML tree with collapsed near-zero branches saved to: /groups/pupko/alburquerque/RL/Tree_Data/data/All_sized/7679/masked_species_real_msa.phy.raxml.bestTreeCollapsed
Best ML tree saved to: /groups/pupko/alburquerque/RL/Tree_Data/data/All_sized/7679/masked_species_real_msa.phy.raxml.bestTree
Optimized model saved to: /groups/pupko/alburquerque/RL/Tree_Data/data/All_sized/7679/masked_species_real_msa.phy.raxml.bestModel

Execution log saved to: /groups/pupko/alburquerque/RL/Tree_Data/data/All_sized/7679/masked_species_real_msa.phy.raxml.log

Analysis started: 21-Dec-2022 19:39:11 / finished: 21-Dec-2022 19:39:11

Elapsed time: 0.311 seconds

