
RAxML-NG v. 1.1 released on 29.11.2021 by The Exelixis Lab.
Developed by: Alexey M. Kozlov and Alexandros Stamatakis.
Contributors: Diego Darriba, Tomas Flouri, Benoit Morel, Sarah Lutteropp, Ben Bettisworth.
Latest version: https://github.com/amkozlov/raxml-ng
Questions/problems/suggestions? Please visit: https://groups.google.com/forum/#!forum/raxml

System: Intel(R) Xeon(R) CPU E5-2680 v3 @ 2.50GHz, 24 cores, 125 GB RAM

RAxML-NG was called at 21-Dec-2022 19:39:14 as follows:

raxml-ng --msa /groups/pupko/alburquerque/RL/Tree_Data/data/All_sized/1951/masked_species_real_msa.phy --threads 1 --opt-branches on --opt-model --nofiles --tree rand{1} --redo off --model GTR{9707.65528/52041.22997/9029.46289/5768.91919/43174.33194/1.00000}+I{0.331}+G{0.126}+F{0.25025/0.27383/0.20698/0.26895}

Analysis options:
  run mode: ML tree search
  start tree(s): random (1)
  random seed: 1671644354
  tip-inner: OFF
  pattern compression: ON
  per-rate scalers: OFF
  site repeats: ON
  fast spr radius: AUTO
  spr subtree cutoff: 1.000000
  branch lengths: proportional (ML estimate, algorithm: NR-FAST)
  SIMD kernels: AVX2
  parallelization: coarse-grained (auto), NONE/sequential

WARNING: Running in REDO mode: existing checkpoints are ignored, and all result files will be overwritten!

[00:00:00] Reading alignment from file: /groups/pupko/alburquerque/RL/Tree_Data/data/All_sized/1951/masked_species_real_msa.phy
[00:00:00] Loaded alignment with 15 taxa and 973 sites

Alignment comprises 1 partitions and 157 patterns

Partition 0: noname
Model: GTR{9707.66/52041.2/9029.46/5768.92/43174.3/1}+FU{0.25025/0.27383/0.20698/0.26895}+IU{0.331}+G4m{0.126}
Alignment sites / patterns: 973 / 157
Gaps: 9.12 %
Invariant sites: 86.13 %


NOTE: Binary MSA file created: /groups/pupko/alburquerque/RL/Tree_Data/data/All_sized/1951/masked_species_real_msa.phy.raxml.rba

Parallelization scheme autoconfig: 1 worker(s) x 1 thread(s)

Parallel reduction/worker buffer size: 1 KB  / 0 KB

[00:00:00] Generating 1 random starting tree(s) with 15 taxa
[00:00:00] Data distribution: max. partitions/sites/weight per thread: 1 / 157 / 2512
[00:00:00] Data distribution: max. searches per worker: 1

Starting ML tree search with 1 distinct starting trees

[00:00:00 -3304.296099] Initial branch length optimization
[00:00:00 -2960.194164] Model parameter optimization (eps = 10.000000)
[00:00:00 -2959.912783] AUTODETECT spr round 1 (radius: 5)
[00:00:00 -2403.491220] AUTODETECT spr round 2 (radius: 10)
[00:00:00 -2388.644317] AUTODETECT spr round 3 (radius: 15)
[00:00:00 -2388.643193] SPR radius for FAST iterations: 10 (autodetect)
[00:00:00 -2388.643193] Model parameter optimization (eps = 3.000000)
[00:00:00 -2388.643151] FAST spr round 1 (radius: 10)
[00:00:00 -2375.694829] FAST spr round 2 (radius: 10)
[00:00:00 -2374.540286] FAST spr round 3 (radius: 10)
[00:00:00 -2374.540261] Model parameter optimization (eps = 1.000000)
[00:00:00 -2374.540261] SLOW spr round 1 (radius: 5)
[00:00:00 -2374.540147] SLOW spr round 2 (radius: 10)
[00:00:00 -2374.540147] SLOW spr round 3 (radius: 15)
[00:00:00 -2374.540147] Model parameter optimization (eps = 0.100000)

[00:00:00] ML tree search #1, logLikelihood: -2374.540147


Optimized model parameters:

   Partition 0: noname
   Rate heterogeneity: GAMMA (4 cats, mean),  alpha: 0.126000 (user),  weights&rates: (0.250000,0.000009) (0.250000,0.004485) (0.250000,0.168939) (0.250000,3.826567) 
   P-inv (user): 0.331000
   Base frequencies (user): 0.250247 0.273827 0.206978 0.268947 
   Substitution rates (user): 9707.655280 52041.229970 9029.462890 5768.919190 43174.331940 1.000000 


Final LogLikelihood: -2374.540147

AIC score: 4803.080294 / AICc score: 4804.680294 / BIC score: 4934.850665
Free parameters (model + branch lengths): 27

WARNING: Best ML tree contains 2 near-zero branches!

Best ML tree with collapsed near-zero branches saved to: /groups/pupko/alburquerque/RL/Tree_Data/data/All_sized/1951/masked_species_real_msa.phy.raxml.bestTreeCollapsed
Best ML tree saved to: /groups/pupko/alburquerque/RL/Tree_Data/data/All_sized/1951/masked_species_real_msa.phy.raxml.bestTree
Optimized model saved to: /groups/pupko/alburquerque/RL/Tree_Data/data/All_sized/1951/masked_species_real_msa.phy.raxml.bestModel

Execution log saved to: /groups/pupko/alburquerque/RL/Tree_Data/data/All_sized/1951/masked_species_real_msa.phy.raxml.log

Analysis started: 21-Dec-2022 19:39:14 / finished: 21-Dec-2022 19:39:14

Elapsed time: 0.341 seconds

