
RAxML-NG v. 1.1 released on 29.11.2021 by The Exelixis Lab.
Developed by: Alexey M. Kozlov and Alexandros Stamatakis.
Contributors: Diego Darriba, Tomas Flouri, Benoit Morel, Sarah Lutteropp, Ben Bettisworth.
Latest version: https://github.com/amkozlov/raxml-ng
Questions/problems/suggestions? Please visit: https://groups.google.com/forum/#!forum/raxml

System: AMD Opteron(tm) Processor 6128, 16 cores, 117 GB RAM

RAxML-NG was called at 30-Nov-2022 16:46:47 as follows:

raxml-ng --msa /groups/pupko/alburquerque/RL/Tree_Data/data/All_sized/2314/masked_species_real_msa.phy --threads 1 --opt-branches on --opt-model --nofiles --tree rand{1} --redo off --model GTR{0.13806/2.22156/1.04360/2.58726/6.27409/1.00000}+I{0.931}+G{99.872}+F{0.25077/0.22707/0.29082/0.23134}

Analysis options:
  run mode: ML tree search
  start tree(s): random (1)
  random seed: 1669819607
  tip-inner: OFF
  pattern compression: ON
  per-rate scalers: OFF
  site repeats: ON
  fast spr radius: AUTO
  spr subtree cutoff: 1.000000
  branch lengths: proportional (ML estimate, algorithm: NR-FAST)
  SIMD kernels: SSE3
  parallelization: coarse-grained (auto), NONE/sequential

WARNING: Running in REDO mode: existing checkpoints are ignored, and all result files will be overwritten!

[00:00:00] Reading alignment from file: /groups/pupko/alburquerque/RL/Tree_Data/data/All_sized/2314/masked_species_real_msa.phy
[00:00:00] Loaded alignment with 12 taxa and 1711 sites

Alignment comprises 1 partitions and 104 patterns

Partition 0: noname
Model: GTR{0.13806/2.22156/1.0436/2.58726/6.27409/1}+FU{0.25077/0.22707/0.29082/0.23134}+IU{0.931}+G4m{99.872}
Alignment sites / patterns: 1711 / 104
Gaps: 6.71 %
Invariant sites: 96.79 %


NOTE: Binary MSA file created: /groups/pupko/alburquerque/RL/Tree_Data/data/All_sized/2314/masked_species_real_msa.phy.raxml.rba

Parallelization scheme autoconfig: 1 worker(s) x 1 thread(s)

Parallel reduction/worker buffer size: 1 KB  / 0 KB

[00:00:00] Generating 1 random starting tree(s) with 12 taxa
[00:00:00] Data distribution: max. partitions/sites/weight per thread: 1 / 104 / 1664
[00:00:00] Data distribution: max. searches per worker: 1

Starting ML tree search with 1 distinct starting trees

[00:00:00 -3341.886486] Initial branch length optimization
[00:00:00 -2896.956025] Model parameter optimization (eps = 10.000000)
[00:00:00 -2896.162041] AUTODETECT spr round 1 (radius: 5)
[00:00:00 -2827.155194] AUTODETECT spr round 2 (radius: 10)
[00:00:00 -2827.153969] SPR radius for FAST iterations: 5 (autodetect)
[00:00:00 -2827.153969] Model parameter optimization (eps = 3.000000)
[00:00:00 -2827.153951] FAST spr round 1 (radius: 5)
[00:00:00 -2819.506007] FAST spr round 2 (radius: 5)
[00:00:00 -2819.506006] Model parameter optimization (eps = 1.000000)
[00:00:00 -2819.506006] SLOW spr round 1 (radius: 5)
[00:00:00 -2819.506006] SLOW spr round 2 (radius: 10)
[00:00:00 -2819.506006] Model parameter optimization (eps = 0.100000)

[00:00:00] ML tree search #1, logLikelihood: -2819.506006


Optimized model parameters:

   Partition 0: noname
   Rate heterogeneity: GAMMA (4 cats, mean),  alpha: 99.872000 (user),  weights&rates: (0.250000,0.875828) (0.250000,0.964715) (0.250000,1.029566) (0.250000,1.129891) 
   P-inv (user): 0.931000
   Base frequencies (user): 0.250770 0.227070 0.290820 0.231340 
   Substitution rates (user): 0.138060 2.221560 1.043600 2.587260 6.274090 1.000000 


Final LogLikelihood: -2819.506006

AIC score: 5681.012013 / AICc score: 5681.559082 / BIC score: 5795.353511
Free parameters (model + branch lengths): 21

WARNING: Best ML tree contains 2 near-zero branches!

Best ML tree with collapsed near-zero branches saved to: /groups/pupko/alburquerque/RL/Tree_Data/data/All_sized/2314/masked_species_real_msa.phy.raxml.bestTreeCollapsed
Best ML tree saved to: /groups/pupko/alburquerque/RL/Tree_Data/data/All_sized/2314/masked_species_real_msa.phy.raxml.bestTree
Optimized model saved to: /groups/pupko/alburquerque/RL/Tree_Data/data/All_sized/2314/masked_species_real_msa.phy.raxml.bestModel

Execution log saved to: /groups/pupko/alburquerque/RL/Tree_Data/data/All_sized/2314/masked_species_real_msa.phy.raxml.log

Analysis started: 30-Nov-2022 16:46:47 / finished: 30-Nov-2022 16:46:48

Elapsed time: 0.508 seconds

