
RAxML-NG v. 1.1 released on 29.11.2021 by The Exelixis Lab.
Developed by: Alexey M. Kozlov and Alexandros Stamatakis.
Contributors: Diego Darriba, Tomas Flouri, Benoit Morel, Sarah Lutteropp, Ben Bettisworth.
Latest version: https://github.com/amkozlov/raxml-ng
Questions/problems/suggestions? Please visit: https://groups.google.com/forum/#!forum/raxml

System: AMD Opteron(tm) Processor 6128, 16 cores, 117 GB RAM

RAxML-NG was called at 30-Nov-2022 16:45:53 as follows:

raxml-ng --msa /groups/pupko/alburquerque/RL/Tree_Data/data/All_sized/25587/masked_species_real_msa.phy --threads 1 --opt-branches on --opt-model --nofiles --tree rand{1} --redo off --model GTR{6.11353/6.25840/3.92146/3.56714/10.23149/1.00000}+I{0.605}+G{0.023}+F{0.36803/0.14313/0.15637/0.33247}

Analysis options:
  run mode: ML tree search
  start tree(s): random (1)
  random seed: 1669819553
  tip-inner: OFF
  pattern compression: ON
  per-rate scalers: OFF
  site repeats: ON
  fast spr radius: AUTO
  spr subtree cutoff: 1.000000
  branch lengths: proportional (ML estimate, algorithm: NR-FAST)
  SIMD kernels: SSE3
  parallelization: coarse-grained (auto), NONE/sequential

WARNING: Running in REDO mode: existing checkpoints are ignored, and all result files will be overwritten!

[00:00:00] Reading alignment from file: /groups/pupko/alburquerque/RL/Tree_Data/data/All_sized/25587/masked_species_real_msa.phy
[00:00:00] Loaded alignment with 12 taxa and 1710 sites

Alignment comprises 1 partitions and 50 patterns

Partition 0: noname
Model: GTR{6.11353/6.2584/3.92146/3.56714/10.2315/1}+FU{0.36803/0.14313/0.15637/0.33247}+IU{0.605}+G4m{0.023}
Alignment sites / patterns: 1710 / 50
Gaps: 2.20 %
Invariant sites: 97.89 %


NOTE: Binary MSA file created: /groups/pupko/alburquerque/RL/Tree_Data/data/All_sized/25587/masked_species_real_msa.phy.raxml.rba

Parallelization scheme autoconfig: 1 worker(s) x 1 thread(s)

Parallel reduction/worker buffer size: 1 KB  / 0 KB

[00:00:00] Generating 1 random starting tree(s) with 12 taxa
[00:00:00] Data distribution: max. partitions/sites/weight per thread: 1 / 50 / 800
[00:00:00] Data distribution: max. searches per worker: 1

Starting ML tree search with 1 distinct starting trees

[00:00:00 -2916.067130] Initial branch length optimization
[00:00:00 -2573.828485] Model parameter optimization (eps = 10.000000)
[00:00:00 -2573.762378] AUTODETECT spr round 1 (radius: 5)
[00:00:00 -2518.832455] AUTODETECT spr round 2 (radius: 10)
[00:00:00 -2518.832155] SPR radius for FAST iterations: 5 (autodetect)
[00:00:00 -2518.832155] Model parameter optimization (eps = 3.000000)
[00:00:00 -2518.832155] FAST spr round 1 (radius: 5)
[00:00:00 -2518.170430] FAST spr round 2 (radius: 5)
[00:00:00 -2518.170430] Model parameter optimization (eps = 1.000000)
[00:00:00 -2518.170430] SLOW spr round 1 (radius: 5)
[00:00:00 -2518.170430] SLOW spr round 2 (radius: 10)
[00:00:00 -2518.170430] Model parameter optimization (eps = 0.100000)

[00:00:00] ML tree search #1, logLikelihood: -2518.170430


Optimized model parameters:

   Partition 0: noname
   Rate heterogeneity: GAMMA (4 cats, mean),  alpha: 0.023000 (user),  weights&rates: (0.250000,0.000000) (0.250000,0.000000) (0.250000,0.000006) (0.250000,3.999994) 
   P-inv (user): 0.605000
   Base frequencies (user): 0.368030 0.143130 0.156370 0.332470 
   Substitution rates (user): 6.113530 6.258400 3.921460 3.567140 10.231490 1.000000 


Final LogLikelihood: -2518.170430

AIC score: 5078.340860 / AICc score: 5078.888254 / BIC score: 5192.670082
Free parameters (model + branch lengths): 21

WARNING: Best ML tree contains 2 near-zero branches!

Best ML tree with collapsed near-zero branches saved to: /groups/pupko/alburquerque/RL/Tree_Data/data/All_sized/25587/masked_species_real_msa.phy.raxml.bestTreeCollapsed
Best ML tree saved to: /groups/pupko/alburquerque/RL/Tree_Data/data/All_sized/25587/masked_species_real_msa.phy.raxml.bestTree
Optimized model saved to: /groups/pupko/alburquerque/RL/Tree_Data/data/All_sized/25587/masked_species_real_msa.phy.raxml.bestModel

Execution log saved to: /groups/pupko/alburquerque/RL/Tree_Data/data/All_sized/25587/masked_species_real_msa.phy.raxml.log

Analysis started: 30-Nov-2022 16:45:53 / finished: 30-Nov-2022 16:45:54

Elapsed time: 0.296 seconds

