
RAxML-NG v. 1.1 released on 29.11.2021 by The Exelixis Lab.
Developed by: Alexey M. Kozlov and Alexandros Stamatakis.
Contributors: Diego Darriba, Tomas Flouri, Benoit Morel, Sarah Lutteropp, Ben Bettisworth.
Latest version: https://github.com/amkozlov/raxml-ng
Questions/problems/suggestions? Please visit: https://groups.google.com/forum/#!forum/raxml

System: Intel(R) Xeon(R) Gold 6230 CPU @ 2.10GHz, 1 cores, 31 GB RAM

RAxML-NG was called at 28-Dec-2022 15:00:44 as follows:

raxml-ng --msa /groups/pupko/alburquerque/RL/Tree_Data/data/All_sized/34231/masked_species_real_msa.phy --threads 1 --opt-branches on --opt-model --nofiles --tree rand{1} --redo off --model GTR{1.26825/3.39503/1.75358/1.37601/11.12385/1.00000}+I{0.449}+G{0.688}+F{0.22760/0.30211/0.25029/0.22000}

Analysis options:
  run mode: ML tree search
  start tree(s): random (1)
  random seed: 1672232444
  tip-inner: OFF
  pattern compression: ON
  per-rate scalers: OFF
  site repeats: ON
  fast spr radius: AUTO
  spr subtree cutoff: 1.000000
  branch lengths: proportional (ML estimate, algorithm: NR-FAST)
  SIMD kernels: AVX2
  parallelization: coarse-grained (auto), NONE/sequential

WARNING: Running in REDO mode: existing checkpoints are ignored, and all result files will be overwritten!

[00:00:00] Reading alignment from file: /groups/pupko/alburquerque/RL/Tree_Data/data/All_sized/34231/masked_species_real_msa.phy
[00:00:00] Loaded alignment with 20 taxa and 1439 sites

WARNING: Sequences Sp009 and Sp010 are exactly identical!
WARNING: Sequences Sp009 and Sp011 are exactly identical!
WARNING: Duplicate sequences found: 2

NOTE: Reduced alignment (with duplicates and gap-only sites/taxa removed) 
NOTE: was saved to: /groups/pupko/alburquerque/RL/Tree_Data/data/All_sized/34231/masked_species_real_msa.phy.raxml.reduced.phy

Alignment comprises 1 partitions and 142 patterns

Partition 0: noname
Model: GTR{1.26825/3.39503/1.75358/1.37601/11.1238/1}+FU{0.2276/0.30211/0.25029/0.22}+IU{0.449}+G4m{0.688}
Alignment sites / patterns: 1439 / 142
Gaps: 1.97 %
Invariant sites: 84.85 %


NOTE: Binary MSA file created: /groups/pupko/alburquerque/RL/Tree_Data/data/All_sized/34231/masked_species_real_msa.phy.raxml.rba

Parallelization scheme autoconfig: 1 worker(s) x 1 thread(s)

Parallel reduction/worker buffer size: 1 KB  / 0 KB

[00:00:00] Generating 1 random starting tree(s) with 20 taxa
[00:00:00] Data distribution: max. partitions/sites/weight per thread: 1 / 142 / 2272
[00:00:00] Data distribution: max. searches per worker: 1

Starting ML tree search with 1 distinct starting trees

[00:00:00 -5063.664368] Initial branch length optimization
[00:00:00 -4394.233609] Model parameter optimization (eps = 10.000000)
[00:00:00 -4393.795002] AUTODETECT spr round 1 (radius: 5)
[00:00:00 -3588.684466] AUTODETECT spr round 2 (radius: 10)
[00:00:00 -3588.684115] SPR radius for FAST iterations: 5 (autodetect)
[00:00:00 -3588.684115] Model parameter optimization (eps = 3.000000)
[00:00:00 -3588.684092] FAST spr round 1 (radius: 5)
[00:00:00 -3568.091992] FAST spr round 2 (radius: 5)
[00:00:00 -3568.059548] Model parameter optimization (eps = 1.000000)
[00:00:00 -3568.059546] SLOW spr round 1 (radius: 5)
[00:00:00 -3568.059546] SLOW spr round 2 (radius: 10)
[00:00:00 -3568.059546] SLOW spr round 3 (radius: 15)
[00:00:00 -3568.059546] SLOW spr round 4 (radius: 20)
[00:00:00 -3568.059546] Model parameter optimization (eps = 0.100000)

[00:00:00] ML tree search #1, logLikelihood: -3568.059546


Optimized model parameters:

   Partition 0: noname
   Rate heterogeneity: GAMMA (4 cats, mean),  alpha: 0.688000 (user),  weights&rates: (0.250000,0.071627) (0.250000,0.357813) (0.250000,0.920339) (0.250000,2.650221) 
   P-inv (user): 0.449000
   Base frequencies (user): 0.227600 0.302110 0.250290 0.220000 
   Substitution rates (user): 1.268250 3.395030 1.753580 1.376010 11.123850 1.000000 


Final LogLikelihood: -3568.059546

AIC score: 7210.119092 / AICc score: 7212.126230 / BIC score: 7405.172130
Free parameters (model + branch lengths): 37

WARNING: Best ML tree contains 2 near-zero branches!

Best ML tree with collapsed near-zero branches saved to: /groups/pupko/alburquerque/RL/Tree_Data/data/All_sized/34231/masked_species_real_msa.phy.raxml.bestTreeCollapsed
Best ML tree saved to: /groups/pupko/alburquerque/RL/Tree_Data/data/All_sized/34231/masked_species_real_msa.phy.raxml.bestTree
Optimized model saved to: /groups/pupko/alburquerque/RL/Tree_Data/data/All_sized/34231/masked_species_real_msa.phy.raxml.bestModel

Execution log saved to: /groups/pupko/alburquerque/RL/Tree_Data/data/All_sized/34231/masked_species_real_msa.phy.raxml.log

Analysis started: 28-Dec-2022 15:00:44 / finished: 28-Dec-2022 15:00:45

Elapsed time: 0.500 seconds

