
RAxML-NG v. 1.1 released on 29.11.2021 by The Exelixis Lab.
Developed by: Alexey M. Kozlov and Alexandros Stamatakis.
Contributors: Diego Darriba, Tomas Flouri, Benoit Morel, Sarah Lutteropp, Ben Bettisworth.
Latest version: https://github.com/amkozlov/raxml-ng
Questions/problems/suggestions? Please visit: https://groups.google.com/forum/#!forum/raxml

System: Intel(R) Xeon(R) CPU E5-2680 v3 @ 2.50GHz, 24 cores, 125 GB RAM

RAxML-NG was called at 11-Feb-2023 23:48:32 as follows:

raxml-ng --msa /groups/pupko/alburquerque/RL/Tree_Data/data/All_sized/1875/masked_species_real_msa.phy --threads 1 --model GTR{1.47792/3.15952/2.28090/2.12561/6.25830/1.00000}+I{0.318}+G{1.532}+F{0.27459/0.25458/0.23985/0.23098} --tree /groups/pupko/alburquerque/RL/Tree_Data/data/All_sized/1875/Temp_start_tree_file_for_raxml_search.txt --redo

Analysis options:
  run mode: ML tree search
  start tree(s): user
  random seed: 1676152112
  tip-inner: OFF
  pattern compression: ON
  per-rate scalers: OFF
  site repeats: ON
  fast spr radius: AUTO
  spr subtree cutoff: 1.000000
  branch lengths: proportional (ML estimate, algorithm: NR-FAST)
  SIMD kernels: AVX2
  parallelization: coarse-grained (auto), NONE/sequential

WARNING: Running in REDO mode: existing checkpoints are ignored, and all result files will be overwritten!

[00:00:00] Reading alignment from file: /groups/pupko/alburquerque/RL/Tree_Data/data/All_sized/1875/masked_species_real_msa.phy
[00:00:00] Loaded alignment with 20 taxa and 345 sites

Alignment comprises 1 partitions and 232 patterns

Partition 0: noname
Model: GTR{1.47792/3.15952/2.2809/2.12561/6.2583/1}+FU{0.27459/0.25458/0.23985/0.23098}+IU{0.318}+G4m{1.532}
Alignment sites / patterns: 345 / 232
Gaps: 1.25 %
Invariant sites: 35.07 %


NOTE: Binary MSA file created: /groups/pupko/alburquerque/RL/Tree_Data/data/All_sized/1875/masked_species_real_msa.phy.raxml.rba

Parallelization scheme autoconfig: 1 worker(s) x 1 thread(s)

Parallel reduction/worker buffer size: 1 KB  / 0 KB

[00:00:00] Loading user starting tree(s) from: /groups/pupko/alburquerque/RL/Tree_Data/data/All_sized/1875/Temp_start_tree_file_for_raxml_search.txt
[00:00:00] Data distribution: max. partitions/sites/weight per thread: 1 / 232 / 3712
[00:00:00] Data distribution: max. searches per worker: 1

Starting ML tree search with 1 distinct starting trees

[00:00:00 -5241.735659] Initial branch length optimization
[00:00:00 -4874.816966] Model parameter optimization (eps = 10.000000)
[00:00:00 -4873.058297] AUTODETECT spr round 1 (radius: 5)
[00:00:00 -4560.753311] AUTODETECT spr round 2 (radius: 10)
[00:00:00 -4560.750235] SPR radius for FAST iterations: 5 (autodetect)
[00:00:00 -4560.750235] Model parameter optimization (eps = 3.000000)
[00:00:00 -4560.749751] FAST spr round 1 (radius: 5)
[00:00:00 -4530.175184] FAST spr round 2 (radius: 5)
[00:00:00 -4529.292090] FAST spr round 3 (radius: 5)
[00:00:00 -4526.584615] FAST spr round 4 (radius: 5)
[00:00:00 -4526.448050] FAST spr round 5 (radius: 5)
[00:00:00 -4525.520087] FAST spr round 6 (radius: 5)
[00:00:00 -4524.737135] FAST spr round 7 (radius: 5)
[00:00:00 -4524.736874] Model parameter optimization (eps = 1.000000)
[00:00:00 -4524.736872] SLOW spr round 1 (radius: 5)
[00:00:00 -4523.882301] SLOW spr round 2 (radius: 5)
[00:00:01 -4523.882174] SLOW spr round 3 (radius: 10)
[00:00:01 -4523.882171] SLOW spr round 4 (radius: 15)
[00:00:01 -4523.882171] SLOW spr round 5 (radius: 20)
[00:00:01 -4523.882171] Model parameter optimization (eps = 0.100000)

[00:00:01] ML tree search #1, logLikelihood: -4523.882171


Optimized model parameters:

   Partition 0: noname
   Rate heterogeneity: GAMMA (4 cats, mean),  alpha: 1.532000 (user),  weights&rates: (0.250000,0.230224) (0.250000,0.593798) (0.250000,1.052247) (0.250000,2.123732) 
   P-inv (user): 0.318000
   Base frequencies (user): 0.274590 0.254580 0.239850 0.230980 
   Substitution rates (user): 1.477920 3.159520 2.280900 2.125610 6.258300 1.000000 


Final LogLikelihood: -4523.882171

AIC score: 9121.764343 / AICc score: 9130.923952 / BIC score: 9263.975486
Free parameters (model + branch lengths): 37

Best ML tree saved to: /groups/pupko/alburquerque/RL/Tree_Data/data/All_sized/1875/masked_species_real_msa.phy.raxml.bestTree
Optimized model saved to: /groups/pupko/alburquerque/RL/Tree_Data/data/All_sized/1875/masked_species_real_msa.phy.raxml.bestModel

Execution log saved to: /groups/pupko/alburquerque/RL/Tree_Data/data/All_sized/1875/masked_species_real_msa.phy.raxml.log

Analysis started: 11-Feb-2023 23:48:32 / finished: 11-Feb-2023 23:48:33

Elapsed time: 1.261 seconds

