
RAxML-NG v. 1.1 released on 29.11.2021 by The Exelixis Lab.
Developed by: Alexey M. Kozlov and Alexandros Stamatakis.
Contributors: Diego Darriba, Tomas Flouri, Benoit Morel, Sarah Lutteropp, Ben Bettisworth.
Latest version: https://github.com/amkozlov/raxml-ng
Questions/problems/suggestions? Please visit: https://groups.google.com/forum/#!forum/raxml

System: Intel(R) Xeon(R) CPU E5-2670 v2 @ 2.50GHz, 20 cores, 62 GB RAM

RAxML-NG was called at 28-Feb-2023 11:13:22 as follows:

raxml-ng --msa /groups/pupko/alburquerque/RL/Tree_Data/data/All_sized/balibase_RV12_BB12010/masked_species_real_msa.phy --threads 1 --model GTR{3.51297/3.30416/1.67832/2.22283/3.39404/1.00000}+I{0.019}+G{1.510}+F{0.26048/0.23132/0.25456/0.25364} --tree /groups/pupko/alburquerque/RL/Tree_Data/data/All_sized/balibase_RV12_BB12010/Temp_start_tree_file_for_raxml_search.txt --redo

Analysis options:
  run mode: ML tree search
  start tree(s): user
  random seed: 1677575602
  tip-inner: OFF
  pattern compression: ON
  per-rate scalers: OFF
  site repeats: ON
  fast spr radius: AUTO
  spr subtree cutoff: 1.000000
  branch lengths: proportional (ML estimate, algorithm: NR-FAST)
  SIMD kernels: AVX
  parallelization: coarse-grained (auto), NONE/sequential

WARNING: Running in REDO mode: existing checkpoints are ignored, and all result files will be overwritten!

[00:00:00] Reading alignment from file: /groups/pupko/alburquerque/RL/Tree_Data/data/All_sized/balibase_RV12_BB12010/masked_species_real_msa.phy
[00:00:00] Loaded alignment with 7 taxa and 1350 sites

Alignment comprises 1 partitions and 963 patterns

Partition 0: noname
Model: GTR{3.51297/3.30416/1.67832/2.22283/3.39404/1}+FU{0.26048/0.23132/0.25456/0.25364}+IU{0.019}+G4m{1.51}
Alignment sites / patterns: 1350 / 963
Gaps: 22.60 %
Invariant sites: 23.41 %


NOTE: Binary MSA file created: /groups/pupko/alburquerque/RL/Tree_Data/data/All_sized/balibase_RV12_BB12010/masked_species_real_msa.phy.raxml.rba

Parallelization scheme autoconfig: 1 worker(s) x 1 thread(s)

Parallel reduction/worker buffer size: 1 KB  / 0 KB

[00:00:00] Loading user starting tree(s) from: /groups/pupko/alburquerque/RL/Tree_Data/data/All_sized/balibase_RV12_BB12010/Temp_start_tree_file_for_raxml_search.txt
[00:00:00] Data distribution: max. partitions/sites/weight per thread: 1 / 963 / 15408
[00:00:00] Data distribution: max. searches per worker: 1

Starting ML tree search with 1 distinct starting trees

[00:00:00 -10786.056837] Initial branch length optimization
[00:00:00 -9290.986212] Model parameter optimization (eps = 10.000000)
[00:00:00 -9290.961257] AUTODETECT spr round 1 (radius: 5)
[00:00:00 -9283.303146] SPR radius for FAST iterations: 5 (autodetect)
[00:00:00 -9283.303146] Model parameter optimization (eps = 3.000000)
[00:00:00 -9283.294426] FAST spr round 1 (radius: 5)
[00:00:00 -9274.440586] FAST spr round 2 (radius: 5)
[00:00:00 -9274.440342] Model parameter optimization (eps = 1.000000)
[00:00:00 -9274.440341] SLOW spr round 1 (radius: 5)
[00:00:00 -9274.440340] Model parameter optimization (eps = 0.100000)

[00:00:00] ML tree search #1, logLikelihood: -9274.440340


Optimized model parameters:

   Partition 0: noname
   Rate heterogeneity: GAMMA (4 cats, mean),  alpha: 1.510000 (user),  weights&rates: (0.250000,0.226863) (0.250000,0.590212) (0.250000,1.051004) (0.250000,2.131921) 
   P-inv (user): 0.019000
   Base frequencies (user): 0.260480 0.231320 0.254560 0.253640 
   Substitution rates (user): 3.512970 3.304160 1.678320 2.222830 3.394040 1.000000 


Final LogLikelihood: -9274.440340

AIC score: 18570.880679 / AICc score: 18571.077989 / BIC score: 18628.167138
Free parameters (model + branch lengths): 11

Best ML tree saved to: /groups/pupko/alburquerque/RL/Tree_Data/data/All_sized/balibase_RV12_BB12010/masked_species_real_msa.phy.raxml.bestTree
Optimized model saved to: /groups/pupko/alburquerque/RL/Tree_Data/data/All_sized/balibase_RV12_BB12010/masked_species_real_msa.phy.raxml.bestModel

Execution log saved to: /groups/pupko/alburquerque/RL/Tree_Data/data/All_sized/balibase_RV12_BB12010/masked_species_real_msa.phy.raxml.log

Analysis started: 28-Feb-2023 11:13:22 / finished: 28-Feb-2023 11:13:23

Elapsed time: 0.551 seconds

