
RAxML-NG v. 1.1 released on 29.11.2021 by The Exelixis Lab.
Developed by: Alexey M. Kozlov and Alexandros Stamatakis.
Contributors: Diego Darriba, Tomas Flouri, Benoit Morel, Sarah Lutteropp, Ben Bettisworth.
Latest version: https://github.com/amkozlov/raxml-ng
Questions/problems/suggestions? Please visit: https://groups.google.com/forum/#!forum/raxml

System: Intel(R) Xeon(R) CPU E5-2670 v2 @ 2.50GHz, 20 cores, 62 GB RAM

RAxML-NG was called at 25-Dec-2022 18:31:44 as follows:

raxml-ng --msa /groups/pupko/alburquerque/RL/Tree_Data/data/All_sized/Euteleostomi_00390000003705001/masked_species_real_msa.phy --threads 1 --opt-branches on --opt-model --nofiles --tree rand{1} --redo off --model GTR{0.72462/1.73193/0.57588/0.40984/4.44487/1.00000}+I{0.164}+G{0.529}+F{0.19673/0.32585/0.30741/0.17000}

Analysis options:
  run mode: ML tree search
  start tree(s): random (1)
  random seed: 1671985904
  tip-inner: OFF
  pattern compression: ON
  per-rate scalers: OFF
  site repeats: ON
  fast spr radius: AUTO
  spr subtree cutoff: 1.000000
  branch lengths: proportional (ML estimate, algorithm: NR-FAST)
  SIMD kernels: AVX
  parallelization: coarse-grained (auto), NONE/sequential

WARNING: Running in REDO mode: existing checkpoints are ignored, and all result files will be overwritten!

[00:00:00] Reading alignment from file: /groups/pupko/alburquerque/RL/Tree_Data/data/All_sized/Euteleostomi_00390000003705001/masked_species_real_msa.phy
[00:00:00] Loaded alignment with 20 taxa and 756 sites

Alignment comprises 1 partitions and 315 patterns

Partition 0: noname
Model: GTR{0.72462/1.73193/0.57588/0.40984/4.44487/1}+FU{0.19673/0.32585/0.30741/0.17}+IU{0.164}+G4m{0.529}
Alignment sites / patterns: 756 / 315
Gaps: 50.06 %
Invariant sites: 64.81 %


NOTE: Binary MSA file created: /groups/pupko/alburquerque/RL/Tree_Data/data/All_sized/Euteleostomi_00390000003705001/masked_species_real_msa.phy.raxml.rba

Parallelization scheme autoconfig: 1 worker(s) x 1 thread(s)

Parallel reduction/worker buffer size: 1 KB  / 0 KB

[00:00:00] Generating 1 random starting tree(s) with 20 taxa
[00:00:00] Data distribution: max. partitions/sites/weight per thread: 1 / 315 / 5040
[00:00:00] Data distribution: max. searches per worker: 1

Starting ML tree search with 1 distinct starting trees

[00:00:00 -5504.593477] Initial branch length optimization
[00:00:00 -4642.473830] Model parameter optimization (eps = 10.000000)
[00:00:00 -4640.899363] AUTODETECT spr round 1 (radius: 5)
[00:00:00 -4318.548435] AUTODETECT spr round 2 (radius: 10)
[00:00:00 -3997.399954] AUTODETECT spr round 3 (radius: 15)
[00:00:00 -3997.384049] SPR radius for FAST iterations: 10 (autodetect)
[00:00:00 -3997.384049] Model parameter optimization (eps = 3.000000)
[00:00:00 -3997.373569] FAST spr round 1 (radius: 10)
[00:00:00 -3930.326820] FAST spr round 2 (radius: 10)
[00:00:00 -3921.913471] FAST spr round 3 (radius: 10)
[00:00:00 -3921.913329] Model parameter optimization (eps = 1.000000)
[00:00:00 -3921.913322] SLOW spr round 1 (radius: 5)
[00:00:00 -3921.913320] SLOW spr round 2 (radius: 10)
[00:00:00 -3921.913320] SLOW spr round 3 (radius: 15)
[00:00:01 -3921.913320] SLOW spr round 4 (radius: 20)
[00:00:01 -3921.913320] Model parameter optimization (eps = 0.100000)

[00:00:01] ML tree search #1, logLikelihood: -3921.913320


Optimized model parameters:

   Partition 0: noname
   Rate heterogeneity: GAMMA (4 cats, mean),  alpha: 0.529000 (user),  weights&rates: (0.250000,0.038881) (0.250000,0.270427) (0.250000,0.840274) (0.250000,2.850419) 
   P-inv (user): 0.164000
   Base frequencies (user): 0.196732 0.325853 0.307413 0.170002 
   Substitution rates (user): 0.724620 1.731930 0.575880 0.409840 4.444870 1.000000 


Final LogLikelihood: -3921.913320

AIC score: 7917.826640 / AICc score: 7921.743074 / BIC score: 8089.064171
Free parameters (model + branch lengths): 37

Best ML tree saved to: /groups/pupko/alburquerque/RL/Tree_Data/data/All_sized/Euteleostomi_00390000003705001/masked_species_real_msa.phy.raxml.bestTree
Optimized model saved to: /groups/pupko/alburquerque/RL/Tree_Data/data/All_sized/Euteleostomi_00390000003705001/masked_species_real_msa.phy.raxml.bestModel

Execution log saved to: /groups/pupko/alburquerque/RL/Tree_Data/data/All_sized/Euteleostomi_00390000003705001/masked_species_real_msa.phy.raxml.log

Analysis started: 25-Dec-2022 18:31:44 / finished: 25-Dec-2022 18:31:45

Elapsed time: 1.124 seconds

