
RAxML-NG v. 1.1 released on 29.11.2021 by The Exelixis Lab.
Developed by: Alexey M. Kozlov and Alexandros Stamatakis.
Contributors: Diego Darriba, Tomas Flouri, Benoit Morel, Sarah Lutteropp, Ben Bettisworth.
Latest version: https://github.com/amkozlov/raxml-ng
Questions/problems/suggestions? Please visit: https://groups.google.com/forum/#!forum/raxml

System: Intel(R) Xeon(R) CPU E5-2670 v2 @ 2.50GHz, 20 cores, 62 GB RAM

RAxML-NG was called at 01-Mar-2023 16:15:01 as follows:

raxml-ng --msa /groups/pupko/alburquerque/RL/Tree_Data/data/All_sized/15766/masked_species_real_msa.phy --threads 1 --model GTR{0.75007/1.98330/1.43494/0.60844/4.96446/1.00000}+I{0.172}+G{0.421}+F{0.23201/0.29526/0.21564/0.25708} --tree /groups/pupko/alburquerque/RL/Tree_Data/data/All_sized/15766/Temp_start_tree_file_for_raxml_search.txt --redo

Analysis options:
  run mode: ML tree search
  start tree(s): user
  random seed: 1677680101
  tip-inner: OFF
  pattern compression: ON
  per-rate scalers: OFF
  site repeats: ON
  fast spr radius: AUTO
  spr subtree cutoff: 1.000000
  branch lengths: proportional (ML estimate, algorithm: NR-FAST)
  SIMD kernels: AVX
  parallelization: coarse-grained (auto), NONE/sequential

WARNING: Running in REDO mode: existing checkpoints are ignored, and all result files will be overwritten!

[00:00:00] Reading alignment from file: /groups/pupko/alburquerque/RL/Tree_Data/data/All_sized/15766/masked_species_real_msa.phy
[00:00:00] Loaded alignment with 15 taxa and 716 sites

WARNING: Sequences Sp009 and Sp010 are exactly identical!
WARNING: Sequences Sp012 and Sp013 are exactly identical!
WARNING: Duplicate sequences found: 2

NOTE: Reduced alignment (with duplicates and gap-only sites/taxa removed) 
NOTE: was saved to: /groups/pupko/alburquerque/RL/Tree_Data/data/All_sized/15766/masked_species_real_msa.phy.raxml.reduced.phy

Alignment comprises 1 partitions and 109 patterns

Partition 0: noname
Model: GTR{0.75007/1.9833/1.43494/0.60844/4.96446/1}+FU{0.23201/0.29526/0.21564/0.25708}+IU{0.172}+G4m{0.421}
Alignment sites / patterns: 716 / 109
Gaps: 11.74 %
Invariant sites: 83.94 %


NOTE: Binary MSA file created: /groups/pupko/alburquerque/RL/Tree_Data/data/All_sized/15766/masked_species_real_msa.phy.raxml.rba

Parallelization scheme autoconfig: 1 worker(s) x 1 thread(s)

Parallel reduction/worker buffer size: 1 KB  / 0 KB

[00:00:00] Loading user starting tree(s) from: /groups/pupko/alburquerque/RL/Tree_Data/data/All_sized/15766/Temp_start_tree_file_for_raxml_search.txt
[00:00:00] Data distribution: max. partitions/sites/weight per thread: 1 / 109 / 1744
[00:00:00] Data distribution: max. searches per worker: 1

Starting ML tree search with 1 distinct starting trees

[00:00:00 -2582.333274] Initial branch length optimization
[00:00:00 -2117.061797] Model parameter optimization (eps = 10.000000)
[00:00:00 -2117.041424] AUTODETECT spr round 1 (radius: 5)
[00:00:00 -1649.427525] AUTODETECT spr round 2 (radius: 10)
[00:00:00 -1649.424274] SPR radius for FAST iterations: 5 (autodetect)
[00:00:00 -1649.424274] Model parameter optimization (eps = 3.000000)
[00:00:00 -1649.424111] FAST spr round 1 (radius: 5)
[00:00:00 -1642.820188] FAST spr round 2 (radius: 5)
[00:00:00 -1642.660427] FAST spr round 3 (radius: 5)
[00:00:00 -1642.660264] Model parameter optimization (eps = 1.000000)
[00:00:00 -1642.660263] SLOW spr round 1 (radius: 5)
[00:00:00 -1642.660263] SLOW spr round 2 (radius: 10)
[00:00:00 -1642.660263] SLOW spr round 3 (radius: 15)
[00:00:00 -1642.660263] Model parameter optimization (eps = 0.100000)

[00:00:00] ML tree search #1, logLikelihood: -1642.660263


Optimized model parameters:

   Partition 0: noname
   Rate heterogeneity: GAMMA (4 cats, mean),  alpha: 0.421000 (user),  weights&rates: (0.250000,0.019857) (0.250000,0.197261) (0.250000,0.753040) (0.250000,3.029841) 
   P-inv (user): 0.172000
   Base frequencies (user): 0.232012 0.295263 0.215642 0.257083 
   Substitution rates (user): 0.750070 1.983300 1.434940 0.608440 4.964460 1.000000 


Final LogLikelihood: -1642.660263

AIC score: 3339.320527 / AICc score: 3341.518201 / BIC score: 3462.809891
Free parameters (model + branch lengths): 27

WARNING: Best ML tree contains 6 near-zero branches!

Best ML tree with collapsed near-zero branches saved to: /groups/pupko/alburquerque/RL/Tree_Data/data/All_sized/15766/masked_species_real_msa.phy.raxml.bestTreeCollapsed
Best ML tree saved to: /groups/pupko/alburquerque/RL/Tree_Data/data/All_sized/15766/masked_species_real_msa.phy.raxml.bestTree
Optimized model saved to: /groups/pupko/alburquerque/RL/Tree_Data/data/All_sized/15766/masked_species_real_msa.phy.raxml.bestModel

Execution log saved to: /groups/pupko/alburquerque/RL/Tree_Data/data/All_sized/15766/masked_species_real_msa.phy.raxml.log

Analysis started: 01-Mar-2023 16:15:01 / finished: 01-Mar-2023 16:15:02

Elapsed time: 0.229 seconds

