
RAxML-NG v. 1.1 released on 29.11.2021 by The Exelixis Lab.
Developed by: Alexey M. Kozlov and Alexandros Stamatakis.
Contributors: Diego Darriba, Tomas Flouri, Benoit Morel, Sarah Lutteropp, Ben Bettisworth.
Latest version: https://github.com/amkozlov/raxml-ng
Questions/problems/suggestions? Please visit: https://groups.google.com/forum/#!forum/raxml

System: Intel(R) Xeon(R) CPU E5-2670 v2 @ 2.50GHz, 20 cores, 62 GB RAM

RAxML-NG was called at 13-Feb-2023 17:03:23 as follows:

raxml-ng --msa /groups/pupko/alburquerque/RL/Tree_Data/data/All_sized/24309/masked_species_real_msa.phy --threads 1 --model GTR{0.92540/1.87818/0.87536/0.41159/4.88214/1.00000}+I{0.433}+G{0.642}+F{0.23263/0.26751/0.24576/0.25410} --tree /groups/pupko/alburquerque/RL/Tree_Data/data/All_sized/24309/Temp_start_tree_file_for_raxml_search.txt --redo

Analysis options:
  run mode: ML tree search
  start tree(s): user
  random seed: 1676300603
  tip-inner: OFF
  pattern compression: ON
  per-rate scalers: OFF
  site repeats: ON
  fast spr radius: AUTO
  spr subtree cutoff: 1.000000
  branch lengths: proportional (ML estimate, algorithm: NR-FAST)
  SIMD kernels: AVX
  parallelization: coarse-grained (auto), NONE/sequential

WARNING: Running in REDO mode: existing checkpoints are ignored, and all result files will be overwritten!

[00:00:00] Reading alignment from file: /groups/pupko/alburquerque/RL/Tree_Data/data/All_sized/24309/masked_species_real_msa.phy
[00:00:00] Loaded alignment with 20 taxa and 1080 sites

WARNING: Sequences Sp004 and Sp005 are exactly identical!
WARNING: Sequences Sp012 and Sp014 are exactly identical!
WARNING: Duplicate sequences found: 2

NOTE: Reduced alignment (with duplicates and gap-only sites/taxa removed) 
NOTE: was saved to: /groups/pupko/alburquerque/RL/Tree_Data/data/All_sized/24309/masked_species_real_msa.phy.raxml.reduced.phy

Alignment comprises 1 partitions and 122 patterns

Partition 0: noname
Model: GTR{0.9254/1.87818/0.87536/0.41159/4.88214/1}+FU{0.23263/0.26751/0.24576/0.2541}+IU{0.433}+G4m{0.642}
Alignment sites / patterns: 1080 / 122
Gaps: 43.90 %
Invariant sites: 90.74 %


NOTE: Binary MSA file created: /groups/pupko/alburquerque/RL/Tree_Data/data/All_sized/24309/masked_species_real_msa.phy.raxml.rba

Parallelization scheme autoconfig: 1 worker(s) x 1 thread(s)

Parallel reduction/worker buffer size: 1 KB  / 0 KB

[00:00:00] Loading user starting tree(s) from: /groups/pupko/alburquerque/RL/Tree_Data/data/All_sized/24309/Temp_start_tree_file_for_raxml_search.txt
[00:00:00] Data distribution: max. partitions/sites/weight per thread: 1 / 122 / 1952
[00:00:00] Data distribution: max. searches per worker: 1

Starting ML tree search with 1 distinct starting trees

[00:00:00 -3227.720854] Initial branch length optimization
[00:00:00 -2582.593777] Model parameter optimization (eps = 10.000000)
[00:00:00 -2582.487815] AUTODETECT spr round 1 (radius: 5)
[00:00:00 -2120.011897] AUTODETECT spr round 2 (radius: 10)
[00:00:00 -2120.010609] SPR radius for FAST iterations: 5 (autodetect)
[00:00:00 -2120.010609] Model parameter optimization (eps = 3.000000)
[00:00:00 -2120.010149] FAST spr round 1 (radius: 5)
[00:00:00 -2120.009142] Model parameter optimization (eps = 1.000000)
[00:00:00 -2120.009042] SLOW spr round 1 (radius: 5)
[00:00:00 -2120.008619] SLOW spr round 2 (radius: 10)
[00:00:00 -2120.008580] SLOW spr round 3 (radius: 15)
[00:00:00 -2120.008564] SLOW spr round 4 (radius: 20)
[00:00:00 -2120.008559] Model parameter optimization (eps = 0.100000)

[00:00:00] ML tree search #1, logLikelihood: -2120.008557


Optimized model parameters:

   Partition 0: noname
   Rate heterogeneity: GAMMA (4 cats, mean),  alpha: 0.642000 (user),  weights&rates: (0.250000,0.061870) (0.250000,0.334829) (0.250000,0.901321) (0.250000,2.701979) 
   P-inv (user): 0.433000
   Base frequencies (user): 0.232630 0.267510 0.245760 0.254100 
   Substitution rates (user): 0.925400 1.878180 0.875360 0.411590 4.882140 1.000000 


Final LogLikelihood: -2120.008557

AIC score: 4314.017114 / AICc score: 4316.715771 / BIC score: 4498.451618
Free parameters (model + branch lengths): 37

WARNING: Best ML tree contains 8 near-zero branches!

Best ML tree with collapsed near-zero branches saved to: /groups/pupko/alburquerque/RL/Tree_Data/data/All_sized/24309/masked_species_real_msa.phy.raxml.bestTreeCollapsed
Best ML tree saved to: /groups/pupko/alburquerque/RL/Tree_Data/data/All_sized/24309/masked_species_real_msa.phy.raxml.bestTree
Optimized model saved to: /groups/pupko/alburquerque/RL/Tree_Data/data/All_sized/24309/masked_species_real_msa.phy.raxml.bestModel

Execution log saved to: /groups/pupko/alburquerque/RL/Tree_Data/data/All_sized/24309/masked_species_real_msa.phy.raxml.log

Analysis started: 13-Feb-2023 17:03:23 / finished: 13-Feb-2023 17:03:23

Elapsed time: 0.399 seconds

