
RAxML-NG v. 1.1 released on 29.11.2021 by The Exelixis Lab.
Developed by: Alexey M. Kozlov and Alexandros Stamatakis.
Contributors: Diego Darriba, Tomas Flouri, Benoit Morel, Sarah Lutteropp, Ben Bettisworth.
Latest version: https://github.com/amkozlov/raxml-ng
Questions/problems/suggestions? Please visit: https://groups.google.com/forum/#!forum/raxml

System: Intel(R) Xeon(R) Gold 6230 CPU @ 2.10GHz, 1 cores, 31 GB RAM

RAxML-NG was called at 28-Dec-2022 15:00:51 as follows:

raxml-ng --msa /groups/pupko/alburquerque/RL/Tree_Data/data/All_sized/14604/masked_species_real_msa.phy --threads 1 --opt-branches on --opt-model --nofiles --tree rand{1} --redo off --model GTR{1.59799/3.53426/0.35405/1.01557/4.37721/1.00000}+I{0.323}+G{2.857}+F{0.19135/0.34965/0.23465/0.22434}

Analysis options:
  run mode: ML tree search
  start tree(s): random (1)
  random seed: 1672232451
  tip-inner: OFF
  pattern compression: ON
  per-rate scalers: OFF
  site repeats: ON
  fast spr radius: AUTO
  spr subtree cutoff: 1.000000
  branch lengths: proportional (ML estimate, algorithm: NR-FAST)
  SIMD kernels: AVX2
  parallelization: coarse-grained (auto), NONE/sequential

WARNING: Running in REDO mode: existing checkpoints are ignored, and all result files will be overwritten!

[00:00:00] Reading alignment from file: /groups/pupko/alburquerque/RL/Tree_Data/data/All_sized/14604/masked_species_real_msa.phy
[00:00:00] Loaded alignment with 20 taxa and 252 sites

WARNING: Sequences Sp000 and Sp001 are exactly identical!
WARNING: Sequences Sp002 and Sp003 are exactly identical!
WARNING: Sequences Sp009 and Sp014 are exactly identical!
WARNING: Sequences Sp015 and Sp016 are exactly identical!
WARNING: Sequences Sp017 and Sp018 are exactly identical!
WARNING: Duplicate sequences found: 5

NOTE: Reduced alignment (with duplicates and gap-only sites/taxa removed) 
NOTE: was saved to: /groups/pupko/alburquerque/RL/Tree_Data/data/All_sized/14604/masked_species_real_msa.phy.raxml.reduced.phy

Alignment comprises 1 partitions and 165 patterns

Partition 0: noname
Model: GTR{1.59799/3.53426/0.35405/1.01557/4.37721/1}+FU{0.19135/0.34965/0.23465/0.22434}+IU{0.323}+G4m{2.857}
Alignment sites / patterns: 252 / 165
Gaps: 16.96 %
Invariant sites: 40.08 %


NOTE: Binary MSA file created: /groups/pupko/alburquerque/RL/Tree_Data/data/All_sized/14604/masked_species_real_msa.phy.raxml.rba

Parallelization scheme autoconfig: 1 worker(s) x 1 thread(s)

Parallel reduction/worker buffer size: 1 KB  / 0 KB

[00:00:00] Generating 1 random starting tree(s) with 20 taxa
[00:00:00] Data distribution: max. partitions/sites/weight per thread: 1 / 165 / 2640
[00:00:00] Data distribution: max. searches per worker: 1

Starting ML tree search with 1 distinct starting trees

[00:00:00 -2766.791918] Initial branch length optimization
[00:00:00 -2265.336676] Model parameter optimization (eps = 10.000000)
[00:00:00 -2265.189700] AUTODETECT spr round 1 (radius: 5)
[00:00:00 -1834.663007] AUTODETECT spr round 2 (radius: 10)
[00:00:00 -1833.666927] AUTODETECT spr round 3 (radius: 15)
[00:00:00 -1833.625172] SPR radius for FAST iterations: 10 (autodetect)
[00:00:00 -1833.625172] Model parameter optimization (eps = 3.000000)
[00:00:00 -1833.602544] FAST spr round 1 (radius: 10)
[00:00:00 -1610.663012] FAST spr round 2 (radius: 10)
[00:00:00 -1609.009654] FAST spr round 3 (radius: 10)
[00:00:00 -1609.009256] Model parameter optimization (eps = 1.000000)
[00:00:00 -1609.009252] SLOW spr round 1 (radius: 5)
[00:00:00 -1608.709457] SLOW spr round 2 (radius: 5)
[00:00:00 -1608.706837] SLOW spr round 3 (radius: 10)
[00:00:00 -1608.706412] SLOW spr round 4 (radius: 15)
[00:00:00 -1608.706342] SLOW spr round 5 (radius: 20)
[00:00:00 -1608.706330] Model parameter optimization (eps = 0.100000)

[00:00:00] ML tree search #1, logLikelihood: -1608.706329


Optimized model parameters:

   Partition 0: noname
   Rate heterogeneity: GAMMA (4 cats, mean),  alpha: 2.857000 (user),  weights&rates: (0.250000,0.377887) (0.250000,0.723290) (0.250000,1.081712) (0.250000,1.817110) 
   P-inv (user): 0.323000
   Base frequencies (user): 0.191352 0.349653 0.234652 0.224342 
   Substitution rates (user): 1.597990 3.534260 0.354050 1.015570 4.377210 1.000000 


Final LogLikelihood: -1608.706329

AIC score: 3291.412658 / AICc score: 3304.552845 / BIC score: 3422.001534
Free parameters (model + branch lengths): 37

WARNING: Best ML tree contains 3 near-zero branches!

Best ML tree with collapsed near-zero branches saved to: /groups/pupko/alburquerque/RL/Tree_Data/data/All_sized/14604/masked_species_real_msa.phy.raxml.bestTreeCollapsed
Best ML tree saved to: /groups/pupko/alburquerque/RL/Tree_Data/data/All_sized/14604/masked_species_real_msa.phy.raxml.bestTree
Optimized model saved to: /groups/pupko/alburquerque/RL/Tree_Data/data/All_sized/14604/masked_species_real_msa.phy.raxml.bestModel

Execution log saved to: /groups/pupko/alburquerque/RL/Tree_Data/data/All_sized/14604/masked_species_real_msa.phy.raxml.log

Analysis started: 28-Dec-2022 15:00:51 / finished: 28-Dec-2022 15:00:52

Elapsed time: 0.934 seconds

