
RAxML-NG v. 1.1 released on 29.11.2021 by The Exelixis Lab.
Developed by: Alexey M. Kozlov and Alexandros Stamatakis.
Contributors: Diego Darriba, Tomas Flouri, Benoit Morel, Sarah Lutteropp, Ben Bettisworth.
Latest version: https://github.com/amkozlov/raxml-ng
Questions/problems/suggestions? Please visit: https://groups.google.com/forum/#!forum/raxml

System: Intel(R) Xeon(R) CPU E5-2680 v3 @ 2.50GHz, 24 cores, 125 GB RAM

RAxML-NG was called at 21-Dec-2022 19:39:13 as follows:

raxml-ng --msa /groups/pupko/alburquerque/RL/Tree_Data/data/All_sized/26026/masked_species_real_msa.phy --threads 1 --opt-branches on --opt-model --nofiles --tree rand{1} --redo off --model GTR{1.37888/2.17214/1.78567/1.08457/4.05314/1.00000}+I{0.103}+G{0.431}+F{0.28156/0.19128/0.23839/0.28876}

Analysis options:
  run mode: ML tree search
  start tree(s): random (1)
  random seed: 1671644353
  tip-inner: OFF
  pattern compression: ON
  per-rate scalers: OFF
  site repeats: ON
  fast spr radius: AUTO
  spr subtree cutoff: 1.000000
  branch lengths: proportional (ML estimate, algorithm: NR-FAST)
  SIMD kernels: AVX2
  parallelization: coarse-grained (auto), NONE/sequential

WARNING: Running in REDO mode: existing checkpoints are ignored, and all result files will be overwritten!

[00:00:00] Reading alignment from file: /groups/pupko/alburquerque/RL/Tree_Data/data/All_sized/26026/masked_species_real_msa.phy
[00:00:00] Loaded alignment with 15 taxa and 1257 sites

WARNING: Sequences Sp007 and Sp008 are exactly identical!
WARNING: Duplicate sequences found: 1

NOTE: Reduced alignment (with duplicates and gap-only sites/taxa removed) 
NOTE: was saved to: /groups/pupko/alburquerque/RL/Tree_Data/data/All_sized/26026/masked_species_real_msa.phy.raxml.reduced.phy

Alignment comprises 1 partitions and 462 patterns

Partition 0: noname
Model: GTR{1.37888/2.17214/1.78567/1.08457/4.05314/1}+FU{0.28156/0.19128/0.23839/0.28876}+IU{0.103}+G4m{0.431}
Alignment sites / patterns: 1257 / 462
Gaps: 31.20 %
Invariant sites: 57.44 %


NOTE: Binary MSA file created: /groups/pupko/alburquerque/RL/Tree_Data/data/All_sized/26026/masked_species_real_msa.phy.raxml.rba

Parallelization scheme autoconfig: 1 worker(s) x 1 thread(s)

Parallel reduction/worker buffer size: 1 KB  / 0 KB

[00:00:00] Generating 1 random starting tree(s) with 15 taxa
[00:00:00] Data distribution: max. partitions/sites/weight per thread: 1 / 462 / 7392
[00:00:00] Data distribution: max. searches per worker: 1

Starting ML tree search with 1 distinct starting trees

[00:00:00 -8295.799590] Initial branch length optimization
[00:00:00 -7185.503877] Model parameter optimization (eps = 10.000000)
[00:00:00 -7181.784357] AUTODETECT spr round 1 (radius: 5)
[00:00:00 -5868.189236] AUTODETECT spr round 2 (radius: 10)
[00:00:00 -5868.154172] SPR radius for FAST iterations: 5 (autodetect)
[00:00:00 -5868.154172] Model parameter optimization (eps = 3.000000)
[00:00:00 -5868.138418] FAST spr round 1 (radius: 5)
[00:00:00 -5834.136562] FAST spr round 2 (radius: 5)
[00:00:00 -5834.126535] Model parameter optimization (eps = 1.000000)
[00:00:00 -5834.124089] SLOW spr round 1 (radius: 5)
[00:00:00 -5834.121287] SLOW spr round 2 (radius: 10)
[00:00:00 -5834.119934] SLOW spr round 3 (radius: 15)
[00:00:00 -5834.119159] Model parameter optimization (eps = 0.100000)

[00:00:00] ML tree search #1, logLikelihood: -5834.119000


Optimized model parameters:

   Partition 0: noname
   Rate heterogeneity: GAMMA (4 cats, mean),  alpha: 0.431000 (user),  weights&rates: (0.250000,0.021429) (0.250000,0.204510) (0.250000,0.762759) (0.250000,3.011302) 
   P-inv (user): 0.103000
   Base frequencies (user): 0.281563 0.191282 0.238392 0.288763 
   Substitution rates (user): 1.378880 2.172140 1.785670 1.084570 4.053140 1.000000 


Final LogLikelihood: -5834.119000

AIC score: 11722.238001 / AICc score: 11723.468269 / BIC score: 11860.923047
Free parameters (model + branch lengths): 27

Best ML tree saved to: /groups/pupko/alburquerque/RL/Tree_Data/data/All_sized/26026/masked_species_real_msa.phy.raxml.bestTree
Optimized model saved to: /groups/pupko/alburquerque/RL/Tree_Data/data/All_sized/26026/masked_species_real_msa.phy.raxml.bestModel

Execution log saved to: /groups/pupko/alburquerque/RL/Tree_Data/data/All_sized/26026/masked_species_real_msa.phy.raxml.log

Analysis started: 21-Dec-2022 19:39:13 / finished: 21-Dec-2022 19:39:14

Elapsed time: 0.826 seconds

