
RAxML-NG v. 1.1 released on 29.11.2021 by The Exelixis Lab.
Developed by: Alexey M. Kozlov and Alexandros Stamatakis.
Contributors: Diego Darriba, Tomas Flouri, Benoit Morel, Sarah Lutteropp, Ben Bettisworth.
Latest version: https://github.com/amkozlov/raxml-ng
Questions/problems/suggestions? Please visit: https://groups.google.com/forum/#!forum/raxml

System: AMD Opteron(tm) Processor 6128, 16 cores, 117 GB RAM

RAxML-NG was called at 30-Nov-2022 16:46:24 as follows:

raxml-ng --msa /groups/pupko/alburquerque/RL/Tree_Data/data/All_sized/4534/masked_species_real_msa.phy --threads 1 --opt-branches on --opt-model --nofiles --tree rand{1} --redo off --model GTR{0.19595/1.24155/0.64471/0.60582/4.72773/1.00000}+I{0.031}+G{0.166}+F{0.24633/0.18416/0.31515/0.25436}

Analysis options:
  run mode: ML tree search
  start tree(s): random (1)
  random seed: 1669819584
  tip-inner: OFF
  pattern compression: ON
  per-rate scalers: OFF
  site repeats: ON
  fast spr radius: AUTO
  spr subtree cutoff: 1.000000
  branch lengths: proportional (ML estimate, algorithm: NR-FAST)
  SIMD kernels: SSE3
  parallelization: coarse-grained (auto), NONE/sequential

WARNING: Running in REDO mode: existing checkpoints are ignored, and all result files will be overwritten!

[00:00:00] Reading alignment from file: /groups/pupko/alburquerque/RL/Tree_Data/data/All_sized/4534/masked_species_real_msa.phy
[00:00:00] Loaded alignment with 12 taxa and 607 sites

Alignment comprises 1 partitions and 185 patterns

Partition 0: noname
Model: GTR{0.19595/1.24155/0.64471/0.60582/4.72773/1}+FU{0.24633/0.18416/0.31515/0.25436}+IU{0.031}+G4m{0.166}
Alignment sites / patterns: 607 / 185
Gaps: 5.74 %
Invariant sites: 70.35 %


NOTE: Binary MSA file created: /groups/pupko/alburquerque/RL/Tree_Data/data/All_sized/4534/masked_species_real_msa.phy.raxml.rba

Parallelization scheme autoconfig: 1 worker(s) x 1 thread(s)

Parallel reduction/worker buffer size: 1 KB  / 0 KB

[00:00:00] Generating 1 random starting tree(s) with 12 taxa
[00:00:00] Data distribution: max. partitions/sites/weight per thread: 1 / 185 / 2960
[00:00:00] Data distribution: max. searches per worker: 1

Starting ML tree search with 1 distinct starting trees

[00:00:00 -3041.862449] Initial branch length optimization
[00:00:00 -2760.646961] Model parameter optimization (eps = 10.000000)
[00:00:00 -2760.460837] AUTODETECT spr round 1 (radius: 5)
[00:00:00 -2491.339346] AUTODETECT spr round 2 (radius: 10)
[00:00:00 -2491.339210] SPR radius for FAST iterations: 5 (autodetect)
[00:00:00 -2491.339210] Model parameter optimization (eps = 3.000000)
[00:00:00 -2491.339200] FAST spr round 1 (radius: 5)
[00:00:00 -2489.718426] FAST spr round 2 (radius: 5)
[00:00:00 -2489.161728] FAST spr round 3 (radius: 5)
[00:00:00 -2488.840760] FAST spr round 4 (radius: 5)
[00:00:00 -2488.840663] Model parameter optimization (eps = 1.000000)
[00:00:00 -2488.840658] SLOW spr round 1 (radius: 5)
[00:00:01 -2488.840656] SLOW spr round 2 (radius: 10)
[00:00:01 -2488.840656] Model parameter optimization (eps = 0.100000)

[00:00:01] ML tree search #1, logLikelihood: -2488.840656


Optimized model parameters:

   Partition 0: noname
   Rate heterogeneity: GAMMA (4 cats, mean),  alpha: 0.166000 (user),  weights&rates: (0.250000,0.000129) (0.250000,0.016743) (0.250000,0.289392) (0.250000,3.693736) 
   P-inv (user): 0.031000
   Base frequencies (user): 0.246330 0.184160 0.315150 0.254360 
   Substitution rates (user): 0.195950 1.241550 0.644710 0.605820 4.727730 1.000000 


Final LogLikelihood: -2488.840656

AIC score: 5019.681312 / AICc score: 5021.260799 / BIC score: 5112.260416
Free parameters (model + branch lengths): 21

Best ML tree saved to: /groups/pupko/alburquerque/RL/Tree_Data/data/All_sized/4534/masked_species_real_msa.phy.raxml.bestTree
Optimized model saved to: /groups/pupko/alburquerque/RL/Tree_Data/data/All_sized/4534/masked_species_real_msa.phy.raxml.bestModel

Execution log saved to: /groups/pupko/alburquerque/RL/Tree_Data/data/All_sized/4534/masked_species_real_msa.phy.raxml.log

Analysis started: 30-Nov-2022 16:46:24 / finished: 30-Nov-2022 16:46:26

Elapsed time: 1.335 seconds

