
RAxML-NG v. 1.1 released on 29.11.2021 by The Exelixis Lab.
Developed by: Alexey M. Kozlov and Alexandros Stamatakis.
Contributors: Diego Darriba, Tomas Flouri, Benoit Morel, Sarah Lutteropp, Ben Bettisworth.
Latest version: https://github.com/amkozlov/raxml-ng
Questions/problems/suggestions? Please visit: https://groups.google.com/forum/#!forum/raxml

System: Intel(R) Xeon(R) Gold 6230 CPU @ 2.10GHz, 1 cores, 31 GB RAM

RAxML-NG was called at 28-Dec-2022 15:00:58 as follows:

raxml-ng --msa /groups/pupko/alburquerque/RL/Tree_Data/data/All_sized/4204/masked_species_real_msa.phy --threads 1 --opt-branches on --opt-model --nofiles --tree rand{1} --redo off --model GTR{0.37159/2.89847/0.96937/0.73041/2.77527/1.00000}+I{0.236}+G{99.891}+F{0.23666/0.34836/0.20269/0.21229}

Analysis options:
  run mode: ML tree search
  start tree(s): random (1)
  random seed: 1672232458
  tip-inner: OFF
  pattern compression: ON
  per-rate scalers: OFF
  site repeats: ON
  fast spr radius: AUTO
  spr subtree cutoff: 1.000000
  branch lengths: proportional (ML estimate, algorithm: NR-FAST)
  SIMD kernels: AVX2
  parallelization: coarse-grained (auto), NONE/sequential

WARNING: Running in REDO mode: existing checkpoints are ignored, and all result files will be overwritten!

[00:00:00] Reading alignment from file: /groups/pupko/alburquerque/RL/Tree_Data/data/All_sized/4204/masked_species_real_msa.phy
[00:00:00] Loaded alignment with 20 taxa and 258 sites

WARNING: Sequences Sp003 and Sp006 are exactly identical!
WARNING: Sequences Sp003 and Sp007 are exactly identical!
WARNING: Sequences Sp003 and Sp008 are exactly identical!
WARNING: Sequences Sp010 and Sp014 are exactly identical!
WARNING: Sequences Sp010 and Sp015 are exactly identical!
WARNING: Sequences Sp010 and Sp016 are exactly identical!
WARNING: Sequences Sp011 and Sp012 are exactly identical!
WARNING: Sequences Sp011 and Sp013 are exactly identical!
WARNING: Duplicate sequences found: 8

NOTE: Reduced alignment (with duplicates and gap-only sites/taxa removed) 
NOTE: was saved to: /groups/pupko/alburquerque/RL/Tree_Data/data/All_sized/4204/masked_species_real_msa.phy.raxml.reduced.phy

Alignment comprises 1 partitions and 106 patterns

Partition 0: noname
Model: GTR{0.37159/2.89847/0.96937/0.73041/2.77527/1}+FU{0.23666/0.34836/0.20269/0.21229}+IU{0.236}+G4m{99.891}
Alignment sites / patterns: 258 / 106
Gaps: 2.60 %
Invariant sites: 50.39 %


NOTE: Binary MSA file created: /groups/pupko/alburquerque/RL/Tree_Data/data/All_sized/4204/masked_species_real_msa.phy.raxml.rba

Parallelization scheme autoconfig: 1 worker(s) x 1 thread(s)

Parallel reduction/worker buffer size: 1 KB  / 0 KB

[00:00:00] Generating 1 random starting tree(s) with 20 taxa
[00:00:00] Data distribution: max. partitions/sites/weight per thread: 1 / 106 / 1696
[00:00:00] Data distribution: max. searches per worker: 1

Starting ML tree search with 1 distinct starting trees

[00:00:00 -1915.379070] Initial branch length optimization
[00:00:00 -1419.543367] Model parameter optimization (eps = 10.000000)
[00:00:00 -1419.539943] AUTODETECT spr round 1 (radius: 5)
[00:00:00 -1095.361574] AUTODETECT spr round 2 (radius: 10)
[00:00:00 -1095.336106] SPR radius for FAST iterations: 5 (autodetect)
[00:00:00 -1095.336106] Model parameter optimization (eps = 3.000000)
[00:00:00 -1095.327841] FAST spr round 1 (radius: 5)
[00:00:00 -1086.560561] FAST spr round 2 (radius: 5)
[00:00:00 -1086.559679] Model parameter optimization (eps = 1.000000)
[00:00:00 -1086.559657] SLOW spr round 1 (radius: 5)
[00:00:00 -1086.559653] SLOW spr round 2 (radius: 10)
[00:00:00 -1086.559653] SLOW spr round 3 (radius: 15)
[00:00:00 -1086.559653] SLOW spr round 4 (radius: 20)
[00:00:00 -1086.559653] Model parameter optimization (eps = 0.100000)

[00:00:00] ML tree search #1, logLikelihood: -1086.559653


Optimized model parameters:

   Partition 0: noname
   Rate heterogeneity: GAMMA (4 cats, mean),  alpha: 99.891000 (user),  weights&rates: (0.250000,0.875840) (0.250000,0.964718) (0.250000,1.029564) (0.250000,1.129878) 
   P-inv (user): 0.236000
   Base frequencies (user): 0.236660 0.348360 0.202690 0.212290 
   Substitution rates (user): 0.371590 2.898470 0.969370 0.730410 2.775270 1.000000 


Final LogLikelihood: -1086.559653

AIC score: 2247.119306 / AICc score: 2259.901124 / BIC score: 2378.578811
Free parameters (model + branch lengths): 37

WARNING: Best ML tree contains 9 near-zero branches!

Best ML tree with collapsed near-zero branches saved to: /groups/pupko/alburquerque/RL/Tree_Data/data/All_sized/4204/masked_species_real_msa.phy.raxml.bestTreeCollapsed
Best ML tree saved to: /groups/pupko/alburquerque/RL/Tree_Data/data/All_sized/4204/masked_species_real_msa.phy.raxml.bestTree
Optimized model saved to: /groups/pupko/alburquerque/RL/Tree_Data/data/All_sized/4204/masked_species_real_msa.phy.raxml.bestModel

Execution log saved to: /groups/pupko/alburquerque/RL/Tree_Data/data/All_sized/4204/masked_species_real_msa.phy.raxml.log

Analysis started: 28-Dec-2022 15:00:58 / finished: 28-Dec-2022 15:00:58

Elapsed time: 0.407 seconds

