
RAxML-NG v. 1.1 released on 29.11.2021 by The Exelixis Lab.
Developed by: Alexey M. Kozlov and Alexandros Stamatakis.
Contributors: Diego Darriba, Tomas Flouri, Benoit Morel, Sarah Lutteropp, Ben Bettisworth.
Latest version: https://github.com/amkozlov/raxml-ng
Questions/problems/suggestions? Please visit: https://groups.google.com/forum/#!forum/raxml

System: Intel(R) Xeon(R) CPU E5-2670 v2 @ 2.50GHz, 20 cores, 62 GB RAM

RAxML-NG was called at 05-Feb-2023 13:31:04 as follows:

raxml-ng --msa /groups/pupko/alburquerque/RL/Tree_Data/data/All_sized/18826/masked_species_real_msa.phy --threads 1 --model GTR{0.00044/2.26776/1.07881/1.22738/5.87954/1.00000}+I{0.000}+G{99.829}+F{0.22625/0.27841/0.24150/0.25384} --tree /groups/pupko/alburquerque/RL/Tree_Data/data/All_sized/18826/Temp_start_tree_file_for_raxml_search.txt --redo

Analysis options:
  run mode: ML tree search
  start tree(s): user
  random seed: 1675596664
  tip-inner: OFF
  pattern compression: ON
  per-rate scalers: OFF
  site repeats: ON
  fast spr radius: AUTO
  spr subtree cutoff: 1.000000
  branch lengths: proportional (ML estimate, algorithm: NR-FAST)
  SIMD kernels: AVX
  parallelization: coarse-grained (auto), NONE/sequential

WARNING: Running in REDO mode: existing checkpoints are ignored, and all result files will be overwritten!

[00:00:00] Reading alignment from file: /groups/pupko/alburquerque/RL/Tree_Data/data/All_sized/18826/masked_species_real_msa.phy
[00:00:00] Loaded alignment with 15 taxa and 1907 sites

WARNING: Sequences Sp002 and Sp003 are exactly identical!
WARNING: Sequences Sp002 and Sp006 are exactly identical!
WARNING: Sequences Sp002 and Sp007 are exactly identical!
WARNING: Sequences Sp002 and Sp010 are exactly identical!
WARNING: Sequences Sp004 and Sp005 are exactly identical!
WARNING: Sequences Sp008 and Sp009 are exactly identical!
WARNING: Sequences Sp011 and Sp012 are exactly identical!
WARNING: Sequences Sp013 and Sp014 are exactly identical!
WARNING: Duplicate sequences found: 8

NOTE: Reduced alignment (with duplicates and gap-only sites/taxa removed) 
NOTE: was saved to: /groups/pupko/alburquerque/RL/Tree_Data/data/All_sized/18826/masked_species_real_msa.phy.raxml.reduced.phy

Alignment comprises 1 partitions and 30 patterns

Partition 0: noname
Model: GTR{0.00044/2.26776/1.07881/1.22738/5.87954/1}+FU{0.22625/0.27841/0.2415/0.25384}+IU{0}+G4m{99.829}
Alignment sites / patterns: 1907 / 30
Gaps: 0.55 %
Invariant sites: 98.11 %


NOTE: Binary MSA file created: /groups/pupko/alburquerque/RL/Tree_Data/data/All_sized/18826/masked_species_real_msa.phy.raxml.rba

Parallelization scheme autoconfig: 1 worker(s) x 1 thread(s)

Parallel reduction/worker buffer size: 1 KB  / 0 KB

[00:00:00] Loading user starting tree(s) from: /groups/pupko/alburquerque/RL/Tree_Data/data/All_sized/18826/Temp_start_tree_file_for_raxml_search.txt
[00:00:00] Data distribution: max. partitions/sites/weight per thread: 1 / 30 / 480
[00:00:00] Data distribution: max. searches per worker: 1

Starting ML tree search with 1 distinct starting trees

[00:00:00 -7718.017542] Initial branch length optimization
[00:00:00 -3129.436388] Model parameter optimization (eps = 10.000000)
[00:00:00 -3129.436388] AUTODETECT spr round 1 (radius: 5)
[00:00:00 -2888.158207] AUTODETECT spr round 2 (radius: 10)
[00:00:00 -2888.158207] SPR radius for FAST iterations: 5 (autodetect)
[00:00:00 -2888.158207] Model parameter optimization (eps = 3.000000)
[00:00:00 -2888.158207] FAST spr round 1 (radius: 5)
[00:00:00 -2888.158200] Model parameter optimization (eps = 1.000000)
[00:00:00 -2888.158200] SLOW spr round 1 (radius: 5)
[00:00:00 -2888.158198] SLOW spr round 2 (radius: 10)
[00:00:00 -2888.158198] SLOW spr round 3 (radius: 15)
[00:00:00 -2888.158198] Model parameter optimization (eps = 0.100000)

[00:00:00] ML tree search #1, logLikelihood: -2888.158198


Optimized model parameters:

   Partition 0: noname
   Rate heterogeneity: GAMMA (4 cats, mean),  alpha: 99.829000 (user),  weights&rates: (0.250000,0.875802) (0.250000,0.964706) (0.250000,1.029572) (0.250000,1.129920) 
   P-inv (user): 0.000000
   Base frequencies (user): 0.226250 0.278410 0.241500 0.253840 
   Substitution rates (user): 0.000440 2.267760 1.078810 1.227380 5.879540 1.000000 


Final LogLikelihood: -2888.158198

AIC score: 5830.316395 / AICc score: 5831.121078 / BIC score: 5980.255133
Free parameters (model + branch lengths): 27

WARNING: Best ML tree contains 6 near-zero branches!

Best ML tree with collapsed near-zero branches saved to: /groups/pupko/alburquerque/RL/Tree_Data/data/All_sized/18826/masked_species_real_msa.phy.raxml.bestTreeCollapsed
Best ML tree saved to: /groups/pupko/alburquerque/RL/Tree_Data/data/All_sized/18826/masked_species_real_msa.phy.raxml.bestTree
Optimized model saved to: /groups/pupko/alburquerque/RL/Tree_Data/data/All_sized/18826/masked_species_real_msa.phy.raxml.bestModel

Execution log saved to: /groups/pupko/alburquerque/RL/Tree_Data/data/All_sized/18826/masked_species_real_msa.phy.raxml.log

Analysis started: 05-Feb-2023 13:31:04 / finished: 05-Feb-2023 13:31:04

Elapsed time: 0.117 seconds

