
RAxML-NG v. 1.1 released on 29.11.2021 by The Exelixis Lab.
Developed by: Alexey M. Kozlov and Alexandros Stamatakis.
Contributors: Diego Darriba, Tomas Flouri, Benoit Morel, Sarah Lutteropp, Ben Bettisworth.
Latest version: https://github.com/amkozlov/raxml-ng
Questions/problems/suggestions? Please visit: https://groups.google.com/forum/#!forum/raxml

System: Intel(R) Xeon(R) CPU E5-2670 v2 @ 2.50GHz, 20 cores, 62 GB RAM

RAxML-NG was called at 25-Dec-2022 18:31:26 as follows:

raxml-ng --msa /groups/pupko/alburquerque/RL/Tree_Data/data/All_sized/3054/masked_species_real_msa.phy --threads 1 --opt-branches on --opt-model --nofiles --tree rand{1} --redo off --model GTR{1.29753/3.04708/0.39153/0.64898/3.58229/1.00000}+I{0.323}+G{1.270}+F{0.29618/0.18087/0.19958/0.32337}

Analysis options:
  run mode: ML tree search
  start tree(s): random (1)
  random seed: 1671985886
  tip-inner: OFF
  pattern compression: ON
  per-rate scalers: OFF
  site repeats: ON
  fast spr radius: AUTO
  spr subtree cutoff: 1.000000
  branch lengths: proportional (ML estimate, algorithm: NR-FAST)
  SIMD kernels: AVX
  parallelization: coarse-grained (auto), NONE/sequential

WARNING: Running in REDO mode: existing checkpoints are ignored, and all result files will be overwritten!

[00:00:00] Reading alignment from file: /groups/pupko/alburquerque/RL/Tree_Data/data/All_sized/3054/masked_species_real_msa.phy
[00:00:00] Loaded alignment with 20 taxa and 2838 sites

Alignment comprises 1 partitions and 735 patterns

Partition 0: noname
Model: GTR{1.29753/3.04708/0.39153/0.64898/3.58229/1}+FU{0.29618/0.18087/0.19958/0.32337}+IU{0.323}+G4m{1.27}
Alignment sites / patterns: 2838 / 735
Gaps: 2.60 %
Invariant sites: 63.21 %


NOTE: Binary MSA file created: /groups/pupko/alburquerque/RL/Tree_Data/data/All_sized/3054/masked_species_real_msa.phy.raxml.rba

Parallelization scheme autoconfig: 1 worker(s) x 1 thread(s)

Parallel reduction/worker buffer size: 1 KB  / 0 KB

[00:00:00] Generating 1 random starting tree(s) with 20 taxa
[00:00:00] Data distribution: max. partitions/sites/weight per thread: 1 / 735 / 11760
[00:00:00] Data distribution: max. searches per worker: 1

Starting ML tree search with 1 distinct starting trees

[00:00:00 -18285.753606] Initial branch length optimization
[00:00:00 -15622.127807] Model parameter optimization (eps = 10.000000)
[00:00:00 -15621.131619] AUTODETECT spr round 1 (radius: 5)
[00:00:00 -13647.278911] AUTODETECT spr round 2 (radius: 10)
[00:00:00 -13647.278397] SPR radius for FAST iterations: 5 (autodetect)
[00:00:00 -13647.278397] Model parameter optimization (eps = 3.000000)
[00:00:00 -13647.278381] FAST spr round 1 (radius: 5)
[00:00:00 -13503.046431] FAST spr round 2 (radius: 5)
[00:00:00 -13503.046429] Model parameter optimization (eps = 1.000000)
[00:00:00 -13503.046429] SLOW spr round 1 (radius: 5)
[00:00:01 -13503.046429] SLOW spr round 2 (radius: 10)
[00:00:01 -13503.046429] SLOW spr round 3 (radius: 15)
[00:00:01 -13503.046429] SLOW spr round 4 (radius: 20)
[00:00:01 -13503.046429] Model parameter optimization (eps = 0.100000)

[00:00:01] ML tree search #1, logLikelihood: -13503.046429


Optimized model parameters:

   Partition 0: noname
   Rate heterogeneity: GAMMA (4 cats, mean),  alpha: 1.270000 (user),  weights&rates: (0.250000,0.187510) (0.250000,0.545186) (0.250000,1.033481) (0.250000,2.233824) 
   P-inv (user): 0.323000
   Base frequencies (user): 0.296180 0.180870 0.199580 0.323370 
   Substitution rates (user): 1.297530 3.047080 0.391530 0.648980 3.582290 1.000000 


Final LogLikelihood: -13503.046429

AIC score: 27080.092858 / AICc score: 27081.097144 / BIC score: 27300.274488
Free parameters (model + branch lengths): 37

Best ML tree saved to: /groups/pupko/alburquerque/RL/Tree_Data/data/All_sized/3054/masked_species_real_msa.phy.raxml.bestTree
Optimized model saved to: /groups/pupko/alburquerque/RL/Tree_Data/data/All_sized/3054/masked_species_real_msa.phy.raxml.bestModel

Execution log saved to: /groups/pupko/alburquerque/RL/Tree_Data/data/All_sized/3054/masked_species_real_msa.phy.raxml.log

Analysis started: 25-Dec-2022 18:31:26 / finished: 25-Dec-2022 18:31:27

Elapsed time: 1.613 seconds

