
RAxML-NG v. 1.1 released on 29.11.2021 by The Exelixis Lab.
Developed by: Alexey M. Kozlov and Alexandros Stamatakis.
Contributors: Diego Darriba, Tomas Flouri, Benoit Morel, Sarah Lutteropp, Ben Bettisworth.
Latest version: https://github.com/amkozlov/raxml-ng
Questions/problems/suggestions? Please visit: https://groups.google.com/forum/#!forum/raxml

System: Intel(R) Xeon(R) CPU E5-2670 v2 @ 2.50GHz, 20 cores, 62 GB RAM

RAxML-NG was called at 27-Feb-2023 22:26:08 as follows:

raxml-ng --msa /groups/pupko/alburquerque/RL/Tree_Data/data/All_sized/34144/masked_species_real_msa.phy --threads 1 --model GTR{1831.68160/13522.65221/5457.92613/596.76008/4236.48692/1.00000}+I{0.896}+G{0.306}+F{0.27750/0.20799/0.22180/0.29270} --tree /groups/pupko/alburquerque/RL/Tree_Data/data/All_sized/34144/Temp_start_tree_file_for_raxml_search.txt --redo

Analysis options:
  run mode: ML tree search
  start tree(s): user
  random seed: 1677529568
  tip-inner: OFF
  pattern compression: ON
  per-rate scalers: OFF
  site repeats: ON
  fast spr radius: AUTO
  spr subtree cutoff: 1.000000
  branch lengths: proportional (ML estimate, algorithm: NR-FAST)
  SIMD kernels: AVX
  parallelization: coarse-grained (auto), NONE/sequential

WARNING: Running in REDO mode: existing checkpoints are ignored, and all result files will be overwritten!

[00:00:00] Reading alignment from file: /groups/pupko/alburquerque/RL/Tree_Data/data/All_sized/34144/masked_species_real_msa.phy
[00:00:00] Loaded alignment with 15 taxa and 2465 sites

Alignment comprises 1 partitions and 128 patterns

Partition 0: noname
Model: GTR{1831.68/13522.7/5457.93/596.76/4236.49/1}+FU{0.2775/0.20799/0.2218/0.2927}+IU{0.896}+G4m{0.306}
Alignment sites / patterns: 2465 / 128
Gaps: 12.92 %
Invariant sites: 98.13 %


NOTE: Binary MSA file created: /groups/pupko/alburquerque/RL/Tree_Data/data/All_sized/34144/masked_species_real_msa.phy.raxml.rba

Parallelization scheme autoconfig: 1 worker(s) x 1 thread(s)

Parallel reduction/worker buffer size: 1 KB  / 0 KB

[00:00:00] Loading user starting tree(s) from: /groups/pupko/alburquerque/RL/Tree_Data/data/All_sized/34144/Temp_start_tree_file_for_raxml_search.txt
[00:00:00] Data distribution: max. partitions/sites/weight per thread: 1 / 128 / 2048
[00:00:00] Data distribution: max. searches per worker: 1

Starting ML tree search with 1 distinct starting trees

[00:00:00 -4026.330062] Initial branch length optimization
[00:00:00 -3801.132645] Model parameter optimization (eps = 10.000000)
[00:00:00 -3799.852126] AUTODETECT spr round 1 (radius: 5)
[00:00:00 -3740.987272] AUTODETECT spr round 2 (radius: 10)
[00:00:00 -3740.987257] SPR radius for FAST iterations: 5 (autodetect)
[00:00:00 -3740.987257] Model parameter optimization (eps = 3.000000)
[00:00:00 -3740.987257] FAST spr round 1 (radius: 5)
[00:00:00 -3739.703638] FAST spr round 2 (radius: 5)
[00:00:00 -3739.701319] Model parameter optimization (eps = 1.000000)
[00:00:00 -3739.701319] SLOW spr round 1 (radius: 5)
[00:00:00 -3739.701319] SLOW spr round 2 (radius: 10)
[00:00:00 -3739.701319] SLOW spr round 3 (radius: 15)
[00:00:00 -3739.701319] Model parameter optimization (eps = 0.100000)

[00:00:00] ML tree search #1, logLikelihood: -3739.701319


Optimized model parameters:

   Partition 0: noname
   Rate heterogeneity: GAMMA (4 cats, mean),  alpha: 0.306000 (user),  weights&rates: (0.250000,0.005795) (0.250000,0.109170) (0.250000,0.605743) (0.250000,3.279292) 
   P-inv (user): 0.896000
   Base frequencies (user): 0.277503 0.207992 0.221802 0.292703 
   Substitution rates (user): 1831.681600 13522.652210 5457.926130 596.760080 4236.486920 1.000000 


Final LogLikelihood: -3739.701319

AIC score: 7533.402638 / AICc score: 7534.023073 / BIC score: 7690.271210
Free parameters (model + branch lengths): 27

WARNING: Best ML tree contains 7 near-zero branches!

Best ML tree with collapsed near-zero branches saved to: /groups/pupko/alburquerque/RL/Tree_Data/data/All_sized/34144/masked_species_real_msa.phy.raxml.bestTreeCollapsed
Best ML tree saved to: /groups/pupko/alburquerque/RL/Tree_Data/data/All_sized/34144/masked_species_real_msa.phy.raxml.bestTree
Optimized model saved to: /groups/pupko/alburquerque/RL/Tree_Data/data/All_sized/34144/masked_species_real_msa.phy.raxml.bestModel

Execution log saved to: /groups/pupko/alburquerque/RL/Tree_Data/data/All_sized/34144/masked_species_real_msa.phy.raxml.log

Analysis started: 27-Feb-2023 22:26:08 / finished: 27-Feb-2023 22:26:09

Elapsed time: 0.694 seconds

