
RAxML-NG v. 1.1 released on 29.11.2021 by The Exelixis Lab.
Developed by: Alexey M. Kozlov and Alexandros Stamatakis.
Contributors: Diego Darriba, Tomas Flouri, Benoit Morel, Sarah Lutteropp, Ben Bettisworth.
Latest version: https://github.com/amkozlov/raxml-ng
Questions/problems/suggestions? Please visit: https://groups.google.com/forum/#!forum/raxml

System: Intel(R) Xeon(R) CPU E5-2670 v2 @ 2.50GHz, 20 cores, 62 GB RAM

RAxML-NG was called at 25-Dec-2022 18:31:29 as follows:

raxml-ng --msa /groups/pupko/alburquerque/RL/Tree_Data/data/All_sized/3183/masked_species_real_msa.phy --threads 1 --opt-branches on --opt-model --nofiles --tree rand{1} --redo off --model GTR{2.12200/13.06654/1.89153/0.49373/16.12833/1.00000}+I{0.374}+G{0.769}+F{0.34401/0.35313/0.09248/0.21038}

Analysis options:
  run mode: ML tree search
  start tree(s): random (1)
  random seed: 1671985889
  tip-inner: OFF
  pattern compression: ON
  per-rate scalers: OFF
  site repeats: ON
  fast spr radius: AUTO
  spr subtree cutoff: 1.000000
  branch lengths: proportional (ML estimate, algorithm: NR-FAST)
  SIMD kernels: AVX
  parallelization: coarse-grained (auto), NONE/sequential

WARNING: Running in REDO mode: existing checkpoints are ignored, and all result files will be overwritten!

[00:00:00] Reading alignment from file: /groups/pupko/alburquerque/RL/Tree_Data/data/All_sized/3183/masked_species_real_msa.phy
[00:00:00] Loaded alignment with 20 taxa and 561 sites

Alignment comprises 1 partitions and 221 patterns

Partition 0: noname
Model: GTR{2.122/13.0665/1.89153/0.49373/16.1283/1}+FU{0.34401/0.35313/0.09248/0.21038}+IU{0.374}+G4m{0.769}
Alignment sites / patterns: 561 / 221
Gaps: 0.00 %
Invariant sites: 52.94 %


NOTE: Binary MSA file created: /groups/pupko/alburquerque/RL/Tree_Data/data/All_sized/3183/masked_species_real_msa.phy.raxml.rba

Parallelization scheme autoconfig: 1 worker(s) x 1 thread(s)

Parallel reduction/worker buffer size: 1 KB  / 0 KB

[00:00:00] Generating 1 random starting tree(s) with 20 taxa
[00:00:00] Data distribution: max. partitions/sites/weight per thread: 1 / 221 / 3536
[00:00:00] Data distribution: max. searches per worker: 1

Starting ML tree search with 1 distinct starting trees

[00:00:00 -4397.294623] Initial branch length optimization
[00:00:00 -3694.953312] Model parameter optimization (eps = 10.000000)
[00:00:00 -3694.745697] AUTODETECT spr round 1 (radius: 5)
[00:00:00 -3444.982334] AUTODETECT spr round 2 (radius: 10)
[00:00:00 -3438.630415] AUTODETECT spr round 3 (radius: 15)
[00:00:00 -3438.624465] SPR radius for FAST iterations: 10 (autodetect)
[00:00:00 -3438.624465] Model parameter optimization (eps = 3.000000)
[00:00:00 -3438.621363] FAST spr round 1 (radius: 10)
[00:00:00 -3415.066830] FAST spr round 2 (radius: 10)
[00:00:00 -3413.711144] FAST spr round 3 (radius: 10)
[00:00:00 -3413.471693] FAST spr round 4 (radius: 10)
[00:00:00 -3413.471243] Model parameter optimization (eps = 1.000000)
[00:00:00 -3413.471238] SLOW spr round 1 (radius: 5)
[00:00:00 -3413.471237] SLOW spr round 2 (radius: 10)
[00:00:00 -3413.471237] SLOW spr round 3 (radius: 15)
[00:00:00 -3413.471237] SLOW spr round 4 (radius: 20)
[00:00:00 -3413.471237] Model parameter optimization (eps = 0.100000)

[00:00:00] ML tree search #1, logLikelihood: -3413.471237


Optimized model parameters:

   Partition 0: noname
   Rate heterogeneity: GAMMA (4 cats, mean),  alpha: 0.769000 (user),  weights&rates: (0.250000,0.088947) (0.250000,0.394347) (0.250000,0.947981) (0.250000,2.568725) 
   P-inv (user): 0.374000
   Base frequencies (user): 0.344010 0.353130 0.092480 0.210380 
   Substitution rates (user): 2.122000 13.066540 1.891530 0.493730 16.128330 1.000000 


Final LogLikelihood: -3413.471237

AIC score: 6900.942473 / AICc score: 6906.319147 / BIC score: 7061.142147
Free parameters (model + branch lengths): 37

WARNING: Best ML tree contains 2 near-zero branches!

Best ML tree with collapsed near-zero branches saved to: /groups/pupko/alburquerque/RL/Tree_Data/data/All_sized/3183/masked_species_real_msa.phy.raxml.bestTreeCollapsed
Best ML tree saved to: /groups/pupko/alburquerque/RL/Tree_Data/data/All_sized/3183/masked_species_real_msa.phy.raxml.bestTree
Optimized model saved to: /groups/pupko/alburquerque/RL/Tree_Data/data/All_sized/3183/masked_species_real_msa.phy.raxml.bestModel

Execution log saved to: /groups/pupko/alburquerque/RL/Tree_Data/data/All_sized/3183/masked_species_real_msa.phy.raxml.log

Analysis started: 25-Dec-2022 18:31:29 / finished: 25-Dec-2022 18:31:30

Elapsed time: 0.899 seconds

