
RAxML-NG v. 1.1 released on 29.11.2021 by The Exelixis Lab.
Developed by: Alexey M. Kozlov and Alexandros Stamatakis.
Contributors: Diego Darriba, Tomas Flouri, Benoit Morel, Sarah Lutteropp, Ben Bettisworth.
Latest version: https://github.com/amkozlov/raxml-ng
Questions/problems/suggestions? Please visit: https://groups.google.com/forum/#!forum/raxml

System: Intel(R) Xeon(R) CPU E5-2680 v3 @ 2.50GHz, 24 cores, 125 GB RAM

RAxML-NG was called at 01-Mar-2023 15:47:01 as follows:

raxml-ng --msa /groups/pupko/alburquerque/RL/Tree_Data/data/All_sized/2222/masked_species_real_msa.phy --threads 1 --model GTR{0.81586/1.96693/0.85487/0.83506/7.32246/1.00000}+I{0.511}+G{1.147}+F{0.26175/0.19608/0.29551/0.24667} --tree /groups/pupko/alburquerque/RL/Tree_Data/data/All_sized/2222/Temp_start_tree_file_for_raxml_search.txt --redo

Analysis options:
  run mode: ML tree search
  start tree(s): user
  random seed: 1677678421
  tip-inner: OFF
  pattern compression: ON
  per-rate scalers: OFF
  site repeats: ON
  fast spr radius: AUTO
  spr subtree cutoff: 1.000000
  branch lengths: proportional (ML estimate, algorithm: NR-FAST)
  SIMD kernels: AVX2
  parallelization: coarse-grained (auto), NONE/sequential

WARNING: Running in REDO mode: existing checkpoints are ignored, and all result files will be overwritten!

[00:00:00] Reading alignment from file: /groups/pupko/alburquerque/RL/Tree_Data/data/All_sized/2222/masked_species_real_msa.phy
[00:00:00] Loaded alignment with 15 taxa and 537 sites

Alignment comprises 1 partitions and 192 patterns

Partition 0: noname
Model: GTR{0.81586/1.96693/0.85487/0.83506/7.32246/1}+FU{0.26175/0.19608/0.29551/0.24667}+IU{0.511}+G4m{1.147}
Alignment sites / patterns: 537 / 192
Gaps: 3.22 %
Invariant sites: 66.67 %


NOTE: Binary MSA file created: /groups/pupko/alburquerque/RL/Tree_Data/data/All_sized/2222/masked_species_real_msa.phy.raxml.rba

Parallelization scheme autoconfig: 1 worker(s) x 1 thread(s)

Parallel reduction/worker buffer size: 1 KB  / 0 KB

[00:00:00] Loading user starting tree(s) from: /groups/pupko/alburquerque/RL/Tree_Data/data/All_sized/2222/Temp_start_tree_file_for_raxml_search.txt
[00:00:00] Data distribution: max. partitions/sites/weight per thread: 1 / 192 / 3072
[00:00:00] Data distribution: max. searches per worker: 1

Starting ML tree search with 1 distinct starting trees

[00:00:00 -3090.061043] Initial branch length optimization
[00:00:00 -2892.074388] Model parameter optimization (eps = 10.000000)
[00:00:00 -2891.900111] AUTODETECT spr round 1 (radius: 5)
[00:00:00 -2620.650202] AUTODETECT spr round 2 (radius: 10)
[00:00:00 -2620.649017] SPR radius for FAST iterations: 5 (autodetect)
[00:00:00 -2620.649017] Model parameter optimization (eps = 3.000000)
[00:00:00 -2620.648910] FAST spr round 1 (radius: 5)
[00:00:00 -2611.177089] FAST spr round 2 (radius: 5)
[00:00:00 -2609.409210] FAST spr round 3 (radius: 5)
[00:00:00 -2608.698681] FAST spr round 4 (radius: 5)
[00:00:00 -2608.698649] Model parameter optimization (eps = 1.000000)
[00:00:00 -2608.698649] SLOW spr round 1 (radius: 5)
[00:00:00 -2608.698649] SLOW spr round 2 (radius: 10)
[00:00:00 -2608.698649] SLOW spr round 3 (radius: 15)
[00:00:00 -2608.698649] Model parameter optimization (eps = 0.100000)

[00:00:00] ML tree search #1, logLikelihood: -2608.698649


Optimized model parameters:

   Partition 0: noname
   Rate heterogeneity: GAMMA (4 cats, mean),  alpha: 1.147000 (user),  weights&rates: (0.250000,0.165317) (0.250000,0.516878) (0.250000,1.020648) (0.250000,2.297157) 
   P-inv (user): 0.511000
   Base frequencies (user): 0.261747 0.196078 0.295507 0.246668 
   Substitution rates (user): 0.815860 1.966930 0.854870 0.835060 7.322460 1.000000 


Final LogLikelihood: -2608.698649

AIC score: 5271.397297 / AICc score: 5274.367828 / BIC score: 5387.119246
Free parameters (model + branch lengths): 27

Best ML tree saved to: /groups/pupko/alburquerque/RL/Tree_Data/data/All_sized/2222/masked_species_real_msa.phy.raxml.bestTree
Optimized model saved to: /groups/pupko/alburquerque/RL/Tree_Data/data/All_sized/2222/masked_species_real_msa.phy.raxml.bestModel

Execution log saved to: /groups/pupko/alburquerque/RL/Tree_Data/data/All_sized/2222/masked_species_real_msa.phy.raxml.log

Analysis started: 01-Mar-2023 15:47:01 / finished: 01-Mar-2023 15:47:01

Elapsed time: 0.431 seconds

