
RAxML-NG v. 1.1 released on 29.11.2021 by The Exelixis Lab.
Developed by: Alexey M. Kozlov and Alexandros Stamatakis.
Contributors: Diego Darriba, Tomas Flouri, Benoit Morel, Sarah Lutteropp, Ben Bettisworth.
Latest version: https://github.com/amkozlov/raxml-ng
Questions/problems/suggestions? Please visit: https://groups.google.com/forum/#!forum/raxml

System: AMD Opteron(tm) Processor 6128, 16 cores, 117 GB RAM

RAxML-NG was called at 30-Nov-2022 15:19:37 as follows:

raxml-ng --msa /groups/pupko/alburquerque/RL/Tree_Data/data/All_sized/balibase_RV11_BB11023/masked_species_real_msa.phy --threads 1 --opt-branches on --opt-model --nofiles --tree rand{1} --redo off --model GTR{2.34709/1.39667/0.54455/1.31564/2.88565/1.00000}+I{0.000}+G{1.685}+F{0.29397/0.22978/0.26186/0.21439}

Analysis options:
  run mode: ML tree search
  start tree(s): random (1)
  random seed: 1669814377
  tip-inner: OFF
  pattern compression: ON
  per-rate scalers: OFF
  site repeats: ON
  fast spr radius: AUTO
  spr subtree cutoff: 1.000000
  branch lengths: proportional (ML estimate, algorithm: NR-FAST)
  SIMD kernels: SSE3
  parallelization: coarse-grained (auto), NONE/sequential

WARNING: Running in REDO mode: existing checkpoints are ignored, and all result files will be overwritten!

[00:00:00] Reading alignment from file: /groups/pupko/alburquerque/RL/Tree_Data/data/All_sized/balibase_RV11_BB11023/masked_species_real_msa.phy
[00:00:00] Loaded alignment with 7 taxa and 1269 sites

Alignment comprises 1 partitions and 993 patterns

Partition 0: noname
Model: GTR{2.34709/1.39667/0.54455/1.31564/2.88565/1}+FU{0.29397/0.22978/0.26186/0.21439}+IU{0}+G4m{1.685}
Alignment sites / patterns: 1269 / 993
Gaps: 26.76 %
Invariant sites: 16.78 %


NOTE: Binary MSA file created: /groups/pupko/alburquerque/RL/Tree_Data/data/All_sized/balibase_RV11_BB11023/masked_species_real_msa.phy.raxml.rba

Parallelization scheme autoconfig: 1 worker(s) x 1 thread(s)

Parallel reduction/worker buffer size: 1 KB  / 0 KB

[00:00:00] Generating 1 random starting tree(s) with 7 taxa
[00:00:00] Data distribution: max. partitions/sites/weight per thread: 1 / 993 / 15888
[00:00:00] Data distribution: max. searches per worker: 1

Starting ML tree search with 1 distinct starting trees

[00:00:00 -10421.227024] Initial branch length optimization
[00:00:00 -8692.575412] Model parameter optimization (eps = 10.000000)
[00:00:00 -8692.569976] AUTODETECT spr round 1 (radius: 5)
[00:00:00 -8661.042071] SPR radius for FAST iterations: 5 (autodetect)
[00:00:00 -8661.042071] Model parameter optimization (eps = 3.000000)
[00:00:00 -8661.039320] FAST spr round 1 (radius: 5)
[00:00:00 -8660.750916] FAST spr round 2 (radius: 5)
[00:00:00 -8660.750478] Model parameter optimization (eps = 1.000000)
[00:00:00 -8660.750476] SLOW spr round 1 (radius: 5)
[00:00:01 -8660.750476] Model parameter optimization (eps = 0.100000)

[00:00:01] ML tree search #1, logLikelihood: -8660.750476


Optimized model parameters:

   Partition 0: noname
   Rate heterogeneity: GAMMA (4 cats, mean),  alpha: 1.685000 (user),  weights&rates: (0.250000,0.252539) (0.250000,0.616709) (0.250000,1.059662) (0.250000,2.071090) 
   P-inv (user): 0.000000
   Base frequencies (user): 0.293970 0.229780 0.261860 0.214390 
   Substitution rates (user): 2.347090 1.396670 0.544550 1.315640 2.885650 1.000000 


Final LogLikelihood: -8660.750476

AIC score: 17343.500952 / AICc score: 17343.710976 / BIC score: 17400.106781
Free parameters (model + branch lengths): 11

Best ML tree saved to: /groups/pupko/alburquerque/RL/Tree_Data/data/All_sized/balibase_RV11_BB11023/masked_species_real_msa.phy.raxml.bestTree
Optimized model saved to: /groups/pupko/alburquerque/RL/Tree_Data/data/All_sized/balibase_RV11_BB11023/masked_species_real_msa.phy.raxml.bestModel

Execution log saved to: /groups/pupko/alburquerque/RL/Tree_Data/data/All_sized/balibase_RV11_BB11023/masked_species_real_msa.phy.raxml.log

Analysis started: 30-Nov-2022 15:19:37 / finished: 30-Nov-2022 15:19:39

Elapsed time: 1.766 seconds

