
RAxML-NG v. 1.1 released on 29.11.2021 by The Exelixis Lab.
Developed by: Alexey M. Kozlov and Alexandros Stamatakis.
Contributors: Diego Darriba, Tomas Flouri, Benoit Morel, Sarah Lutteropp, Ben Bettisworth.
Latest version: https://github.com/amkozlov/raxml-ng
Questions/problems/suggestions? Please visit: https://groups.google.com/forum/#!forum/raxml

System: Intel(R) Xeon(R) Gold 6230 CPU @ 2.10GHz, 1 cores, 31 GB RAM

RAxML-NG was called at 28-Dec-2022 15:01:21 as follows:

raxml-ng --msa /groups/pupko/alburquerque/RL/Tree_Data/data/All_sized/5228/masked_species_real_msa.phy --threads 1 --opt-branches on --opt-model --nofiles --tree rand{1} --redo off --model GTR{2.78007/6.01710/2.17753/1.42970/3.99297/1.00000}+I{0.005}+G{2.055}+F{0.18424/0.28784/0.27966/0.24826}

Analysis options:
  run mode: ML tree search
  start tree(s): random (1)
  random seed: 1672232481
  tip-inner: OFF
  pattern compression: ON
  per-rate scalers: OFF
  site repeats: ON
  fast spr radius: AUTO
  spr subtree cutoff: 1.000000
  branch lengths: proportional (ML estimate, algorithm: NR-FAST)
  SIMD kernels: AVX2
  parallelization: coarse-grained (auto), NONE/sequential

WARNING: Running in REDO mode: existing checkpoints are ignored, and all result files will be overwritten!

[00:00:00] Reading alignment from file: /groups/pupko/alburquerque/RL/Tree_Data/data/All_sized/5228/masked_species_real_msa.phy
[00:00:00] Loaded alignment with 20 taxa and 461 sites

WARNING: Sequences Sp010 and Sp013 are exactly identical!
WARNING: Duplicate sequences found: 1

NOTE: Reduced alignment (with duplicates and gap-only sites/taxa removed) 
NOTE: was saved to: /groups/pupko/alburquerque/RL/Tree_Data/data/All_sized/5228/masked_species_real_msa.phy.raxml.reduced.phy

Alignment comprises 1 partitions and 367 patterns

Partition 0: noname
Model: GTR{2.78007/6.0171/2.17753/1.4297/3.99297/1}+FU{0.18424/0.28784/0.27966/0.24826}+IU{0.005}+G4m{2.055}
Alignment sites / patterns: 461 / 367
Gaps: 19.33 %
Invariant sites: 26.46 %


NOTE: Binary MSA file created: /groups/pupko/alburquerque/RL/Tree_Data/data/All_sized/5228/masked_species_real_msa.phy.raxml.rba

Parallelization scheme autoconfig: 1 worker(s) x 1 thread(s)

Parallel reduction/worker buffer size: 1 KB  / 0 KB

[00:00:00] Generating 1 random starting tree(s) with 20 taxa
[00:00:00] Data distribution: max. partitions/sites/weight per thread: 1 / 367 / 5872
[00:00:00] Data distribution: max. searches per worker: 1

Starting ML tree search with 1 distinct starting trees

[00:00:00 -4979.319009] Initial branch length optimization
[00:00:00 -4363.139511] Model parameter optimization (eps = 10.000000)
[00:00:00 -4362.333725] AUTODETECT spr round 1 (radius: 5)
[00:00:00 -3644.512622] AUTODETECT spr round 2 (radius: 10)
[00:00:00 -3569.846605] AUTODETECT spr round 3 (radius: 15)
[00:00:00 -3569.794555] SPR radius for FAST iterations: 10 (autodetect)
[00:00:00 -3569.794555] Model parameter optimization (eps = 3.000000)
[00:00:00 -3569.759079] FAST spr round 1 (radius: 10)
[00:00:00 -3559.641832] FAST spr round 2 (radius: 10)
[00:00:00 -3559.636237] Model parameter optimization (eps = 1.000000)
[00:00:00 -3559.633495] SLOW spr round 1 (radius: 5)
[00:00:00 -3559.584813] SLOW spr round 2 (radius: 10)
[00:00:01 -3559.584812] SLOW spr round 3 (radius: 15)
[00:00:01 -3559.584812] SLOW spr round 4 (radius: 20)
[00:00:01 -3559.584812] Model parameter optimization (eps = 0.100000)

[00:00:01] ML tree search #1, logLikelihood: -3559.584812


Optimized model parameters:

   Partition 0: noname
   Rate heterogeneity: GAMMA (4 cats, mean),  alpha: 2.055000 (user),  weights&rates: (0.250000,0.299753) (0.250000,0.660738) (0.250000,1.071307) (0.250000,1.968203) 
   P-inv (user): 0.005000
   Base frequencies (user): 0.184240 0.287840 0.279660 0.248260 
   Substitution rates (user): 2.780070 6.017100 2.177530 1.429700 3.992970 1.000000 


Final LogLikelihood: -3559.584812

AIC score: 7193.169624 / AICc score: 7199.817378 / BIC score: 7346.105351
Free parameters (model + branch lengths): 37

WARNING: Best ML tree contains 1 near-zero branches!

Best ML tree with collapsed near-zero branches saved to: /groups/pupko/alburquerque/RL/Tree_Data/data/All_sized/5228/masked_species_real_msa.phy.raxml.bestTreeCollapsed
Best ML tree saved to: /groups/pupko/alburquerque/RL/Tree_Data/data/All_sized/5228/masked_species_real_msa.phy.raxml.bestTree
Optimized model saved to: /groups/pupko/alburquerque/RL/Tree_Data/data/All_sized/5228/masked_species_real_msa.phy.raxml.bestModel

Execution log saved to: /groups/pupko/alburquerque/RL/Tree_Data/data/All_sized/5228/masked_species_real_msa.phy.raxml.log

Analysis started: 28-Dec-2022 15:01:21 / finished: 28-Dec-2022 15:01:22

Elapsed time: 1.227 seconds

