
RAxML-NG v. 1.1 released on 29.11.2021 by The Exelixis Lab.
Developed by: Alexey M. Kozlov and Alexandros Stamatakis.
Contributors: Diego Darriba, Tomas Flouri, Benoit Morel, Sarah Lutteropp, Ben Bettisworth.
Latest version: https://github.com/amkozlov/raxml-ng
Questions/problems/suggestions? Please visit: https://groups.google.com/forum/#!forum/raxml

System: Intel(R) Xeon(R) Gold 6230 CPU @ 2.10GHz, 1 cores, 31 GB RAM

RAxML-NG was called at 28-Dec-2022 15:00:57 as follows:

raxml-ng --msa /groups/pupko/alburquerque/RL/Tree_Data/data/All_sized/32176/masked_species_real_msa.phy --threads 1 --opt-branches on --opt-model --nofiles --tree rand{1} --redo off --model GTR{0.38932/2.04760/1.56252/0.22752/5.13496/1.00000}+I{0.218}+G{0.014}+F{0.26536/0.19653/0.21951/0.31861}

Analysis options:
  run mode: ML tree search
  start tree(s): random (1)
  random seed: 1672232457
  tip-inner: OFF
  pattern compression: ON
  per-rate scalers: OFF
  site repeats: ON
  fast spr radius: AUTO
  spr subtree cutoff: 1.000000
  branch lengths: proportional (ML estimate, algorithm: NR-FAST)
  SIMD kernels: AVX2
  parallelization: coarse-grained (auto), NONE/sequential

WARNING: Running in REDO mode: existing checkpoints are ignored, and all result files will be overwritten!

[00:00:00] Reading alignment from file: /groups/pupko/alburquerque/RL/Tree_Data/data/All_sized/32176/masked_species_real_msa.phy
[00:00:00] Loaded alignment with 20 taxa and 516 sites

ERROR: ERROR computing MSA stats (LIBPLL-113): Invalid alpha value (0.014000)

