
RAxML-NG v. 1.1 released on 29.11.2021 by The Exelixis Lab.
Developed by: Alexey M. Kozlov and Alexandros Stamatakis.
Contributors: Diego Darriba, Tomas Flouri, Benoit Morel, Sarah Lutteropp, Ben Bettisworth.
Latest version: https://github.com/amkozlov/raxml-ng
Questions/problems/suggestions? Please visit: https://groups.google.com/forum/#!forum/raxml

System: Intel(R) Xeon(R) CPU E5-2680 v3 @ 2.50GHz, 24 cores, 125 GB RAM

RAxML-NG was called at 09-Feb-2023 06:39:51 as follows:

raxml-ng --msa /groups/pupko/alburquerque/RL/Tree_Data/data/All_sized/10756/masked_species_real_msa.phy --threads 1 --model GTR{0.71095/4.77765/1.63420/0.99131/5.53342/1.00000}+I{0.133}+G{1.022}+F{0.23508/0.27524/0.23093/0.25875} --tree /groups/pupko/alburquerque/RL/Tree_Data/data/All_sized/10756/Temp_start_tree_file_for_raxml_search.txt --redo

Analysis options:
  run mode: ML tree search
  start tree(s): user
  random seed: 1675917591
  tip-inner: OFF
  pattern compression: ON
  per-rate scalers: OFF
  site repeats: ON
  fast spr radius: AUTO
  spr subtree cutoff: 1.000000
  branch lengths: proportional (ML estimate, algorithm: NR-FAST)
  SIMD kernels: AVX2
  parallelization: coarse-grained (auto), NONE/sequential

WARNING: Running in REDO mode: existing checkpoints are ignored, and all result files will be overwritten!

[00:00:00] Reading alignment from file: /groups/pupko/alburquerque/RL/Tree_Data/data/All_sized/10756/masked_species_real_msa.phy
[00:00:00] Loaded alignment with 7 taxa and 996 sites

Alignment comprises 1 partitions and 52 patterns

Partition 0: noname
Model: GTR{0.71095/4.77765/1.6342/0.99131/5.53342/1}+FU{0.23508/0.27524/0.23093/0.25875}+IU{0.133}+G4m{1.022}
Alignment sites / patterns: 996 / 52
Gaps: 0.09 %
Invariant sites: 89.46 %


NOTE: Binary MSA file created: /groups/pupko/alburquerque/RL/Tree_Data/data/All_sized/10756/masked_species_real_msa.phy.raxml.rba

Parallelization scheme autoconfig: 1 worker(s) x 1 thread(s)

Parallel reduction/worker buffer size: 1 KB  / 0 KB

[00:00:00] Loading user starting tree(s) from: /groups/pupko/alburquerque/RL/Tree_Data/data/All_sized/10756/Temp_start_tree_file_for_raxml_search.txt
[00:00:00] Data distribution: max. partitions/sites/weight per thread: 1 / 52 / 832
[00:00:00] Data distribution: max. searches per worker: 1

Starting ML tree search with 1 distinct starting trees

[00:00:00 -2523.340057] Initial branch length optimization
[00:00:00 -2064.846756] Model parameter optimization (eps = 10.000000)
[00:00:00 -2064.824894] AUTODETECT spr round 1 (radius: 5)
[00:00:00 -1978.497297] SPR radius for FAST iterations: 5 (autodetect)
[00:00:00 -1978.497297] Model parameter optimization (eps = 3.000000)
[00:00:00 -1978.497296] FAST spr round 1 (radius: 5)
[00:00:00 -1978.497296] Model parameter optimization (eps = 1.000000)
[00:00:00 -1978.497296] SLOW spr round 1 (radius: 5)
[00:00:00 -1978.497296] Model parameter optimization (eps = 0.100000)

[00:00:00] ML tree search #1, logLikelihood: -1978.497296


Optimized model parameters:

   Partition 0: noname
   Rate heterogeneity: GAMMA (4 cats, mean),  alpha: 1.022000 (user),  weights&rates: (0.250000,0.141322) (0.250000,0.483266) (0.250000,1.003552) (0.250000,2.371860) 
   P-inv (user): 0.133000
   Base frequencies (user): 0.235080 0.275240 0.230930 0.258750 
   Substitution rates (user): 0.710950 4.777650 1.634200 0.991310 5.533420 1.000000 


Final LogLikelihood: -1978.497296

AIC score: 3978.994592 / AICc score: 3979.262884 / BIC score: 4032.935812
Free parameters (model + branch lengths): 11

Best ML tree saved to: /groups/pupko/alburquerque/RL/Tree_Data/data/All_sized/10756/masked_species_real_msa.phy.raxml.bestTree
Optimized model saved to: /groups/pupko/alburquerque/RL/Tree_Data/data/All_sized/10756/masked_species_real_msa.phy.raxml.bestModel

Execution log saved to: /groups/pupko/alburquerque/RL/Tree_Data/data/All_sized/10756/masked_species_real_msa.phy.raxml.log

Analysis started: 09-Feb-2023 06:39:51 / finished: 09-Feb-2023 06:39:51

Elapsed time: 0.072 seconds

