
RAxML-NG v. 1.1 released on 29.11.2021 by The Exelixis Lab.
Developed by: Alexey M. Kozlov and Alexandros Stamatakis.
Contributors: Diego Darriba, Tomas Flouri, Benoit Morel, Sarah Lutteropp, Ben Bettisworth.
Latest version: https://github.com/amkozlov/raxml-ng
Questions/problems/suggestions? Please visit: https://groups.google.com/forum/#!forum/raxml

System: AMD Opteron(tm) Processor 6128, 16 cores, 117 GB RAM

RAxML-NG was called at 30-Nov-2022 15:31:07 as follows:

raxml-ng --msa /groups/pupko/alburquerque/RL/Tree_Data/data/All_sized/10767/masked_species_real_msa.phy --threads 1 --opt-branches on --opt-model --nofiles --tree rand{1} --redo off --model GTR{4.37050/16.69164/4.61676/4.26128/36.55270/1.00000}+I{0.396}+G{0.804}+F{0.24216/0.28842/0.23096/0.23847}

Analysis options:
  run mode: ML tree search
  start tree(s): random (1)
  random seed: 1669815067
  tip-inner: OFF
  pattern compression: ON
  per-rate scalers: OFF
  site repeats: ON
  fast spr radius: AUTO
  spr subtree cutoff: 1.000000
  branch lengths: proportional (ML estimate, algorithm: NR-FAST)
  SIMD kernels: SSE3
  parallelization: coarse-grained (auto), NONE/sequential

WARNING: Running in REDO mode: existing checkpoints are ignored, and all result files will be overwritten!

[00:00:00] Reading alignment from file: /groups/pupko/alburquerque/RL/Tree_Data/data/All_sized/10767/masked_species_real_msa.phy
[00:00:00] Loaded alignment with 7 taxa and 842 sites

Alignment comprises 1 partitions and 51 patterns

Partition 0: noname
Model: GTR{4.3705/16.6916/4.61676/4.26128/36.5527/1}+FU{0.24216/0.28842/0.23096/0.23847}+IU{0.396}+G4m{0.804}
Alignment sites / patterns: 842 / 51
Gaps: 0.83 %
Invariant sites: 90.86 %


NOTE: Binary MSA file created: /groups/pupko/alburquerque/RL/Tree_Data/data/All_sized/10767/masked_species_real_msa.phy.raxml.rba

Parallelization scheme autoconfig: 1 worker(s) x 1 thread(s)

Parallel reduction/worker buffer size: 1 KB  / 0 KB

[00:00:00] Generating 1 random starting tree(s) with 7 taxa
[00:00:00] Data distribution: max. partitions/sites/weight per thread: 1 / 51 / 816
[00:00:00] Data distribution: max. searches per worker: 1

Starting ML tree search with 1 distinct starting trees

[00:00:00 -1950.813239] Initial branch length optimization
[00:00:00 -1693.027589] Model parameter optimization (eps = 10.000000)
[00:00:00 -1693.025562] AUTODETECT spr round 1 (radius: 5)
[00:00:00 -1647.809936] SPR radius for FAST iterations: 5 (autodetect)
[00:00:00 -1647.809936] Model parameter optimization (eps = 3.000000)
[00:00:00 -1647.809928] FAST spr round 1 (radius: 5)
[00:00:00 -1641.054191] FAST spr round 2 (radius: 5)
[00:00:00 -1641.054191] Model parameter optimization (eps = 1.000000)
[00:00:00 -1641.054191] SLOW spr round 1 (radius: 5)
[00:00:00 -1641.054191] Model parameter optimization (eps = 0.100000)

[00:00:00] ML tree search #1, logLikelihood: -1641.054191


Optimized model parameters:

   Partition 0: noname
   Rate heterogeneity: GAMMA (4 cats, mean),  alpha: 0.804000 (user),  weights&rates: (0.250000,0.096410) (0.250000,0.408739) (0.250000,0.958057) (0.250000,2.536794) 
   P-inv (user): 0.396000
   Base frequencies (user): 0.242158 0.288417 0.230958 0.238468 
   Substitution rates (user): 4.370500 16.691640 4.616760 4.261280 36.552700 1.000000 


Final LogLikelihood: -1641.054191

AIC score: 3304.108383 / AICc score: 3304.426455 / BIC score: 3356.201963
Free parameters (model + branch lengths): 11

WARNING: Best ML tree contains 1 near-zero branches!

Best ML tree with collapsed near-zero branches saved to: /groups/pupko/alburquerque/RL/Tree_Data/data/All_sized/10767/masked_species_real_msa.phy.raxml.bestTreeCollapsed
Best ML tree saved to: /groups/pupko/alburquerque/RL/Tree_Data/data/All_sized/10767/masked_species_real_msa.phy.raxml.bestTree
Optimized model saved to: /groups/pupko/alburquerque/RL/Tree_Data/data/All_sized/10767/masked_species_real_msa.phy.raxml.bestModel

Execution log saved to: /groups/pupko/alburquerque/RL/Tree_Data/data/All_sized/10767/masked_species_real_msa.phy.raxml.log

Analysis started: 30-Nov-2022 15:31:07 / finished: 30-Nov-2022 15:31:07

Elapsed time: 0.225 seconds

