
RAxML-NG v. 1.1 released on 29.11.2021 by The Exelixis Lab.
Developed by: Alexey M. Kozlov and Alexandros Stamatakis.
Contributors: Diego Darriba, Tomas Flouri, Benoit Morel, Sarah Lutteropp, Ben Bettisworth.
Latest version: https://github.com/amkozlov/raxml-ng
Questions/problems/suggestions? Please visit: https://groups.google.com/forum/#!forum/raxml

System: Intel(R) Xeon(R) CPU E5-2670 v2 @ 2.50GHz, 20 cores, 62 GB RAM

RAxML-NG was called at 05-Feb-2023 13:46:30 as follows:

raxml-ng --msa /groups/pupko/alburquerque/RL/Tree_Data/data/All_sized/3590/masked_species_real_msa.phy --threads 1 --model GTR{1.00000/9790.99845/588.31652/1.00000/11834.24899/1.00000}+I{0.885}+G{1.884}+F{0.31447/0.24742/0.19617/0.24194} --tree /groups/pupko/alburquerque/RL/Tree_Data/data/All_sized/3590/Temp_start_tree_file_for_raxml_search.txt --redo

Analysis options:
  run mode: ML tree search
  start tree(s): user
  random seed: 1675597590
  tip-inner: OFF
  pattern compression: ON
  per-rate scalers: OFF
  site repeats: ON
  fast spr radius: AUTO
  spr subtree cutoff: 1.000000
  branch lengths: proportional (ML estimate, algorithm: NR-FAST)
  SIMD kernels: AVX
  parallelization: coarse-grained (auto), NONE/sequential

WARNING: Running in REDO mode: existing checkpoints are ignored, and all result files will be overwritten!

[00:00:00] Reading alignment from file: /groups/pupko/alburquerque/RL/Tree_Data/data/All_sized/3590/masked_species_real_msa.phy
[00:00:00] Loaded alignment with 15 taxa and 890 sites

Alignment comprises 1 partitions and 28 patterns

Partition 0: noname
Model: GTR{1/9791/588.317/1/11834.2/1}+FU{0.31447/0.24742/0.19617/0.24194}+IU{0.885}+G4m{1.884}
Alignment sites / patterns: 890 / 28
Gaps: 0.11 %
Invariant sites: 97.19 %


NOTE: Binary MSA file created: /groups/pupko/alburquerque/RL/Tree_Data/data/All_sized/3590/masked_species_real_msa.phy.raxml.rba

Parallelization scheme autoconfig: 1 worker(s) x 1 thread(s)

Parallel reduction/worker buffer size: 1 KB  / 0 KB

[00:00:00] Loading user starting tree(s) from: /groups/pupko/alburquerque/RL/Tree_Data/data/All_sized/3590/Temp_start_tree_file_for_raxml_search.txt
[00:00:00] Data distribution: max. partitions/sites/weight per thread: 1 / 28 / 448
[00:00:00] Data distribution: max. searches per worker: 1

Starting ML tree search with 1 distinct starting trees

[00:00:00 -1607.649534] Initial branch length optimization
[00:00:00 -1482.544686] Model parameter optimization (eps = 10.000000)
[00:00:00 -1482.346038] AUTODETECT spr round 1 (radius: 5)
[00:00:00 -1432.116258] AUTODETECT spr round 2 (radius: 10)
[00:00:00 -1432.116052] SPR radius for FAST iterations: 5 (autodetect)
[00:00:00 -1432.116052] Model parameter optimization (eps = 3.000000)
[00:00:00 -1432.116050] FAST spr round 1 (radius: 5)
[00:00:00 -1431.976664] FAST spr round 2 (radius: 5)
[00:00:00 -1431.976250] Model parameter optimization (eps = 1.000000)
[00:00:00 -1431.976250] SLOW spr round 1 (radius: 5)
[00:00:00 -1431.976238] SLOW spr round 2 (radius: 10)
[00:00:00 -1431.976238] SLOW spr round 3 (radius: 15)
[00:00:00 -1431.976238] Model parameter optimization (eps = 0.100000)

[00:00:00] ML tree search #1, logLikelihood: -1431.976238


Optimized model parameters:

   Partition 0: noname
   Rate heterogeneity: GAMMA (4 cats, mean),  alpha: 1.884000 (user),  weights&rates: (0.250000,0.279023) (0.250000,0.642083) (0.250000,1.066796) (0.250000,2.012098) 
   P-inv (user): 0.885000
   Base frequencies (user): 0.314470 0.247420 0.196170 0.241940 
   Substitution rates (user): 1.000000 9790.998450 588.316520 1.000000 11834.248990 1.000000 


Final LogLikelihood: -1431.976238

AIC score: 2917.952477 / AICc score: 2919.706537 / BIC score: 3047.315456
Free parameters (model + branch lengths): 27

WARNING: Best ML tree contains 5 near-zero branches!

Best ML tree with collapsed near-zero branches saved to: /groups/pupko/alburquerque/RL/Tree_Data/data/All_sized/3590/masked_species_real_msa.phy.raxml.bestTreeCollapsed
Best ML tree saved to: /groups/pupko/alburquerque/RL/Tree_Data/data/All_sized/3590/masked_species_real_msa.phy.raxml.bestTree
Optimized model saved to: /groups/pupko/alburquerque/RL/Tree_Data/data/All_sized/3590/masked_species_real_msa.phy.raxml.bestModel

Execution log saved to: /groups/pupko/alburquerque/RL/Tree_Data/data/All_sized/3590/masked_species_real_msa.phy.raxml.log

Analysis started: 05-Feb-2023 13:46:30 / finished: 05-Feb-2023 13:46:30

Elapsed time: 0.207 seconds

