
RAxML-NG v. 1.1 released on 29.11.2021 by The Exelixis Lab.
Developed by: Alexey M. Kozlov and Alexandros Stamatakis.
Contributors: Diego Darriba, Tomas Flouri, Benoit Morel, Sarah Lutteropp, Ben Bettisworth.
Latest version: https://github.com/amkozlov/raxml-ng
Questions/problems/suggestions? Please visit: https://groups.google.com/forum/#!forum/raxml

System: Intel(R) Xeon(R) Gold 6230 CPU @ 2.10GHz, 1 cores, 31 GB RAM

RAxML-NG was called at 28-Dec-2022 15:00:58 as follows:

raxml-ng --msa /groups/pupko/alburquerque/RL/Tree_Data/data/All_sized/1516/masked_species_real_msa.phy --threads 1 --opt-branches on --opt-model --nofiles --tree rand{1} --redo off --model GTR{0.66912/2.93313/1.90651/0.65460/6.06507/1.00000}+I{0.577}+G{0.737}+F{0.25321/0.20430/0.30316/0.23933}

Analysis options:
  run mode: ML tree search
  start tree(s): random (1)
  random seed: 1672232458
  tip-inner: OFF
  pattern compression: ON
  per-rate scalers: OFF
  site repeats: ON
  fast spr radius: AUTO
  spr subtree cutoff: 1.000000
  branch lengths: proportional (ML estimate, algorithm: NR-FAST)
  SIMD kernels: AVX2
  parallelization: coarse-grained (auto), NONE/sequential

WARNING: Running in REDO mode: existing checkpoints are ignored, and all result files will be overwritten!

[00:00:00] Reading alignment from file: /groups/pupko/alburquerque/RL/Tree_Data/data/All_sized/1516/masked_species_real_msa.phy
[00:00:00] Loaded alignment with 20 taxa and 915 sites

Alignment comprises 1 partitions and 270 patterns

Partition 0: noname
Model: GTR{0.66912/2.93313/1.90651/0.6546/6.06507/1}+FU{0.25321/0.2043/0.30316/0.23933}+IU{0.577}+G4m{0.737}
Alignment sites / patterns: 915 / 270
Gaps: 5.09 %
Invariant sites: 75.52 %


NOTE: Binary MSA file created: /groups/pupko/alburquerque/RL/Tree_Data/data/All_sized/1516/masked_species_real_msa.phy.raxml.rba

Parallelization scheme autoconfig: 1 worker(s) x 1 thread(s)

Parallel reduction/worker buffer size: 1 KB  / 0 KB

[00:00:00] Generating 1 random starting tree(s) with 20 taxa
[00:00:00] Data distribution: max. partitions/sites/weight per thread: 1 / 270 / 4320
[00:00:00] Data distribution: max. searches per worker: 1

Starting ML tree search with 1 distinct starting trees

[00:00:00 -5212.115815] Initial branch length optimization
[00:00:00 -4669.863281] Model parameter optimization (eps = 10.000000)
[00:00:00 -4669.147728] AUTODETECT spr round 1 (radius: 5)
[00:00:00 -4032.326867] AUTODETECT spr round 2 (radius: 10)
[00:00:00 -4032.310780] SPR radius for FAST iterations: 5 (autodetect)
[00:00:00 -4032.310780] Model parameter optimization (eps = 3.000000)
[00:00:00 -4032.307252] FAST spr round 1 (radius: 5)
[00:00:00 -3797.882652] FAST spr round 2 (radius: 5)
[00:00:00 -3797.881134] Model parameter optimization (eps = 1.000000)
[00:00:00 -3797.881115] SLOW spr round 1 (radius: 5)
[00:00:00 -3797.881112] SLOW spr round 2 (radius: 10)
[00:00:01 -3797.881112] SLOW spr round 3 (radius: 15)
[00:00:01 -3797.881112] SLOW spr round 4 (radius: 20)
[00:00:01 -3797.881112] Model parameter optimization (eps = 0.100000)

[00:00:01] ML tree search #1, logLikelihood: -3797.881112


Optimized model parameters:

   Partition 0: noname
   Rate heterogeneity: GAMMA (4 cats, mean),  alpha: 0.737000 (user),  weights&rates: (0.250000,0.082103) (0.250000,0.380477) (0.250000,0.937844) (0.250000,2.599576) 
   P-inv (user): 0.577000
   Base frequencies (user): 0.253210 0.204300 0.303160 0.239330 
   Substitution rates (user): 0.669120 2.933130 1.906510 0.654600 6.065070 1.000000 


Final LogLikelihood: -3797.881112

AIC score: 7669.762225 / AICc score: 7672.968610 / BIC score: 7848.062415
Free parameters (model + branch lengths): 37

Best ML tree saved to: /groups/pupko/alburquerque/RL/Tree_Data/data/All_sized/1516/masked_species_real_msa.phy.raxml.bestTree
Optimized model saved to: /groups/pupko/alburquerque/RL/Tree_Data/data/All_sized/1516/masked_species_real_msa.phy.raxml.bestModel

Execution log saved to: /groups/pupko/alburquerque/RL/Tree_Data/data/All_sized/1516/masked_species_real_msa.phy.raxml.log

Analysis started: 28-Dec-2022 15:00:58 / finished: 28-Dec-2022 15:00:59

Elapsed time: 1.103 seconds

