
RAxML-NG v. 1.1 released on 29.11.2021 by The Exelixis Lab.
Developed by: Alexey M. Kozlov and Alexandros Stamatakis.
Contributors: Diego Darriba, Tomas Flouri, Benoit Morel, Sarah Lutteropp, Ben Bettisworth.
Latest version: https://github.com/amkozlov/raxml-ng
Questions/problems/suggestions? Please visit: https://groups.google.com/forum/#!forum/raxml

System: Intel(R) Xeon(R) CPU E5-2670 v2 @ 2.50GHz, 20 cores, 62 GB RAM

RAxML-NG was called at 28-Feb-2023 11:10:41 as follows:

raxml-ng --msa /groups/pupko/alburquerque/RL/Tree_Data/data/All_sized/balibase_RV12_BB12017/masked_species_real_msa.phy --threads 1 --model GTR{3.25792/2.49423/1.43764/2.00949/3.78623/1.00000}+I{0.025}+G{1.521}+F{0.31677/0.17783/0.23151/0.27389} --tree /groups/pupko/alburquerque/RL/Tree_Data/data/All_sized/balibase_RV12_BB12017/Temp_start_tree_file_for_raxml_search.txt --redo

Analysis options:
  run mode: ML tree search
  start tree(s): user
  random seed: 1677575441
  tip-inner: OFF
  pattern compression: ON
  per-rate scalers: OFF
  site repeats: ON
  fast spr radius: AUTO
  spr subtree cutoff: 1.000000
  branch lengths: proportional (ML estimate, algorithm: NR-FAST)
  SIMD kernels: AVX
  parallelization: coarse-grained (auto), NONE/sequential

WARNING: Running in REDO mode: existing checkpoints are ignored, and all result files will be overwritten!

[00:00:00] Reading alignment from file: /groups/pupko/alburquerque/RL/Tree_Data/data/All_sized/balibase_RV12_BB12017/masked_species_real_msa.phy
[00:00:00] Loaded alignment with 7 taxa and 1758 sites

Alignment comprises 1 partitions and 1215 patterns

Partition 0: noname
Model: GTR{3.25792/2.49423/1.43764/2.00949/3.78623/1}+FU{0.31677/0.17783/0.23151/0.27389}+IU{0.025}+G4m{1.521}
Alignment sites / patterns: 1758 / 1215
Gaps: 19.31 %
Invariant sites: 21.39 %


NOTE: Binary MSA file created: /groups/pupko/alburquerque/RL/Tree_Data/data/All_sized/balibase_RV12_BB12017/masked_species_real_msa.phy.raxml.rba

Parallelization scheme autoconfig: 1 worker(s) x 1 thread(s)

Parallel reduction/worker buffer size: 1 KB  / 0 KB

[00:00:00] Loading user starting tree(s) from: /groups/pupko/alburquerque/RL/Tree_Data/data/All_sized/balibase_RV12_BB12017/Temp_start_tree_file_for_raxml_search.txt
[00:00:00] Data distribution: max. partitions/sites/weight per thread: 1 / 1215 / 19440
[00:00:00] Data distribution: max. searches per worker: 1

Starting ML tree search with 1 distinct starting trees

[00:00:00 -14170.401214] Initial branch length optimization
[00:00:00 -12331.370270] Model parameter optimization (eps = 10.000000)
[00:00:00 -12331.258969] AUTODETECT spr round 1 (radius: 5)
[00:00:00 -12312.932432] SPR radius for FAST iterations: 5 (autodetect)
[00:00:00 -12312.932432] Model parameter optimization (eps = 3.000000)
[00:00:00 -12312.902081] FAST spr round 1 (radius: 5)
[00:00:00 -12312.224094] FAST spr round 2 (radius: 5)
[00:00:00 -12311.817621] FAST spr round 3 (radius: 5)
[00:00:00 -12307.101220] FAST spr round 4 (radius: 5)
[00:00:00 -12307.101061] Model parameter optimization (eps = 1.000000)
[00:00:00 -12307.101054] SLOW spr round 1 (radius: 5)
[00:00:00 -12307.101052] Model parameter optimization (eps = 0.100000)

[00:00:00] ML tree search #1, logLikelihood: -12307.101052


Optimized model parameters:

   Partition 0: noname
   Rate heterogeneity: GAMMA (4 cats, mean),  alpha: 1.521000 (user),  weights&rates: (0.250000,0.228548) (0.250000,0.592015) (0.250000,1.051631) (0.250000,2.127805) 
   P-inv (user): 0.025000
   Base frequencies (user): 0.316770 0.177830 0.231510 0.273890 
   Substitution rates (user): 3.257920 2.494230 1.437640 2.009490 3.786230 1.000000 


Final LogLikelihood: -12307.101052

AIC score: 24636.202105 / AICc score: 24636.353308 / BIC score: 24696.393358
Free parameters (model + branch lengths): 11

Best ML tree saved to: /groups/pupko/alburquerque/RL/Tree_Data/data/All_sized/balibase_RV12_BB12017/masked_species_real_msa.phy.raxml.bestTree
Optimized model saved to: /groups/pupko/alburquerque/RL/Tree_Data/data/All_sized/balibase_RV12_BB12017/masked_species_real_msa.phy.raxml.bestModel

Execution log saved to: /groups/pupko/alburquerque/RL/Tree_Data/data/All_sized/balibase_RV12_BB12017/masked_species_real_msa.phy.raxml.log

Analysis started: 28-Feb-2023 11:10:41 / finished: 28-Feb-2023 11:10:41

Elapsed time: 0.820 seconds

