
RAxML-NG v. 1.1 released on 29.11.2021 by The Exelixis Lab.
Developed by: Alexey M. Kozlov and Alexandros Stamatakis.
Contributors: Diego Darriba, Tomas Flouri, Benoit Morel, Sarah Lutteropp, Ben Bettisworth.
Latest version: https://github.com/amkozlov/raxml-ng
Questions/problems/suggestions? Please visit: https://groups.google.com/forum/#!forum/raxml

System: AMD Opteron(tm) Processor 6128, 16 cores, 117 GB RAM

RAxML-NG was called at 30-Nov-2022 16:46:20 as follows:

raxml-ng --msa /groups/pupko/alburquerque/RL/Tree_Data/data/All_sized/19163/masked_species_real_msa.phy --threads 1 --opt-branches on --opt-model --nofiles --tree rand{1} --redo off --model GTR{1.67895/5.20663/1.35272/1.33987/5.12649/1.00000}+I{0.362}+G{0.541}+F{0.25051/0.21032/0.21059/0.32859}

Analysis options:
  run mode: ML tree search
  start tree(s): random (1)
  random seed: 1669819580
  tip-inner: OFF
  pattern compression: ON
  per-rate scalers: OFF
  site repeats: ON
  fast spr radius: AUTO
  spr subtree cutoff: 1.000000
  branch lengths: proportional (ML estimate, algorithm: NR-FAST)
  SIMD kernels: SSE3
  parallelization: coarse-grained (auto), NONE/sequential

WARNING: Running in REDO mode: existing checkpoints are ignored, and all result files will be overwritten!

[00:00:00] Reading alignment from file: /groups/pupko/alburquerque/RL/Tree_Data/data/All_sized/19163/masked_species_real_msa.phy
[00:00:00] Loaded alignment with 12 taxa and 1650 sites

Alignment comprises 1 partitions and 350 patterns

Partition 0: noname
Model: GTR{1.67895/5.20663/1.35272/1.33987/5.12649/1}+FU{0.25051/0.21032/0.21059/0.32859}+IU{0.362}+G4m{0.541}
Alignment sites / patterns: 1650 / 350
Gaps: 1.41 %
Invariant sites: 72.61 %


NOTE: Binary MSA file created: /groups/pupko/alburquerque/RL/Tree_Data/data/All_sized/19163/masked_species_real_msa.phy.raxml.rba

Parallelization scheme autoconfig: 1 worker(s) x 1 thread(s)

Parallel reduction/worker buffer size: 1 KB  / 0 KB

[00:00:00] Generating 1 random starting tree(s) with 12 taxa
[00:00:00] Data distribution: max. partitions/sites/weight per thread: 1 / 350 / 5600
[00:00:00] Data distribution: max. searches per worker: 1

Starting ML tree search with 1 distinct starting trees

[00:00:00 -7197.887389] Initial branch length optimization
[00:00:00 -6795.770060] Model parameter optimization (eps = 10.000000)
[00:00:00 -6795.700563] AUTODETECT spr round 1 (radius: 5)
[00:00:00 -6399.237721] AUTODETECT spr round 2 (radius: 10)
[00:00:00 -6399.237527] SPR radius for FAST iterations: 5 (autodetect)
[00:00:00 -6399.237527] Model parameter optimization (eps = 3.000000)
[00:00:00 -6399.237517] FAST spr round 1 (radius: 5)
[00:00:00 -6397.401209] FAST spr round 2 (radius: 5)
[00:00:01 -6397.401165] Model parameter optimization (eps = 1.000000)
[00:00:01 -6397.401164] SLOW spr round 1 (radius: 5)
[00:00:01 -6397.401164] SLOW spr round 2 (radius: 10)
[00:00:02 -6397.401164] Model parameter optimization (eps = 0.100000)

[00:00:02] ML tree search #1, logLikelihood: -6397.401164


Optimized model parameters:

   Partition 0: noname
   Rate heterogeneity: GAMMA (4 cats, mean),  alpha: 0.541000 (user),  weights&rates: (0.250000,0.041216) (0.250000,0.277842) (0.250000,0.847952) (0.250000,2.832991) 
   P-inv (user): 0.362000
   Base frequencies (user): 0.250507 0.210318 0.210588 0.328587 
   Substitution rates (user): 1.678950 5.206630 1.352720 1.339870 5.126490 1.000000 


Final LogLikelihood: -6397.401164

AIC score: 12836.802329 / AICc score: 12837.369897 / BIC score: 12950.381471
Free parameters (model + branch lengths): 21

Best ML tree saved to: /groups/pupko/alburquerque/RL/Tree_Data/data/All_sized/19163/masked_species_real_msa.phy.raxml.bestTree
Optimized model saved to: /groups/pupko/alburquerque/RL/Tree_Data/data/All_sized/19163/masked_species_real_msa.phy.raxml.bestModel

Execution log saved to: /groups/pupko/alburquerque/RL/Tree_Data/data/All_sized/19163/masked_species_real_msa.phy.raxml.log

Analysis started: 30-Nov-2022 16:46:20 / finished: 30-Nov-2022 16:46:23

Elapsed time: 2.716 seconds

