
RAxML-NG v. 1.1 released on 29.11.2021 by The Exelixis Lab.
Developed by: Alexey M. Kozlov and Alexandros Stamatakis.
Contributors: Diego Darriba, Tomas Flouri, Benoit Morel, Sarah Lutteropp, Ben Bettisworth.
Latest version: https://github.com/amkozlov/raxml-ng
Questions/problems/suggestions? Please visit: https://groups.google.com/forum/#!forum/raxml

System: Intel(R) Xeon(R) CPU E5-2680 v3 @ 2.50GHz, 24 cores, 125 GB RAM

RAxML-NG was called at 21-Dec-2022 19:39:26 as follows:

raxml-ng --msa /groups/pupko/alburquerque/RL/Tree_Data/data/All_sized/23899/masked_species_real_msa.phy --threads 1 --opt-branches on --opt-model --nofiles --tree rand{1} --redo off --model GTR{1.25858/1.83605/3.30487/0.96899/6.90917/1.00000}+I{0.388}+G{0.552}+F{0.21852/0.29607/0.25243/0.23298}

Analysis options:
  run mode: ML tree search
  start tree(s): random (1)
  random seed: 1671644366
  tip-inner: OFF
  pattern compression: ON
  per-rate scalers: OFF
  site repeats: ON
  fast spr radius: AUTO
  spr subtree cutoff: 1.000000
  branch lengths: proportional (ML estimate, algorithm: NR-FAST)
  SIMD kernels: AVX2
  parallelization: coarse-grained (auto), NONE/sequential

WARNING: Running in REDO mode: existing checkpoints are ignored, and all result files will be overwritten!

[00:00:00] Reading alignment from file: /groups/pupko/alburquerque/RL/Tree_Data/data/All_sized/23899/masked_species_real_msa.phy
[00:00:00] Loaded alignment with 15 taxa and 818 sites

Alignment comprises 1 partitions and 207 patterns

Partition 0: noname
Model: GTR{1.25858/1.83605/3.30487/0.96899/6.90917/1}+FU{0.21852/0.29607/0.25243/0.23298}+IU{0.388}+G4m{0.552}
Alignment sites / patterns: 818 / 207
Gaps: 11.85 %
Invariant sites: 76.16 %


NOTE: Binary MSA file created: /groups/pupko/alburquerque/RL/Tree_Data/data/All_sized/23899/masked_species_real_msa.phy.raxml.rba

Parallelization scheme autoconfig: 1 worker(s) x 1 thread(s)

Parallel reduction/worker buffer size: 1 KB  / 0 KB

[00:00:00] Generating 1 random starting tree(s) with 15 taxa
[00:00:00] Data distribution: max. partitions/sites/weight per thread: 1 / 207 / 3312
[00:00:00] Data distribution: max. searches per worker: 1

Starting ML tree search with 1 distinct starting trees

[00:00:00 -3722.553600] Initial branch length optimization
[00:00:00 -3287.274612] Model parameter optimization (eps = 10.000000)
[00:00:00 -3283.563231] AUTODETECT spr round 1 (radius: 5)
[00:00:00 -2620.921056] AUTODETECT spr round 2 (radius: 10)
[00:00:00 -2620.909651] SPR radius for FAST iterations: 5 (autodetect)
[00:00:00 -2620.909651] Model parameter optimization (eps = 3.000000)
[00:00:00 -2620.905448] FAST spr round 1 (radius: 5)
[00:00:00 -2618.593290] FAST spr round 2 (radius: 5)
[00:00:00 -2617.698854] FAST spr round 3 (radius: 5)
[00:00:00 -2617.698816] Model parameter optimization (eps = 1.000000)
[00:00:00 -2617.698816] SLOW spr round 1 (radius: 5)
[00:00:00 -2617.698816] SLOW spr round 2 (radius: 10)
[00:00:00 -2617.698816] SLOW spr round 3 (radius: 15)
[00:00:00 -2617.698816] Model parameter optimization (eps = 0.100000)

[00:00:00] ML tree search #1, logLikelihood: -2617.698816


Optimized model parameters:

   Partition 0: noname
   Rate heterogeneity: GAMMA (4 cats, mean),  alpha: 0.552000 (user),  weights&rates: (0.250000,0.043385) (0.250000,0.284514) (0.250000,0.854705) (0.250000,2.817396) 
   P-inv (user): 0.388000
   Base frequencies (user): 0.218520 0.296070 0.252430 0.232980 
   Substitution rates (user): 1.258580 1.836050 3.304870 0.968990 6.909170 1.000000 


Final LogLikelihood: -2617.698816

AIC score: 5289.397631 / AICc score: 5291.311555 / BIC score: 5416.482914
Free parameters (model + branch lengths): 27

WARNING: Best ML tree contains 1 near-zero branches!

Best ML tree with collapsed near-zero branches saved to: /groups/pupko/alburquerque/RL/Tree_Data/data/All_sized/23899/masked_species_real_msa.phy.raxml.bestTreeCollapsed
Best ML tree saved to: /groups/pupko/alburquerque/RL/Tree_Data/data/All_sized/23899/masked_species_real_msa.phy.raxml.bestTree
Optimized model saved to: /groups/pupko/alburquerque/RL/Tree_Data/data/All_sized/23899/masked_species_real_msa.phy.raxml.bestModel

Execution log saved to: /groups/pupko/alburquerque/RL/Tree_Data/data/All_sized/23899/masked_species_real_msa.phy.raxml.log

Analysis started: 21-Dec-2022 19:39:26 / finished: 21-Dec-2022 19:39:27

Elapsed time: 0.422 seconds

