
RAxML-NG v. 1.1 released on 29.11.2021 by The Exelixis Lab.
Developed by: Alexey M. Kozlov and Alexandros Stamatakis.
Contributors: Diego Darriba, Tomas Flouri, Benoit Morel, Sarah Lutteropp, Ben Bettisworth.
Latest version: https://github.com/amkozlov/raxml-ng
Questions/problems/suggestions? Please visit: https://groups.google.com/forum/#!forum/raxml

System: Intel(R) Xeon(R) CPU E5-2670 v2 @ 2.50GHz, 20 cores, 62 GB RAM

RAxML-NG was called at 25-Dec-2022 18:31:37 as follows:

raxml-ng --msa /groups/pupko/alburquerque/RL/Tree_Data/data/All_sized/18070/masked_species_real_msa.phy --threads 1 --opt-branches on --opt-model --nofiles --tree rand{1} --redo off --model GTR{0.62452/1.75683/1.26167/1.17311/8.10770/1.00000}+I{0.508}+G{0.595}+F{0.26212/0.23746/0.30377/0.19665}

Analysis options:
  run mode: ML tree search
  start tree(s): random (1)
  random seed: 1671985897
  tip-inner: OFF
  pattern compression: ON
  per-rate scalers: OFF
  site repeats: ON
  fast spr radius: AUTO
  spr subtree cutoff: 1.000000
  branch lengths: proportional (ML estimate, algorithm: NR-FAST)
  SIMD kernels: AVX
  parallelization: coarse-grained (auto), NONE/sequential

WARNING: Running in REDO mode: existing checkpoints are ignored, and all result files will be overwritten!

[00:00:00] Reading alignment from file: /groups/pupko/alburquerque/RL/Tree_Data/data/All_sized/18070/masked_species_real_msa.phy
[00:00:00] Loaded alignment with 20 taxa and 542 sites

WARNING: Sequences Sp013 and Sp015 are exactly identical!
WARNING: Duplicate sequences found: 1

NOTE: Reduced alignment (with duplicates and gap-only sites/taxa removed) 
NOTE: was saved to: /groups/pupko/alburquerque/RL/Tree_Data/data/All_sized/18070/masked_species_real_msa.phy.raxml.reduced.phy

Alignment comprises 1 partitions and 170 patterns

Partition 0: noname
Model: GTR{0.62452/1.75683/1.26167/1.17311/8.1077/1}+FU{0.26212/0.23746/0.30377/0.19665}+IU{0.508}+G4m{0.595}
Alignment sites / patterns: 542 / 170
Gaps: 5.78 %
Invariant sites: 75.09 %


NOTE: Binary MSA file created: /groups/pupko/alburquerque/RL/Tree_Data/data/All_sized/18070/masked_species_real_msa.phy.raxml.rba

Parallelization scheme autoconfig: 1 worker(s) x 1 thread(s)

Parallel reduction/worker buffer size: 1 KB  / 0 KB

[00:00:00] Generating 1 random starting tree(s) with 20 taxa
[00:00:00] Data distribution: max. partitions/sites/weight per thread: 1 / 170 / 2720
[00:00:00] Data distribution: max. searches per worker: 1

Starting ML tree search with 1 distinct starting trees

[00:00:00 -2902.809576] Initial branch length optimization
[00:00:00 -2705.470753] Model parameter optimization (eps = 10.000000)
[00:00:00 -2703.447415] AUTODETECT spr round 1 (radius: 5)
[00:00:00 -2421.656768] AUTODETECT spr round 2 (radius: 10)
[00:00:00 -2394.502067] AUTODETECT spr round 3 (radius: 15)
[00:00:00 -2394.495748] SPR radius for FAST iterations: 10 (autodetect)
[00:00:00 -2394.495748] Model parameter optimization (eps = 3.000000)
[00:00:00 -2394.495068] FAST spr round 1 (radius: 10)
[00:00:00 -2386.984523] FAST spr round 2 (radius: 10)
[00:00:00 -2383.529607] FAST spr round 3 (radius: 10)
[00:00:00 -2381.736650] FAST spr round 4 (radius: 10)
[00:00:00 -2379.691725] FAST spr round 5 (radius: 10)
[00:00:00 -2379.691587] Model parameter optimization (eps = 1.000000)
[00:00:00 -2379.691583] SLOW spr round 1 (radius: 5)
[00:00:00 -2379.691334] SLOW spr round 2 (radius: 10)
[00:00:00 -2379.691334] SLOW spr round 3 (radius: 15)
[00:00:00 -2379.691334] SLOW spr round 4 (radius: 20)
[00:00:00 -2379.691334] Model parameter optimization (eps = 0.100000)

[00:00:00] ML tree search #1, logLikelihood: -2379.691334


Optimized model parameters:

   Partition 0: noname
   Rate heterogeneity: GAMMA (4 cats, mean),  alpha: 0.595000 (user),  weights&rates: (0.250000,0.052078) (0.250000,0.309481) (0.250000,0.878746) (0.250000,2.759694) 
   P-inv (user): 0.508000
   Base frequencies (user): 0.262120 0.237460 0.303770 0.196650 
   Substitution rates (user): 0.624520 1.756830 1.261670 1.173110 8.107700 1.000000 


Final LogLikelihood: -2379.691334

AIC score: 4833.382669 / AICc score: 4838.962034 / BIC score: 4992.307511
Free parameters (model + branch lengths): 37

WARNING: Best ML tree contains 1 near-zero branches!

Best ML tree with collapsed near-zero branches saved to: /groups/pupko/alburquerque/RL/Tree_Data/data/All_sized/18070/masked_species_real_msa.phy.raxml.bestTreeCollapsed
Best ML tree saved to: /groups/pupko/alburquerque/RL/Tree_Data/data/All_sized/18070/masked_species_real_msa.phy.raxml.bestTree
Optimized model saved to: /groups/pupko/alburquerque/RL/Tree_Data/data/All_sized/18070/masked_species_real_msa.phy.raxml.bestModel

Execution log saved to: /groups/pupko/alburquerque/RL/Tree_Data/data/All_sized/18070/masked_species_real_msa.phy.raxml.log

Analysis started: 25-Dec-2022 18:31:37 / finished: 25-Dec-2022 18:31:38

Elapsed time: 0.770 seconds

