
RAxML-NG v. 1.1 released on 29.11.2021 by The Exelixis Lab.
Developed by: Alexey M. Kozlov and Alexandros Stamatakis.
Contributors: Diego Darriba, Tomas Flouri, Benoit Morel, Sarah Lutteropp, Ben Bettisworth.
Latest version: https://github.com/amkozlov/raxml-ng
Questions/problems/suggestions? Please visit: https://groups.google.com/forum/#!forum/raxml

System: Intel(R) Xeon(R) CPU E5-2680 v3 @ 2.50GHz, 24 cores, 125 GB RAM

RAxML-NG was called at 01-Mar-2023 15:52:18 as follows:

raxml-ng --msa /groups/pupko/alburquerque/RL/Tree_Data/data/All_sized/17868/masked_species_real_msa.phy --threads 1 --model GTR{0.90613/2.81723/1.35232/0.59356/3.84154/1.00000}+I{0.000}+G{0.297}+F{0.27949/0.20341/0.21035/0.30674} --tree /groups/pupko/alburquerque/RL/Tree_Data/data/All_sized/17868/Temp_start_tree_file_for_raxml_search.txt --redo

Analysis options:
  run mode: ML tree search
  start tree(s): user
  random seed: 1677678738
  tip-inner: OFF
  pattern compression: ON
  per-rate scalers: OFF
  site repeats: ON
  fast spr radius: AUTO
  spr subtree cutoff: 1.000000
  branch lengths: proportional (ML estimate, algorithm: NR-FAST)
  SIMD kernels: AVX2
  parallelization: coarse-grained (auto), NONE/sequential

WARNING: Running in REDO mode: existing checkpoints are ignored, and all result files will be overwritten!

[00:00:00] Reading alignment from file: /groups/pupko/alburquerque/RL/Tree_Data/data/All_sized/17868/masked_species_real_msa.phy
[00:00:00] Loaded alignment with 15 taxa and 542 sites

WARNING: Sequences Sp008 and Sp010 are exactly identical!
WARNING: Sequences Sp009 and Sp011 are exactly identical!
WARNING: Duplicate sequences found: 2

NOTE: Reduced alignment (with duplicates and gap-only sites/taxa removed) 
NOTE: was saved to: /groups/pupko/alburquerque/RL/Tree_Data/data/All_sized/17868/masked_species_real_msa.phy.raxml.reduced.phy

Alignment comprises 1 partitions and 216 patterns

Partition 0: noname
Model: GTR{0.90613/2.81723/1.35232/0.59356/3.84154/1}+FU{0.27949/0.20341/0.21035/0.30674}+IU{0}+G4m{0.297}
Alignment sites / patterns: 542 / 216
Gaps: 10.81 %
Invariant sites: 70.48 %


NOTE: Binary MSA file created: /groups/pupko/alburquerque/RL/Tree_Data/data/All_sized/17868/masked_species_real_msa.phy.raxml.rba

Parallelization scheme autoconfig: 1 worker(s) x 1 thread(s)

Parallel reduction/worker buffer size: 1 KB  / 0 KB

[00:00:00] Loading user starting tree(s) from: /groups/pupko/alburquerque/RL/Tree_Data/data/All_sized/17868/Temp_start_tree_file_for_raxml_search.txt
[00:00:00] Data distribution: max. partitions/sites/weight per thread: 1 / 216 / 3456
[00:00:00] Data distribution: max. searches per worker: 1

Starting ML tree search with 1 distinct starting trees

[00:00:00 -2812.965451] Initial branch length optimization
[00:00:00 -2479.268334] Model parameter optimization (eps = 10.000000)
[00:00:00 -2479.201724] AUTODETECT spr round 1 (radius: 5)
[00:00:00 -1910.210294] AUTODETECT spr round 2 (radius: 10)
[00:00:00 -1910.206170] SPR radius for FAST iterations: 5 (autodetect)
[00:00:00 -1910.206170] Model parameter optimization (eps = 3.000000)
[00:00:00 -1910.205218] FAST spr round 1 (radius: 5)
[00:00:00 -1898.561122] FAST spr round 2 (radius: 5)
[00:00:00 -1897.849188] FAST spr round 3 (radius: 5)
[00:00:00 -1897.849180] Model parameter optimization (eps = 1.000000)
[00:00:00 -1897.849180] SLOW spr round 1 (radius: 5)
[00:00:00 -1897.849180] SLOW spr round 2 (radius: 10)
[00:00:00 -1897.849180] SLOW spr round 3 (radius: 15)
[00:00:00 -1897.849180] Model parameter optimization (eps = 0.100000)

[00:00:00] ML tree search #1, logLikelihood: -1897.849180


Optimized model parameters:

   Partition 0: noname
   Rate heterogeneity: GAMMA (4 cats, mean),  alpha: 0.297000 (user),  weights&rates: (0.250000,0.005055) (0.250000,0.102163) (0.250000,0.590730) (0.250000,3.302051) 
   P-inv (user): 0.000000
   Base frequencies (user): 0.279493 0.203412 0.210352 0.306743 
   Substitution rates (user): 0.906130 2.817230 1.352320 0.593560 3.841540 1.000000 


Final LogLikelihood: -1897.849180

AIC score: 3849.698359 / AICc score: 3852.639993 / BIC score: 3965.670541
Free parameters (model + branch lengths): 27

WARNING: Best ML tree contains 1 near-zero branches!

Best ML tree with collapsed near-zero branches saved to: /groups/pupko/alburquerque/RL/Tree_Data/data/All_sized/17868/masked_species_real_msa.phy.raxml.bestTreeCollapsed
Best ML tree saved to: /groups/pupko/alburquerque/RL/Tree_Data/data/All_sized/17868/masked_species_real_msa.phy.raxml.bestTree
Optimized model saved to: /groups/pupko/alburquerque/RL/Tree_Data/data/All_sized/17868/masked_species_real_msa.phy.raxml.bestModel

Execution log saved to: /groups/pupko/alburquerque/RL/Tree_Data/data/All_sized/17868/masked_species_real_msa.phy.raxml.log

Analysis started: 01-Mar-2023 15:52:18 / finished: 01-Mar-2023 15:52:18

Elapsed time: 0.334 seconds

