
RAxML-NG v. 1.1 released on 29.11.2021 by The Exelixis Lab.
Developed by: Alexey M. Kozlov and Alexandros Stamatakis.
Contributors: Diego Darriba, Tomas Flouri, Benoit Morel, Sarah Lutteropp, Ben Bettisworth.
Latest version: https://github.com/amkozlov/raxml-ng
Questions/problems/suggestions? Please visit: https://groups.google.com/forum/#!forum/raxml

System: Intel(R) Xeon(R) CPU E5-2670 v2 @ 2.50GHz, 20 cores, 62 GB RAM

RAxML-NG was called at 25-Dec-2022 18:31:24 as follows:

raxml-ng --msa /groups/pupko/alburquerque/RL/Tree_Data/data/All_sized/25667/masked_species_real_msa.phy --threads 1 --opt-branches on --opt-model --nofiles --tree rand{1} --redo off --model GTR{2.73633/11.74858/3.65237/0.00039/27.34609/1.00000}+I{0.631}+G{0.734}+F{0.33937/0.23516/0.21441/0.21106}

Analysis options:
  run mode: ML tree search
  start tree(s): random (1)
  random seed: 1671985884
  tip-inner: OFF
  pattern compression: ON
  per-rate scalers: OFF
  site repeats: ON
  fast spr radius: AUTO
  spr subtree cutoff: 1.000000
  branch lengths: proportional (ML estimate, algorithm: NR-FAST)
  SIMD kernels: AVX
  parallelization: coarse-grained (auto), NONE/sequential

WARNING: Running in REDO mode: existing checkpoints are ignored, and all result files will be overwritten!

[00:00:00] Reading alignment from file: /groups/pupko/alburquerque/RL/Tree_Data/data/All_sized/25667/masked_species_real_msa.phy
[00:00:00] Loaded alignment with 20 taxa and 695 sites

Alignment comprises 1 partitions and 165 patterns

Partition 0: noname
Model: GTR{2.73633/11.7486/3.65237/0.00039/27.3461/1}+FU{0.33937/0.23516/0.21441/0.21106}+IU{0.631}+G4m{0.734}
Alignment sites / patterns: 695 / 165
Gaps: 3.85 %
Invariant sites: 81.44 %


NOTE: Binary MSA file created: /groups/pupko/alburquerque/RL/Tree_Data/data/All_sized/25667/masked_species_real_msa.phy.raxml.rba

Parallelization scheme autoconfig: 1 worker(s) x 1 thread(s)

Parallel reduction/worker buffer size: 1 KB  / 0 KB

[00:00:00] Generating 1 random starting tree(s) with 20 taxa
[00:00:00] Data distribution: max. partitions/sites/weight per thread: 1 / 165 / 2640
[00:00:00] Data distribution: max. searches per worker: 1

Starting ML tree search with 1 distinct starting trees

[00:00:00 -2735.476510] Initial branch length optimization
[00:00:00 -2325.680744] Model parameter optimization (eps = 10.000000)
[00:00:00 -2324.097791] AUTODETECT spr round 1 (radius: 5)
[00:00:00 -2155.528419] AUTODETECT spr round 2 (radius: 10)
[00:00:00 -2155.525677] SPR radius for FAST iterations: 5 (autodetect)
[00:00:00 -2155.525677] Model parameter optimization (eps = 3.000000)
[00:00:00 -2155.525393] FAST spr round 1 (radius: 5)
[00:00:00 -2105.573716] FAST spr round 2 (radius: 5)
[00:00:00 -2104.582741] FAST spr round 3 (radius: 5)
[00:00:00 -2104.582733] Model parameter optimization (eps = 1.000000)
[00:00:00 -2104.582733] SLOW spr round 1 (radius: 5)
[00:00:00 -2104.582521] SLOW spr round 2 (radius: 10)
[00:00:00 -2104.582521] SLOW spr round 3 (radius: 15)
[00:00:00 -2104.582521] SLOW spr round 4 (radius: 20)
[00:00:00 -2104.582521] Model parameter optimization (eps = 0.100000)

[00:00:00] ML tree search #1, logLikelihood: -2104.582521


Optimized model parameters:

   Partition 0: noname
   Rate heterogeneity: GAMMA (4 cats, mean),  alpha: 0.734000 (user),  weights&rates: (0.250000,0.081460) (0.250000,0.379140) (0.250000,0.936844) (0.250000,2.602555) 
   P-inv (user): 0.631000
   Base frequencies (user): 0.339370 0.235160 0.214410 0.211060 
   Substitution rates (user): 2.736330 11.748580 3.652370 0.000390 27.346090 1.000000 


Final LogLikelihood: -2104.582521

AIC score: 4283.165042 / AICc score: 4287.445103 / BIC score: 4451.289781
Free parameters (model + branch lengths): 37

WARNING: Best ML tree contains 3 near-zero branches!

Best ML tree with collapsed near-zero branches saved to: /groups/pupko/alburquerque/RL/Tree_Data/data/All_sized/25667/masked_species_real_msa.phy.raxml.bestTreeCollapsed
Best ML tree saved to: /groups/pupko/alburquerque/RL/Tree_Data/data/All_sized/25667/masked_species_real_msa.phy.raxml.bestTree
Optimized model saved to: /groups/pupko/alburquerque/RL/Tree_Data/data/All_sized/25667/masked_species_real_msa.phy.raxml.bestModel

Execution log saved to: /groups/pupko/alburquerque/RL/Tree_Data/data/All_sized/25667/masked_species_real_msa.phy.raxml.log

Analysis started: 25-Dec-2022 18:31:24 / finished: 25-Dec-2022 18:31:25

Elapsed time: 0.690 seconds

