
RAxML-NG v. 1.1 released on 29.11.2021 by The Exelixis Lab.
Developed by: Alexey M. Kozlov and Alexandros Stamatakis.
Contributors: Diego Darriba, Tomas Flouri, Benoit Morel, Sarah Lutteropp, Ben Bettisworth.
Latest version: https://github.com/amkozlov/raxml-ng
Questions/problems/suggestions? Please visit: https://groups.google.com/forum/#!forum/raxml

System: Intel(R) Xeon(R) CPU E5-2670 v2 @ 2.50GHz, 20 cores, 62 GB RAM

RAxML-NG was called at 28-Feb-2023 11:12:56 as follows:

raxml-ng --msa /groups/pupko/alburquerque/RL/Tree_Data/data/All_sized/Dianella_2/masked_species_real_msa.phy --threads 1 --model GTR{1.01821/2.41845/0.48319/1.24088/3.32303/1.00000}+I{0.365}+G{0.353}+F{0.27327/0.19432/0.24305/0.28937} --tree /groups/pupko/alburquerque/RL/Tree_Data/data/All_sized/Dianella_2/Temp_start_tree_file_for_raxml_search.txt --redo

Analysis options:
  run mode: ML tree search
  start tree(s): user
  random seed: 1677575576
  tip-inner: OFF
  pattern compression: ON
  per-rate scalers: OFF
  site repeats: ON
  fast spr radius: AUTO
  spr subtree cutoff: 1.000000
  branch lengths: proportional (ML estimate, algorithm: NR-FAST)
  SIMD kernels: AVX
  parallelization: coarse-grained (auto), NONE/sequential

WARNING: Running in REDO mode: existing checkpoints are ignored, and all result files will be overwritten!

[00:00:00] Reading alignment from file: /groups/pupko/alburquerque/RL/Tree_Data/data/All_sized/Dianella_2/masked_species_real_msa.phy
[00:00:00] Loaded alignment with 7 taxa and 1347 sites

Alignment comprises 1 partitions and 54 patterns

Partition 0: noname
Model: GTR{1.01821/2.41845/0.48319/1.24088/3.32303/1}+FU{0.27327/0.19432/0.24305/0.28937}+IU{0.365}+G4m{0.353}
Alignment sites / patterns: 1347 / 54
Gaps: 8.82 %
Invariant sites: 90.87 %


NOTE: Binary MSA file created: /groups/pupko/alburquerque/RL/Tree_Data/data/All_sized/Dianella_2/masked_species_real_msa.phy.raxml.rba

Parallelization scheme autoconfig: 1 worker(s) x 1 thread(s)

Parallel reduction/worker buffer size: 1 KB  / 0 KB

[00:00:00] Loading user starting tree(s) from: /groups/pupko/alburquerque/RL/Tree_Data/data/All_sized/Dianella_2/Temp_start_tree_file_for_raxml_search.txt
[00:00:00] Data distribution: max. partitions/sites/weight per thread: 1 / 54 / 864
[00:00:00] Data distribution: max. searches per worker: 1

Starting ML tree search with 1 distinct starting trees

[00:00:00 -2932.985674] Initial branch length optimization
[00:00:00 -2521.756932] Model parameter optimization (eps = 10.000000)
[00:00:00 -2519.090966] AUTODETECT spr round 1 (radius: 5)
[00:00:00 -2510.091368] SPR radius for FAST iterations: 5 (autodetect)
[00:00:00 -2510.091368] Model parameter optimization (eps = 3.000000)
[00:00:00 -2510.091305] FAST spr round 1 (radius: 5)
[00:00:00 -2510.091304] Model parameter optimization (eps = 1.000000)
[00:00:00 -2510.091304] SLOW spr round 1 (radius: 5)
[00:00:00 -2510.091304] Model parameter optimization (eps = 0.100000)

[00:00:00] ML tree search #1, logLikelihood: -2510.091304


Optimized model parameters:

   Partition 0: noname
   Rate heterogeneity: GAMMA (4 cats, mean),  alpha: 0.353000 (user),  weights&rates: (0.250000,0.010558) (0.250000,0.145886) (0.250000,0.674968) (0.250000,3.168587) 
   P-inv (user): 0.365000
   Base frequencies (user): 0.273267 0.194318 0.243048 0.289367 
   Substitution rates (user): 1.018210 2.418450 0.483190 1.240880 3.323030 1.000000 


Final LogLikelihood: -2510.091304

AIC score: 5042.182608 / AICc score: 5042.380360 / BIC score: 5099.444595
Free parameters (model + branch lengths): 11

Best ML tree saved to: /groups/pupko/alburquerque/RL/Tree_Data/data/All_sized/Dianella_2/masked_species_real_msa.phy.raxml.bestTree
Optimized model saved to: /groups/pupko/alburquerque/RL/Tree_Data/data/All_sized/Dianella_2/masked_species_real_msa.phy.raxml.bestModel

Execution log saved to: /groups/pupko/alburquerque/RL/Tree_Data/data/All_sized/Dianella_2/masked_species_real_msa.phy.raxml.log

Analysis started: 28-Feb-2023 11:12:56 / finished: 28-Feb-2023 11:12:56

Elapsed time: 0.118 seconds

