
RAxML-NG v. 1.1 released on 29.11.2021 by The Exelixis Lab.
Developed by: Alexey M. Kozlov and Alexandros Stamatakis.
Contributors: Diego Darriba, Tomas Flouri, Benoit Morel, Sarah Lutteropp, Ben Bettisworth.
Latest version: https://github.com/amkozlov/raxml-ng
Questions/problems/suggestions? Please visit: https://groups.google.com/forum/#!forum/raxml

System: Intel(R) Xeon(R) CPU E5-2670 v2 @ 2.50GHz, 20 cores, 62 GB RAM

RAxML-NG was called at 01-Mar-2023 14:22:18 as follows:

raxml-ng --msa /groups/pupko/alburquerque/RL/Tree_Data/data/All_sized/820/masked_species_real_msa.phy --threads 1 --model GTR{1.03997/4.39395/2.60179/0.79463/7.09974/1.00000}+I{0.533}+G{0.518}+F{0.27587/0.18838/0.26233/0.27342} --tree /groups/pupko/alburquerque/RL/Tree_Data/data/All_sized/820/Temp_start_tree_file_for_raxml_search.txt --redo

Analysis options:
  run mode: ML tree search
  start tree(s): user
  random seed: 1677673338
  tip-inner: OFF
  pattern compression: ON
  per-rate scalers: OFF
  site repeats: ON
  fast spr radius: AUTO
  spr subtree cutoff: 1.000000
  branch lengths: proportional (ML estimate, algorithm: NR-FAST)
  SIMD kernels: AVX
  parallelization: coarse-grained (auto), NONE/sequential

WARNING: Running in REDO mode: existing checkpoints are ignored, and all result files will be overwritten!

[00:00:00] Reading alignment from file: /groups/pupko/alburquerque/RL/Tree_Data/data/All_sized/820/masked_species_real_msa.phy
[00:00:00] Loaded alignment with 15 taxa and 3553 sites

Alignment comprises 1 partitions and 894 patterns

Partition 0: noname
Model: GTR{1.03997/4.39395/2.60179/0.79463/7.09974/1}+FU{0.27587/0.18838/0.26233/0.27342}+IU{0.533}+G4m{0.518}
Alignment sites / patterns: 3553 / 894
Gaps: 5.85 %
Invariant sites: 75.68 %


NOTE: Binary MSA file created: /groups/pupko/alburquerque/RL/Tree_Data/data/All_sized/820/masked_species_real_msa.phy.raxml.rba

Parallelization scheme autoconfig: 1 worker(s) x 1 thread(s)

Parallel reduction/worker buffer size: 1 KB  / 0 KB

[00:00:00] Loading user starting tree(s) from: /groups/pupko/alburquerque/RL/Tree_Data/data/All_sized/820/Temp_start_tree_file_for_raxml_search.txt
[00:00:00] Data distribution: max. partitions/sites/weight per thread: 1 / 894 / 14304
[00:00:00] Data distribution: max. searches per worker: 1

Starting ML tree search with 1 distinct starting trees

[00:00:00 -14967.726608] Initial branch length optimization
[00:00:00 -13955.006206] Model parameter optimization (eps = 10.000000)
[00:00:00 -13952.465032] AUTODETECT spr round 1 (radius: 5)
[00:00:00 -13851.502867] AUTODETECT spr round 2 (radius: 10)
[00:00:00 -13837.156533] AUTODETECT spr round 3 (radius: 15)
[00:00:00 -13837.153021] SPR radius for FAST iterations: 10 (autodetect)
[00:00:00 -13837.153021] Model parameter optimization (eps = 3.000000)
[00:00:00 -13837.152818] FAST spr round 1 (radius: 10)
[00:00:00 -13782.978020] FAST spr round 2 (radius: 10)
[00:00:00 -13780.305475] FAST spr round 3 (radius: 10)
[00:00:01 -13780.305367] Model parameter optimization (eps = 1.000000)
[00:00:01 -13780.305366] SLOW spr round 1 (radius: 5)
[00:00:02 -13780.305366] SLOW spr round 2 (radius: 10)
[00:00:02 -13780.305366] SLOW spr round 3 (radius: 15)
[00:00:02 -13780.305366] Model parameter optimization (eps = 0.100000)

[00:00:02] ML tree search #1, logLikelihood: -13780.305366


Optimized model parameters:

   Partition 0: noname
   Rate heterogeneity: GAMMA (4 cats, mean),  alpha: 0.518000 (user),  weights&rates: (0.250000,0.036771) (0.250000,0.263504) (0.250000,0.832936) (0.250000,2.866789) 
   P-inv (user): 0.533000
   Base frequencies (user): 0.275870 0.188380 0.262330 0.273420 
   Substitution rates (user): 1.039970 4.393950 2.601790 0.794630 7.099740 1.000000 


Final LogLikelihood: -13780.305366

AIC score: 27614.610733 / AICc score: 27615.039669 / BIC score: 27781.350518
Free parameters (model + branch lengths): 27

Best ML tree saved to: /groups/pupko/alburquerque/RL/Tree_Data/data/All_sized/820/masked_species_real_msa.phy.raxml.bestTree
Optimized model saved to: /groups/pupko/alburquerque/RL/Tree_Data/data/All_sized/820/masked_species_real_msa.phy.raxml.bestModel

Execution log saved to: /groups/pupko/alburquerque/RL/Tree_Data/data/All_sized/820/masked_species_real_msa.phy.raxml.log

Analysis started: 01-Mar-2023 14:22:18 / finished: 01-Mar-2023 14:22:20

Elapsed time: 2.274 seconds

