
RAxML-NG v. 1.1 released on 29.11.2021 by The Exelixis Lab.
Developed by: Alexey M. Kozlov and Alexandros Stamatakis.
Contributors: Diego Darriba, Tomas Flouri, Benoit Morel, Sarah Lutteropp, Ben Bettisworth.
Latest version: https://github.com/amkozlov/raxml-ng
Questions/problems/suggestions? Please visit: https://groups.google.com/forum/#!forum/raxml

System: Intel(R) Xeon(R) CPU E5-2670 v2 @ 2.50GHz, 20 cores, 62 GB RAM

RAxML-NG was called at 25-Dec-2022 18:30:42 as follows:

raxml-ng --msa /groups/pupko/alburquerque/RL/Tree_Data/data/All_sized/201/masked_species_real_msa.phy --threads 1 --opt-branches on --opt-model --nofiles --tree rand{1} --redo off --model GTR{1.00000/1.00000/67391.31668/62185.25213/1.00000/1.00000}+I{0.714}+G{0.821}+F{0.51000/0.00990/0.00990/0.47020}

Analysis options:
  run mode: ML tree search
  start tree(s): random (1)
  random seed: 1671985842
  tip-inner: OFF
  pattern compression: ON
  per-rate scalers: OFF
  site repeats: ON
  fast spr radius: AUTO
  spr subtree cutoff: 1.000000
  branch lengths: proportional (ML estimate, algorithm: NR-FAST)
  SIMD kernels: AVX
  parallelization: coarse-grained (auto), NONE/sequential

WARNING: Running in REDO mode: existing checkpoints are ignored, and all result files will be overwritten!

[00:00:00] Reading alignment from file: /groups/pupko/alburquerque/RL/Tree_Data/data/All_sized/201/masked_species_real_msa.phy
[00:00:00] Loaded alignment with 20 taxa and 1398 sites

Alignment comprises 1 partitions and 154 patterns

Partition 0: noname
Model: GTR{1/1/67391.3/62185.3/1/1}+FU{0.51/0.0099/0.0099/0.4702}+IU{0.714}+G4m{0.821}
Alignment sites / patterns: 1398 / 154
Gaps: 1.76 %
Invariant sites: 86.27 %


NOTE: Binary MSA file created: /groups/pupko/alburquerque/RL/Tree_Data/data/All_sized/201/masked_species_real_msa.phy.raxml.rba

Parallelization scheme autoconfig: 1 worker(s) x 1 thread(s)

Parallel reduction/worker buffer size: 1 KB  / 0 KB

[00:00:00] Generating 1 random starting tree(s) with 20 taxa
[00:00:00] Data distribution: max. partitions/sites/weight per thread: 1 / 154 / 2464
[00:00:00] Data distribution: max. searches per worker: 1

Starting ML tree search with 1 distinct starting trees

[00:00:00 -3104.051872] Initial branch length optimization
[00:00:00 -2743.275053] Model parameter optimization (eps = 10.000000)
[00:00:00 -2741.396741] AUTODETECT spr round 1 (radius: 5)
[00:00:00 -2678.617093] AUTODETECT spr round 2 (radius: 10)
[00:00:00 -2677.824125] AUTODETECT spr round 3 (radius: 15)
[00:00:00 -2677.822932] SPR radius for FAST iterations: 10 (autodetect)
[00:00:00 -2677.822932] Model parameter optimization (eps = 3.000000)
[00:00:00 -2677.822920] FAST spr round 1 (radius: 10)
[00:00:00 -2672.772270] FAST spr round 2 (radius: 10)
[00:00:00 -2672.373675] FAST spr round 3 (radius: 10)
[00:00:00 -2672.373672] Model parameter optimization (eps = 1.000000)
[00:00:00 -2672.373672] SLOW spr round 1 (radius: 5)
[00:00:00 -2672.372539] SLOW spr round 2 (radius: 10)
[00:00:00 -2672.372539] SLOW spr round 3 (radius: 15)
[00:00:00 -2672.372539] SLOW spr round 4 (radius: 20)
[00:00:00 -2672.372539] Model parameter optimization (eps = 0.100000)

[00:00:00] ML tree search #1, logLikelihood: -2672.372539


Optimized model parameters:

   Partition 0: noname
   Rate heterogeneity: GAMMA (4 cats, mean),  alpha: 0.821000 (user),  weights&rates: (0.250000,0.100019) (0.250000,0.415453) (0.250000,0.962608) (0.250000,2.521920) 
   P-inv (user): 0.714000
   Base frequencies (user): 0.510000 0.009900 0.009900 0.470200 
   Substitution rates (user): 1.000000 1.000000 67391.316680 62185.252130 1.000000 1.000000 


Final LogLikelihood: -2672.372539

AIC score: 5418.745078 / AICc score: 5420.812725 / BIC score: 5612.728601
Free parameters (model + branch lengths): 37

WARNING: Best ML tree contains 2 near-zero branches!

Best ML tree with collapsed near-zero branches saved to: /groups/pupko/alburquerque/RL/Tree_Data/data/All_sized/201/masked_species_real_msa.phy.raxml.bestTreeCollapsed
Best ML tree saved to: /groups/pupko/alburquerque/RL/Tree_Data/data/All_sized/201/masked_species_real_msa.phy.raxml.bestTree
Optimized model saved to: /groups/pupko/alburquerque/RL/Tree_Data/data/All_sized/201/masked_species_real_msa.phy.raxml.bestModel

Execution log saved to: /groups/pupko/alburquerque/RL/Tree_Data/data/All_sized/201/masked_species_real_msa.phy.raxml.log

Analysis started: 25-Dec-2022 18:30:42 / finished: 25-Dec-2022 18:30:43

Elapsed time: 0.525 seconds

