
RAxML-NG v. 1.1 released on 29.11.2021 by The Exelixis Lab.
Developed by: Alexey M. Kozlov and Alexandros Stamatakis.
Contributors: Diego Darriba, Tomas Flouri, Benoit Morel, Sarah Lutteropp, Ben Bettisworth.
Latest version: https://github.com/amkozlov/raxml-ng
Questions/problems/suggestions? Please visit: https://groups.google.com/forum/#!forum/raxml

System: AMD Opteron(tm) Processor 6128, 16 cores, 117 GB RAM

RAxML-NG was called at 30-Nov-2022 16:46:29 as follows:

raxml-ng --msa /groups/pupko/alburquerque/RL/Tree_Data/data/All_sized/19588/masked_species_real_msa.phy --threads 1 --opt-branches on --opt-model --nofiles --tree rand{1} --redo off --model GTR{5.40551/15.65233/11.53304/2.63073/16.56781/1.00000}+I{0.000}+G{99.820}+F{0.20490/0.23532/0.30464/0.25514}

Analysis options:
  run mode: ML tree search
  start tree(s): random (1)
  random seed: 1669819589
  tip-inner: OFF
  pattern compression: ON
  per-rate scalers: OFF
  site repeats: ON
  fast spr radius: AUTO
  spr subtree cutoff: 1.000000
  branch lengths: proportional (ML estimate, algorithm: NR-FAST)
  SIMD kernels: SSE3
  parallelization: coarse-grained (auto), NONE/sequential

WARNING: Running in REDO mode: existing checkpoints are ignored, and all result files will be overwritten!

[00:00:00] Reading alignment from file: /groups/pupko/alburquerque/RL/Tree_Data/data/All_sized/19588/masked_species_real_msa.phy
[00:00:00] Loaded alignment with 12 taxa and 187 sites

Alignment comprises 1 partitions and 32 patterns

Partition 0: noname
Model: GTR{5.40551/15.6523/11.533/2.63073/16.5678/1}+FU{0.2049/0.23532/0.30464/0.25514}+IU{0}+G4m{99.82}
Alignment sites / patterns: 187 / 32
Gaps: 33.38 %
Invariant sites: 83.96 %


NOTE: Binary MSA file created: /groups/pupko/alburquerque/RL/Tree_Data/data/All_sized/19588/masked_species_real_msa.phy.raxml.rba

Parallelization scheme autoconfig: 1 worker(s) x 1 thread(s)

Parallel reduction/worker buffer size: 1 KB  / 0 KB

[00:00:00] Generating 1 random starting tree(s) with 12 taxa
[00:00:00] Data distribution: max. partitions/sites/weight per thread: 1 / 32 / 512
[00:00:00] Data distribution: max. searches per worker: 1

Starting ML tree search with 1 distinct starting trees

[00:00:00 -614.208044] Initial branch length optimization
[00:00:00 -447.497304] Model parameter optimization (eps = 10.000000)
[00:00:00 -447.409589] AUTODETECT spr round 1 (radius: 5)
[00:00:00 -425.066291] AUTODETECT spr round 2 (radius: 10)
[00:00:00 -425.066291] SPR radius for FAST iterations: 5 (autodetect)
[00:00:00 -425.066291] Model parameter optimization (eps = 3.000000)
[00:00:00 -425.066291] FAST spr round 1 (radius: 5)
[00:00:00 -421.742457] FAST spr round 2 (radius: 5)
[00:00:00 -421.742457] Model parameter optimization (eps = 1.000000)
[00:00:00 -421.742457] SLOW spr round 1 (radius: 5)
[00:00:00 -421.742455] SLOW spr round 2 (radius: 10)
[00:00:00 -421.742455] Model parameter optimization (eps = 0.100000)

[00:00:00] ML tree search #1, logLikelihood: -421.742455


Optimized model parameters:

   Partition 0: noname
   Rate heterogeneity: GAMMA (4 cats, mean),  alpha: 99.820000 (user),  weights&rates: (0.250000,0.875797) (0.250000,0.964705) (0.250000,1.029573) (0.250000,1.129925) 
   P-inv (user): 0.000000
   Base frequencies (user): 0.204900 0.235320 0.304640 0.255140 
   Substitution rates (user): 5.405510 15.652330 11.533040 2.630730 16.567810 1.000000 


Final LogLikelihood: -421.742455

AIC score: 885.484910 / AICc score: 891.084910 / BIC score: 953.338191
Free parameters (model + branch lengths): 21

WARNING: Best ML tree contains 6 near-zero branches!

Best ML tree with collapsed near-zero branches saved to: /groups/pupko/alburquerque/RL/Tree_Data/data/All_sized/19588/masked_species_real_msa.phy.raxml.bestTreeCollapsed
Best ML tree saved to: /groups/pupko/alburquerque/RL/Tree_Data/data/All_sized/19588/masked_species_real_msa.phy.raxml.bestTree
Optimized model saved to: /groups/pupko/alburquerque/RL/Tree_Data/data/All_sized/19588/masked_species_real_msa.phy.raxml.bestModel

Execution log saved to: /groups/pupko/alburquerque/RL/Tree_Data/data/All_sized/19588/masked_species_real_msa.phy.raxml.log

Analysis started: 30-Nov-2022 16:46:29 / finished: 30-Nov-2022 16:46:30

Elapsed time: 0.206 seconds

