
RAxML-NG v. 1.1 released on 29.11.2021 by The Exelixis Lab.
Developed by: Alexey M. Kozlov and Alexandros Stamatakis.
Contributors: Diego Darriba, Tomas Flouri, Benoit Morel, Sarah Lutteropp, Ben Bettisworth.
Latest version: https://github.com/amkozlov/raxml-ng
Questions/problems/suggestions? Please visit: https://groups.google.com/forum/#!forum/raxml

System: Intel(R) Xeon(R) CPU E5-2670 v2 @ 2.50GHz, 20 cores, 62 GB RAM

RAxML-NG was called at 13-Feb-2023 17:17:40 as follows:

raxml-ng --msa /groups/pupko/alburquerque/RL/Tree_Data/data/All_sized/36993/masked_species_real_msa.phy --threads 1 --model GTR{1.32856/6.88909/1.13405/0.77530/7.20947/1.00000}+I{0.000}+G{0.580}+F{0.32091/0.21321/0.21482/0.25105} --tree /groups/pupko/alburquerque/RL/Tree_Data/data/All_sized/36993/Temp_start_tree_file_for_raxml_search.txt --redo

Analysis options:
  run mode: ML tree search
  start tree(s): user
  random seed: 1676301460
  tip-inner: OFF
  pattern compression: ON
  per-rate scalers: OFF
  site repeats: ON
  fast spr radius: AUTO
  spr subtree cutoff: 1.000000
  branch lengths: proportional (ML estimate, algorithm: NR-FAST)
  SIMD kernels: AVX
  parallelization: coarse-grained (auto), NONE/sequential

WARNING: Running in REDO mode: existing checkpoints are ignored, and all result files will be overwritten!

[00:00:00] Reading alignment from file: /groups/pupko/alburquerque/RL/Tree_Data/data/All_sized/36993/masked_species_real_msa.phy
[00:00:00] Loaded alignment with 20 taxa and 276 sites

WARNING: Sequences Sp002 and Sp015 are exactly identical!
WARNING: Sequences Sp003 and Sp004 are exactly identical!
WARNING: Duplicate sequences found: 2

NOTE: Reduced alignment (with duplicates and gap-only sites/taxa removed) 
NOTE: was saved to: /groups/pupko/alburquerque/RL/Tree_Data/data/All_sized/36993/masked_species_real_msa.phy.raxml.reduced.phy

Alignment comprises 1 partitions and 155 patterns

Partition 0: noname
Model: GTR{1.32856/6.88909/1.13405/0.7753/7.20947/1}+FU{0.32091/0.21321/0.21482/0.25105}+IU{0}+G4m{0.58}
Alignment sites / patterns: 276 / 155
Gaps: 2.16 %
Invariant sites: 33.70 %


NOTE: Binary MSA file created: /groups/pupko/alburquerque/RL/Tree_Data/data/All_sized/36993/masked_species_real_msa.phy.raxml.rba

Parallelization scheme autoconfig: 1 worker(s) x 1 thread(s)

Parallel reduction/worker buffer size: 1 KB  / 0 KB

[00:00:00] Loading user starting tree(s) from: /groups/pupko/alburquerque/RL/Tree_Data/data/All_sized/36993/Temp_start_tree_file_for_raxml_search.txt
[00:00:00] Data distribution: max. partitions/sites/weight per thread: 1 / 155 / 2480
[00:00:00] Data distribution: max. searches per worker: 1

Starting ML tree search with 1 distinct starting trees

[00:00:00 -2667.867420] Initial branch length optimization
[00:00:00 -1630.050956] Model parameter optimization (eps = 10.000000)
[00:00:00 -1629.924675] AUTODETECT spr round 1 (radius: 5)
[00:00:00 -1565.226700] AUTODETECT spr round 2 (radius: 10)
[00:00:00 -1513.934832] AUTODETECT spr round 3 (radius: 15)
[00:00:00 -1513.886048] SPR radius for FAST iterations: 10 (autodetect)
[00:00:00 -1513.886048] Model parameter optimization (eps = 3.000000)
[00:00:00 -1513.873952] FAST spr round 1 (radius: 10)
[00:00:00 -1501.533093] FAST spr round 2 (radius: 10)
[00:00:00 -1501.532724] Model parameter optimization (eps = 1.000000)
[00:00:00 -1501.532710] SLOW spr round 1 (radius: 5)
[00:00:00 -1500.833156] SLOW spr round 2 (radius: 5)
[00:00:00 -1500.833105] SLOW spr round 3 (radius: 10)
[00:00:00 -1500.833065] SLOW spr round 4 (radius: 15)
[00:00:00 -1500.833028] SLOW spr round 5 (radius: 20)
[00:00:00 -1500.832994] Model parameter optimization (eps = 0.100000)

[00:00:00] ML tree search #1, logLikelihood: -1500.832978


Optimized model parameters:

   Partition 0: noname
   Rate heterogeneity: GAMMA (4 cats, mean),  alpha: 0.580000 (user),  weights&rates: (0.250000,0.049011) (0.250000,0.300971) (0.250000,0.870762) (0.250000,2.779256) 
   P-inv (user): 0.000000
   Base frequencies (user): 0.320913 0.213212 0.214822 0.251053 
   Substitution rates (user): 1.328560 6.889090 1.134050 0.775300 7.209470 1.000000 


Final LogLikelihood: -1500.832978

AIC score: 3075.665956 / AICc score: 3087.481082 / BIC score: 3209.620788
Free parameters (model + branch lengths): 37

WARNING: Best ML tree contains 8 near-zero branches!

Best ML tree with collapsed near-zero branches saved to: /groups/pupko/alburquerque/RL/Tree_Data/data/All_sized/36993/masked_species_real_msa.phy.raxml.bestTreeCollapsed
Best ML tree saved to: /groups/pupko/alburquerque/RL/Tree_Data/data/All_sized/36993/masked_species_real_msa.phy.raxml.bestTree
Optimized model saved to: /groups/pupko/alburquerque/RL/Tree_Data/data/All_sized/36993/masked_species_real_msa.phy.raxml.bestModel

Execution log saved to: /groups/pupko/alburquerque/RL/Tree_Data/data/All_sized/36993/masked_species_real_msa.phy.raxml.log

Analysis started: 13-Feb-2023 17:17:40 / finished: 13-Feb-2023 17:17:41

Elapsed time: 0.643 seconds

