
RAxML-NG v. 1.1 released on 29.11.2021 by The Exelixis Lab.
Developed by: Alexey M. Kozlov and Alexandros Stamatakis.
Contributors: Diego Darriba, Tomas Flouri, Benoit Morel, Sarah Lutteropp, Ben Bettisworth.
Latest version: https://github.com/amkozlov/raxml-ng
Questions/problems/suggestions? Please visit: https://groups.google.com/forum/#!forum/raxml

System: Intel(R) Xeon(R) CPU E5-2670 v2 @ 2.50GHz, 20 cores, 62 GB RAM

RAxML-NG was called at 27-Feb-2023 00:21:35 as follows:

raxml-ng --msa /groups/pupko/alburquerque/RL/Tree_Data/data/All_sized/13381/masked_species_real_msa.phy --threads 1 --model GTR{0.59216/3.07573/1.17744/0.53309/7.72046/1.00000}+I{0.512}+G{0.753}+F{0.26999/0.19845/0.28606/0.24549} --tree /groups/pupko/alburquerque/RL/Tree_Data/data/All_sized/13381/Temp_start_tree_file_for_raxml_search.txt --redo

Analysis options:
  run mode: ML tree search
  start tree(s): user
  random seed: 1677450095
  tip-inner: OFF
  pattern compression: ON
  per-rate scalers: OFF
  site repeats: ON
  fast spr radius: AUTO
  spr subtree cutoff: 1.000000
  branch lengths: proportional (ML estimate, algorithm: NR-FAST)
  SIMD kernels: AVX
  parallelization: coarse-grained (auto), NONE/sequential

WARNING: Running in REDO mode: existing checkpoints are ignored, and all result files will be overwritten!

[00:00:00] Reading alignment from file: /groups/pupko/alburquerque/RL/Tree_Data/data/All_sized/13381/masked_species_real_msa.phy
[00:00:00] Loaded alignment with 7 taxa and 1727 sites

Alignment comprises 1 partitions and 145 patterns

Partition 0: noname
Model: GTR{0.59216/3.07573/1.17744/0.53309/7.72046/1}+FU{0.26999/0.19845/0.28606/0.24549}+IU{0.512}+G4m{0.753}
Alignment sites / patterns: 1727 / 145
Gaps: 24.01 %
Invariant sites: 89.11 %


NOTE: Binary MSA file created: /groups/pupko/alburquerque/RL/Tree_Data/data/All_sized/13381/masked_species_real_msa.phy.raxml.rba

Parallelization scheme autoconfig: 1 worker(s) x 1 thread(s)

Parallel reduction/worker buffer size: 1 KB  / 0 KB

[00:00:00] Loading user starting tree(s) from: /groups/pupko/alburquerque/RL/Tree_Data/data/All_sized/13381/Temp_start_tree_file_for_raxml_search.txt
[00:00:00] Data distribution: max. partitions/sites/weight per thread: 1 / 145 / 2320
[00:00:00] Data distribution: max. searches per worker: 1

Starting ML tree search with 1 distinct starting trees

[00:00:00 -3922.898910] Initial branch length optimization
[00:00:00 -3706.325633] Model parameter optimization (eps = 10.000000)
[00:00:00 -3706.310072] AUTODETECT spr round 1 (radius: 5)
[00:00:00 -3696.615390] SPR radius for FAST iterations: 5 (autodetect)
[00:00:00 -3696.615390] Model parameter optimization (eps = 3.000000)
[00:00:00 -3696.614134] FAST spr round 1 (radius: 5)
[00:00:00 -3696.614100] Model parameter optimization (eps = 1.000000)
[00:00:00 -3696.614100] SLOW spr round 1 (radius: 5)
[00:00:00 -3696.614100] Model parameter optimization (eps = 0.100000)

[00:00:00] ML tree search #1, logLikelihood: -3696.614100


Optimized model parameters:

   Partition 0: noname
   Rate heterogeneity: GAMMA (4 cats, mean),  alpha: 0.753000 (user),  weights&rates: (0.250000,0.085526) (0.250000,0.387500) (0.250000,0.943030) (0.250000,2.583944) 
   P-inv (user): 0.512000
   Base frequencies (user): 0.269993 0.198452 0.286063 0.245492 
   Substitution rates (user): 0.592160 3.075730 1.177440 0.533090 7.720460 1.000000 


Final LogLikelihood: -3696.614100

AIC score: 7415.228201 / AICc score: 7415.382137 / BIC score: 7475.223753
Free parameters (model + branch lengths): 11

Best ML tree saved to: /groups/pupko/alburquerque/RL/Tree_Data/data/All_sized/13381/masked_species_real_msa.phy.raxml.bestTree
Optimized model saved to: /groups/pupko/alburquerque/RL/Tree_Data/data/All_sized/13381/masked_species_real_msa.phy.raxml.bestModel

Execution log saved to: /groups/pupko/alburquerque/RL/Tree_Data/data/All_sized/13381/masked_species_real_msa.phy.raxml.log

Analysis started: 27-Feb-2023 00:21:35 / finished: 27-Feb-2023 00:21:36

Elapsed time: 0.158 seconds

