
RAxML-NG v. 1.1 released on 29.11.2021 by The Exelixis Lab.
Developed by: Alexey M. Kozlov and Alexandros Stamatakis.
Contributors: Diego Darriba, Tomas Flouri, Benoit Morel, Sarah Lutteropp, Ben Bettisworth.
Latest version: https://github.com/amkozlov/raxml-ng
Questions/problems/suggestions? Please visit: https://groups.google.com/forum/#!forum/raxml

System: Intel(R) Xeon(R) CPU E5-2670 v2 @ 2.50GHz, 20 cores, 62 GB RAM

RAxML-NG was called at 27-Feb-2023 00:22:40 as follows:

raxml-ng --msa /groups/pupko/alburquerque/RL/Tree_Data/data/All_sized/23381/masked_species_real_msa.phy --threads 1 --model GTR{1.14391/2.20708/0.71840/1.14682/2.84007/1.00000}+I{0.175}+G{2.639}+F{0.28572/0.18247/0.24353/0.28827} --tree /groups/pupko/alburquerque/RL/Tree_Data/data/All_sized/23381/Temp_start_tree_file_for_raxml_search.txt --redo

Analysis options:
  run mode: ML tree search
  start tree(s): user
  random seed: 1677450160
  tip-inner: OFF
  pattern compression: ON
  per-rate scalers: OFF
  site repeats: ON
  fast spr radius: AUTO
  spr subtree cutoff: 1.000000
  branch lengths: proportional (ML estimate, algorithm: NR-FAST)
  SIMD kernels: AVX
  parallelization: coarse-grained (auto), NONE/sequential

WARNING: Running in REDO mode: existing checkpoints are ignored, and all result files will be overwritten!

[00:00:00] Reading alignment from file: /groups/pupko/alburquerque/RL/Tree_Data/data/All_sized/23381/masked_species_real_msa.phy
[00:00:00] Loaded alignment with 7 taxa and 962 sites

Alignment comprises 1 partitions and 245 patterns

Partition 0: noname
Model: GTR{1.14391/2.20708/0.7184/1.14682/2.84007/1}+FU{0.28572/0.18247/0.24353/0.28827}+IU{0.175}+G4m{2.639}
Alignment sites / patterns: 962 / 245
Gaps: 11.55 %
Invariant sites: 67.05 %


NOTE: Binary MSA file created: /groups/pupko/alburquerque/RL/Tree_Data/data/All_sized/23381/masked_species_real_msa.phy.raxml.rba

Parallelization scheme autoconfig: 1 worker(s) x 1 thread(s)

Parallel reduction/worker buffer size: 1 KB  / 0 KB

[00:00:00] Loading user starting tree(s) from: /groups/pupko/alburquerque/RL/Tree_Data/data/All_sized/23381/Temp_start_tree_file_for_raxml_search.txt
[00:00:00] Data distribution: max. partitions/sites/weight per thread: 1 / 245 / 3920
[00:00:00] Data distribution: max. searches per worker: 1

Starting ML tree search with 1 distinct starting trees

[00:00:00 -3648.137704] Initial branch length optimization
[00:00:00 -3285.702731] Model parameter optimization (eps = 10.000000)
[00:00:00 -3285.598572] AUTODETECT spr round 1 (radius: 5)
[00:00:00 -3046.950279] SPR radius for FAST iterations: 5 (autodetect)
[00:00:00 -3046.950279] Model parameter optimization (eps = 3.000000)
[00:00:00 -3046.950221] FAST spr round 1 (radius: 5)
[00:00:00 -3046.950220] Model parameter optimization (eps = 1.000000)
[00:00:00 -3046.950220] SLOW spr round 1 (radius: 5)
[00:00:00 -3046.950220] Model parameter optimization (eps = 0.100000)

[00:00:00] ML tree search #1, logLikelihood: -3046.950220


Optimized model parameters:

   Partition 0: noname
   Rate heterogeneity: GAMMA (4 cats, mean),  alpha: 2.639000 (user),  weights&rates: (0.250000,0.359251) (0.250000,0.709355) (0.250000,1.080044) (0.250000,1.851350) 
   P-inv (user): 0.175000
   Base frequencies (user): 0.285723 0.182472 0.243532 0.288273 
   Substitution rates (user): 1.143910 2.207080 0.718400 1.146820 2.840070 1.000000 


Final LogLikelihood: -3046.950220

AIC score: 6115.900441 / AICc score: 6116.178336 / BIC score: 6169.459600
Free parameters (model + branch lengths): 11

Best ML tree saved to: /groups/pupko/alburquerque/RL/Tree_Data/data/All_sized/23381/masked_species_real_msa.phy.raxml.bestTree
Optimized model saved to: /groups/pupko/alburquerque/RL/Tree_Data/data/All_sized/23381/masked_species_real_msa.phy.raxml.bestModel

Execution log saved to: /groups/pupko/alburquerque/RL/Tree_Data/data/All_sized/23381/masked_species_real_msa.phy.raxml.log

Analysis started: 27-Feb-2023 00:22:40 / finished: 27-Feb-2023 00:22:40

Elapsed time: 0.100 seconds

