
RAxML-NG v. 1.1 released on 29.11.2021 by The Exelixis Lab.
Developed by: Alexey M. Kozlov and Alexandros Stamatakis.
Contributors: Diego Darriba, Tomas Flouri, Benoit Morel, Sarah Lutteropp, Ben Bettisworth.
Latest version: https://github.com/amkozlov/raxml-ng
Questions/problems/suggestions? Please visit: https://groups.google.com/forum/#!forum/raxml

System: Intel(R) Xeon(R) CPU E5-2670 v2 @ 2.50GHz, 20 cores, 62 GB RAM

RAxML-NG was called at 01-Mar-2023 20:18:17 as follows:

raxml-ng --msa /groups/pupko/alburquerque/RL/Tree_Data/data/All_sized/2143/masked_species_real_msa.phy --threads 1 --model GTR{0.57034/4.27298/1.69044/0.25977/11.46493/1.00000}+I{0.534}+G{1.166}+F{0.28450/0.35055/0.13063/0.23433} --tree /groups/pupko/alburquerque/RL/Tree_Data/data/All_sized/2143/Temp_start_tree_file_for_raxml_search.txt --redo

Analysis options:
  run mode: ML tree search
  start tree(s): user
  random seed: 1677694697
  tip-inner: OFF
  pattern compression: ON
  per-rate scalers: OFF
  site repeats: ON
  fast spr radius: AUTO
  spr subtree cutoff: 1.000000
  branch lengths: proportional (ML estimate, algorithm: NR-FAST)
  SIMD kernels: AVX
  parallelization: coarse-grained (auto), NONE/sequential

WARNING: Running in REDO mode: existing checkpoints are ignored, and all result files will be overwritten!

[00:00:00] Reading alignment from file: /groups/pupko/alburquerque/RL/Tree_Data/data/All_sized/2143/masked_species_real_msa.phy
[00:00:00] Loaded alignment with 12 taxa and 672 sites

Alignment comprises 1 partitions and 247 patterns

Partition 0: noname
Model: GTR{0.57034/4.27298/1.69044/0.25977/11.4649/1}+FU{0.2845/0.35055/0.13063/0.23433}+IU{0.534}+G4m{1.166}
Alignment sites / patterns: 672 / 247
Gaps: 0.43 %
Invariant sites: 61.01 %


NOTE: Binary MSA file created: /groups/pupko/alburquerque/RL/Tree_Data/data/All_sized/2143/masked_species_real_msa.phy.raxml.rba

Parallelization scheme autoconfig: 1 worker(s) x 1 thread(s)

Parallel reduction/worker buffer size: 1 KB  / 0 KB

[00:00:00] Loading user starting tree(s) from: /groups/pupko/alburquerque/RL/Tree_Data/data/All_sized/2143/Temp_start_tree_file_for_raxml_search.txt
[00:00:00] Data distribution: max. partitions/sites/weight per thread: 1 / 247 / 3952
[00:00:00] Data distribution: max. searches per worker: 1

Starting ML tree search with 1 distinct starting trees

[00:00:00 -3942.606725] Initial branch length optimization
[00:00:00 -3740.986283] Model parameter optimization (eps = 10.000000)
[00:00:00 -3740.437364] AUTODETECT spr round 1 (radius: 5)
[00:00:00 -3600.435628] AUTODETECT spr round 2 (radius: 10)
[00:00:00 -3600.428775] SPR radius for FAST iterations: 5 (autodetect)
[00:00:00 -3600.428775] Model parameter optimization (eps = 3.000000)
[00:00:00 -3600.427947] FAST spr round 1 (radius: 5)
[00:00:00 -3596.391326] FAST spr round 2 (radius: 5)
[00:00:00 -3596.391319] Model parameter optimization (eps = 1.000000)
[00:00:00 -3596.391319] SLOW spr round 1 (radius: 5)
[00:00:00 -3596.391282] SLOW spr round 2 (radius: 10)
[00:00:00 -3596.391282] Model parameter optimization (eps = 0.100000)

[00:00:00] ML tree search #1, logLikelihood: -3596.391282


Optimized model parameters:

   Partition 0: noname
   Rate heterogeneity: GAMMA (4 cats, mean),  alpha: 1.166000 (user),  weights&rates: (0.250000,0.168838) (0.250000,0.521532) (0.250000,1.022855) (0.250000,2.286775) 
   P-inv (user): 0.534000
   Base frequencies (user): 0.284497 0.350546 0.130629 0.234328 
   Substitution rates (user): 0.570340 4.272980 1.690440 0.259770 11.464930 1.000000 


Final LogLikelihood: -3596.391282

AIC score: 7234.782563 / AICc score: 7236.204102 / BIC score: 7329.497989
Free parameters (model + branch lengths): 21

WARNING: Best ML tree contains 1 near-zero branches!

Best ML tree with collapsed near-zero branches saved to: /groups/pupko/alburquerque/RL/Tree_Data/data/All_sized/2143/masked_species_real_msa.phy.raxml.bestTreeCollapsed
Best ML tree saved to: /groups/pupko/alburquerque/RL/Tree_Data/data/All_sized/2143/masked_species_real_msa.phy.raxml.bestTree
Optimized model saved to: /groups/pupko/alburquerque/RL/Tree_Data/data/All_sized/2143/masked_species_real_msa.phy.raxml.bestModel

Execution log saved to: /groups/pupko/alburquerque/RL/Tree_Data/data/All_sized/2143/masked_species_real_msa.phy.raxml.log

Analysis started: 01-Mar-2023 20:18:17 / finished: 01-Mar-2023 20:18:17

Elapsed time: 0.405 seconds

