
RAxML-NG v. 1.1 released on 29.11.2021 by The Exelixis Lab.
Developed by: Alexey M. Kozlov and Alexandros Stamatakis.
Contributors: Diego Darriba, Tomas Flouri, Benoit Morel, Sarah Lutteropp, Ben Bettisworth.
Latest version: https://github.com/amkozlov/raxml-ng
Questions/problems/suggestions? Please visit: https://groups.google.com/forum/#!forum/raxml

System: Intel(R) Xeon(R) CPU E5-2680 v3 @ 2.50GHz, 24 cores, 125 GB RAM

RAxML-NG was called at 01-Mar-2023 15:37:38 as follows:

raxml-ng --msa /groups/pupko/alburquerque/RL/Tree_Data/data/All_sized/38329/masked_species_real_msa.phy --threads 1 --model GTR{2408.64888/5111.22557/2579.35030/1.00000/1661.56899/1.00000}+I{0.630}+G{0.02}+F{0.25931/0.24988/0.22814/0.26267} --tree /groups/pupko/alburquerque/RL/Tree_Data/data/All_sized/38329/Temp_start_tree_file_for_raxml_search.txt --redo

Analysis options:
  run mode: ML tree search
  start tree(s): user
  random seed: 1677677858
  tip-inner: OFF
  pattern compression: ON
  per-rate scalers: OFF
  site repeats: ON
  fast spr radius: AUTO
  spr subtree cutoff: 1.000000
  branch lengths: proportional (ML estimate, algorithm: NR-FAST)
  SIMD kernels: AVX2
  parallelization: coarse-grained (auto), NONE/sequential

WARNING: Running in REDO mode: existing checkpoints are ignored, and all result files will be overwritten!

[00:00:00] Reading alignment from file: /groups/pupko/alburquerque/RL/Tree_Data/data/All_sized/38329/masked_species_real_msa.phy
[00:00:00] Loaded alignment with 15 taxa and 435 sites

WARNING: Sequences Sp000 and Sp001 are exactly identical!
WARNING: Sequences Sp002 and Sp003 are exactly identical!
WARNING: Sequences Sp005 and Sp008 are exactly identical!
WARNING: Sequences Sp006 and Sp007 are exactly identical!
WARNING: Sequences Sp009 and Sp010 are exactly identical!
WARNING: Duplicate sequences found: 5

NOTE: Reduced alignment (with duplicates and gap-only sites/taxa removed) 
NOTE: was saved to: /groups/pupko/alburquerque/RL/Tree_Data/data/All_sized/38329/masked_species_real_msa.phy.raxml.reduced.phy

Alignment comprises 1 partitions and 23 patterns

Partition 0: noname
Model: GTR{2408.65/5111.23/2579.35/1/1661.57/1}+FU{0.25931/0.24988/0.22814/0.26267}+IU{0.63}+G4m{0.02}
Alignment sites / patterns: 435 / 23
Gaps: 3.22 %
Invariant sites: 97.47 %


NOTE: Binary MSA file created: /groups/pupko/alburquerque/RL/Tree_Data/data/All_sized/38329/masked_species_real_msa.phy.raxml.rba

Parallelization scheme autoconfig: 1 worker(s) x 1 thread(s)

Parallel reduction/worker buffer size: 1 KB  / 0 KB

[00:00:00] Loading user starting tree(s) from: /groups/pupko/alburquerque/RL/Tree_Data/data/All_sized/38329/Temp_start_tree_file_for_raxml_search.txt
[00:00:00] Data distribution: max. partitions/sites/weight per thread: 1 / 23 / 368
[00:00:00] Data distribution: max. searches per worker: 1

Starting ML tree search with 1 distinct starting trees

[00:00:00 -850.622814] Initial branch length optimization
[00:00:00 -727.661056] Model parameter optimization (eps = 10.000000)
[00:00:00 -726.981080] AUTODETECT spr round 1 (radius: 5)
[00:00:00 -692.280952] AUTODETECT spr round 2 (radius: 10)
[00:00:00 -692.280941] SPR radius for FAST iterations: 5 (autodetect)
[00:00:00 -692.280941] Model parameter optimization (eps = 3.000000)
[00:00:00 -692.280941] FAST spr round 1 (radius: 5)
[00:00:00 -690.163191] FAST spr round 2 (radius: 5)
[00:00:00 -690.163189] Model parameter optimization (eps = 1.000000)
[00:00:00 -690.163189] SLOW spr round 1 (radius: 5)
[00:00:00 -690.163163] SLOW spr round 2 (radius: 10)
[00:00:00 -690.163163] SLOW spr round 3 (radius: 15)
[00:00:00 -690.163163] Model parameter optimization (eps = 0.100000)

[00:00:00] ML tree search #1, logLikelihood: -690.163163


Optimized model parameters:

   Partition 0: noname
   Rate heterogeneity: GAMMA (4 cats, mean),  alpha: 0.020000 (user),  weights&rates: (0.250000,0.000000) (0.250000,0.000000) (0.250000,0.000001) (0.250000,3.999999) 
   P-inv (user): 0.630000
   Base frequencies (user): 0.259310 0.249880 0.228140 0.262670 
   Substitution rates (user): 2408.648880 5111.225570 2579.350300 1.000000 1661.568990 1.000000 


Final LogLikelihood: -690.163163

AIC score: 1434.326326 / AICc score: 1438.041314 / BIC score: 1544.360669
Free parameters (model + branch lengths): 27

WARNING: Best ML tree contains 8 near-zero branches!

Best ML tree with collapsed near-zero branches saved to: /groups/pupko/alburquerque/RL/Tree_Data/data/All_sized/38329/masked_species_real_msa.phy.raxml.bestTreeCollapsed
Best ML tree saved to: /groups/pupko/alburquerque/RL/Tree_Data/data/All_sized/38329/masked_species_real_msa.phy.raxml.bestTree
Optimized model saved to: /groups/pupko/alburquerque/RL/Tree_Data/data/All_sized/38329/masked_species_real_msa.phy.raxml.bestModel

Execution log saved to: /groups/pupko/alburquerque/RL/Tree_Data/data/All_sized/38329/masked_species_real_msa.phy.raxml.log

Analysis started: 01-Mar-2023 15:37:38 / finished: 01-Mar-2023 15:37:38

Elapsed time: 0.096 seconds

