
RAxML-NG v. 1.1 released on 29.11.2021 by The Exelixis Lab.
Developed by: Alexey M. Kozlov and Alexandros Stamatakis.
Contributors: Diego Darriba, Tomas Flouri, Benoit Morel, Sarah Lutteropp, Ben Bettisworth.
Latest version: https://github.com/amkozlov/raxml-ng
Questions/problems/suggestions? Please visit: https://groups.google.com/forum/#!forum/raxml

System: Intel(R) Xeon(R) CPU E5-2670 v2 @ 2.50GHz, 20 cores, 62 GB RAM

RAxML-NG was called at 27-Feb-2023 22:35:45 as follows:

raxml-ng --msa /groups/pupko/alburquerque/RL/Tree_Data/data/All_sized/2584/masked_species_real_msa.phy --threads 1 --model GTR{1.14024/1.58336/1.09603/1.14179/2.14023/1.00000}+I{0.000}+G{1.069}+F{0.26482/0.20012/0.22824/0.30682} --tree /groups/pupko/alburquerque/RL/Tree_Data/data/All_sized/2584/Temp_start_tree_file_for_raxml_search.txt --redo

Analysis options:
  run mode: ML tree search
  start tree(s): user
  random seed: 1677530145
  tip-inner: OFF
  pattern compression: ON
  per-rate scalers: OFF
  site repeats: ON
  fast spr radius: AUTO
  spr subtree cutoff: 1.000000
  branch lengths: proportional (ML estimate, algorithm: NR-FAST)
  SIMD kernels: AVX
  parallelization: coarse-grained (auto), NONE/sequential

WARNING: Running in REDO mode: existing checkpoints are ignored, and all result files will be overwritten!

[00:00:00] Reading alignment from file: /groups/pupko/alburquerque/RL/Tree_Data/data/All_sized/2584/masked_species_real_msa.phy
[00:00:00] Loaded alignment with 15 taxa and 805 sites

WARNING: Sequences Sp007 and Sp008 are exactly identical!
WARNING: Sequences Sp007 and Sp011 are exactly identical!
WARNING: Duplicate sequences found: 2

NOTE: Reduced alignment (with duplicates and gap-only sites/taxa removed) 
NOTE: was saved to: /groups/pupko/alburquerque/RL/Tree_Data/data/All_sized/2584/masked_species_real_msa.phy.raxml.reduced.phy

Alignment comprises 1 partitions and 327 patterns

Partition 0: noname
Model: GTR{1.14024/1.58336/1.09603/1.14179/2.14023/1}+FU{0.26482/0.20012/0.22824/0.30682}+IU{0}+G4m{1.069}
Alignment sites / patterns: 805 / 327
Gaps: 14.34 %
Invariant sites: 51.93 %


NOTE: Binary MSA file created: /groups/pupko/alburquerque/RL/Tree_Data/data/All_sized/2584/masked_species_real_msa.phy.raxml.rba

Parallelization scheme autoconfig: 1 worker(s) x 1 thread(s)

Parallel reduction/worker buffer size: 1 KB  / 0 KB

[00:00:00] Loading user starting tree(s) from: /groups/pupko/alburquerque/RL/Tree_Data/data/All_sized/2584/Temp_start_tree_file_for_raxml_search.txt
[00:00:00] Data distribution: max. partitions/sites/weight per thread: 1 / 327 / 5232
[00:00:00] Data distribution: max. searches per worker: 1

Starting ML tree search with 1 distinct starting trees

[00:00:00 -5418.428890] Initial branch length optimization
[00:00:00 -3900.891920] Model parameter optimization (eps = 10.000000)
[00:00:00 -3900.839735] AUTODETECT spr round 1 (radius: 5)
[00:00:00 -3254.762449] AUTODETECT spr round 2 (radius: 10)
[00:00:00 -3252.306834] AUTODETECT spr round 3 (radius: 15)
[00:00:00 -3252.306405] SPR radius for FAST iterations: 10 (autodetect)
[00:00:00 -3252.306405] Model parameter optimization (eps = 3.000000)
[00:00:00 -3252.306396] FAST spr round 1 (radius: 10)
[00:00:00 -3246.258307] FAST spr round 2 (radius: 10)
[00:00:00 -3246.258155] Model parameter optimization (eps = 1.000000)
[00:00:00 -3246.258150] SLOW spr round 1 (radius: 5)
[00:00:01 -3246.257933] SLOW spr round 2 (radius: 10)
[00:00:01 -3246.257933] SLOW spr round 3 (radius: 15)
[00:00:01 -3246.257933] Model parameter optimization (eps = 0.100000)

[00:00:01] ML tree search #1, logLikelihood: -3246.257933


Optimized model parameters:

   Partition 0: noname
   Rate heterogeneity: GAMMA (4 cats, mean),  alpha: 1.069000 (user),  weights&rates: (0.250000,0.150512) (0.250000,0.496552) (0.250000,1.010554) (0.250000,2.342382) 
   P-inv (user): 0.000000
   Base frequencies (user): 0.264820 0.200120 0.228240 0.306820 
   Substitution rates (user): 1.140240 1.583360 1.096030 1.141790 2.140230 1.000000 


Final LogLikelihood: -3246.257933

AIC score: 6546.515865 / AICc score: 6548.461811 / BIC score: 6673.168607
Free parameters (model + branch lengths): 27

WARNING: Best ML tree contains 4 near-zero branches!

Best ML tree with collapsed near-zero branches saved to: /groups/pupko/alburquerque/RL/Tree_Data/data/All_sized/2584/masked_species_real_msa.phy.raxml.bestTreeCollapsed
Best ML tree saved to: /groups/pupko/alburquerque/RL/Tree_Data/data/All_sized/2584/masked_species_real_msa.phy.raxml.bestTree
Optimized model saved to: /groups/pupko/alburquerque/RL/Tree_Data/data/All_sized/2584/masked_species_real_msa.phy.raxml.bestModel

Execution log saved to: /groups/pupko/alburquerque/RL/Tree_Data/data/All_sized/2584/masked_species_real_msa.phy.raxml.log

Analysis started: 27-Feb-2023 22:35:45 / finished: 27-Feb-2023 22:35:46

Elapsed time: 1.321 seconds

