
RAxML-NG v. 1.1 released on 29.11.2021 by The Exelixis Lab.
Developed by: Alexey M. Kozlov and Alexandros Stamatakis.
Contributors: Diego Darriba, Tomas Flouri, Benoit Morel, Sarah Lutteropp, Ben Bettisworth.
Latest version: https://github.com/amkozlov/raxml-ng
Questions/problems/suggestions? Please visit: https://groups.google.com/forum/#!forum/raxml

System: Intel(R) Xeon(R) CPU E5-2670 v2 @ 2.50GHz, 20 cores, 62 GB RAM

RAxML-NG was called at 25-Dec-2022 18:30:44 as follows:

raxml-ng --msa /groups/pupko/alburquerque/RL/Tree_Data/data/All_sized/1539/masked_species_real_msa.phy --threads 1 --opt-branches on --opt-model --nofiles --tree rand{1} --redo off --model GTR{0.57364/0.78106/0.12888/0.79282/1.22911/1.00000}+I{0.732}+G{0.709}+F{0.33156/0.17316/0.13493/0.36034}

Analysis options:
  run mode: ML tree search
  start tree(s): random (1)
  random seed: 1671985844
  tip-inner: OFF
  pattern compression: ON
  per-rate scalers: OFF
  site repeats: ON
  fast spr radius: AUTO
  spr subtree cutoff: 1.000000
  branch lengths: proportional (ML estimate, algorithm: NR-FAST)
  SIMD kernels: AVX
  parallelization: coarse-grained (auto), NONE/sequential

WARNING: Running in REDO mode: existing checkpoints are ignored, and all result files will be overwritten!

[00:00:00] Reading alignment from file: /groups/pupko/alburquerque/RL/Tree_Data/data/All_sized/1539/masked_species_real_msa.phy
[00:00:00] Loaded alignment with 20 taxa and 1129 sites

Alignment comprises 1 partitions and 60 patterns

Partition 0: noname
Model: GTR{0.57364/0.78106/0.12888/0.79282/1.22911/1}+FU{0.33156/0.17316/0.13493/0.36034}+IU{0.732}+G4m{0.709}
Alignment sites / patterns: 1129 / 60
Gaps: 3.76 %
Invariant sites: 96.63 %


NOTE: Binary MSA file created: /groups/pupko/alburquerque/RL/Tree_Data/data/All_sized/1539/masked_species_real_msa.phy.raxml.rba

Parallelization scheme autoconfig: 1 worker(s) x 1 thread(s)

Parallel reduction/worker buffer size: 1 KB  / 0 KB

[00:00:00] Generating 1 random starting tree(s) with 20 taxa
[00:00:00] Data distribution: max. partitions/sites/weight per thread: 1 / 60 / 960
[00:00:00] Data distribution: max. searches per worker: 1

Starting ML tree search with 1 distinct starting trees

[00:00:00 -2281.315852] Initial branch length optimization
[00:00:00 -2047.359766] Model parameter optimization (eps = 10.000000)
[00:00:00 -2047.275630] AUTODETECT spr round 1 (radius: 5)
[00:00:00 -1822.750311] AUTODETECT spr round 2 (radius: 10)
[00:00:00 -1822.750267] SPR radius for FAST iterations: 5 (autodetect)
[00:00:00 -1822.750267] Model parameter optimization (eps = 3.000000)
[00:00:00 -1822.750266] FAST spr round 1 (radius: 5)
[00:00:00 -1817.155867] FAST spr round 2 (radius: 5)
[00:00:00 -1817.155865] Model parameter optimization (eps = 1.000000)
[00:00:00 -1817.155865] SLOW spr round 1 (radius: 5)
[00:00:00 -1817.155864] SLOW spr round 2 (radius: 10)
[00:00:00 -1817.155864] SLOW spr round 3 (radius: 15)
[00:00:00 -1817.155864] SLOW spr round 4 (radius: 20)
[00:00:00 -1817.155864] Model parameter optimization (eps = 0.100000)

[00:00:00] ML tree search #1, logLikelihood: -1817.155864


Optimized model parameters:

   Partition 0: noname
   Rate heterogeneity: GAMMA (4 cats, mean),  alpha: 0.709000 (user),  weights&rates: (0.250000,0.076112) (0.250000,0.367746) (0.250000,0.928158) (0.250000,2.627984) 
   P-inv (user): 0.732000
   Base frequencies (user): 0.331563 0.173162 0.134931 0.360344 
   Substitution rates (user): 0.573640 0.781060 0.128880 0.792820 1.229110 1.000000 


Final LogLikelihood: -1817.155864

AIC score: 3708.311728 / AICc score: 3710.889180 / BIC score: 3894.387968
Free parameters (model + branch lengths): 37

WARNING: Best ML tree contains 6 near-zero branches!

Best ML tree with collapsed near-zero branches saved to: /groups/pupko/alburquerque/RL/Tree_Data/data/All_sized/1539/masked_species_real_msa.phy.raxml.bestTreeCollapsed
Best ML tree saved to: /groups/pupko/alburquerque/RL/Tree_Data/data/All_sized/1539/masked_species_real_msa.phy.raxml.bestTree
Optimized model saved to: /groups/pupko/alburquerque/RL/Tree_Data/data/All_sized/1539/masked_species_real_msa.phy.raxml.bestModel

Execution log saved to: /groups/pupko/alburquerque/RL/Tree_Data/data/All_sized/1539/masked_species_real_msa.phy.raxml.log

Analysis started: 25-Dec-2022 18:30:44 / finished: 25-Dec-2022 18:30:45

Elapsed time: 0.211 seconds

