
RAxML-NG v. 1.1 released on 29.11.2021 by The Exelixis Lab.
Developed by: Alexey M. Kozlov and Alexandros Stamatakis.
Contributors: Diego Darriba, Tomas Flouri, Benoit Morel, Sarah Lutteropp, Ben Bettisworth.
Latest version: https://github.com/amkozlov/raxml-ng
Questions/problems/suggestions? Please visit: https://groups.google.com/forum/#!forum/raxml

System: Intel(R) Xeon(R) CPU E5-2670 v2 @ 2.50GHz, 20 cores, 62 GB RAM

RAxML-NG was called at 25-Dec-2022 18:30:33 as follows:

raxml-ng --msa /groups/pupko/alburquerque/RL/Tree_Data/data/All_sized/1273/masked_species_real_msa.phy --threads 1 --opt-branches on --opt-model --nofiles --tree rand{1} --redo off --model GTR{1.32119/1.86151/1.61803/1.07637/5.74335/1.00000}+I{0.241}+G{0.662}+F{0.19969/0.23935/0.27740/0.28356}

Analysis options:
  run mode: ML tree search
  start tree(s): random (1)
  random seed: 1671985833
  tip-inner: OFF
  pattern compression: ON
  per-rate scalers: OFF
  site repeats: ON
  fast spr radius: AUTO
  spr subtree cutoff: 1.000000
  branch lengths: proportional (ML estimate, algorithm: NR-FAST)
  SIMD kernels: AVX
  parallelization: coarse-grained (auto), NONE/sequential

WARNING: Running in REDO mode: existing checkpoints are ignored, and all result files will be overwritten!

[00:00:00] Reading alignment from file: /groups/pupko/alburquerque/RL/Tree_Data/data/All_sized/1273/masked_species_real_msa.phy
[00:00:00] Loaded alignment with 20 taxa and 900 sites

WARNING: Sequences Sp007 and Sp013 are exactly identical!
WARNING: Duplicate sequences found: 1

NOTE: Reduced alignment (with duplicates and gap-only sites/taxa removed) 
NOTE: was saved to: /groups/pupko/alburquerque/RL/Tree_Data/data/All_sized/1273/masked_species_real_msa.phy.raxml.reduced.phy

Alignment comprises 1 partitions and 162 patterns

Partition 0: noname
Model: GTR{1.32119/1.86151/1.61803/1.07637/5.74335/1}+FU{0.19969/0.23935/0.2774/0.28356}+IU{0.241}+G4m{0.662}
Alignment sites / patterns: 900 / 162
Gaps: 14.27 %
Invariant sites: 80.56 %


NOTE: Binary MSA file created: /groups/pupko/alburquerque/RL/Tree_Data/data/All_sized/1273/masked_species_real_msa.phy.raxml.rba

Parallelization scheme autoconfig: 1 worker(s) x 1 thread(s)

Parallel reduction/worker buffer size: 1 KB  / 0 KB

[00:00:00] Generating 1 random starting tree(s) with 20 taxa
[00:00:00] Data distribution: max. partitions/sites/weight per thread: 1 / 162 / 2592
[00:00:00] Data distribution: max. searches per worker: 1

Starting ML tree search with 1 distinct starting trees

[00:00:00 -4244.625580] Initial branch length optimization
[00:00:00 -3445.238199] Model parameter optimization (eps = 10.000000)
[00:00:00 -3445.063612] AUTODETECT spr round 1 (radius: 5)
[00:00:00 -2260.593477] AUTODETECT spr round 2 (radius: 10)
[00:00:00 -2260.592749] SPR radius for FAST iterations: 5 (autodetect)
[00:00:00 -2260.592749] Model parameter optimization (eps = 3.000000)
[00:00:00 -2260.592734] FAST spr round 1 (radius: 5)
[00:00:00 -2217.396922] FAST spr round 2 (radius: 5)
[00:00:00 -2217.396742] Model parameter optimization (eps = 1.000000)
[00:00:00 -2217.396742] SLOW spr round 1 (radius: 5)
[00:00:00 -2217.396735] SLOW spr round 2 (radius: 10)
[00:00:00 -2217.396735] SLOW spr round 3 (radius: 15)
[00:00:00 -2217.396735] SLOW spr round 4 (radius: 20)
[00:00:00 -2217.396735] Model parameter optimization (eps = 0.100000)

[00:00:00] ML tree search #1, logLikelihood: -2217.396735


Optimized model parameters:

   Partition 0: noname
   Rate heterogeneity: GAMMA (4 cats, mean),  alpha: 0.662000 (user),  weights&rates: (0.250000,0.066097) (0.250000,0.345035) (0.250000,0.909930) (0.250000,2.678938) 
   P-inv (user): 0.241000
   Base frequencies (user): 0.199690 0.239350 0.277400 0.283560 
   Substitution rates (user): 1.321190 1.861510 1.618030 1.076370 5.743350 1.000000 


Final LogLikelihood: -2217.396735

AIC score: 4508.793469 / AICc score: 4512.055650 / BIC score: 4686.482076
Free parameters (model + branch lengths): 37

WARNING: Best ML tree contains 7 near-zero branches!

Best ML tree with collapsed near-zero branches saved to: /groups/pupko/alburquerque/RL/Tree_Data/data/All_sized/1273/masked_species_real_msa.phy.raxml.bestTreeCollapsed
Best ML tree saved to: /groups/pupko/alburquerque/RL/Tree_Data/data/All_sized/1273/masked_species_real_msa.phy.raxml.bestTree
Optimized model saved to: /groups/pupko/alburquerque/RL/Tree_Data/data/All_sized/1273/masked_species_real_msa.phy.raxml.bestModel

Execution log saved to: /groups/pupko/alburquerque/RL/Tree_Data/data/All_sized/1273/masked_species_real_msa.phy.raxml.log

Analysis started: 25-Dec-2022 18:30:33 / finished: 25-Dec-2022 18:30:34

Elapsed time: 0.342 seconds

