
RAxML-NG v. 1.1 released on 29.11.2021 by The Exelixis Lab.
Developed by: Alexey M. Kozlov and Alexandros Stamatakis.
Contributors: Diego Darriba, Tomas Flouri, Benoit Morel, Sarah Lutteropp, Ben Bettisworth.
Latest version: https://github.com/amkozlov/raxml-ng
Questions/problems/suggestions? Please visit: https://groups.google.com/forum/#!forum/raxml

System: Intel(R) Xeon(R) CPU E5-2680 v3 @ 2.50GHz, 24 cores, 125 GB RAM

RAxML-NG was called at 09-Feb-2023 06:41:57 as follows:

raxml-ng --msa /groups/pupko/alburquerque/RL/Tree_Data/data/All_sized/24364/masked_species_real_msa.phy --threads 1 --model GTR{1.22529/0.00072/1.96462/0.94370/1.98835/1.00000}+I{0.202}+G{99.828}+F{0.34732/0.22123/0.22019/0.21126} --tree /groups/pupko/alburquerque/RL/Tree_Data/data/All_sized/24364/Temp_start_tree_file_for_raxml_search.txt --redo

Analysis options:
  run mode: ML tree search
  start tree(s): user
  random seed: 1675917717
  tip-inner: OFF
  pattern compression: ON
  per-rate scalers: OFF
  site repeats: ON
  fast spr radius: AUTO
  spr subtree cutoff: 1.000000
  branch lengths: proportional (ML estimate, algorithm: NR-FAST)
  SIMD kernels: AVX2
  parallelization: coarse-grained (auto), NONE/sequential

WARNING: Running in REDO mode: existing checkpoints are ignored, and all result files will be overwritten!

[00:00:00] Reading alignment from file: /groups/pupko/alburquerque/RL/Tree_Data/data/All_sized/24364/masked_species_real_msa.phy
[00:00:00] Loaded alignment with 7 taxa and 554 sites

WARNING: Sequences Sp001 and Sp002 are exactly identical!
WARNING: Sequences Sp001 and Sp003 are exactly identical!
WARNING: Sequences Sp001 and Sp004 are exactly identical!
WARNING: Sequences Sp001 and Sp005 are exactly identical!
WARNING: Sequences Sp001 and Sp006 are exactly identical!
WARNING: Duplicate sequences found: 5

NOTE: Reduced alignment (with duplicates and gap-only sites/taxa removed) 
NOTE: was saved to: /groups/pupko/alburquerque/RL/Tree_Data/data/All_sized/24364/masked_species_real_msa.phy.raxml.reduced.phy

Alignment comprises 1 partitions and 17 patterns

Partition 0: noname
Model: GTR{1.22529/0.00072/1.96462/0.9437/1.98835/1}+FU{0.34732/0.22123/0.22019/0.21126}+IU{0.202}+G4m{99.828}
Alignment sites / patterns: 554 / 17
Gaps: 1.70 %
Invariant sites: 98.38 %


NOTE: Binary MSA file created: /groups/pupko/alburquerque/RL/Tree_Data/data/All_sized/24364/masked_species_real_msa.phy.raxml.rba

Parallelization scheme autoconfig: 1 worker(s) x 1 thread(s)

Parallel reduction/worker buffer size: 1 KB  / 0 KB

[00:00:00] Loading user starting tree(s) from: /groups/pupko/alburquerque/RL/Tree_Data/data/All_sized/24364/Temp_start_tree_file_for_raxml_search.txt
[00:00:00] Data distribution: max. partitions/sites/weight per thread: 1 / 17 / 272
[00:00:00] Data distribution: max. searches per worker: 1

Starting ML tree search with 1 distinct starting trees

[00:00:00 -1251.644576] Initial branch length optimization
[00:00:00 -807.340835] Model parameter optimization (eps = 10.000000)
[00:00:00 -807.340835] AUTODETECT spr round 1 (radius: 5)
[00:00:00 -807.340835] SPR radius for FAST iterations: 5 (autodetect)
[00:00:00 -807.340835] Model parameter optimization (eps = 3.000000)
[00:00:00 -807.340835] FAST spr round 1 (radius: 5)
[00:00:00 -807.340835] Model parameter optimization (eps = 1.000000)
[00:00:00 -807.340835] SLOW spr round 1 (radius: 5)
[00:00:00 -807.340835] Model parameter optimization (eps = 0.100000)

[00:00:00] ML tree search #1, logLikelihood: -807.340835


Optimized model parameters:

   Partition 0: noname
   Rate heterogeneity: GAMMA (4 cats, mean),  alpha: 99.828000 (user),  weights&rates: (0.250000,0.875802) (0.250000,0.964706) (0.250000,1.029572) (0.250000,1.129920) 
   P-inv (user): 0.202000
   Base frequencies (user): 0.347320 0.221230 0.220190 0.211260 
   Substitution rates (user): 1.225290 0.000720 1.964620 0.943700 1.988350 1.000000 


Final LogLikelihood: -807.340835

AIC score: 1636.681670 / AICc score: 1637.168755 / BIC score: 1684.170481
Free parameters (model + branch lengths): 11

WARNING: Best ML tree contains 4 near-zero branches!

Best ML tree with collapsed near-zero branches saved to: /groups/pupko/alburquerque/RL/Tree_Data/data/All_sized/24364/masked_species_real_msa.phy.raxml.bestTreeCollapsed
Best ML tree saved to: /groups/pupko/alburquerque/RL/Tree_Data/data/All_sized/24364/masked_species_real_msa.phy.raxml.bestTree
Optimized model saved to: /groups/pupko/alburquerque/RL/Tree_Data/data/All_sized/24364/masked_species_real_msa.phy.raxml.bestModel

Execution log saved to: /groups/pupko/alburquerque/RL/Tree_Data/data/All_sized/24364/masked_species_real_msa.phy.raxml.log

Analysis started: 09-Feb-2023 06:41:57 / finished: 09-Feb-2023 06:41:57

Elapsed time: 0.050 seconds

