
RAxML-NG v. 1.1 released on 29.11.2021 by The Exelixis Lab.
Developed by: Alexey M. Kozlov and Alexandros Stamatakis.
Contributors: Diego Darriba, Tomas Flouri, Benoit Morel, Sarah Lutteropp, Ben Bettisworth.
Latest version: https://github.com/amkozlov/raxml-ng
Questions/problems/suggestions? Please visit: https://groups.google.com/forum/#!forum/raxml

System: Intel(R) Xeon(R) CPU E5-2670 v2 @ 2.50GHz, 20 cores, 62 GB RAM

RAxML-NG was called at 25-Dec-2022 18:30:28 as follows:

raxml-ng --msa /groups/pupko/alburquerque/RL/Tree_Data/data/All_sized/37862/masked_species_real_msa.phy --threads 1 --opt-branches on --opt-model --nofiles --tree rand{1} --redo off --model GTR{0.39627/1.45178/0.23927/0.57974/2.17766/1.00000}+I{0.783}+G{0.682}+F{0.27663/0.25366/0.20710/0.26261}

Analysis options:
  run mode: ML tree search
  start tree(s): random (1)
  random seed: 1671985828
  tip-inner: OFF
  pattern compression: ON
  per-rate scalers: OFF
  site repeats: ON
  fast spr radius: AUTO
  spr subtree cutoff: 1.000000
  branch lengths: proportional (ML estimate, algorithm: NR-FAST)
  SIMD kernels: AVX
  parallelization: coarse-grained (auto), NONE/sequential

WARNING: Running in REDO mode: existing checkpoints are ignored, and all result files will be overwritten!

[00:00:00] Reading alignment from file: /groups/pupko/alburquerque/RL/Tree_Data/data/All_sized/37862/masked_species_real_msa.phy
[00:00:00] Loaded alignment with 20 taxa and 1362 sites

WARNING: Sequences Sp000 and Sp008 are exactly identical!
WARNING: Sequences Sp004 and Sp006 are exactly identical!
WARNING: Sequences Sp018 and Sp019 are exactly identical!
WARNING: Duplicate sequences found: 3

NOTE: Reduced alignment (with duplicates and gap-only sites/taxa removed) 
NOTE: was saved to: /groups/pupko/alburquerque/RL/Tree_Data/data/All_sized/37862/masked_species_real_msa.phy.raxml.reduced.phy

Alignment comprises 1 partitions and 64 patterns

Partition 0: noname
Model: GTR{0.39627/1.45178/0.23927/0.57974/2.17766/1}+FU{0.27663/0.25366/0.2071/0.26261}+IU{0.783}+G4m{0.682}
Alignment sites / patterns: 1362 / 64
Gaps: 1.29 %
Invariant sites: 95.23 %


NOTE: Binary MSA file created: /groups/pupko/alburquerque/RL/Tree_Data/data/All_sized/37862/masked_species_real_msa.phy.raxml.rba

Parallelization scheme autoconfig: 1 worker(s) x 1 thread(s)

Parallel reduction/worker buffer size: 1 KB  / 0 KB

[00:00:00] Generating 1 random starting tree(s) with 20 taxa
[00:00:00] Data distribution: max. partitions/sites/weight per thread: 1 / 64 / 1024
[00:00:00] Data distribution: max. searches per worker: 1

Starting ML tree search with 1 distinct starting trees

[00:00:00 -3476.733582] Initial branch length optimization
[00:00:00 -2982.965220] Model parameter optimization (eps = 10.000000)
[00:00:00 -2977.684283] AUTODETECT spr round 1 (radius: 5)
[00:00:00 -2397.798009] AUTODETECT spr round 2 (radius: 10)
[00:00:00 -2389.680095] AUTODETECT spr round 3 (radius: 15)
[00:00:00 -2389.680092] SPR radius for FAST iterations: 10 (autodetect)
[00:00:00 -2389.680092] Model parameter optimization (eps = 3.000000)
[00:00:00 -2389.680092] FAST spr round 1 (radius: 10)
[00:00:00 -2375.194886] FAST spr round 2 (radius: 10)
[00:00:00 -2375.126125] Model parameter optimization (eps = 1.000000)
[00:00:00 -2375.126113] SLOW spr round 1 (radius: 5)
[00:00:00 -2375.125986] SLOW spr round 2 (radius: 10)
[00:00:00 -2373.924204] SLOW spr round 3 (radius: 5)
[00:00:00 -2373.924203] SLOW spr round 4 (radius: 10)
[00:00:00 -2373.924203] SLOW spr round 5 (radius: 15)
[00:00:00 -2373.924203] SLOW spr round 6 (radius: 20)
[00:00:00 -2373.924203] Model parameter optimization (eps = 0.100000)

[00:00:00] ML tree search #1, logLikelihood: -2373.924203


Optimized model parameters:

   Partition 0: noname
   Rate heterogeneity: GAMMA (4 cats, mean),  alpha: 0.682000 (user),  weights&rates: (0.250000,0.070348) (0.250000,0.354912) (0.250000,0.918011) (0.250000,2.656729) 
   P-inv (user): 0.783000
   Base frequencies (user): 0.276630 0.253660 0.207100 0.262610 
   Substitution rates (user): 0.396270 1.451780 0.239270 0.579740 2.177660 1.000000 


Final LogLikelihood: -2373.924203

AIC score: 4821.848406 / AICc score: 4823.972273 / BIC score: 5014.866657
Free parameters (model + branch lengths): 37

WARNING: Best ML tree contains 8 near-zero branches!

Best ML tree with collapsed near-zero branches saved to: /groups/pupko/alburquerque/RL/Tree_Data/data/All_sized/37862/masked_species_real_msa.phy.raxml.bestTreeCollapsed
Best ML tree saved to: /groups/pupko/alburquerque/RL/Tree_Data/data/All_sized/37862/masked_species_real_msa.phy.raxml.bestTree
Optimized model saved to: /groups/pupko/alburquerque/RL/Tree_Data/data/All_sized/37862/masked_species_real_msa.phy.raxml.bestModel

Execution log saved to: /groups/pupko/alburquerque/RL/Tree_Data/data/All_sized/37862/masked_species_real_msa.phy.raxml.log

Analysis started: 25-Dec-2022 18:30:28 / finished: 25-Dec-2022 18:30:28

Elapsed time: 0.341 seconds

