
RAxML-NG v. 1.1 released on 29.11.2021 by The Exelixis Lab.
Developed by: Alexey M. Kozlov and Alexandros Stamatakis.
Contributors: Diego Darriba, Tomas Flouri, Benoit Morel, Sarah Lutteropp, Ben Bettisworth.
Latest version: https://github.com/amkozlov/raxml-ng
Questions/problems/suggestions? Please visit: https://groups.google.com/forum/#!forum/raxml

System: AMD Opteron(tm) Processor 6128, 16 cores, 117 GB RAM

RAxML-NG was called at 30-Nov-2022 16:47:10 as follows:

raxml-ng --msa /groups/pupko/alburquerque/RL/Tree_Data/data/All_sized/723/masked_species_real_msa.phy --threads 1 --opt-branches on --opt-model --nofiles --tree rand{1} --redo off --model GTR{3.04820/6.41804/2.55686/0.14426/6.29209/1.00000}+I{0.351}+G{0.024}+F{0.17288/0.30526/0.32115/0.20071}

Analysis options:
  run mode: ML tree search
  start tree(s): random (1)
  random seed: 1669819630
  tip-inner: OFF
  pattern compression: ON
  per-rate scalers: OFF
  site repeats: ON
  fast spr radius: AUTO
  spr subtree cutoff: 1.000000
  branch lengths: proportional (ML estimate, algorithm: NR-FAST)
  SIMD kernels: SSE3
  parallelization: coarse-grained (auto), NONE/sequential

WARNING: Running in REDO mode: existing checkpoints are ignored, and all result files will be overwritten!

[00:00:00] Reading alignment from file: /groups/pupko/alburquerque/RL/Tree_Data/data/All_sized/723/masked_species_real_msa.phy
[00:00:00] Loaded alignment with 12 taxa and 1910 sites

WARNING: Sequences Sp005 and Sp006 are exactly identical!
WARNING: Duplicate sequences found: 1

NOTE: Reduced alignment (with duplicates and gap-only sites/taxa removed) 
NOTE: was saved to: /groups/pupko/alburquerque/RL/Tree_Data/data/All_sized/723/masked_species_real_msa.phy.raxml.reduced.phy

Alignment comprises 1 partitions and 89 patterns

Partition 0: noname
Model: GTR{3.0482/6.41804/2.55686/0.14426/6.29209/1}+FU{0.17288/0.30526/0.32115/0.20071}+IU{0.351}+G4m{0.024}
Alignment sites / patterns: 1910 / 89
Gaps: 5.27 %
Invariant sites: 96.86 %


NOTE: Binary MSA file created: /groups/pupko/alburquerque/RL/Tree_Data/data/All_sized/723/masked_species_real_msa.phy.raxml.rba

Parallelization scheme autoconfig: 1 worker(s) x 1 thread(s)

Parallel reduction/worker buffer size: 1 KB  / 0 KB

[00:00:00] Generating 1 random starting tree(s) with 12 taxa
[00:00:00] Data distribution: max. partitions/sites/weight per thread: 1 / 89 / 1424
[00:00:00] Data distribution: max. searches per worker: 1

Starting ML tree search with 1 distinct starting trees

[00:00:00 -3694.176286] Initial branch length optimization
[00:00:00 -3337.266681] Model parameter optimization (eps = 10.000000)
[00:00:00 -3337.179058] AUTODETECT spr round 1 (radius: 5)
[00:00:00 -3046.772475] AUTODETECT spr round 2 (radius: 10)
[00:00:00 -3046.772453] SPR radius for FAST iterations: 5 (autodetect)
[00:00:00 -3046.772453] Model parameter optimization (eps = 3.000000)
[00:00:00 -3046.772453] FAST spr round 1 (radius: 5)
[00:00:00 -3046.540967] FAST spr round 2 (radius: 5)
[00:00:00 -3046.540967] Model parameter optimization (eps = 1.000000)
[00:00:00 -3046.540967] SLOW spr round 1 (radius: 5)
[00:00:00 -3046.540967] SLOW spr round 2 (radius: 10)
[00:00:00 -3046.540967] Model parameter optimization (eps = 0.100000)

[00:00:00] ML tree search #1, logLikelihood: -3046.540967


Optimized model parameters:

   Partition 0: noname
   Rate heterogeneity: GAMMA (4 cats, mean),  alpha: 0.024000 (user),  weights&rates: (0.250000,0.000000) (0.250000,0.000000) (0.250000,0.000010) (0.250000,3.999990) 
   P-inv (user): 0.351000
   Base frequencies (user): 0.172880 0.305260 0.321150 0.200710 
   Substitution rates (user): 3.048200 6.418040 2.556860 0.144260 6.292090 1.000000 


Final LogLikelihood: -3046.540967

AIC score: 6135.081934 / AICc score: 6135.571341 / BIC score: 6251.733963
Free parameters (model + branch lengths): 21

WARNING: Best ML tree contains 2 near-zero branches!

Best ML tree with collapsed near-zero branches saved to: /groups/pupko/alburquerque/RL/Tree_Data/data/All_sized/723/masked_species_real_msa.phy.raxml.bestTreeCollapsed
Best ML tree saved to: /groups/pupko/alburquerque/RL/Tree_Data/data/All_sized/723/masked_species_real_msa.phy.raxml.bestTree
Optimized model saved to: /groups/pupko/alburquerque/RL/Tree_Data/data/All_sized/723/masked_species_real_msa.phy.raxml.bestModel

Execution log saved to: /groups/pupko/alburquerque/RL/Tree_Data/data/All_sized/723/masked_species_real_msa.phy.raxml.log

Analysis started: 30-Nov-2022 16:47:10 / finished: 30-Nov-2022 16:47:10

Elapsed time: 0.413 seconds

