
RAxML-NG v. 1.1 released on 29.11.2021 by The Exelixis Lab.
Developed by: Alexey M. Kozlov and Alexandros Stamatakis.
Contributors: Diego Darriba, Tomas Flouri, Benoit Morel, Sarah Lutteropp, Ben Bettisworth.
Latest version: https://github.com/amkozlov/raxml-ng
Questions/problems/suggestions? Please visit: https://groups.google.com/forum/#!forum/raxml

System: Intel(R) Xeon(R) Gold 6230 CPU @ 2.10GHz, 1 cores, 31 GB RAM

RAxML-NG was called at 28-Dec-2022 15:00:55 as follows:

raxml-ng --msa /groups/pupko/alburquerque/RL/Tree_Data/data/All_sized/14175/masked_species_real_msa.phy --threads 1 --opt-branches on --opt-model --nofiles --tree rand{1} --redo off --model GTR{0.59576/1.39171/1.22562/0.40129/2.93629/1.00000}+I{0.318}+G{1.848}+F{0.21348/0.30548/0.27486/0.20618}

Analysis options:
  run mode: ML tree search
  start tree(s): random (1)
  random seed: 1672232455
  tip-inner: OFF
  pattern compression: ON
  per-rate scalers: OFF
  site repeats: ON
  fast spr radius: AUTO
  spr subtree cutoff: 1.000000
  branch lengths: proportional (ML estimate, algorithm: NR-FAST)
  SIMD kernels: AVX2
  parallelization: coarse-grained (auto), NONE/sequential

WARNING: Running in REDO mode: existing checkpoints are ignored, and all result files will be overwritten!

[00:00:00] Reading alignment from file: /groups/pupko/alburquerque/RL/Tree_Data/data/All_sized/14175/masked_species_real_msa.phy
[00:00:00] Loaded alignment with 20 taxa and 691 sites

Alignment comprises 1 partitions and 373 patterns

Partition 0: noname
Model: GTR{0.59576/1.39171/1.22562/0.40129/2.93629/1}+FU{0.21348/0.30548/0.27486/0.20618}+IU{0.318}+G4m{1.848}
Alignment sites / patterns: 691 / 373
Gaps: 9.95 %
Invariant sites: 51.52 %


NOTE: Binary MSA file created: /groups/pupko/alburquerque/RL/Tree_Data/data/All_sized/14175/masked_species_real_msa.phy.raxml.rba

Parallelization scheme autoconfig: 1 worker(s) x 1 thread(s)

Parallel reduction/worker buffer size: 1 KB  / 0 KB

[00:00:00] Generating 1 random starting tree(s) with 20 taxa
[00:00:00] Data distribution: max. partitions/sites/weight per thread: 1 / 373 / 5968
[00:00:00] Data distribution: max. searches per worker: 1

Starting ML tree search with 1 distinct starting trees

[00:00:00 -6319.329405] Initial branch length optimization
[00:00:00 -5480.801598] Model parameter optimization (eps = 10.000000)
[00:00:00 -5479.521680] AUTODETECT spr round 1 (radius: 5)
[00:00:00 -4073.916627] AUTODETECT spr round 2 (radius: 10)
[00:00:00 -4073.912673] SPR radius for FAST iterations: 5 (autodetect)
[00:00:00 -4073.912673] Model parameter optimization (eps = 3.000000)
[00:00:00 -4073.912396] FAST spr round 1 (radius: 5)
[00:00:00 -4029.228740] FAST spr round 2 (radius: 5)
[00:00:00 -4027.714172] FAST spr round 3 (radius: 5)
[00:00:00 -4027.714169] Model parameter optimization (eps = 1.000000)
[00:00:00 -4027.714169] SLOW spr round 1 (radius: 5)
[00:00:01 -4027.714169] SLOW spr round 2 (radius: 10)
[00:00:01 -4027.714169] SLOW spr round 3 (radius: 15)
[00:00:01 -4027.714169] SLOW spr round 4 (radius: 20)
[00:00:01 -4027.714169] Model parameter optimization (eps = 0.100000)

[00:00:01] ML tree search #1, logLikelihood: -4027.714169


Optimized model parameters:

   Partition 0: noname
   Rate heterogeneity: GAMMA (4 cats, mean),  alpha: 1.848000 (user),  weights&rates: (0.250000,0.274429) (0.250000,0.637812) (0.250000,1.065675) (0.250000,2.022084) 
   P-inv (user): 0.318000
   Base frequencies (user): 0.213480 0.305480 0.274860 0.206180 
   Substitution rates (user): 0.595760 1.391710 1.225620 0.401290 2.936290 1.000000 


Final LogLikelihood: -4027.714169

AIC score: 8129.428338 / AICc score: 8133.734617 / BIC score: 8297.339512
Free parameters (model + branch lengths): 37

Best ML tree saved to: /groups/pupko/alburquerque/RL/Tree_Data/data/All_sized/14175/masked_species_real_msa.phy.raxml.bestTree
Optimized model saved to: /groups/pupko/alburquerque/RL/Tree_Data/data/All_sized/14175/masked_species_real_msa.phy.raxml.bestModel

Execution log saved to: /groups/pupko/alburquerque/RL/Tree_Data/data/All_sized/14175/masked_species_real_msa.phy.raxml.log

Analysis started: 28-Dec-2022 15:00:55 / finished: 28-Dec-2022 15:00:56

Elapsed time: 1.415 seconds

