
RAxML-NG v. 1.1 released on 29.11.2021 by The Exelixis Lab.
Developed by: Alexey M. Kozlov and Alexandros Stamatakis.
Contributors: Diego Darriba, Tomas Flouri, Benoit Morel, Sarah Lutteropp, Ben Bettisworth.
Latest version: https://github.com/amkozlov/raxml-ng
Questions/problems/suggestions? Please visit: https://groups.google.com/forum/#!forum/raxml

System: Intel(R) Xeon(R) CPU E5-2680 v3 @ 2.50GHz, 24 cores, 125 GB RAM

RAxML-NG was called at 09-Feb-2023 06:38:31 as follows:

raxml-ng --msa /groups/pupko/alburquerque/RL/Tree_Data/data/All_sized/Drosophila_00050000003802003/masked_species_real_msa.phy --threads 1 --model GTR{1.47626/3.45095/1.33955/1.13519/3.30201/1.00000}+I{0.245}+G{99.836}+F{0.26224/0.25382/0.26953/0.21442} --tree /groups/pupko/alburquerque/RL/Tree_Data/data/All_sized/Drosophila_00050000003802003/Temp_start_tree_file_for_raxml_search.txt --redo

Analysis options:
  run mode: ML tree search
  start tree(s): user
  random seed: 1675917511
  tip-inner: OFF
  pattern compression: ON
  per-rate scalers: OFF
  site repeats: ON
  fast spr radius: AUTO
  spr subtree cutoff: 1.000000
  branch lengths: proportional (ML estimate, algorithm: NR-FAST)
  SIMD kernels: AVX2
  parallelization: coarse-grained (auto), NONE/sequential

WARNING: Running in REDO mode: existing checkpoints are ignored, and all result files will be overwritten!

[00:00:00] Reading alignment from file: /groups/pupko/alburquerque/RL/Tree_Data/data/All_sized/Drosophila_00050000003802003/masked_species_real_msa.phy
[00:00:00] Loaded alignment with 7 taxa and 2175 sites

Alignment comprises 1 partitions and 254 patterns

Partition 0: noname
Model: GTR{1.47626/3.45095/1.33955/1.13519/3.30201/1}+FU{0.26224/0.25382/0.26953/0.21442}+IU{0.245}+G4m{99.836}
Alignment sites / patterns: 2175 / 254
Gaps: 8.22 %
Invariant sites: 60.09 %


NOTE: Binary MSA file created: /groups/pupko/alburquerque/RL/Tree_Data/data/All_sized/Drosophila_00050000003802003/masked_species_real_msa.phy.raxml.rba

Parallelization scheme autoconfig: 1 worker(s) x 1 thread(s)

Parallel reduction/worker buffer size: 1 KB  / 0 KB

[00:00:00] Loading user starting tree(s) from: /groups/pupko/alburquerque/RL/Tree_Data/data/All_sized/Drosophila_00050000003802003/Temp_start_tree_file_for_raxml_search.txt
[00:00:00] Data distribution: max. partitions/sites/weight per thread: 1 / 254 / 4064
[00:00:00] Data distribution: max. searches per worker: 1

Starting ML tree search with 1 distinct starting trees

[00:00:00 -10219.901054] Initial branch length optimization
[00:00:00 -8686.082261] Model parameter optimization (eps = 10.000000)
[00:00:00 -8685.787273] AUTODETECT spr round 1 (radius: 5)
[00:00:00 -7075.818278] SPR radius for FAST iterations: 5 (autodetect)
[00:00:00 -7075.818278] Model parameter optimization (eps = 3.000000)
[00:00:00 -7075.811421] FAST spr round 1 (radius: 5)
[00:00:00 -7069.712274] FAST spr round 2 (radius: 5)
[00:00:00 -7069.712261] Model parameter optimization (eps = 1.000000)
[00:00:00 -7069.712261] SLOW spr round 1 (radius: 5)
[00:00:00 -7069.712261] Model parameter optimization (eps = 0.100000)

[00:00:00] ML tree search #1, logLikelihood: -7069.712261


Optimized model parameters:

   Partition 0: noname
   Rate heterogeneity: GAMMA (4 cats, mean),  alpha: 99.836000 (user),  weights&rates: (0.250000,0.875806) (0.250000,0.964708) (0.250000,1.029571) (0.250000,1.129915) 
   P-inv (user): 0.245000
   Base frequencies (user): 0.262237 0.253817 0.269527 0.214418 
   Substitution rates (user): 1.476260 3.450950 1.339550 1.135190 3.302010 1.000000 


Final LogLikelihood: -7069.712261

AIC score: 14161.424522 / AICc score: 14161.546575 / BIC score: 14223.957145
Free parameters (model + branch lengths): 11

Best ML tree saved to: /groups/pupko/alburquerque/RL/Tree_Data/data/All_sized/Drosophila_00050000003802003/masked_species_real_msa.phy.raxml.bestTree
Optimized model saved to: /groups/pupko/alburquerque/RL/Tree_Data/data/All_sized/Drosophila_00050000003802003/masked_species_real_msa.phy.raxml.bestModel

Execution log saved to: /groups/pupko/alburquerque/RL/Tree_Data/data/All_sized/Drosophila_00050000003802003/masked_species_real_msa.phy.raxml.log

Analysis started: 09-Feb-2023 06:38:31 / finished: 09-Feb-2023 06:38:31

Elapsed time: 0.173 seconds

