
RAxML-NG v. 1.1 released on 29.11.2021 by The Exelixis Lab.
Developed by: Alexey M. Kozlov and Alexandros Stamatakis.
Contributors: Diego Darriba, Tomas Flouri, Benoit Morel, Sarah Lutteropp, Ben Bettisworth.
Latest version: https://github.com/amkozlov/raxml-ng
Questions/problems/suggestions? Please visit: https://groups.google.com/forum/#!forum/raxml

System: Intel(R) Xeon(R) CPU E5-2680 v3 @ 2.50GHz, 24 cores, 125 GB RAM

RAxML-NG was called at 12-Feb-2023 00:12:28 as follows:

raxml-ng --msa /groups/pupko/alburquerque/RL/Tree_Data/data/All_sized/25511/masked_species_real_msa.phy --threads 1 --model GTR{0.30389/2.48540/0.66381/0.16012/7.14403/1.00000}+I{0.559}+G{0.635}+F{0.26608/0.19389/0.30060/0.23943} --tree /groups/pupko/alburquerque/RL/Tree_Data/data/All_sized/25511/Temp_start_tree_file_for_raxml_search.txt --redo

Analysis options:
  run mode: ML tree search
  start tree(s): user
  random seed: 1676153548
  tip-inner: OFF
  pattern compression: ON
  per-rate scalers: OFF
  site repeats: ON
  fast spr radius: AUTO
  spr subtree cutoff: 1.000000
  branch lengths: proportional (ML estimate, algorithm: NR-FAST)
  SIMD kernels: AVX2
  parallelization: coarse-grained (auto), NONE/sequential

WARNING: Running in REDO mode: existing checkpoints are ignored, and all result files will be overwritten!

[00:00:00] Reading alignment from file: /groups/pupko/alburquerque/RL/Tree_Data/data/All_sized/25511/masked_species_real_msa.phy
[00:00:00] Loaded alignment with 20 taxa and 915 sites

WARNING: Sequences Sp017 and Sp018 are exactly identical!
WARNING: Duplicate sequences found: 1

NOTE: Reduced alignment (with duplicates and gap-only sites/taxa removed) 
NOTE: was saved to: /groups/pupko/alburquerque/RL/Tree_Data/data/All_sized/25511/masked_species_real_msa.phy.raxml.reduced.phy

Alignment comprises 1 partitions and 152 patterns

Partition 0: noname
Model: GTR{0.30389/2.4854/0.66381/0.16012/7.14403/1}+FU{0.26608/0.19389/0.3006/0.23943}+IU{0.559}+G4m{0.635}
Alignment sites / patterns: 915 / 152
Gaps: 2.96 %
Invariant sites: 80.44 %


NOTE: Binary MSA file created: /groups/pupko/alburquerque/RL/Tree_Data/data/All_sized/25511/masked_species_real_msa.phy.raxml.rba

Parallelization scheme autoconfig: 1 worker(s) x 1 thread(s)

Parallel reduction/worker buffer size: 1 KB  / 0 KB

[00:00:00] Loading user starting tree(s) from: /groups/pupko/alburquerque/RL/Tree_Data/data/All_sized/25511/Temp_start_tree_file_for_raxml_search.txt
[00:00:00] Data distribution: max. partitions/sites/weight per thread: 1 / 152 / 2432
[00:00:00] Data distribution: max. searches per worker: 1

Starting ML tree search with 1 distinct starting trees

[00:00:00 -3905.664633] Initial branch length optimization
[00:00:00 -3537.578742] Model parameter optimization (eps = 10.000000)
[00:00:00 -3534.906118] AUTODETECT spr round 1 (radius: 5)
[00:00:00 -2818.299373] AUTODETECT spr round 2 (radius: 10)
[00:00:00 -2818.295698] SPR radius for FAST iterations: 5 (autodetect)
[00:00:00 -2818.295698] Model parameter optimization (eps = 3.000000)
[00:00:00 -2818.295132] FAST spr round 1 (radius: 5)
[00:00:00 -2763.610605] FAST spr round 2 (radius: 5)
[00:00:00 -2762.087160] FAST spr round 3 (radius: 5)
[00:00:00 -2761.753302] FAST spr round 4 (radius: 5)
[00:00:00 -2761.753300] Model parameter optimization (eps = 1.000000)
[00:00:00 -2761.753300] SLOW spr round 1 (radius: 5)
[00:00:00 -2761.753300] SLOW spr round 2 (radius: 10)
[00:00:00 -2761.753300] SLOW spr round 3 (radius: 15)
[00:00:00 -2761.753300] SLOW spr round 4 (radius: 20)
[00:00:00 -2761.753300] Model parameter optimization (eps = 0.100000)

[00:00:00] ML tree search #1, logLikelihood: -2761.753300


Optimized model parameters:

   Partition 0: noname
   Rate heterogeneity: GAMMA (4 cats, mean),  alpha: 0.635000 (user),  weights&rates: (0.250000,0.060398) (0.250000,0.331177) (0.250000,0.898176) (0.250000,2.710249) 
   P-inv (user): 0.559000
   Base frequencies (user): 0.266080 0.193890 0.300600 0.239430 
   Substitution rates (user): 0.303890 2.485400 0.663810 0.160120 7.144030 1.000000 


Final LogLikelihood: -2761.753300

AIC score: 5597.506600 / AICc score: 5600.712986 / BIC score: 5775.806791
Free parameters (model + branch lengths): 37

WARNING: Best ML tree contains 1 near-zero branches!

Best ML tree with collapsed near-zero branches saved to: /groups/pupko/alburquerque/RL/Tree_Data/data/All_sized/25511/masked_species_real_msa.phy.raxml.bestTreeCollapsed
Best ML tree saved to: /groups/pupko/alburquerque/RL/Tree_Data/data/All_sized/25511/masked_species_real_msa.phy.raxml.bestTree
Optimized model saved to: /groups/pupko/alburquerque/RL/Tree_Data/data/All_sized/25511/masked_species_real_msa.phy.raxml.bestModel

Execution log saved to: /groups/pupko/alburquerque/RL/Tree_Data/data/All_sized/25511/masked_species_real_msa.phy.raxml.log

Analysis started: 12-Feb-2023 00:12:28 / finished: 12-Feb-2023 00:12:28

Elapsed time: 0.485 seconds

