
RAxML-NG v. 1.1 released on 29.11.2021 by The Exelixis Lab.
Developed by: Alexey M. Kozlov and Alexandros Stamatakis.
Contributors: Diego Darriba, Tomas Flouri, Benoit Morel, Sarah Lutteropp, Ben Bettisworth.
Latest version: https://github.com/amkozlov/raxml-ng
Questions/problems/suggestions? Please visit: https://groups.google.com/forum/#!forum/raxml

System: Intel(R) Xeon(R) Gold 6230 CPU @ 2.10GHz, 1 cores, 31 GB RAM

RAxML-NG was called at 28-Dec-2022 15:01:33 as follows:

raxml-ng --msa /groups/pupko/alburquerque/RL/Tree_Data/data/All_sized/4353/masked_species_real_msa.phy --threads 1 --opt-branches on --opt-model --nofiles --tree rand{1} --redo off --model GTR{0.99662/2.58098/1.65623/0.48489/3.33615/1.00000}+I{0.175}+G{1.534}+F{0.18457/0.30324/0.27860/0.23360}

Analysis options:
  run mode: ML tree search
  start tree(s): random (1)
  random seed: 1672232493
  tip-inner: OFF
  pattern compression: ON
  per-rate scalers: OFF
  site repeats: ON
  fast spr radius: AUTO
  spr subtree cutoff: 1.000000
  branch lengths: proportional (ML estimate, algorithm: NR-FAST)
  SIMD kernels: AVX2
  parallelization: coarse-grained (auto), NONE/sequential

WARNING: Running in REDO mode: existing checkpoints are ignored, and all result files will be overwritten!

[00:00:00] Reading alignment from file: /groups/pupko/alburquerque/RL/Tree_Data/data/All_sized/4353/masked_species_real_msa.phy
[00:00:00] Loaded alignment with 20 taxa and 1369 sites

WARNING: Sequences Sp005 and Sp006 are exactly identical!
WARNING: Duplicate sequences found: 1

NOTE: Reduced alignment (with duplicates and gap-only sites/taxa removed) 
NOTE: was saved to: /groups/pupko/alburquerque/RL/Tree_Data/data/All_sized/4353/masked_species_real_msa.phy.raxml.reduced.phy

Alignment comprises 1 partitions and 403 patterns

Partition 0: noname
Model: GTR{0.99662/2.58098/1.65623/0.48489/3.33615/1}+FU{0.18457/0.30324/0.2786/0.2336}+IU{0.175}+G4m{1.534}
Alignment sites / patterns: 1369 / 403
Gaps: 16.57 %
Invariant sites: 46.82 %


NOTE: Binary MSA file created: /groups/pupko/alburquerque/RL/Tree_Data/data/All_sized/4353/masked_species_real_msa.phy.raxml.rba

Parallelization scheme autoconfig: 1 worker(s) x 1 thread(s)

Parallel reduction/worker buffer size: 1 KB  / 0 KB

[00:00:00] Generating 1 random starting tree(s) with 20 taxa
[00:00:00] Data distribution: max. partitions/sites/weight per thread: 1 / 403 / 6448
[00:00:00] Data distribution: max. searches per worker: 1

Starting ML tree search with 1 distinct starting trees

[00:00:00 -9532.128550] Initial branch length optimization
[00:00:00 -6131.667154] Model parameter optimization (eps = 10.000000)
[00:00:00 -6131.402929] AUTODETECT spr round 1 (radius: 5)
[00:00:00 -5289.482629] AUTODETECT spr round 2 (radius: 10)
[00:00:00 -5289.470845] SPR radius for FAST iterations: 5 (autodetect)
[00:00:00 -5289.470845] Model parameter optimization (eps = 3.000000)
[00:00:00 -5289.468732] FAST spr round 1 (radius: 5)
[00:00:00 -5287.386265] FAST spr round 2 (radius: 5)
[00:00:00 -5287.261627] FAST spr round 3 (radius: 5)
[00:00:00 -5287.261607] Model parameter optimization (eps = 1.000000)
[00:00:00 -5287.261606] SLOW spr round 1 (radius: 5)
[00:00:00 -5287.261605] SLOW spr round 2 (radius: 10)
[00:00:01 -5287.261605] SLOW spr round 3 (radius: 15)
[00:00:01 -5287.261605] SLOW spr round 4 (radius: 20)
[00:00:01 -5287.261605] Model parameter optimization (eps = 0.100000)

[00:00:01] ML tree search #1, logLikelihood: -5287.261605


Optimized model parameters:

   Partition 0: noname
   Rate heterogeneity: GAMMA (4 cats, mean),  alpha: 1.534000 (user),  weights&rates: (0.250000,0.230527) (0.250000,0.594120) (0.250000,1.052357) (0.250000,2.122996) 
   P-inv (user): 0.175000
   Base frequencies (user): 0.184568 0.303237 0.278597 0.233598 
   Substitution rates (user): 0.996620 2.580980 1.656230 0.484890 3.336150 1.000000 


Final LogLikelihood: -5287.261605

AIC score: 10648.523210 / AICc score: 10650.635908 / BIC score: 10841.731136
Free parameters (model + branch lengths): 37

WARNING: Best ML tree contains 4 near-zero branches!

Best ML tree with collapsed near-zero branches saved to: /groups/pupko/alburquerque/RL/Tree_Data/data/All_sized/4353/masked_species_real_msa.phy.raxml.bestTreeCollapsed
Best ML tree saved to: /groups/pupko/alburquerque/RL/Tree_Data/data/All_sized/4353/masked_species_real_msa.phy.raxml.bestTree
Optimized model saved to: /groups/pupko/alburquerque/RL/Tree_Data/data/All_sized/4353/masked_species_real_msa.phy.raxml.bestModel

Execution log saved to: /groups/pupko/alburquerque/RL/Tree_Data/data/All_sized/4353/masked_species_real_msa.phy.raxml.log

Analysis started: 28-Dec-2022 15:01:33 / finished: 28-Dec-2022 15:01:34

Elapsed time: 1.303 seconds

