
RAxML-NG v. 1.1 released on 29.11.2021 by The Exelixis Lab.
Developed by: Alexey M. Kozlov and Alexandros Stamatakis.
Contributors: Diego Darriba, Tomas Flouri, Benoit Morel, Sarah Lutteropp, Ben Bettisworth.
Latest version: https://github.com/amkozlov/raxml-ng
Questions/problems/suggestions? Please visit: https://groups.google.com/forum/#!forum/raxml

System: Intel(R) Xeon(R) CPU E5-2670 v2 @ 2.50GHz, 20 cores, 62 GB RAM

RAxML-NG was called at 25-Dec-2022 18:30:44 as follows:

raxml-ng --msa /groups/pupko/alburquerque/RL/Tree_Data/data/All_sized/12336/masked_species_real_msa.phy --threads 1 --opt-branches on --opt-model --nofiles --tree rand{1} --redo off --model GTR{2.98824/3.18049/2.37466/1.30705/16.41061/1.00000}+I{0.804}+G{0.481}+F{0.23792/0.26487/0.26445/0.23276}

Analysis options:
  run mode: ML tree search
  start tree(s): random (1)
  random seed: 1671985844
  tip-inner: OFF
  pattern compression: ON
  per-rate scalers: OFF
  site repeats: ON
  fast spr radius: AUTO
  spr subtree cutoff: 1.000000
  branch lengths: proportional (ML estimate, algorithm: NR-FAST)
  SIMD kernels: AVX
  parallelization: coarse-grained (auto), NONE/sequential

WARNING: Running in REDO mode: existing checkpoints are ignored, and all result files will be overwritten!

[00:00:00] Reading alignment from file: /groups/pupko/alburquerque/RL/Tree_Data/data/All_sized/12336/masked_species_real_msa.phy
[00:00:00] Loaded alignment with 20 taxa and 2912 sites

WARNING: Sequences Sp001 and Sp004 are exactly identical!
WARNING: Sequences Sp001 and Sp005 are exactly identical!
WARNING: Sequences Sp001 and Sp006 are exactly identical!
WARNING: Sequences Sp001 and Sp007 are exactly identical!
WARNING: Sequences Sp010 and Sp011 are exactly identical!
WARNING: Sequences Sp010 and Sp012 are exactly identical!
WARNING: Sequences Sp010 and Sp013 are exactly identical!
WARNING: Sequences Sp010 and Sp014 are exactly identical!
WARNING: Sequences Sp010 and Sp015 are exactly identical!
WARNING: Sequences Sp010 and Sp016 are exactly identical!
WARNING: Sequences Sp010 and Sp017 are exactly identical!
WARNING: Sequences Sp010 and Sp018 are exactly identical!
WARNING: Sequences Sp010 and Sp019 are exactly identical!
WARNING: Duplicate sequences found: 13

NOTE: Reduced alignment (with duplicates and gap-only sites/taxa removed) 
NOTE: was saved to: /groups/pupko/alburquerque/RL/Tree_Data/data/All_sized/12336/masked_species_real_msa.phy.raxml.reduced.phy

Alignment comprises 1 partitions and 70 patterns

Partition 0: noname
Model: GTR{2.98824/3.18049/2.37466/1.30705/16.4106/1}+FU{0.23792/0.26487/0.26445/0.23276}+IU{0.804}+G4m{0.481}
Alignment sites / patterns: 2912 / 70
Gaps: 2.24 %
Invariant sites: 95.50 %


NOTE: Binary MSA file created: /groups/pupko/alburquerque/RL/Tree_Data/data/All_sized/12336/masked_species_real_msa.phy.raxml.rba

Parallelization scheme autoconfig: 1 worker(s) x 1 thread(s)

Parallel reduction/worker buffer size: 1 KB  / 0 KB

[00:00:00] Generating 1 random starting tree(s) with 20 taxa
[00:00:00] Data distribution: max. partitions/sites/weight per thread: 1 / 70 / 1120
[00:00:00] Data distribution: max. searches per worker: 1

Starting ML tree search with 1 distinct starting trees

[00:00:00 -6015.754055] Initial branch length optimization
[00:00:00 -5310.397462] Model parameter optimization (eps = 10.000000)
[00:00:00 -5309.521822] AUTODETECT spr round 1 (radius: 5)
[00:00:00 -4818.046247] AUTODETECT spr round 2 (radius: 10)
[00:00:00 -4817.361311] AUTODETECT spr round 3 (radius: 15)
[00:00:00 -4817.360751] SPR radius for FAST iterations: 10 (autodetect)
[00:00:00 -4817.360751] Model parameter optimization (eps = 3.000000)
[00:00:00 -4817.360750] FAST spr round 1 (radius: 10)
[00:00:00 -4815.562413] FAST spr round 2 (radius: 10)
[00:00:00 -4815.561687] Model parameter optimization (eps = 1.000000)
[00:00:00 -4815.561659] SLOW spr round 1 (radius: 5)
[00:00:00 -4815.561651] SLOW spr round 2 (radius: 10)
[00:00:00 -4815.561651] SLOW spr round 3 (radius: 15)
[00:00:00 -4815.561651] SLOW spr round 4 (radius: 20)
[00:00:00 -4815.561651] Model parameter optimization (eps = 0.100000)

[00:00:00] ML tree search #1, logLikelihood: -4815.561651


Optimized model parameters:

   Partition 0: noname
   Rate heterogeneity: GAMMA (4 cats, mean),  alpha: 0.481000 (user),  weights&rates: (0.250000,0.029923) (0.250000,0.239331) (0.250000,0.805936) (0.250000,2.924811) 
   P-inv (user): 0.804000
   Base frequencies (user): 0.237920 0.264870 0.264450 0.232760 
   Substitution rates (user): 2.988240 3.180490 2.374660 1.307050 16.410610 1.000000 


Final LogLikelihood: -4815.561651

AIC score: 9705.123301 / AICc score: 9706.101729 / BIC score: 9926.257332
Free parameters (model + branch lengths): 37

WARNING: Best ML tree contains 11 near-zero branches!

Best ML tree with collapsed near-zero branches saved to: /groups/pupko/alburquerque/RL/Tree_Data/data/All_sized/12336/masked_species_real_msa.phy.raxml.bestTreeCollapsed
Best ML tree saved to: /groups/pupko/alburquerque/RL/Tree_Data/data/All_sized/12336/masked_species_real_msa.phy.raxml.bestTree
Optimized model saved to: /groups/pupko/alburquerque/RL/Tree_Data/data/All_sized/12336/masked_species_real_msa.phy.raxml.bestModel

Execution log saved to: /groups/pupko/alburquerque/RL/Tree_Data/data/All_sized/12336/masked_species_real_msa.phy.raxml.log

Analysis started: 25-Dec-2022 18:30:44 / finished: 25-Dec-2022 18:30:44

Elapsed time: 0.404 seconds

