
RAxML-NG v. 1.1 released on 29.11.2021 by The Exelixis Lab.
Developed by: Alexey M. Kozlov and Alexandros Stamatakis.
Contributors: Diego Darriba, Tomas Flouri, Benoit Morel, Sarah Lutteropp, Ben Bettisworth.
Latest version: https://github.com/amkozlov/raxml-ng
Questions/problems/suggestions? Please visit: https://groups.google.com/forum/#!forum/raxml

System: Intel(R) Xeon(R) CPU E5-2670 v2 @ 2.50GHz, 20 cores, 62 GB RAM

RAxML-NG was called at 13-Feb-2023 17:14:28 as follows:

raxml-ng --msa /groups/pupko/alburquerque/RL/Tree_Data/data/All_sized/Syagrus_5/masked_species_real_msa.phy --threads 1 --model GTR{1.69352/6.57739/2.26385/3.22849/7.11951/1.00000}+I{0.000}+G{0.082}+F{0.29310/0.19360/0.23463/0.27867} --tree /groups/pupko/alburquerque/RL/Tree_Data/data/All_sized/Syagrus_5/Temp_start_tree_file_for_raxml_search.txt --redo

Analysis options:
  run mode: ML tree search
  start tree(s): user
  random seed: 1676301268
  tip-inner: OFF
  pattern compression: ON
  per-rate scalers: OFF
  site repeats: ON
  fast spr radius: AUTO
  spr subtree cutoff: 1.000000
  branch lengths: proportional (ML estimate, algorithm: NR-FAST)
  SIMD kernels: AVX
  parallelization: coarse-grained (auto), NONE/sequential

WARNING: Running in REDO mode: existing checkpoints are ignored, and all result files will be overwritten!

[00:00:00] Reading alignment from file: /groups/pupko/alburquerque/RL/Tree_Data/data/All_sized/Syagrus_5/masked_species_real_msa.phy
[00:00:00] Loaded alignment with 20 taxa and 756 sites

Alignment comprises 1 partitions and 95 patterns

Partition 0: noname
Model: GTR{1.69352/6.57739/2.26385/3.22849/7.11951/1}+FU{0.2931/0.1936/0.23463/0.27867}+IU{0}+G4m{0.082}
Alignment sites / patterns: 756 / 95
Gaps: 4.16 %
Invariant sites: 91.40 %


NOTE: Binary MSA file created: /groups/pupko/alburquerque/RL/Tree_Data/data/All_sized/Syagrus_5/masked_species_real_msa.phy.raxml.rba

Parallelization scheme autoconfig: 1 worker(s) x 1 thread(s)

Parallel reduction/worker buffer size: 1 KB  / 0 KB

[00:00:00] Loading user starting tree(s) from: /groups/pupko/alburquerque/RL/Tree_Data/data/All_sized/Syagrus_5/Temp_start_tree_file_for_raxml_search.txt
[00:00:00] Data distribution: max. partitions/sites/weight per thread: 1 / 95 / 1520
[00:00:00] Data distribution: max. searches per worker: 1

Starting ML tree search with 1 distinct starting trees

[00:00:00 -2212.005850] Initial branch length optimization
[00:00:00 -1989.227047] Model parameter optimization (eps = 10.000000)
[00:00:00 -1987.635651] AUTODETECT spr round 1 (radius: 5)
[00:00:00 -1584.902894] AUTODETECT spr round 2 (radius: 10)
[00:00:00 -1584.901507] SPR radius for FAST iterations: 5 (autodetect)
[00:00:00 -1584.901507] Model parameter optimization (eps = 3.000000)
[00:00:00 -1584.901453] FAST spr round 1 (radius: 5)
[00:00:00 -1549.768599] FAST spr round 2 (radius: 5)
[00:00:00 -1549.768159] Model parameter optimization (eps = 1.000000)
[00:00:00 -1549.768159] SLOW spr round 1 (radius: 5)
[00:00:00 -1549.767915] SLOW spr round 2 (radius: 10)
[00:00:00 -1549.767915] SLOW spr round 3 (radius: 15)
[00:00:00 -1549.767915] SLOW spr round 4 (radius: 20)
[00:00:00 -1549.767915] Model parameter optimization (eps = 0.100000)

[00:00:00] ML tree search #1, logLikelihood: -1549.767915


Optimized model parameters:

   Partition 0: noname
   Rate heterogeneity: GAMMA (4 cats, mean),  alpha: 0.082000 (user),  weights&rates: (0.250000,0.000000) (0.250000,0.000236) (0.250000,0.049944) (0.250000,3.949820) 
   P-inv (user): 0.000000
   Base frequencies (user): 0.293100 0.193600 0.234630 0.278670 
   Substitution rates (user): 1.693520 6.577390 2.263850 3.228490 7.119510 1.000000 


Final LogLikelihood: -1549.767915

AIC score: 3173.535831 / AICc score: 3177.452265 / BIC score: 3344.773362
Free parameters (model + branch lengths): 37

WARNING: Best ML tree contains 7 near-zero branches!

Best ML tree with collapsed near-zero branches saved to: /groups/pupko/alburquerque/RL/Tree_Data/data/All_sized/Syagrus_5/masked_species_real_msa.phy.raxml.bestTreeCollapsed
Best ML tree saved to: /groups/pupko/alburquerque/RL/Tree_Data/data/All_sized/Syagrus_5/masked_species_real_msa.phy.raxml.bestTree
Optimized model saved to: /groups/pupko/alburquerque/RL/Tree_Data/data/All_sized/Syagrus_5/masked_species_real_msa.phy.raxml.bestModel

Execution log saved to: /groups/pupko/alburquerque/RL/Tree_Data/data/All_sized/Syagrus_5/masked_species_real_msa.phy.raxml.log

Analysis started: 13-Feb-2023 17:14:28 / finished: 13-Feb-2023 17:14:28

Elapsed time: 0.286 seconds

