
RAxML-NG v. 1.1 released on 29.11.2021 by The Exelixis Lab.
Developed by: Alexey M. Kozlov and Alexandros Stamatakis.
Contributors: Diego Darriba, Tomas Flouri, Benoit Morel, Sarah Lutteropp, Ben Bettisworth.
Latest version: https://github.com/amkozlov/raxml-ng
Questions/problems/suggestions? Please visit: https://groups.google.com/forum/#!forum/raxml

System: Intel(R) Xeon(R) CPU E5-2680 v3 @ 2.50GHz, 24 cores, 125 GB RAM

RAxML-NG was called at 11-Feb-2023 23:41:29 as follows:

raxml-ng --msa /groups/pupko/alburquerque/RL/Tree_Data/data/All_sized/31070/masked_species_real_msa.phy --threads 1 --model GTR{0.99871/3.10641/1.09741/0.92432/6.63591/1.00000}+I{0.487}+G{0.566}+F{0.24535/0.20985/0.26986/0.27494} --tree /groups/pupko/alburquerque/RL/Tree_Data/data/All_sized/31070/Temp_start_tree_file_for_raxml_search.txt --redo

Analysis options:
  run mode: ML tree search
  start tree(s): user
  random seed: 1676151689
  tip-inner: OFF
  pattern compression: ON
  per-rate scalers: OFF
  site repeats: ON
  fast spr radius: AUTO
  spr subtree cutoff: 1.000000
  branch lengths: proportional (ML estimate, algorithm: NR-FAST)
  SIMD kernels: AVX2
  parallelization: coarse-grained (auto), NONE/sequential

WARNING: Running in REDO mode: existing checkpoints are ignored, and all result files will be overwritten!

[00:00:00] Reading alignment from file: /groups/pupko/alburquerque/RL/Tree_Data/data/All_sized/31070/masked_species_real_msa.phy
[00:00:00] Loaded alignment with 20 taxa and 1720 sites

WARNING: Sequences Sp006 and Sp007 are exactly identical!
WARNING: Duplicate sequences found: 1

NOTE: Reduced alignment (with duplicates and gap-only sites/taxa removed) 
NOTE: was saved to: /groups/pupko/alburquerque/RL/Tree_Data/data/All_sized/31070/masked_species_real_msa.phy.raxml.reduced.phy

Alignment comprises 1 partitions and 487 patterns

Partition 0: noname
Model: GTR{0.99871/3.10641/1.09741/0.92432/6.63591/1}+FU{0.24535/0.20985/0.26986/0.27494}+IU{0.487}+G4m{0.566}
Alignment sites / patterns: 1720 / 487
Gaps: 12.24 %
Invariant sites: 71.92 %


NOTE: Binary MSA file created: /groups/pupko/alburquerque/RL/Tree_Data/data/All_sized/31070/masked_species_real_msa.phy.raxml.rba

Parallelization scheme autoconfig: 1 worker(s) x 1 thread(s)

Parallel reduction/worker buffer size: 1 KB  / 0 KB

[00:00:00] Loading user starting tree(s) from: /groups/pupko/alburquerque/RL/Tree_Data/data/All_sized/31070/Temp_start_tree_file_for_raxml_search.txt
[00:00:00] Data distribution: max. partitions/sites/weight per thread: 1 / 487 / 7792
[00:00:00] Data distribution: max. searches per worker: 1

Starting ML tree search with 1 distinct starting trees

[00:00:00 -9611.833820] Initial branch length optimization
[00:00:00 -8728.261286] Model parameter optimization (eps = 10.000000)
[00:00:00 -8722.190541] AUTODETECT spr round 1 (radius: 5)
[00:00:00 -7004.215102] AUTODETECT spr round 2 (radius: 10)
[00:00:00 -6982.521344] AUTODETECT spr round 3 (radius: 15)
[00:00:00 -6982.520266] SPR radius for FAST iterations: 10 (autodetect)
[00:00:00 -6982.520266] Model parameter optimization (eps = 3.000000)
[00:00:00 -6982.520119] FAST spr round 1 (radius: 10)
[00:00:00 -6748.062511] FAST spr round 2 (radius: 10)
[00:00:00 -6746.534876] FAST spr round 3 (radius: 10)
[00:00:00 -6745.567416] FAST spr round 4 (radius: 10)
[00:00:00 -6745.567395] Model parameter optimization (eps = 1.000000)
[00:00:00 -6745.567395] SLOW spr round 1 (radius: 5)
[00:00:01 -6745.567395] SLOW spr round 2 (radius: 10)
[00:00:01 -6745.567395] SLOW spr round 3 (radius: 15)
[00:00:01 -6745.567395] SLOW spr round 4 (radius: 20)
[00:00:01 -6745.567395] Model parameter optimization (eps = 0.100000)

[00:00:01] ML tree search #1, logLikelihood: -6745.567395


Optimized model parameters:

   Partition 0: noname
   Rate heterogeneity: GAMMA (4 cats, mean),  alpha: 0.566000 (user),  weights&rates: (0.250000,0.046180) (0.250000,0.292836) (0.250000,0.862930) (0.250000,2.798054) 
   P-inv (user): 0.487000
   Base frequencies (user): 0.245350 0.209850 0.269860 0.274940 
   Substitution rates (user): 0.998710 3.106410 1.097410 0.924320 6.635910 1.000000 


Final LogLikelihood: -6745.567395

AIC score: 13565.134789 / AICc score: 13566.806609 / BIC score: 13766.787734
Free parameters (model + branch lengths): 37

Best ML tree saved to: /groups/pupko/alburquerque/RL/Tree_Data/data/All_sized/31070/masked_species_real_msa.phy.raxml.bestTree
Optimized model saved to: /groups/pupko/alburquerque/RL/Tree_Data/data/All_sized/31070/masked_species_real_msa.phy.raxml.bestModel

Execution log saved to: /groups/pupko/alburquerque/RL/Tree_Data/data/All_sized/31070/masked_species_real_msa.phy.raxml.log

Analysis started: 11-Feb-2023 23:41:29 / finished: 11-Feb-2023 23:41:31

Elapsed time: 1.448 seconds

