
RAxML-NG v. 1.1 released on 29.11.2021 by The Exelixis Lab.
Developed by: Alexey M. Kozlov and Alexandros Stamatakis.
Contributors: Diego Darriba, Tomas Flouri, Benoit Morel, Sarah Lutteropp, Ben Bettisworth.
Latest version: https://github.com/amkozlov/raxml-ng
Questions/problems/suggestions? Please visit: https://groups.google.com/forum/#!forum/raxml

System: Intel(R) Xeon(R) CPU E5-2680 v3 @ 2.50GHz, 24 cores, 125 GB RAM

RAxML-NG was called at 01-Mar-2023 16:11:49 as follows:

raxml-ng --msa /groups/pupko/alburquerque/RL/Tree_Data/data/All_sized/204/masked_species_real_msa.phy --threads 1 --model GTR{4.31245/11.08286/3.25880/9.27373/10.84176/1.00000}+I{0.431}+G{99.835}+F{0.24423/0.20099/0.19049/0.36429} --tree /groups/pupko/alburquerque/RL/Tree_Data/data/All_sized/204/Temp_start_tree_file_for_raxml_search.txt --redo

Analysis options:
  run mode: ML tree search
  start tree(s): user
  random seed: 1677679909
  tip-inner: OFF
  pattern compression: ON
  per-rate scalers: OFF
  site repeats: ON
  fast spr radius: AUTO
  spr subtree cutoff: 1.000000
  branch lengths: proportional (ML estimate, algorithm: NR-FAST)
  SIMD kernels: AVX2
  parallelization: coarse-grained (auto), NONE/sequential

WARNING: Running in REDO mode: existing checkpoints are ignored, and all result files will be overwritten!

[00:00:00] Reading alignment from file: /groups/pupko/alburquerque/RL/Tree_Data/data/All_sized/204/masked_species_real_msa.phy
[00:00:00] Loaded alignment with 15 taxa and 494 sites

WARNING: Sequences Sp002 and Sp009 are exactly identical!
WARNING: Duplicate sequences found: 1

NOTE: Reduced alignment (with duplicates and gap-only sites/taxa removed) 
NOTE: was saved to: /groups/pupko/alburquerque/RL/Tree_Data/data/All_sized/204/masked_species_real_msa.phy.raxml.reduced.phy

Alignment comprises 1 partitions and 70 patterns

Partition 0: noname
Model: GTR{4.31245/11.0829/3.2588/9.27373/10.8418/1}+FU{0.24423/0.20099/0.19049/0.36429}+IU{0.431}+G4m{99.835}
Alignment sites / patterns: 494 / 70
Gaps: 2.65 %
Invariant sites: 88.66 %


NOTE: Binary MSA file created: /groups/pupko/alburquerque/RL/Tree_Data/data/All_sized/204/masked_species_real_msa.phy.raxml.rba

Parallelization scheme autoconfig: 1 worker(s) x 1 thread(s)

Parallel reduction/worker buffer size: 1 KB  / 0 KB

[00:00:00] Loading user starting tree(s) from: /groups/pupko/alburquerque/RL/Tree_Data/data/All_sized/204/Temp_start_tree_file_for_raxml_search.txt
[00:00:00] Data distribution: max. partitions/sites/weight per thread: 1 / 70 / 1120
[00:00:00] Data distribution: max. searches per worker: 1

Starting ML tree search with 1 distinct starting trees

[00:00:00 -1649.887783] Initial branch length optimization
[00:00:00 -1407.030747] Model parameter optimization (eps = 10.000000)
[00:00:00 -1406.963459] AUTODETECT spr round 1 (radius: 5)
[00:00:00 -1088.391653] AUTODETECT spr round 2 (radius: 10)
[00:00:00 -1088.391652] SPR radius for FAST iterations: 5 (autodetect)
[00:00:00 -1088.391652] Model parameter optimization (eps = 3.000000)
[00:00:00 -1088.391652] FAST spr round 1 (radius: 5)
[00:00:00 -1068.878320] FAST spr round 2 (radius: 5)
[00:00:00 -1068.878320] Model parameter optimization (eps = 1.000000)
[00:00:00 -1068.878320] SLOW spr round 1 (radius: 5)
[00:00:00 -1068.878314] SLOW spr round 2 (radius: 10)
[00:00:00 -1068.878314] SLOW spr round 3 (radius: 15)
[00:00:00 -1068.878314] Model parameter optimization (eps = 0.100000)

[00:00:00] ML tree search #1, logLikelihood: -1068.878314


Optimized model parameters:

   Partition 0: noname
   Rate heterogeneity: GAMMA (4 cats, mean),  alpha: 99.835000 (user),  weights&rates: (0.250000,0.875806) (0.250000,0.964708) (0.250000,1.029571) (0.250000,1.129916) 
   P-inv (user): 0.431000
   Base frequencies (user): 0.244230 0.200990 0.190490 0.364290 
   Substitution rates (user): 4.312450 11.082860 3.258800 9.273730 10.841760 1.000000 


Final LogLikelihood: -1068.878314

AIC score: 2191.756628 / AICc score: 2195.001263 / BIC score: 2305.225087
Free parameters (model + branch lengths): 27

WARNING: Best ML tree contains 1 near-zero branches!

Best ML tree with collapsed near-zero branches saved to: /groups/pupko/alburquerque/RL/Tree_Data/data/All_sized/204/masked_species_real_msa.phy.raxml.bestTreeCollapsed
Best ML tree saved to: /groups/pupko/alburquerque/RL/Tree_Data/data/All_sized/204/masked_species_real_msa.phy.raxml.bestTree
Optimized model saved to: /groups/pupko/alburquerque/RL/Tree_Data/data/All_sized/204/masked_species_real_msa.phy.raxml.bestModel

Execution log saved to: /groups/pupko/alburquerque/RL/Tree_Data/data/All_sized/204/masked_species_real_msa.phy.raxml.log

Analysis started: 01-Mar-2023 16:11:49 / finished: 01-Mar-2023 16:11:49

Elapsed time: 0.145 seconds

