
RAxML-NG v. 1.1 released on 29.11.2021 by The Exelixis Lab.
Developed by: Alexey M. Kozlov and Alexandros Stamatakis.
Contributors: Diego Darriba, Tomas Flouri, Benoit Morel, Sarah Lutteropp, Ben Bettisworth.
Latest version: https://github.com/amkozlov/raxml-ng
Questions/problems/suggestions? Please visit: https://groups.google.com/forum/#!forum/raxml

System: Intel(R) Xeon(R) CPU E5-2680 v3 @ 2.50GHz, 24 cores, 125 GB RAM

RAxML-NG was called at 21-Dec-2022 19:39:23 as follows:

raxml-ng --msa /groups/pupko/alburquerque/RL/Tree_Data/data/All_sized/20415/masked_species_real_msa.phy --threads 1 --opt-branches on --opt-model --nofiles --tree rand{1} --redo off --model GTR{0.72342/2.85192/1.45448/1.64519/7.46048/1.00000}+I{0.306}+G{0.634}+F{0.21247/0.32111/0.25168/0.21474}

Analysis options:
  run mode: ML tree search
  start tree(s): random (1)
  random seed: 1671644363
  tip-inner: OFF
  pattern compression: ON
  per-rate scalers: OFF
  site repeats: ON
  fast spr radius: AUTO
  spr subtree cutoff: 1.000000
  branch lengths: proportional (ML estimate, algorithm: NR-FAST)
  SIMD kernels: AVX2
  parallelization: coarse-grained (auto), NONE/sequential

WARNING: Running in REDO mode: existing checkpoints are ignored, and all result files will be overwritten!

[00:00:00] Reading alignment from file: /groups/pupko/alburquerque/RL/Tree_Data/data/All_sized/20415/masked_species_real_msa.phy
[00:00:00] Loaded alignment with 15 taxa and 1325 sites

WARNING: Sequences Sp007 and Sp008 are exactly identical!
WARNING: Duplicate sequences found: 1

NOTE: Reduced alignment (with duplicates and gap-only sites/taxa removed) 
NOTE: was saved to: /groups/pupko/alburquerque/RL/Tree_Data/data/All_sized/20415/masked_species_real_msa.phy.raxml.reduced.phy

Alignment comprises 1 partitions and 174 patterns

Partition 0: noname
Model: GTR{0.72342/2.85192/1.45448/1.64519/7.46048/1}+FU{0.21247/0.32111/0.25168/0.21474}+IU{0.306}+G4m{0.634}
Alignment sites / patterns: 1325 / 174
Gaps: 5.08 %
Invariant sites: 69.36 %


NOTE: Binary MSA file created: /groups/pupko/alburquerque/RL/Tree_Data/data/All_sized/20415/masked_species_real_msa.phy.raxml.rba

Parallelization scheme autoconfig: 1 worker(s) x 1 thread(s)

Parallel reduction/worker buffer size: 1 KB  / 0 KB

[00:00:00] Generating 1 random starting tree(s) with 15 taxa
[00:00:00] Data distribution: max. partitions/sites/weight per thread: 1 / 174 / 2784
[00:00:00] Data distribution: max. searches per worker: 1

Starting ML tree search with 1 distinct starting trees

[00:00:00 -6408.138463] Initial branch length optimization
[00:00:00 -5287.981093] Model parameter optimization (eps = 10.000000)
[00:00:00 -5287.413950] AUTODETECT spr round 1 (radius: 5)
[00:00:00 -4373.515955] AUTODETECT spr round 2 (radius: 10)
[00:00:00 -4373.514924] SPR radius for FAST iterations: 5 (autodetect)
[00:00:00 -4373.514924] Model parameter optimization (eps = 3.000000)
[00:00:00 -4373.514551] FAST spr round 1 (radius: 5)
[00:00:00 -4303.190064] FAST spr round 2 (radius: 5)
[00:00:00 -4301.794597] FAST spr round 3 (radius: 5)
[00:00:00 -4301.794543] Model parameter optimization (eps = 1.000000)
[00:00:00 -4301.794530] SLOW spr round 1 (radius: 5)
[00:00:00 -4301.794516] SLOW spr round 2 (radius: 10)
[00:00:00 -4301.794510] SLOW spr round 3 (radius: 15)
[00:00:00 -4301.794508] Model parameter optimization (eps = 0.100000)

[00:00:00] ML tree search #1, logLikelihood: -4301.794507


Optimized model parameters:

   Partition 0: noname
   Rate heterogeneity: GAMMA (4 cats, mean),  alpha: 0.634000 (user),  weights&rates: (0.250000,0.060188) (0.250000,0.330652) (0.250000,0.897721) (0.250000,2.711440) 
   P-inv (user): 0.306000
   Base frequencies (user): 0.212470 0.321110 0.251680 0.214740 
   Substitution rates (user): 0.723420 2.851920 1.454480 1.645190 7.460480 1.000000 


Final LogLikelihood: -4301.794507

AIC score: 8657.589014 / AICc score: 8658.754781 / BIC score: 8797.696543
Free parameters (model + branch lengths): 27

Best ML tree saved to: /groups/pupko/alburquerque/RL/Tree_Data/data/All_sized/20415/masked_species_real_msa.phy.raxml.bestTree
Optimized model saved to: /groups/pupko/alburquerque/RL/Tree_Data/data/All_sized/20415/masked_species_real_msa.phy.raxml.bestModel

Execution log saved to: /groups/pupko/alburquerque/RL/Tree_Data/data/All_sized/20415/masked_species_real_msa.phy.raxml.log

Analysis started: 21-Dec-2022 19:39:23 / finished: 21-Dec-2022 19:39:24

Elapsed time: 0.374 seconds

