
RAxML-NG v. 1.1 released on 29.11.2021 by The Exelixis Lab.
Developed by: Alexey M. Kozlov and Alexandros Stamatakis.
Contributors: Diego Darriba, Tomas Flouri, Benoit Morel, Sarah Lutteropp, Ben Bettisworth.
Latest version: https://github.com/amkozlov/raxml-ng
Questions/problems/suggestions? Please visit: https://groups.google.com/forum/#!forum/raxml

System: Intel(R) Xeon(R) CPU E5-2670 v2 @ 2.50GHz, 20 cores, 62 GB RAM

RAxML-NG was called at 25-Dec-2022 18:31:36 as follows:

raxml-ng --msa /groups/pupko/alburquerque/RL/Tree_Data/data/All_sized/7733/masked_species_real_msa.phy --threads 1 --opt-branches on --opt-model --nofiles --tree rand{1} --redo off --model GTR{3.05062/7.12495/2.45828/2.03222/16.20857/1.00000}+I{0.198}+G{0.889}+F{0.24984/0.18241/0.20836/0.35939}

Analysis options:
  run mode: ML tree search
  start tree(s): random (1)
  random seed: 1671985896
  tip-inner: OFF
  pattern compression: ON
  per-rate scalers: OFF
  site repeats: ON
  fast spr radius: AUTO
  spr subtree cutoff: 1.000000
  branch lengths: proportional (ML estimate, algorithm: NR-FAST)
  SIMD kernels: AVX
  parallelization: coarse-grained (auto), NONE/sequential

WARNING: Running in REDO mode: existing checkpoints are ignored, and all result files will be overwritten!

[00:00:00] Reading alignment from file: /groups/pupko/alburquerque/RL/Tree_Data/data/All_sized/7733/masked_species_real_msa.phy
[00:00:00] Loaded alignment with 20 taxa and 613 sites

WARNING: Sequences Sp001 and Sp003 are exactly identical!
WARNING: Sequences Sp004 and Sp005 are exactly identical!
WARNING: Sequences Sp004 and Sp006 are exactly identical!
WARNING: Sequences Sp007 and Sp008 are exactly identical!
WARNING: Sequences Sp007 and Sp012 are exactly identical!
WARNING: Sequences Sp007 and Sp013 are exactly identical!
WARNING: Sequences Sp009 and Sp010 are exactly identical!
WARNING: Sequences Sp009 and Sp011 are exactly identical!
WARNING: Sequences Sp014 and Sp015 are exactly identical!
WARNING: Sequences Sp017 and Sp018 are exactly identical!
WARNING: Sequences Sp017 and Sp019 are exactly identical!
WARNING: Duplicate sequences found: 11

NOTE: Reduced alignment (with duplicates and gap-only sites/taxa removed) 
NOTE: was saved to: /groups/pupko/alburquerque/RL/Tree_Data/data/All_sized/7733/masked_species_real_msa.phy.raxml.reduced.phy

Alignment comprises 1 partitions and 56 patterns

Partition 0: noname
Model: GTR{3.05062/7.12495/2.45828/2.03222/16.2086/1}+FU{0.24984/0.18241/0.20836/0.35939}+IU{0.198}+G4m{0.889}
Alignment sites / patterns: 613 / 56
Gaps: 2.23 %
Invariant sites: 89.40 %


NOTE: Binary MSA file created: /groups/pupko/alburquerque/RL/Tree_Data/data/All_sized/7733/masked_species_real_msa.phy.raxml.rba

Parallelization scheme autoconfig: 1 worker(s) x 1 thread(s)

Parallel reduction/worker buffer size: 1 KB  / 0 KB

[00:00:00] Generating 1 random starting tree(s) with 20 taxa
[00:00:00] Data distribution: max. partitions/sites/weight per thread: 1 / 56 / 896
[00:00:00] Data distribution: max. searches per worker: 1

Starting ML tree search with 1 distinct starting trees

[00:00:00 -2167.443264] Initial branch length optimization
[00:00:00 -1684.776392] Model parameter optimization (eps = 10.000000)
[00:00:00 -1684.773928] AUTODETECT spr round 1 (radius: 5)
[00:00:00 -1232.887622] AUTODETECT spr round 2 (radius: 10)
[00:00:00 -1232.887593] SPR radius for FAST iterations: 5 (autodetect)
[00:00:00 -1232.887593] Model parameter optimization (eps = 3.000000)
[00:00:00 -1232.887593] FAST spr round 1 (radius: 5)
[00:00:00 -1231.363562] FAST spr round 2 (radius: 5)
[00:00:00 -1231.019135] FAST spr round 3 (radius: 5)
[00:00:00 -1231.019135] Model parameter optimization (eps = 1.000000)
[00:00:00 -1231.019135] SLOW spr round 1 (radius: 5)
[00:00:00 -1231.019135] SLOW spr round 2 (radius: 10)
[00:00:00 -1231.019135] SLOW spr round 3 (radius: 15)
[00:00:00 -1231.019135] SLOW spr round 4 (radius: 20)
[00:00:00 -1231.019135] Model parameter optimization (eps = 0.100000)

[00:00:00] ML tree search #1, logLikelihood: -1231.019135


Optimized model parameters:

   Partition 0: noname
   Rate heterogeneity: GAMMA (4 cats, mean),  alpha: 0.889000 (user),  weights&rates: (0.250000,0.114310) (0.250000,0.440643) (0.250000,0.978863) (0.250000,2.466184) 
   P-inv (user): 0.198000
   Base frequencies (user): 0.249840 0.182410 0.208360 0.359390 
   Substitution rates (user): 3.050620 7.124950 2.458280 2.032220 16.208570 1.000000 


Final LogLikelihood: -1231.019135

AIC score: 2536.038269 / AICc score: 2540.928704 / BIC score: 2699.517772
Free parameters (model + branch lengths): 37

WARNING: Best ML tree contains 9 near-zero branches!

Best ML tree with collapsed near-zero branches saved to: /groups/pupko/alburquerque/RL/Tree_Data/data/All_sized/7733/masked_species_real_msa.phy.raxml.bestTreeCollapsed
Best ML tree saved to: /groups/pupko/alburquerque/RL/Tree_Data/data/All_sized/7733/masked_species_real_msa.phy.raxml.bestTree
Optimized model saved to: /groups/pupko/alburquerque/RL/Tree_Data/data/All_sized/7733/masked_species_real_msa.phy.raxml.bestModel

Execution log saved to: /groups/pupko/alburquerque/RL/Tree_Data/data/All_sized/7733/masked_species_real_msa.phy.raxml.log

Analysis started: 25-Dec-2022 18:31:36 / finished: 25-Dec-2022 18:31:36

Elapsed time: 0.201 seconds

