
RAxML-NG v. 1.1 released on 29.11.2021 by The Exelixis Lab.
Developed by: Alexey M. Kozlov and Alexandros Stamatakis.
Contributors: Diego Darriba, Tomas Flouri, Benoit Morel, Sarah Lutteropp, Ben Bettisworth.
Latest version: https://github.com/amkozlov/raxml-ng
Questions/problems/suggestions? Please visit: https://groups.google.com/forum/#!forum/raxml

System: Intel(R) Xeon(R) Gold 6230 CPU @ 2.10GHz, 1 cores, 31 GB RAM

RAxML-NG was called at 28-Dec-2022 15:01:25 as follows:

raxml-ng --msa /groups/pupko/alburquerque/RL/Tree_Data/data/All_sized/199/masked_species_real_msa.phy --threads 1 --opt-branches on --opt-model --nofiles --tree rand{1} --redo off --model GTR{1.63460/4.89850/0.87177/1.52801/7.49474/1.00000}+I{0.426}+G{0.600}+F{0.27954/0.19497/0.23779/0.28771}

Analysis options:
  run mode: ML tree search
  start tree(s): random (1)
  random seed: 1672232485
  tip-inner: OFF
  pattern compression: ON
  per-rate scalers: OFF
  site repeats: ON
  fast spr radius: AUTO
  spr subtree cutoff: 1.000000
  branch lengths: proportional (ML estimate, algorithm: NR-FAST)
  SIMD kernels: AVX2
  parallelization: coarse-grained (auto), NONE/sequential

WARNING: Running in REDO mode: existing checkpoints are ignored, and all result files will be overwritten!

[00:00:00] Reading alignment from file: /groups/pupko/alburquerque/RL/Tree_Data/data/All_sized/199/masked_species_real_msa.phy
[00:00:00] Loaded alignment with 20 taxa and 1398 sites

Alignment comprises 1 partitions and 404 patterns

Partition 0: noname
Model: GTR{1.6346/4.8985/0.87177/1.52801/7.49474/1}+FU{0.27954/0.19497/0.23779/0.28771}+IU{0.426}+G4m{0.6}
Alignment sites / patterns: 1398 / 404
Gaps: 1.76 %
Invariant sites: 68.17 %


NOTE: Binary MSA file created: /groups/pupko/alburquerque/RL/Tree_Data/data/All_sized/199/masked_species_real_msa.phy.raxml.rba

Parallelization scheme autoconfig: 1 worker(s) x 1 thread(s)

Parallel reduction/worker buffer size: 1 KB  / 0 KB

[00:00:00] Generating 1 random starting tree(s) with 20 taxa
[00:00:00] Data distribution: max. partitions/sites/weight per thread: 1 / 404 / 6464
[00:00:00] Data distribution: max. searches per worker: 1

Starting ML tree search with 1 distinct starting trees

[00:00:00 -7983.089087] Initial branch length optimization
[00:00:00 -7283.912207] Model parameter optimization (eps = 10.000000)
[00:00:00 -7282.415155] AUTODETECT spr round 1 (radius: 5)
[00:00:00 -7038.076005] AUTODETECT spr round 2 (radius: 10)
[00:00:00 -7034.940795] AUTODETECT spr round 3 (radius: 15)
[00:00:00 -7034.938377] SPR radius for FAST iterations: 10 (autodetect)
[00:00:00 -7034.938377] Model parameter optimization (eps = 3.000000)
[00:00:00 -7034.938155] FAST spr round 1 (radius: 10)
[00:00:00 -7018.204129] FAST spr round 2 (radius: 10)
[00:00:00 -7017.629161] FAST spr round 3 (radius: 10)
[00:00:00 -7016.735007] FAST spr round 4 (radius: 10)
[00:00:00 -7015.189867] FAST spr round 5 (radius: 10)
[00:00:01 -7015.189862] Model parameter optimization (eps = 1.000000)
[00:00:01 -7015.189862] SLOW spr round 1 (radius: 5)
[00:00:01 -7015.189862] SLOW spr round 2 (radius: 10)
[00:00:01 -7015.189862] SLOW spr round 3 (radius: 15)
[00:00:01 -7015.189862] SLOW spr round 4 (radius: 20)
[00:00:01 -7015.189862] Model parameter optimization (eps = 0.100000)

[00:00:01] ML tree search #1, logLikelihood: -7015.189862


Optimized model parameters:

   Partition 0: noname
   Rate heterogeneity: GAMMA (4 cats, mean),  alpha: 0.600000 (user),  weights&rates: (0.250000,0.053108) (0.250000,0.312272) (0.250000,0.881319) (0.250000,2.753301) 
   P-inv (user): 0.426000
   Base frequencies (user): 0.279537 0.194968 0.237788 0.287707 
   Substitution rates (user): 1.634600 4.898500 0.871770 1.528010 7.494740 1.000000 


Final LogLikelihood: -7015.189862

AIC score: 14104.379724 / AICc score: 14106.447371 / BIC score: 14298.363248
Free parameters (model + branch lengths): 37

Best ML tree saved to: /groups/pupko/alburquerque/RL/Tree_Data/data/All_sized/199/masked_species_real_msa.phy.raxml.bestTree
Optimized model saved to: /groups/pupko/alburquerque/RL/Tree_Data/data/All_sized/199/masked_species_real_msa.phy.raxml.bestModel

Execution log saved to: /groups/pupko/alburquerque/RL/Tree_Data/data/All_sized/199/masked_species_real_msa.phy.raxml.log

Analysis started: 28-Dec-2022 15:01:25 / finished: 28-Dec-2022 15:01:27

Elapsed time: 1.988 seconds

