
RAxML-NG v. 1.1 released on 29.11.2021 by The Exelixis Lab.
Developed by: Alexey M. Kozlov and Alexandros Stamatakis.
Contributors: Diego Darriba, Tomas Flouri, Benoit Morel, Sarah Lutteropp, Ben Bettisworth.
Latest version: https://github.com/amkozlov/raxml-ng
Questions/problems/suggestions? Please visit: https://groups.google.com/forum/#!forum/raxml

System: Intel(R) Xeon(R) CPU E5-2680 v3 @ 2.50GHz, 24 cores, 125 GB RAM

RAxML-NG was called at 01-Mar-2023 16:07:32 as follows:

raxml-ng --msa /groups/pupko/alburquerque/RL/Tree_Data/data/All_sized/18065/masked_species_real_msa.phy --threads 1 --model GTR{0.34599/1.19924/0.20304/0.32503/3.19991/1.00000}+I{0.046}+G{0.216}+F{0.23483/0.27876/0.24712/0.23929} --tree /groups/pupko/alburquerque/RL/Tree_Data/data/All_sized/18065/Temp_start_tree_file_for_raxml_search.txt --redo

Analysis options:
  run mode: ML tree search
  start tree(s): user
  random seed: 1677679652
  tip-inner: OFF
  pattern compression: ON
  per-rate scalers: OFF
  site repeats: ON
  fast spr radius: AUTO
  spr subtree cutoff: 1.000000
  branch lengths: proportional (ML estimate, algorithm: NR-FAST)
  SIMD kernels: AVX2
  parallelization: coarse-grained (auto), NONE/sequential

WARNING: Running in REDO mode: existing checkpoints are ignored, and all result files will be overwritten!

[00:00:00] Reading alignment from file: /groups/pupko/alburquerque/RL/Tree_Data/data/All_sized/18065/masked_species_real_msa.phy
[00:00:00] Loaded alignment with 15 taxa and 556 sites

WARNING: Sequences Sp000 and Sp003 are exactly identical!
WARNING: Duplicate sequences found: 1

NOTE: Reduced alignment (with duplicates and gap-only sites/taxa removed) 
NOTE: was saved to: /groups/pupko/alburquerque/RL/Tree_Data/data/All_sized/18065/masked_species_real_msa.phy.raxml.reduced.phy

Alignment comprises 1 partitions and 58 patterns

Partition 0: noname
Model: GTR{0.34599/1.19924/0.20304/0.32503/3.19991/1}+FU{0.23483/0.27876/0.24712/0.23929}+IU{0.046}+G4m{0.216}
Alignment sites / patterns: 556 / 58
Gaps: 2.21 %
Invariant sites: 94.42 %


NOTE: Binary MSA file created: /groups/pupko/alburquerque/RL/Tree_Data/data/All_sized/18065/masked_species_real_msa.phy.raxml.rba

Parallelization scheme autoconfig: 1 worker(s) x 1 thread(s)

Parallel reduction/worker buffer size: 1 KB  / 0 KB

[00:00:00] Loading user starting tree(s) from: /groups/pupko/alburquerque/RL/Tree_Data/data/All_sized/18065/Temp_start_tree_file_for_raxml_search.txt
[00:00:00] Data distribution: max. partitions/sites/weight per thread: 1 / 58 / 928
[00:00:00] Data distribution: max. searches per worker: 1

Starting ML tree search with 1 distinct starting trees

[00:00:00 -1343.062068] Initial branch length optimization
[00:00:00 -1126.809183] Model parameter optimization (eps = 10.000000)
[00:00:00 -1126.753277] AUTODETECT spr round 1 (radius: 5)
[00:00:00 -1006.788318] AUTODETECT spr round 2 (radius: 10)
[00:00:00 -1006.788136] SPR radius for FAST iterations: 5 (autodetect)
[00:00:00 -1006.788136] Model parameter optimization (eps = 3.000000)
[00:00:00 -1006.788136] FAST spr round 1 (radius: 5)
[00:00:00 -1002.898268] FAST spr round 2 (radius: 5)
[00:00:00 -1002.898268] Model parameter optimization (eps = 1.000000)
[00:00:00 -1002.898268] SLOW spr round 1 (radius: 5)
[00:00:00 -1002.898268] SLOW spr round 2 (radius: 10)
[00:00:00 -1002.898268] SLOW spr round 3 (radius: 15)
[00:00:00 -1002.898268] Model parameter optimization (eps = 0.100000)

[00:00:00] ML tree search #1, logLikelihood: -1002.898268


Optimized model parameters:

   Partition 0: noname
   Rate heterogeneity: GAMMA (4 cats, mean),  alpha: 0.216000 (user),  weights&rates: (0.250000,0.000886) (0.250000,0.043486) (0.250000,0.424114) (0.250000,3.531515) 
   P-inv (user): 0.046000
   Base frequencies (user): 0.234830 0.278760 0.247120 0.239290 
   Substitution rates (user): 0.345990 1.199240 0.203040 0.325030 3.199910 1.000000 


Final LogLikelihood: -1002.898268

AIC score: 2059.796537 / AICc score: 2062.660173 / BIC score: 2176.457281
Free parameters (model + branch lengths): 27

WARNING: Best ML tree contains 6 near-zero branches!

Best ML tree with collapsed near-zero branches saved to: /groups/pupko/alburquerque/RL/Tree_Data/data/All_sized/18065/masked_species_real_msa.phy.raxml.bestTreeCollapsed
Best ML tree saved to: /groups/pupko/alburquerque/RL/Tree_Data/data/All_sized/18065/masked_species_real_msa.phy.raxml.bestTree
Optimized model saved to: /groups/pupko/alburquerque/RL/Tree_Data/data/All_sized/18065/masked_species_real_msa.phy.raxml.bestModel

Execution log saved to: /groups/pupko/alburquerque/RL/Tree_Data/data/All_sized/18065/masked_species_real_msa.phy.raxml.log

Analysis started: 01-Mar-2023 16:07:32 / finished: 01-Mar-2023 16:07:32

Elapsed time: 0.138 seconds

