
RAxML-NG v. 1.1 released on 29.11.2021 by The Exelixis Lab.
Developed by: Alexey M. Kozlov and Alexandros Stamatakis.
Contributors: Diego Darriba, Tomas Flouri, Benoit Morel, Sarah Lutteropp, Ben Bettisworth.
Latest version: https://github.com/amkozlov/raxml-ng
Questions/problems/suggestions? Please visit: https://groups.google.com/forum/#!forum/raxml

System: Intel(R) Xeon(R) Gold 6230 CPU @ 2.10GHz, 1 cores, 31 GB RAM

RAxML-NG was called at 28-Dec-2022 15:00:43 as follows:

raxml-ng --msa /groups/pupko/alburquerque/RL/Tree_Data/data/All_sized/25665/masked_species_real_msa.phy --threads 1 --opt-branches on --opt-model --nofiles --tree rand{1} --redo off --model GTR{1.45391/16.25070/1.24945/0.80814/16.59834/1.00000}+I{0.504}+G{0.863}+F{0.28011/0.29353/0.13041/0.29594}

Analysis options:
  run mode: ML tree search
  start tree(s): random (1)
  random seed: 1672232443
  tip-inner: OFF
  pattern compression: ON
  per-rate scalers: OFF
  site repeats: ON
  fast spr radius: AUTO
  spr subtree cutoff: 1.000000
  branch lengths: proportional (ML estimate, algorithm: NR-FAST)
  SIMD kernels: AVX2
  parallelization: coarse-grained (auto), NONE/sequential

WARNING: Running in REDO mode: existing checkpoints are ignored, and all result files will be overwritten!

[00:00:00] Reading alignment from file: /groups/pupko/alburquerque/RL/Tree_Data/data/All_sized/25665/masked_species_real_msa.phy
[00:00:00] Loaded alignment with 20 taxa and 1161 sites

Alignment comprises 1 partitions and 437 patterns

Partition 0: noname
Model: GTR{1.45391/16.2507/1.24945/0.80814/16.5983/1}+FU{0.28011/0.29353/0.13041/0.29594}+IU{0.504}+G4m{0.863}
Alignment sites / patterns: 1161 / 437
Gaps: 4.66 %
Invariant sites: 58.83 %


NOTE: Binary MSA file created: /groups/pupko/alburquerque/RL/Tree_Data/data/All_sized/25665/masked_species_real_msa.phy.raxml.rba

Parallelization scheme autoconfig: 1 worker(s) x 1 thread(s)

Parallel reduction/worker buffer size: 1 KB  / 0 KB

[00:00:00] Generating 1 random starting tree(s) with 20 taxa
[00:00:00] Data distribution: max. partitions/sites/weight per thread: 1 / 437 / 6992
[00:00:00] Data distribution: max. searches per worker: 1

Starting ML tree search with 1 distinct starting trees

[00:00:00 -8837.117840] Initial branch length optimization
[00:00:00 -7780.988370] Model parameter optimization (eps = 10.000000)
[00:00:00 -7780.918581] AUTODETECT spr round 1 (radius: 5)
[00:00:00 -7163.418412] AUTODETECT spr round 2 (radius: 10)
[00:00:00 -7157.423661] AUTODETECT spr round 3 (radius: 15)
[00:00:00 -7157.399792] SPR radius for FAST iterations: 10 (autodetect)
[00:00:00 -7157.399792] Model parameter optimization (eps = 3.000000)
[00:00:00 -7157.395667] FAST spr round 1 (radius: 10)
[00:00:00 -7145.217750] FAST spr round 2 (radius: 10)
[00:00:00 -7145.094313] FAST spr round 3 (radius: 10)
[00:00:00 -7145.094305] Model parameter optimization (eps = 1.000000)
[00:00:00 -7145.094305] SLOW spr round 1 (radius: 5)
[00:00:01 -7145.094305] SLOW spr round 2 (radius: 10)
[00:00:01 -7145.094305] SLOW spr round 3 (radius: 15)
[00:00:01 -7145.094305] SLOW spr round 4 (radius: 20)
[00:00:01 -7145.094305] Model parameter optimization (eps = 0.100000)

[00:00:01] ML tree search #1, logLikelihood: -7145.094305


Optimized model parameters:

   Partition 0: noname
   Rate heterogeneity: GAMMA (4 cats, mean),  alpha: 0.863000 (user),  weights&rates: (0.250000,0.108877) (0.250000,0.431314) (0.250000,0.972991) (0.250000,2.486818) 
   P-inv (user): 0.504000
   Base frequencies (user): 0.280113 0.293533 0.130411 0.295943 
   Substitution rates (user): 1.453910 16.250700 1.249450 0.808140 16.598340 1.000000 


Final LogLikelihood: -7145.094305

AIC score: 14364.188611 / AICc score: 14366.692618 / BIC score: 14551.298979
Free parameters (model + branch lengths): 37

Best ML tree saved to: /groups/pupko/alburquerque/RL/Tree_Data/data/All_sized/25665/masked_species_real_msa.phy.raxml.bestTree
Optimized model saved to: /groups/pupko/alburquerque/RL/Tree_Data/data/All_sized/25665/masked_species_real_msa.phy.raxml.bestModel

Execution log saved to: /groups/pupko/alburquerque/RL/Tree_Data/data/All_sized/25665/masked_species_real_msa.phy.raxml.log

Analysis started: 28-Dec-2022 15:00:43 / finished: 28-Dec-2022 15:00:44

Elapsed time: 1.877 seconds

