
RAxML-NG v. 1.1 released on 29.11.2021 by The Exelixis Lab.
Developed by: Alexey M. Kozlov and Alexandros Stamatakis.
Contributors: Diego Darriba, Tomas Flouri, Benoit Morel, Sarah Lutteropp, Ben Bettisworth.
Latest version: https://github.com/amkozlov/raxml-ng
Questions/problems/suggestions? Please visit: https://groups.google.com/forum/#!forum/raxml

System: Intel(R) Xeon(R) Gold 6230 CPU @ 2.10GHz, 1 cores, 31 GB RAM

RAxML-NG was called at 28-Dec-2022 15:01:16 as follows:

raxml-ng --msa /groups/pupko/alburquerque/RL/Tree_Data/data/All_sized/36545/masked_species_real_msa.phy --threads 1 --opt-branches on --opt-model --nofiles --tree rand{1} --redo off --model GTR{1.00000/1.00000/1615.53252/856.53633/5168.30938/1.00000}+I{0.099}+G{99.828}+F{0.20821/0.33298/0.32166/0.13714}

Analysis options:
  run mode: ML tree search
  start tree(s): random (1)
  random seed: 1672232476
  tip-inner: OFF
  pattern compression: ON
  per-rate scalers: OFF
  site repeats: ON
  fast spr radius: AUTO
  spr subtree cutoff: 1.000000
  branch lengths: proportional (ML estimate, algorithm: NR-FAST)
  SIMD kernels: AVX2
  parallelization: coarse-grained (auto), NONE/sequential

WARNING: Running in REDO mode: existing checkpoints are ignored, and all result files will be overwritten!

[00:00:00] Reading alignment from file: /groups/pupko/alburquerque/RL/Tree_Data/data/All_sized/36545/masked_species_real_msa.phy
[00:00:00] Loaded alignment with 20 taxa and 401 sites

WARNING: Sequences Sp001 and Sp002 are exactly identical!
WARNING: Sequences Sp001 and Sp003 are exactly identical!
WARNING: Sequences Sp001 and Sp004 are exactly identical!
WARNING: Sequences Sp001 and Sp005 are exactly identical!
WARNING: Sequences Sp001 and Sp006 are exactly identical!
WARNING: Sequences Sp001 and Sp007 are exactly identical!
WARNING: Sequences Sp008 and Sp009 are exactly identical!
WARNING: Sequences Sp008 and Sp010 are exactly identical!
WARNING: Sequences Sp008 and Sp011 are exactly identical!
WARNING: Sequences Sp008 and Sp012 are exactly identical!
WARNING: Sequences Sp008 and Sp013 are exactly identical!
WARNING: Sequences Sp008 and Sp014 are exactly identical!
WARNING: Sequences Sp008 and Sp015 are exactly identical!
WARNING: Sequences Sp008 and Sp016 are exactly identical!
WARNING: Sequences Sp008 and Sp017 are exactly identical!
WARNING: Sequences Sp008 and Sp018 are exactly identical!
WARNING: Sequences Sp008 and Sp019 are exactly identical!
WARNING: Duplicate sequences found: 17

NOTE: Reduced alignment (with duplicates and gap-only sites/taxa removed) 
NOTE: was saved to: /groups/pupko/alburquerque/RL/Tree_Data/data/All_sized/36545/masked_species_real_msa.phy.raxml.reduced.phy

Alignment comprises 1 partitions and 9 patterns

Partition 0: noname
Model: GTR{1/1/1615.53/856.536/5168.31/1}+FU{0.20821/0.33298/0.32166/0.13714}+IU{0.099}+G4m{99.828}
Alignment sites / patterns: 401 / 9
Gaps: 0.00 %
Invariant sites: 98.00 %


NOTE: Binary MSA file created: /groups/pupko/alburquerque/RL/Tree_Data/data/All_sized/36545/masked_species_real_msa.phy.raxml.rba

Parallelization scheme autoconfig: 1 worker(s) x 1 thread(s)

Parallel reduction/worker buffer size: 1 KB  / 0 KB

[00:00:00] Generating 1 random starting tree(s) with 20 taxa
[00:00:00] Data distribution: max. partitions/sites/weight per thread: 1 / 9 / 144
[00:00:00] Data distribution: max. searches per worker: 1

Starting ML tree search with 1 distinct starting trees

[00:00:00 -1258.730134] Initial branch length optimization
[00:00:00 -611.303192] Model parameter optimization (eps = 10.000000)
[00:00:00 -611.303179] AUTODETECT spr round 1 (radius: 5)
[00:00:00 -576.712722] AUTODETECT spr round 2 (radius: 10)
[00:00:00 -576.712722] SPR radius for FAST iterations: 5 (autodetect)
[00:00:00 -576.712722] Model parameter optimization (eps = 3.000000)
[00:00:00 -576.712722] FAST spr round 1 (radius: 5)
[00:00:00 -576.712722] Model parameter optimization (eps = 1.000000)
[00:00:00 -576.712722] SLOW spr round 1 (radius: 5)
[00:00:00 -576.712722] SLOW spr round 2 (radius: 10)
[00:00:00 -576.712722] SLOW spr round 3 (radius: 15)
[00:00:00 -576.712722] SLOW spr round 4 (radius: 20)
[00:00:00 -576.712722] Model parameter optimization (eps = 0.100000)

[00:00:00] ML tree search #1, logLikelihood: -576.712722


Optimized model parameters:

   Partition 0: noname
   Rate heterogeneity: GAMMA (4 cats, mean),  alpha: 99.828000 (user),  weights&rates: (0.250000,0.875802) (0.250000,0.964706) (0.250000,1.029572) (0.250000,1.129920) 
   P-inv (user): 0.099000
   Base frequencies (user): 0.208212 0.332983 0.321663 0.137141 
   Substitution rates (user): 1.000000 1.000000 1615.532520 856.536330 5168.309380 1.000000 


Final LogLikelihood: -576.712722

AIC score: 1227.425444 / AICc score: 1235.172000 / BIC score: 1375.202017
Free parameters (model + branch lengths): 37

WARNING: Best ML tree contains 16 near-zero branches!

Best ML tree with collapsed near-zero branches saved to: /groups/pupko/alburquerque/RL/Tree_Data/data/All_sized/36545/masked_species_real_msa.phy.raxml.bestTreeCollapsed
Best ML tree saved to: /groups/pupko/alburquerque/RL/Tree_Data/data/All_sized/36545/masked_species_real_msa.phy.raxml.bestTree
Optimized model saved to: /groups/pupko/alburquerque/RL/Tree_Data/data/All_sized/36545/masked_species_real_msa.phy.raxml.bestModel

Execution log saved to: /groups/pupko/alburquerque/RL/Tree_Data/data/All_sized/36545/masked_species_real_msa.phy.raxml.log

Analysis started: 28-Dec-2022 15:01:16 / finished: 28-Dec-2022 15:01:16

Elapsed time: 0.172 seconds

