
RAxML-NG v. 1.1 released on 29.11.2021 by The Exelixis Lab.
Developed by: Alexey M. Kozlov and Alexandros Stamatakis.
Contributors: Diego Darriba, Tomas Flouri, Benoit Morel, Sarah Lutteropp, Ben Bettisworth.
Latest version: https://github.com/amkozlov/raxml-ng
Questions/problems/suggestions? Please visit: https://groups.google.com/forum/#!forum/raxml

System: Intel(R) Xeon(R) CPU E5-2680 v3 @ 2.50GHz, 24 cores, 125 GB RAM

RAxML-NG was called at 12-Feb-2023 00:06:11 as follows:

raxml-ng --msa /groups/pupko/alburquerque/RL/Tree_Data/data/All_sized/10944/masked_species_real_msa.phy --threads 1 --model GTR{1.07699/0.90146/0.43104/1.10349/1.40992/1.00000}+I{0.390}+G{0.801}+F{0.32807/0.17179/0.18178/0.31836} --tree /groups/pupko/alburquerque/RL/Tree_Data/data/All_sized/10944/Temp_start_tree_file_for_raxml_search.txt --redo

Analysis options:
  run mode: ML tree search
  start tree(s): user
  random seed: 1676153171
  tip-inner: OFF
  pattern compression: ON
  per-rate scalers: OFF
  site repeats: ON
  fast spr radius: AUTO
  spr subtree cutoff: 1.000000
  branch lengths: proportional (ML estimate, algorithm: NR-FAST)
  SIMD kernels: AVX2
  parallelization: coarse-grained (auto), NONE/sequential

WARNING: Running in REDO mode: existing checkpoints are ignored, and all result files will be overwritten!

[00:00:00] Reading alignment from file: /groups/pupko/alburquerque/RL/Tree_Data/data/All_sized/10944/masked_species_real_msa.phy
[00:00:00] Loaded alignment with 20 taxa and 3985 sites

Alignment comprises 1 partitions and 603 patterns

Partition 0: noname
Model: GTR{1.07699/0.90146/0.43104/1.10349/1.40992/1}+FU{0.32807/0.17179/0.18178/0.31836}+IU{0.39}+G4m{0.801}
Alignment sites / patterns: 3985 / 603
Gaps: 5.39 %
Invariant sites: 79.67 %


NOTE: Binary MSA file created: /groups/pupko/alburquerque/RL/Tree_Data/data/All_sized/10944/masked_species_real_msa.phy.raxml.rba

Parallelization scheme autoconfig: 1 worker(s) x 1 thread(s)

Parallel reduction/worker buffer size: 1 KB  / 0 KB

[00:00:00] Loading user starting tree(s) from: /groups/pupko/alburquerque/RL/Tree_Data/data/All_sized/10944/Temp_start_tree_file_for_raxml_search.txt
[00:00:00] Data distribution: max. partitions/sites/weight per thread: 1 / 603 / 9648
[00:00:00] Data distribution: max. searches per worker: 1

Starting ML tree search with 1 distinct starting trees

[00:00:00 -15865.686021] Initial branch length optimization
[00:00:00 -13205.172722] Model parameter optimization (eps = 10.000000)
[00:00:00 -13203.675365] AUTODETECT spr round 1 (radius: 5)
[00:00:00 -11510.291096] AUTODETECT spr round 2 (radius: 10)
[00:00:00 -11510.288648] SPR radius for FAST iterations: 5 (autodetect)
[00:00:00 -11510.288648] Model parameter optimization (eps = 3.000000)
[00:00:00 -11510.288333] FAST spr round 1 (radius: 5)
[00:00:00 -11393.201819] FAST spr round 2 (radius: 5)
[00:00:00 -11393.201677] Model parameter optimization (eps = 1.000000)
[00:00:00 -11393.201677] SLOW spr round 1 (radius: 5)
[00:00:00 -11393.201677] SLOW spr round 2 (radius: 10)
[00:00:01 -11393.201677] SLOW spr round 3 (radius: 15)
[00:00:01 -11393.201677] SLOW spr round 4 (radius: 20)
[00:00:01 -11393.201677] Model parameter optimization (eps = 0.100000)

[00:00:01] ML tree search #1, logLikelihood: -11393.201677


Optimized model parameters:

   Partition 0: noname
   Rate heterogeneity: GAMMA (4 cats, mean),  alpha: 0.801000 (user),  weights&rates: (0.250000,0.095772) (0.250000,0.407536) (0.250000,0.957232) (0.250000,2.539461) 
   P-inv (user): 0.390000
   Base frequencies (user): 0.328070 0.171790 0.181780 0.318360 
   Substitution rates (user): 1.076990 0.901460 0.431040 1.103490 1.409920 1.000000 


Final LogLikelihood: -11393.201677

AIC score: 22860.403354 / AICc score: 22861.115794 / BIC score: 23093.144180
Free parameters (model + branch lengths): 37

Best ML tree saved to: /groups/pupko/alburquerque/RL/Tree_Data/data/All_sized/10944/masked_species_real_msa.phy.raxml.bestTree
Optimized model saved to: /groups/pupko/alburquerque/RL/Tree_Data/data/All_sized/10944/masked_species_real_msa.phy.raxml.bestModel

Execution log saved to: /groups/pupko/alburquerque/RL/Tree_Data/data/All_sized/10944/masked_species_real_msa.phy.raxml.log

Analysis started: 12-Feb-2023 00:06:11 / finished: 12-Feb-2023 00:06:12

Elapsed time: 1.214 seconds

