
RAxML-NG v. 1.1 released on 29.11.2021 by The Exelixis Lab.
Developed by: Alexey M. Kozlov and Alexandros Stamatakis.
Contributors: Diego Darriba, Tomas Flouri, Benoit Morel, Sarah Lutteropp, Ben Bettisworth.
Latest version: https://github.com/amkozlov/raxml-ng
Questions/problems/suggestions? Please visit: https://groups.google.com/forum/#!forum/raxml

System: Intel(R) Xeon(R) CPU E5-2680 v3 @ 2.50GHz, 24 cores, 125 GB RAM

RAxML-NG was called at 21-Dec-2022 19:39:20 as follows:

raxml-ng --msa /groups/pupko/alburquerque/RL/Tree_Data/data/All_sized/9698/masked_species_real_msa.phy --threads 1 --opt-branches on --opt-model --nofiles --tree rand{1} --redo off --model GTR{0.59134/34.96438/3.91545/1.25924/25.85191/1.00000}+I{0.567}+G{1.134}+F{0.25485/0.13753/0.21071/0.39691}

Analysis options:
  run mode: ML tree search
  start tree(s): random (1)
  random seed: 1671644360
  tip-inner: OFF
  pattern compression: ON
  per-rate scalers: OFF
  site repeats: ON
  fast spr radius: AUTO
  spr subtree cutoff: 1.000000
  branch lengths: proportional (ML estimate, algorithm: NR-FAST)
  SIMD kernels: AVX2
  parallelization: coarse-grained (auto), NONE/sequential

WARNING: Running in REDO mode: existing checkpoints are ignored, and all result files will be overwritten!

[00:00:00] Reading alignment from file: /groups/pupko/alburquerque/RL/Tree_Data/data/All_sized/9698/masked_species_real_msa.phy
[00:00:00] Loaded alignment with 15 taxa and 903 sites

Alignment comprises 1 partitions and 331 patterns

Partition 0: noname
Model: GTR{0.59134/34.9644/3.91545/1.25924/25.8519/1}+FU{0.25485/0.13753/0.21071/0.39691}+IU{0.567}+G4m{1.134}
Alignment sites / patterns: 903 / 331
Gaps: 0.00 %
Invariant sites: 59.91 %


NOTE: Binary MSA file created: /groups/pupko/alburquerque/RL/Tree_Data/data/All_sized/9698/masked_species_real_msa.phy.raxml.rba

Parallelization scheme autoconfig: 1 worker(s) x 1 thread(s)

Parallel reduction/worker buffer size: 1 KB  / 0 KB

[00:00:00] Generating 1 random starting tree(s) with 15 taxa
[00:00:00] Data distribution: max. partitions/sites/weight per thread: 1 / 331 / 5296
[00:00:00] Data distribution: max. searches per worker: 1

Starting ML tree search with 1 distinct starting trees

[00:00:00 -6694.534575] Initial branch length optimization
[00:00:00 -5590.640509] Model parameter optimization (eps = 10.000000)
[00:00:00 -5589.870799] AUTODETECT spr round 1 (radius: 5)
[00:00:00 -5324.322864] AUTODETECT spr round 2 (radius: 10)
[00:00:00 -5315.053068] AUTODETECT spr round 3 (radius: 15)
[00:00:00 -5315.048759] SPR radius for FAST iterations: 10 (autodetect)
[00:00:00 -5315.048759] Model parameter optimization (eps = 3.000000)
[00:00:00 -5315.047294] FAST spr round 1 (radius: 10)
[00:00:00 -5281.059354] FAST spr round 2 (radius: 10)
[00:00:00 -5281.059110] Model parameter optimization (eps = 1.000000)
[00:00:00 -5281.059102] SLOW spr round 1 (radius: 5)
[00:00:00 -5281.059101] SLOW spr round 2 (radius: 10)
[00:00:00 -5281.059101] SLOW spr round 3 (radius: 15)
[00:00:00 -5281.059101] Model parameter optimization (eps = 0.100000)

[00:00:00] ML tree search #1, logLikelihood: -5281.059101


Optimized model parameters:

   Partition 0: noname
   Rate heterogeneity: GAMMA (4 cats, mean),  alpha: 1.134000 (user),  weights&rates: (0.250000,0.162889) (0.250000,0.513629) (0.250000,1.019084) (0.250000,2.304398) 
   P-inv (user): 0.567000
   Base frequencies (user): 0.254850 0.137530 0.210710 0.396910 
   Substitution rates (user): 0.591340 34.964380 3.915450 1.259240 25.851910 1.000000 


Final LogLikelihood: -5281.059101

AIC score: 10616.118201 / AICc score: 10617.846201 / BIC score: 10745.872710
Free parameters (model + branch lengths): 27

Best ML tree saved to: /groups/pupko/alburquerque/RL/Tree_Data/data/All_sized/9698/masked_species_real_msa.phy.raxml.bestTree
Optimized model saved to: /groups/pupko/alburquerque/RL/Tree_Data/data/All_sized/9698/masked_species_real_msa.phy.raxml.bestModel

Execution log saved to: /groups/pupko/alburquerque/RL/Tree_Data/data/All_sized/9698/masked_species_real_msa.phy.raxml.log

Analysis started: 21-Dec-2022 19:39:20 / finished: 21-Dec-2022 19:39:21

Elapsed time: 0.681 seconds

