
RAxML-NG v. 1.1 released on 29.11.2021 by The Exelixis Lab.
Developed by: Alexey M. Kozlov and Alexandros Stamatakis.
Contributors: Diego Darriba, Tomas Flouri, Benoit Morel, Sarah Lutteropp, Ben Bettisworth.
Latest version: https://github.com/amkozlov/raxml-ng
Questions/problems/suggestions? Please visit: https://groups.google.com/forum/#!forum/raxml

System: Intel(R) Xeon(R) CPU E5-2670 v2 @ 2.50GHz, 20 cores, 62 GB RAM

RAxML-NG was called at 09-Feb-2023 21:08:04 as follows:

raxml-ng --msa /groups/pupko/alburquerque/RL/Tree_Data/data/All_sized/16440/masked_species_real_msa.phy --threads 1 --model GTR{1.51127/7.20762/1.57124/1.45127/12.74240/1.00000}+I{0.571}+G{3.267}+F{0.23664/0.29495/0.25450/0.21392} --tree /groups/pupko/alburquerque/RL/Tree_Data/data/All_sized/16440/Temp_start_tree_file_for_raxml_search.txt --redo

Analysis options:
  run mode: ML tree search
  start tree(s): user
  random seed: 1675969684
  tip-inner: OFF
  pattern compression: ON
  per-rate scalers: OFF
  site repeats: ON
  fast spr radius: AUTO
  spr subtree cutoff: 1.000000
  branch lengths: proportional (ML estimate, algorithm: NR-FAST)
  SIMD kernels: AVX
  parallelization: coarse-grained (auto), NONE/sequential

WARNING: Running in REDO mode: existing checkpoints are ignored, and all result files will be overwritten!

[00:00:00] Reading alignment from file: /groups/pupko/alburquerque/RL/Tree_Data/data/All_sized/16440/masked_species_real_msa.phy
[00:00:00] Loaded alignment with 20 taxa and 570 sites

Alignment comprises 1 partitions and 234 patterns

Partition 0: noname
Model: GTR{1.51127/7.20762/1.57124/1.45127/12.7424/1}+FU{0.23664/0.29495/0.2545/0.21392}+IU{0.571}+G4m{3.267}
Alignment sites / patterns: 570 / 234
Gaps: 0.31 %
Invariant sites: 59.65 %


NOTE: Binary MSA file created: /groups/pupko/alburquerque/RL/Tree_Data/data/All_sized/16440/masked_species_real_msa.phy.raxml.rba

Parallelization scheme autoconfig: 1 worker(s) x 1 thread(s)

Parallel reduction/worker buffer size: 1 KB  / 0 KB

[00:00:00] Loading user starting tree(s) from: /groups/pupko/alburquerque/RL/Tree_Data/data/All_sized/16440/Temp_start_tree_file_for_raxml_search.txt
[00:00:00] Data distribution: max. partitions/sites/weight per thread: 1 / 234 / 3744
[00:00:00] Data distribution: max. searches per worker: 1

Starting ML tree search with 1 distinct starting trees

[00:00:00 -5024.893582] Initial branch length optimization
[00:00:00 -4681.186905] Model parameter optimization (eps = 10.000000)
[00:00:00 -4680.599628] AUTODETECT spr round 1 (radius: 5)
[00:00:00 -4121.856054] AUTODETECT spr round 2 (radius: 10)
[00:00:00 -4121.842297] SPR radius for FAST iterations: 5 (autodetect)
[00:00:00 -4121.842297] Model parameter optimization (eps = 3.000000)
[00:00:00 -4121.840189] FAST spr round 1 (radius: 5)
[00:00:00 -4110.952396] FAST spr round 2 (radius: 5)
[00:00:00 -4109.319172] FAST spr round 3 (radius: 5)
[00:00:00 -4109.319075] Model parameter optimization (eps = 1.000000)
[00:00:00 -4109.319075] SLOW spr round 1 (radius: 5)
[00:00:00 -4109.319075] SLOW spr round 2 (radius: 10)
[00:00:00 -4109.319075] SLOW spr round 3 (radius: 15)
[00:00:00 -4109.319075] SLOW spr round 4 (radius: 20)
[00:00:01 -4109.319075] Model parameter optimization (eps = 0.100000)

[00:00:01] ML tree search #1, logLikelihood: -4109.319075


Optimized model parameters:

   Partition 0: noname
   Rate heterogeneity: GAMMA (4 cats, mean),  alpha: 3.267000 (user),  weights&rates: (0.250000,0.408918) (0.250000,0.745316) (0.250000,1.083550) (0.250000,1.762216) 
   P-inv (user): 0.571000
   Base frequencies (user): 0.236638 0.294947 0.254497 0.213918 
   Substitution rates (user): 1.511270 7.207620 1.571240 1.451270 12.742400 1.000000 


Final LogLikelihood: -4109.319075

AIC score: 8292.638149 / AICc score: 8297.923864 / BIC score: 8453.426695
Free parameters (model + branch lengths): 37

Best ML tree saved to: /groups/pupko/alburquerque/RL/Tree_Data/data/All_sized/16440/masked_species_real_msa.phy.raxml.bestTree
Optimized model saved to: /groups/pupko/alburquerque/RL/Tree_Data/data/All_sized/16440/masked_species_real_msa.phy.raxml.bestModel

Execution log saved to: /groups/pupko/alburquerque/RL/Tree_Data/data/All_sized/16440/masked_species_real_msa.phy.raxml.log

Analysis started: 09-Feb-2023 21:08:04 / finished: 09-Feb-2023 21:08:05

Elapsed time: 1.015 seconds

