
RAxML-NG v. 1.1 released on 29.11.2021 by The Exelixis Lab.
Developed by: Alexey M. Kozlov and Alexandros Stamatakis.
Contributors: Diego Darriba, Tomas Flouri, Benoit Morel, Sarah Lutteropp, Ben Bettisworth.
Latest version: https://github.com/amkozlov/raxml-ng
Questions/problems/suggestions? Please visit: https://groups.google.com/forum/#!forum/raxml

System: Intel(R) Xeon(R) CPU E5-2670 v2 @ 2.50GHz, 20 cores, 62 GB RAM

RAxML-NG was called at 25-Dec-2022 18:30:34 as follows:

raxml-ng --msa /groups/pupko/alburquerque/RL/Tree_Data/data/All_sized/7409/masked_species_real_msa.phy --threads 1 --opt-branches on --opt-model --nofiles --tree rand{1} --redo off --model GTR{0.84200/0.62106/0.00000/0.00000/0.59066/1.00000}+I{0.547}+G{0.756}+F{0.32241/0.12864/0.15607/0.39288}

Analysis options:
  run mode: ML tree search
  start tree(s): random (1)
  random seed: 1671985834
  tip-inner: OFF
  pattern compression: ON
  per-rate scalers: OFF
  site repeats: ON
  fast spr radius: AUTO
  spr subtree cutoff: 1.000000
  branch lengths: proportional (ML estimate, algorithm: NR-FAST)
  SIMD kernels: AVX
  parallelization: coarse-grained (auto), NONE/sequential

WARNING: Running in REDO mode: existing checkpoints are ignored, and all result files will be overwritten!

[00:00:00] Reading alignment from file: /groups/pupko/alburquerque/RL/Tree_Data/data/All_sized/7409/masked_species_real_msa.phy
[00:00:00] Loaded alignment with 20 taxa and 584 sites

WARNING: Sequences Sp007 and Sp010 are exactly identical!
WARNING: Sequences Sp011 and Sp012 are exactly identical!
WARNING: Sequences Sp013 and Sp014 are exactly identical!
WARNING: Sequences Sp017 and Sp018 are exactly identical!
WARNING: Duplicate sequences found: 4

NOTE: Reduced alignment (with duplicates and gap-only sites/taxa removed) 
NOTE: was saved to: /groups/pupko/alburquerque/RL/Tree_Data/data/All_sized/7409/masked_species_real_msa.phy.raxml.reduced.phy

Alignment comprises 1 partitions and 78 patterns

Partition 0: noname
Model: GTR{0.842/0.62106/0/0/0.59066/1}+FU{0.32241/0.12864/0.15607/0.39288}+IU{0.547}+G4m{0.756}
Alignment sites / patterns: 584 / 78
Gaps: 6.22 %
Invariant sites: 90.75 %


NOTE: Binary MSA file created: /groups/pupko/alburquerque/RL/Tree_Data/data/All_sized/7409/masked_species_real_msa.phy.raxml.rba

Parallelization scheme autoconfig: 1 worker(s) x 1 thread(s)

Parallel reduction/worker buffer size: 1 KB  / 0 KB

[00:00:00] Generating 1 random starting tree(s) with 20 taxa
[00:00:00] Data distribution: max. partitions/sites/weight per thread: 1 / 78 / 1248
[00:00:00] Data distribution: max. searches per worker: 1

Starting ML tree search with 1 distinct starting trees

[00:00:00 -1661.220458] Initial branch length optimization
[00:00:00 -1457.078849] Model parameter optimization (eps = 10.000000)
[00:00:00 -1456.578846] AUTODETECT spr round 1 (radius: 5)
[00:00:00 -1211.293489] AUTODETECT spr round 2 (radius: 10)
[00:00:00 -1211.293478] SPR radius for FAST iterations: 5 (autodetect)
[00:00:00 -1211.293478] Model parameter optimization (eps = 3.000000)
[00:00:00 -1211.293478] FAST spr round 1 (radius: 5)
[00:00:00 -1198.550513] FAST spr round 2 (radius: 5)
[00:00:00 -1195.048036] FAST spr round 3 (radius: 5)
[00:00:00 -1195.047996] Model parameter optimization (eps = 1.000000)
[00:00:00 -1195.047996] SLOW spr round 1 (radius: 5)
[00:00:00 -1195.047986] SLOW spr round 2 (radius: 10)
[00:00:00 -1195.047986] SLOW spr round 3 (radius: 15)
[00:00:00 -1195.047986] SLOW spr round 4 (radius: 20)
[00:00:00 -1195.047986] Model parameter optimization (eps = 0.100000)

[00:00:00] ML tree search #1, logLikelihood: -1195.047986


Optimized model parameters:

   Partition 0: noname
   Rate heterogeneity: GAMMA (4 cats, mean),  alpha: 0.756000 (user),  weights&rates: (0.250000,0.086168) (0.250000,0.388797) (0.250000,0.943976) (0.250000,2.581059) 
   P-inv (user): 0.547000
   Base frequencies (user): 0.322410 0.128640 0.156070 0.392880 
   Substitution rates (user): 0.842000 0.621060 0.000000 0.000000 0.590660 1.000000 


Final LogLikelihood: -1195.047986

AIC score: 2464.095972 / AICc score: 2469.246155 / BIC score: 2625.782308
Free parameters (model + branch lengths): 37

WARNING: Best ML tree contains 2 near-zero branches!

Best ML tree with collapsed near-zero branches saved to: /groups/pupko/alburquerque/RL/Tree_Data/data/All_sized/7409/masked_species_real_msa.phy.raxml.bestTreeCollapsed
Best ML tree saved to: /groups/pupko/alburquerque/RL/Tree_Data/data/All_sized/7409/masked_species_real_msa.phy.raxml.bestTree
Optimized model saved to: /groups/pupko/alburquerque/RL/Tree_Data/data/All_sized/7409/masked_species_real_msa.phy.raxml.bestModel

Execution log saved to: /groups/pupko/alburquerque/RL/Tree_Data/data/All_sized/7409/masked_species_real_msa.phy.raxml.log

Analysis started: 25-Dec-2022 18:30:34 / finished: 25-Dec-2022 18:30:34

Elapsed time: 0.288 seconds

