
RAxML-NG v. 1.1 released on 29.11.2021 by The Exelixis Lab.
Developed by: Alexey M. Kozlov and Alexandros Stamatakis.
Contributors: Diego Darriba, Tomas Flouri, Benoit Morel, Sarah Lutteropp, Ben Bettisworth.
Latest version: https://github.com/amkozlov/raxml-ng
Questions/problems/suggestions? Please visit: https://groups.google.com/forum/#!forum/raxml

System: Intel(R) Xeon(R) CPU E5-2670 v2 @ 2.50GHz, 20 cores, 62 GB RAM

RAxML-NG was called at 09-Feb-2023 11:37:22 as follows:

raxml-ng --msa /groups/pupko/alburquerque/RL/Tree_Data/data/All_sized/Drosophila_00050000017161001/masked_species_real_msa.phy --threads 1 --model GTR{1.35204/2.81548/1.26938/0.62684/6.68688/1.00000}+I{0.526}+G{4.056}+F{0.31110/0.26762/0.27522/0.14606} --tree /groups/pupko/alburquerque/RL/Tree_Data/data/All_sized/Drosophila_00050000017161001/Temp_start_tree_file_for_raxml_search.txt --redo

Analysis options:
  run mode: ML tree search
  start tree(s): user
  random seed: 1675935442
  tip-inner: OFF
  pattern compression: ON
  per-rate scalers: OFF
  site repeats: ON
  fast spr radius: AUTO
  spr subtree cutoff: 1.000000
  branch lengths: proportional (ML estimate, algorithm: NR-FAST)
  SIMD kernels: AVX
  parallelization: coarse-grained (auto), NONE/sequential

WARNING: Running in REDO mode: existing checkpoints are ignored, and all result files will be overwritten!

[00:00:00] Reading alignment from file: /groups/pupko/alburquerque/RL/Tree_Data/data/All_sized/Drosophila_00050000017161001/masked_species_real_msa.phy
[00:00:00] Loaded alignment with 12 taxa and 678 sites

Alignment comprises 1 partitions and 255 patterns

Partition 0: noname
Model: GTR{1.35204/2.81548/1.26938/0.62684/6.68688/1}+FU{0.3111/0.26762/0.27522/0.14606}+IU{0.526}+G4m{4.056}
Alignment sites / patterns: 678 / 255
Gaps: 0.07 %
Invariant sites: 58.55 %


NOTE: Binary MSA file created: /groups/pupko/alburquerque/RL/Tree_Data/data/All_sized/Drosophila_00050000017161001/masked_species_real_msa.phy.raxml.rba

Parallelization scheme autoconfig: 1 worker(s) x 1 thread(s)

Parallel reduction/worker buffer size: 1 KB  / 0 KB

[00:00:00] Loading user starting tree(s) from: /groups/pupko/alburquerque/RL/Tree_Data/data/All_sized/Drosophila_00050000017161001/Temp_start_tree_file_for_raxml_search.txt
[00:00:00] Data distribution: max. partitions/sites/weight per thread: 1 / 255 / 4080
[00:00:00] Data distribution: max. searches per worker: 1

Starting ML tree search with 1 distinct starting trees

[00:00:00 -4636.133198] Initial branch length optimization
[00:00:00 -4068.163081] Model parameter optimization (eps = 10.000000)
[00:00:00 -4068.011528] AUTODETECT spr round 1 (radius: 5)
[00:00:00 -3503.651003] AUTODETECT spr round 2 (radius: 10)
[00:00:00 -3503.650477] SPR radius for FAST iterations: 5 (autodetect)
[00:00:00 -3503.650477] Model parameter optimization (eps = 3.000000)
[00:00:00 -3503.650466] FAST spr round 1 (radius: 5)
[00:00:00 -3492.153814] FAST spr round 2 (radius: 5)
[00:00:00 -3491.065984] FAST spr round 3 (radius: 5)
[00:00:00 -3491.065878] Model parameter optimization (eps = 1.000000)
[00:00:00 -3491.065878] SLOW spr round 1 (radius: 5)
[00:00:00 -3491.065878] SLOW spr round 2 (radius: 10)
[00:00:00 -3491.065878] Model parameter optimization (eps = 0.100000)

[00:00:00] ML tree search #1, logLikelihood: -3491.065878


Optimized model parameters:

   Partition 0: noname
   Rate heterogeneity: GAMMA (4 cats, mean),  alpha: 4.056000 (user),  weights&rates: (0.250000,0.457412) (0.250000,0.777124) (0.250000,1.084388) (0.250000,1.681076) 
   P-inv (user): 0.526000
   Base frequencies (user): 0.311100 0.267620 0.275220 0.146060 
   Substitution rates (user): 1.352040 2.815480 1.269380 0.626840 6.686880 1.000000 


Final LogLikelihood: -3491.065878

AIC score: 7024.131755 / AICc score: 7025.540292 / BIC score: 7119.033848
Free parameters (model + branch lengths): 21

Best ML tree saved to: /groups/pupko/alburquerque/RL/Tree_Data/data/All_sized/Drosophila_00050000017161001/masked_species_real_msa.phy.raxml.bestTree
Optimized model saved to: /groups/pupko/alburquerque/RL/Tree_Data/data/All_sized/Drosophila_00050000017161001/masked_species_real_msa.phy.raxml.bestModel

Execution log saved to: /groups/pupko/alburquerque/RL/Tree_Data/data/All_sized/Drosophila_00050000017161001/masked_species_real_msa.phy.raxml.log

Analysis started: 09-Feb-2023 11:37:22 / finished: 09-Feb-2023 11:37:23

Elapsed time: 0.704 seconds

