
RAxML-NG v. 1.1 released on 29.11.2021 by The Exelixis Lab.
Developed by: Alexey M. Kozlov and Alexandros Stamatakis.
Contributors: Diego Darriba, Tomas Flouri, Benoit Morel, Sarah Lutteropp, Ben Bettisworth.
Latest version: https://github.com/amkozlov/raxml-ng
Questions/problems/suggestions? Please visit: https://groups.google.com/forum/#!forum/raxml

System: Intel(R) Xeon(R) CPU E5-2680 v3 @ 2.50GHz, 24 cores, 125 GB RAM

RAxML-NG was called at 21-Dec-2022 19:39:09 as follows:

raxml-ng --msa /groups/pupko/alburquerque/RL/Tree_Data/data/All_sized/3361/masked_species_real_msa.phy --threads 1 --opt-branches on --opt-model --nofiles --tree rand{1} --redo off --model GTR{1.33879/2.07852/2.22595/1.04607/4.73087/1.00000}+I{0.387}+G{0.779}+F{0.20975/0.28126/0.28881/0.22018}

Analysis options:
  run mode: ML tree search
  start tree(s): random (1)
  random seed: 1671644349
  tip-inner: OFF
  pattern compression: ON
  per-rate scalers: OFF
  site repeats: ON
  fast spr radius: AUTO
  spr subtree cutoff: 1.000000
  branch lengths: proportional (ML estimate, algorithm: NR-FAST)
  SIMD kernels: AVX2
  parallelization: coarse-grained (auto), NONE/sequential

WARNING: Running in REDO mode: existing checkpoints are ignored, and all result files will be overwritten!

[00:00:00] Reading alignment from file: /groups/pupko/alburquerque/RL/Tree_Data/data/All_sized/3361/masked_species_real_msa.phy
[00:00:00] Loaded alignment with 15 taxa and 2903 sites

Alignment comprises 1 partitions and 668 patterns

Partition 0: noname
Model: GTR{1.33879/2.07852/2.22595/1.04607/4.73087/1}+FU{0.20975/0.28126/0.28881/0.22018}+IU{0.387}+G4m{0.779}
Alignment sites / patterns: 2903 / 668
Gaps: 15.31 %
Invariant sites: 77.44 %


NOTE: Binary MSA file created: /groups/pupko/alburquerque/RL/Tree_Data/data/All_sized/3361/masked_species_real_msa.phy.raxml.rba

Parallelization scheme autoconfig: 1 worker(s) x 1 thread(s)

Parallel reduction/worker buffer size: 1 KB  / 0 KB

[00:00:00] Generating 1 random starting tree(s) with 15 taxa
[00:00:00] Data distribution: max. partitions/sites/weight per thread: 1 / 668 / 10688
[00:00:00] Data distribution: max. searches per worker: 1

Starting ML tree search with 1 distinct starting trees

[00:00:00 -11287.267777] Initial branch length optimization
[00:00:00 -10130.908626] Model parameter optimization (eps = 10.000000)
[00:00:00 -10130.686239] AUTODETECT spr round 1 (radius: 5)
[00:00:00 -9148.934112] AUTODETECT spr round 2 (radius: 10)
[00:00:00 -9148.933394] SPR radius for FAST iterations: 5 (autodetect)
[00:00:00 -9148.933394] Model parameter optimization (eps = 3.000000)
[00:00:00 -9148.933366] FAST spr round 1 (radius: 5)
[00:00:00 -9127.913933] FAST spr round 2 (radius: 5)
[00:00:00 -9127.913930] Model parameter optimization (eps = 1.000000)
[00:00:00 -9127.913930] SLOW spr round 1 (radius: 5)
[00:00:00 -9127.913930] SLOW spr round 2 (radius: 10)
[00:00:00 -9127.913930] SLOW spr round 3 (radius: 15)
[00:00:00 -9127.913930] Model parameter optimization (eps = 0.100000)

[00:00:00] ML tree search #1, logLikelihood: -9127.913930


Optimized model parameters:

   Partition 0: noname
   Rate heterogeneity: GAMMA (4 cats, mean),  alpha: 0.779000 (user),  weights&rates: (0.250000,0.091083) (0.250000,0.398540) (0.250000,0.950962) (0.250000,2.559415) 
   P-inv (user): 0.387000
   Base frequencies (user): 0.209750 0.281260 0.288810 0.220180 
   Substitution rates (user): 1.338790 2.078520 2.225950 1.046070 4.730870 1.000000 


Final LogLikelihood: -9127.913930

AIC score: 18309.827860 / AICc score: 18310.353773 / BIC score: 18471.112359
Free parameters (model + branch lengths): 27

Best ML tree saved to: /groups/pupko/alburquerque/RL/Tree_Data/data/All_sized/3361/masked_species_real_msa.phy.raxml.bestTree
Optimized model saved to: /groups/pupko/alburquerque/RL/Tree_Data/data/All_sized/3361/masked_species_real_msa.phy.raxml.bestModel

Execution log saved to: /groups/pupko/alburquerque/RL/Tree_Data/data/All_sized/3361/masked_species_real_msa.phy.raxml.log

Analysis started: 21-Dec-2022 19:39:09 / finished: 21-Dec-2022 19:39:10

Elapsed time: 0.990 seconds

