
RAxML-NG v. 1.1 released on 29.11.2021 by The Exelixis Lab.
Developed by: Alexey M. Kozlov and Alexandros Stamatakis.
Contributors: Diego Darriba, Tomas Flouri, Benoit Morel, Sarah Lutteropp, Ben Bettisworth.
Latest version: https://github.com/amkozlov/raxml-ng
Questions/problems/suggestions? Please visit: https://groups.google.com/forum/#!forum/raxml

System: Intel(R) Xeon(R) CPU E5-2670 v2 @ 2.50GHz, 20 cores, 62 GB RAM

RAxML-NG was called at 25-Dec-2022 18:31:27 as follows:

raxml-ng --msa /groups/pupko/alburquerque/RL/Tree_Data/data/All_sized/3032/masked_species_real_msa.phy --threads 1 --opt-branches on --opt-model --nofiles --tree rand{1} --redo off --model GTR{0.99051/3.01021/1.44923/0.97341/4.76629/1.00000}+I{0.453}+G{0.676}+F{0.26668/0.19583/0.25677/0.28071}

Analysis options:
  run mode: ML tree search
  start tree(s): random (1)
  random seed: 1671985887
  tip-inner: OFF
  pattern compression: ON
  per-rate scalers: OFF
  site repeats: ON
  fast spr radius: AUTO
  spr subtree cutoff: 1.000000
  branch lengths: proportional (ML estimate, algorithm: NR-FAST)
  SIMD kernels: AVX
  parallelization: coarse-grained (auto), NONE/sequential

WARNING: Running in REDO mode: existing checkpoints are ignored, and all result files will be overwritten!

[00:00:00] Reading alignment from file: /groups/pupko/alburquerque/RL/Tree_Data/data/All_sized/3032/masked_species_real_msa.phy
[00:00:00] Loaded alignment with 20 taxa and 2243 sites

Alignment comprises 1 partitions and 649 patterns

Partition 0: noname
Model: GTR{0.99051/3.01021/1.44923/0.97341/4.76629/1}+FU{0.26668/0.19583/0.25677/0.28071}+IU{0.453}+G4m{0.676}
Alignment sites / patterns: 2243 / 649
Gaps: 21.71 %
Invariant sites: 75.79 %


NOTE: Binary MSA file created: /groups/pupko/alburquerque/RL/Tree_Data/data/All_sized/3032/masked_species_real_msa.phy.raxml.rba

Parallelization scheme autoconfig: 1 worker(s) x 1 thread(s)

Parallel reduction/worker buffer size: 1 KB  / 0 KB

[00:00:00] Generating 1 random starting tree(s) with 20 taxa
[00:00:00] Data distribution: max. partitions/sites/weight per thread: 1 / 649 / 10384
[00:00:00] Data distribution: max. searches per worker: 1

Starting ML tree search with 1 distinct starting trees

[00:00:00 -9263.192698] Initial branch length optimization
[00:00:00 -8022.769034] Model parameter optimization (eps = 10.000000)
[00:00:00 -8021.016982] AUTODETECT spr round 1 (radius: 5)
[00:00:00 -7415.345512] AUTODETECT spr round 2 (radius: 10)
[00:00:00 -7415.342069] SPR radius for FAST iterations: 5 (autodetect)
[00:00:00 -7415.342069] Model parameter optimization (eps = 3.000000)
[00:00:00 -7415.341721] FAST spr round 1 (radius: 5)
[00:00:00 -7389.219885] FAST spr round 2 (radius: 5)
[00:00:00 -7389.219800] Model parameter optimization (eps = 1.000000)
[00:00:00 -7389.219800] SLOW spr round 1 (radius: 5)
[00:00:01 -7389.219800] SLOW spr round 2 (radius: 10)
[00:00:01 -7389.219800] SLOW spr round 3 (radius: 15)
[00:00:01 -7389.219800] SLOW spr round 4 (radius: 20)
[00:00:01 -7389.219800] Model parameter optimization (eps = 0.100000)

[00:00:01] ML tree search #1, logLikelihood: -7389.219800


Optimized model parameters:

   Partition 0: noname
   Rate heterogeneity: GAMMA (4 cats, mean),  alpha: 0.676000 (user),  weights&rates: (0.250000,0.069071) (0.250000,0.351983) (0.250000,0.915639) (0.250000,2.663307) 
   P-inv (user): 0.453000
   Base frequencies (user): 0.266683 0.195832 0.256773 0.280713 
   Substitution rates (user): 0.990510 3.010210 1.449230 0.973410 4.766290 1.000000 


Final LogLikelihood: -7389.219800

AIC score: 14852.439599 / AICc score: 14853.714883 / BIC score: 15063.915672
Free parameters (model + branch lengths): 37

Best ML tree saved to: /groups/pupko/alburquerque/RL/Tree_Data/data/All_sized/3032/masked_species_real_msa.phy.raxml.bestTree
Optimized model saved to: /groups/pupko/alburquerque/RL/Tree_Data/data/All_sized/3032/masked_species_real_msa.phy.raxml.bestModel

Execution log saved to: /groups/pupko/alburquerque/RL/Tree_Data/data/All_sized/3032/masked_species_real_msa.phy.raxml.log

Analysis started: 25-Dec-2022 18:31:27 / finished: 25-Dec-2022 18:31:29

Elapsed time: 1.655 seconds

