
RAxML-NG v. 1.1 released on 29.11.2021 by The Exelixis Lab.
Developed by: Alexey M. Kozlov and Alexandros Stamatakis.
Contributors: Diego Darriba, Tomas Flouri, Benoit Morel, Sarah Lutteropp, Ben Bettisworth.
Latest version: https://github.com/amkozlov/raxml-ng
Questions/problems/suggestions? Please visit: https://groups.google.com/forum/#!forum/raxml

System: Intel(R) Xeon(R) Gold 6230 CPU @ 2.10GHz, 1 cores, 31 GB RAM

RAxML-NG was called at 28-Dec-2022 15:00:56 as follows:

raxml-ng --msa /groups/pupko/alburquerque/RL/Tree_Data/data/All_sized/36544/masked_species_real_msa.phy --threads 1 --opt-branches on --opt-model --nofiles --tree rand{1} --redo off --model GTR{1.61719/2.40846/0.61015/1.11359/1.82627/1.00000}+I{0.212}+G{99.861}+F{0.17013/0.35775/0.32230/0.14983}

Analysis options:
  run mode: ML tree search
  start tree(s): random (1)
  random seed: 1672232456
  tip-inner: OFF
  pattern compression: ON
  per-rate scalers: OFF
  site repeats: ON
  fast spr radius: AUTO
  spr subtree cutoff: 1.000000
  branch lengths: proportional (ML estimate, algorithm: NR-FAST)
  SIMD kernels: AVX2
  parallelization: coarse-grained (auto), NONE/sequential

WARNING: Running in REDO mode: existing checkpoints are ignored, and all result files will be overwritten!

[00:00:00] Reading alignment from file: /groups/pupko/alburquerque/RL/Tree_Data/data/All_sized/36544/masked_species_real_msa.phy
[00:00:00] Loaded alignment with 20 taxa and 861 sites

WARNING: Sequences Sp000 and Sp001 are exactly identical!
WARNING: Sequences Sp000 and Sp002 are exactly identical!
WARNING: Sequences Sp000 and Sp003 are exactly identical!
WARNING: Sequences Sp000 and Sp004 are exactly identical!
WARNING: Sequences Sp000 and Sp005 are exactly identical!
WARNING: Sequences Sp000 and Sp006 are exactly identical!
WARNING: Sequences Sp000 and Sp007 are exactly identical!
WARNING: Sequences Sp008 and Sp009 are exactly identical!
WARNING: Sequences Sp010 and Sp011 are exactly identical!
WARNING: Sequences Sp010 and Sp013 are exactly identical!
WARNING: Sequences Sp010 and Sp014 are exactly identical!
WARNING: Sequences Sp010 and Sp015 are exactly identical!
WARNING: Sequences Sp010 and Sp016 are exactly identical!
WARNING: Sequences Sp010 and Sp017 are exactly identical!
WARNING: Sequences Sp012 and Sp018 are exactly identical!
WARNING: Sequences Sp012 and Sp019 are exactly identical!
WARNING: Duplicate sequences found: 16

NOTE: Reduced alignment (with duplicates and gap-only sites/taxa removed) 
NOTE: was saved to: /groups/pupko/alburquerque/RL/Tree_Data/data/All_sized/36544/masked_species_real_msa.phy.raxml.reduced.phy

Alignment comprises 1 partitions and 16 patterns

Partition 0: noname
Model: GTR{1.61719/2.40846/0.61015/1.11359/1.82627/1}+FU{0.17013/0.35775/0.3223/0.14983}+IU{0.212}+G4m{99.861}
Alignment sites / patterns: 861 / 16
Gaps: 0.02 %
Invariant sites: 96.28 %


NOTE: Binary MSA file created: /groups/pupko/alburquerque/RL/Tree_Data/data/All_sized/36544/masked_species_real_msa.phy.raxml.rba

Parallelization scheme autoconfig: 1 worker(s) x 1 thread(s)

Parallel reduction/worker buffer size: 1 KB  / 0 KB

[00:00:00] Generating 1 random starting tree(s) with 20 taxa
[00:00:00] Data distribution: max. partitions/sites/weight per thread: 1 / 16 / 256
[00:00:00] Data distribution: max. searches per worker: 1

Starting ML tree search with 1 distinct starting trees

[00:00:00 -3149.238796] Initial branch length optimization
[00:00:00 -2755.400583] Model parameter optimization (eps = 10.000000)
[00:00:00 -2755.400583] AUTODETECT spr round 1 (radius: 5)
[00:00:00 -2484.034510] AUTODETECT spr round 2 (radius: 10)
[00:00:00 -2477.078883] AUTODETECT spr round 3 (radius: 15)
[00:00:00 -2477.078883] SPR radius for FAST iterations: 10 (autodetect)
[00:00:00 -2477.078883] Model parameter optimization (eps = 3.000000)
[00:00:00 -2477.078883] FAST spr round 1 (radius: 10)
[00:00:00 -2407.443402] FAST spr round 2 (radius: 10)
[00:00:00 -2035.431415] FAST spr round 3 (radius: 10)
[00:00:00 -2035.431415] Model parameter optimization (eps = 1.000000)
[00:00:00 -2035.431415] SLOW spr round 1 (radius: 5)
[00:00:00 -1307.622981] SLOW spr round 2 (radius: 5)
[00:00:00 -1307.622981] SLOW spr round 3 (radius: 10)
[00:00:00 -1307.622981] SLOW spr round 4 (radius: 15)
[00:00:00 -1307.622981] SLOW spr round 5 (radius: 20)
[00:00:00 -1307.622981] Model parameter optimization (eps = 0.100000)

[00:00:00] ML tree search #1, logLikelihood: -1307.622981


Optimized model parameters:

   Partition 0: noname
   Rate heterogeneity: GAMMA (4 cats, mean),  alpha: 99.861000 (user),  weights&rates: (0.250000,0.875822) (0.250000,0.964712) (0.250000,1.029568) (0.250000,1.129898) 
   P-inv (user): 0.212000
   Base frequencies (user): 0.170128 0.357746 0.322297 0.149829 
   Substitution rates (user): 1.617190 2.408460 0.610150 1.113590 1.826270 1.000000 


Final LogLikelihood: -1307.622981

AIC score: 2689.245961 / AICc score: 2692.662729 / BIC score: 2865.295458
Free parameters (model + branch lengths): 37

WARNING: Best ML tree contains 15 near-zero branches!

Best ML tree with collapsed near-zero branches saved to: /groups/pupko/alburquerque/RL/Tree_Data/data/All_sized/36544/masked_species_real_msa.phy.raxml.bestTreeCollapsed
Best ML tree saved to: /groups/pupko/alburquerque/RL/Tree_Data/data/All_sized/36544/masked_species_real_msa.phy.raxml.bestTree
Optimized model saved to: /groups/pupko/alburquerque/RL/Tree_Data/data/All_sized/36544/masked_species_real_msa.phy.raxml.bestModel

Execution log saved to: /groups/pupko/alburquerque/RL/Tree_Data/data/All_sized/36544/masked_species_real_msa.phy.raxml.log

Analysis started: 28-Dec-2022 15:00:56 / finished: 28-Dec-2022 15:00:56

Elapsed time: 0.294 seconds

