
RAxML-NG v. 1.1 released on 29.11.2021 by The Exelixis Lab.
Developed by: Alexey M. Kozlov and Alexandros Stamatakis.
Contributors: Diego Darriba, Tomas Flouri, Benoit Morel, Sarah Lutteropp, Ben Bettisworth.
Latest version: https://github.com/amkozlov/raxml-ng
Questions/problems/suggestions? Please visit: https://groups.google.com/forum/#!forum/raxml

System: Intel(R) Xeon(R) CPU E5-2670 v2 @ 2.50GHz, 20 cores, 62 GB RAM

RAxML-NG was called at 25-Dec-2022 18:31:46 as follows:

raxml-ng --msa /groups/pupko/alburquerque/RL/Tree_Data/data/All_sized/Peniocereus_2/masked_species_real_msa.phy --threads 1 --opt-branches on --opt-model --nofiles --tree rand{1} --redo off --model GTR{1.44963/1.07147/0.77564/0.72261/0.61656/1.00000}+I{0.779}+G{1.000}+F{0.27936/0.17513/0.13606/0.40945}

Analysis options:
  run mode: ML tree search
  start tree(s): random (1)
  random seed: 1671985906
  tip-inner: OFF
  pattern compression: ON
  per-rate scalers: OFF
  site repeats: ON
  fast spr radius: AUTO
  spr subtree cutoff: 1.000000
  branch lengths: proportional (ML estimate, algorithm: NR-FAST)
  SIMD kernels: AVX
  parallelization: coarse-grained (auto), NONE/sequential

WARNING: Running in REDO mode: existing checkpoints are ignored, and all result files will be overwritten!

[00:00:00] Reading alignment from file: /groups/pupko/alburquerque/RL/Tree_Data/data/All_sized/Peniocereus_2/masked_species_real_msa.phy
[00:00:00] Loaded alignment with 20 taxa and 1289 sites

Alignment comprises 1 partitions and 134 patterns

Partition 0: noname
Model: GTR{1.44963/1.07147/0.77564/0.72261/0.61656/1}+FU{0.27936/0.17513/0.13606/0.40945}+IU{0.779}+G4m{1}
Alignment sites / patterns: 1289 / 134
Gaps: 4.68 %
Invariant sites: 93.25 %


NOTE: Binary MSA file created: /groups/pupko/alburquerque/RL/Tree_Data/data/All_sized/Peniocereus_2/masked_species_real_msa.phy.raxml.rba

Parallelization scheme autoconfig: 1 worker(s) x 1 thread(s)

Parallel reduction/worker buffer size: 1 KB  / 0 KB

[00:00:00] Generating 1 random starting tree(s) with 20 taxa
[00:00:00] Data distribution: max. partitions/sites/weight per thread: 1 / 134 / 2144
[00:00:00] Data distribution: max. searches per worker: 1

Starting ML tree search with 1 distinct starting trees

[00:00:00 -3089.116942] Initial branch length optimization
[00:00:00 -2761.983809] Model parameter optimization (eps = 10.000000)
[00:00:00 -2760.833929] AUTODETECT spr round 1 (radius: 5)
[00:00:00 -2467.568295] AUTODETECT spr round 2 (radius: 10)
[00:00:00 -2467.566107] SPR radius for FAST iterations: 5 (autodetect)
[00:00:00 -2467.566107] Model parameter optimization (eps = 3.000000)
[00:00:00 -2467.566048] FAST spr round 1 (radius: 5)
[00:00:00 -2444.714772] FAST spr round 2 (radius: 5)
[00:00:00 -2444.522146] FAST spr round 3 (radius: 5)
[00:00:00 -2444.445944] Model parameter optimization (eps = 1.000000)
[00:00:00 -2444.445932] SLOW spr round 1 (radius: 5)
[00:00:00 -2444.445925] SLOW spr round 2 (radius: 10)
[00:00:00 -2444.445925] SLOW spr round 3 (radius: 15)
[00:00:00 -2444.445925] SLOW spr round 4 (radius: 20)
[00:00:00 -2444.445925] Model parameter optimization (eps = 0.100000)

[00:00:00] ML tree search #1, logLikelihood: -2444.445925


Optimized model parameters:

   Partition 0: noname
   Rate heterogeneity: GAMMA (4 cats, mean),  alpha: 1.000000 (user),  weights&rates: (0.250000,0.136954) (0.250000,0.476752) (0.250000,1.000000) (0.250000,2.386294) 
   P-inv (user): 0.779000
   Base frequencies (user): 0.279360 0.175130 0.136060 0.409450 
   Substitution rates (user): 1.449630 1.071470 0.775640 0.722610 0.616560 1.000000 


Final LogLikelihood: -2444.445925

AIC score: 4962.891849 / AICc score: 4965.139651 / BIC score: 5153.871863
Free parameters (model + branch lengths): 37

WARNING: Best ML tree contains 6 near-zero branches!

Best ML tree with collapsed near-zero branches saved to: /groups/pupko/alburquerque/RL/Tree_Data/data/All_sized/Peniocereus_2/masked_species_real_msa.phy.raxml.bestTreeCollapsed
Best ML tree saved to: /groups/pupko/alburquerque/RL/Tree_Data/data/All_sized/Peniocereus_2/masked_species_real_msa.phy.raxml.bestTree
Optimized model saved to: /groups/pupko/alburquerque/RL/Tree_Data/data/All_sized/Peniocereus_2/masked_species_real_msa.phy.raxml.bestModel

Execution log saved to: /groups/pupko/alburquerque/RL/Tree_Data/data/All_sized/Peniocereus_2/masked_species_real_msa.phy.raxml.log

Analysis started: 25-Dec-2022 18:31:46 / finished: 25-Dec-2022 18:31:47

Elapsed time: 0.350 seconds

