
RAxML-NG v. 1.1 released on 29.11.2021 by The Exelixis Lab.
Developed by: Alexey M. Kozlov and Alexandros Stamatakis.
Contributors: Diego Darriba, Tomas Flouri, Benoit Morel, Sarah Lutteropp, Ben Bettisworth.
Latest version: https://github.com/amkozlov/raxml-ng
Questions/problems/suggestions? Please visit: https://groups.google.com/forum/#!forum/raxml

System: AMD Opteron(tm) Processor 6128, 16 cores, 117 GB RAM

RAxML-NG was called at 30-Nov-2022 16:46:37 as follows:

raxml-ng --msa /groups/pupko/alburquerque/RL/Tree_Data/data/All_sized/2042/masked_species_real_msa.phy --threads 1 --opt-branches on --opt-model --nofiles --tree rand{1} --redo off --model GTR{5.01250/5.83988/1.52307/1.52735/18.80551/1.00000}+I{0.299}+G{0.020}+F{0.25365/0.23330/0.28529/0.22776}

Analysis options:
  run mode: ML tree search
  start tree(s): random (1)
  random seed: 1669819597
  tip-inner: OFF
  pattern compression: ON
  per-rate scalers: OFF
  site repeats: ON
  fast spr radius: AUTO
  spr subtree cutoff: 1.000000
  branch lengths: proportional (ML estimate, algorithm: NR-FAST)
  SIMD kernels: SSE3
  parallelization: coarse-grained (auto), NONE/sequential

WARNING: Running in REDO mode: existing checkpoints are ignored, and all result files will be overwritten!

[00:00:00] Reading alignment from file: /groups/pupko/alburquerque/RL/Tree_Data/data/All_sized/2042/masked_species_real_msa.phy
[00:00:00] Loaded alignment with 12 taxa and 1430 sites

WARNING: Sequences Sp003 and Sp004 are exactly identical!
WARNING: Sequences Sp003 and Sp005 are exactly identical!
WARNING: Sequences Sp006 and Sp007 are exactly identical!
WARNING: Duplicate sequences found: 3

NOTE: Reduced alignment (with duplicates and gap-only sites/taxa removed) 
NOTE: was saved to: /groups/pupko/alburquerque/RL/Tree_Data/data/All_sized/2042/masked_species_real_msa.phy.raxml.reduced.phy

Alignment comprises 1 partitions and 80 patterns

Partition 0: noname
Model: GTR{5.0125/5.83988/1.52307/1.52735/18.8055/1}+FU{0.25365/0.2333/0.28529/0.22776}+IU{0.299}+G4m{0.02}
Alignment sites / patterns: 1430 / 80
Gaps: 0.86 %
Invariant sites: 92.24 %


NOTE: Binary MSA file created: /groups/pupko/alburquerque/RL/Tree_Data/data/All_sized/2042/masked_species_real_msa.phy.raxml.rba

Parallelization scheme autoconfig: 1 worker(s) x 1 thread(s)

Parallel reduction/worker buffer size: 1 KB  / 0 KB

[00:00:00] Generating 1 random starting tree(s) with 12 taxa
[00:00:00] Data distribution: max. partitions/sites/weight per thread: 1 / 80 / 1280
[00:00:00] Data distribution: max. searches per worker: 1

Starting ML tree search with 1 distinct starting trees

[00:00:00 -3637.475718] Initial branch length optimization
[00:00:00 -3093.858858] Model parameter optimization (eps = 10.000000)
[00:00:00 -3093.841554] AUTODETECT spr round 1 (radius: 5)
[00:00:00 -2710.252196] AUTODETECT spr round 2 (radius: 10)
[00:00:00 -2710.252103] SPR radius for FAST iterations: 5 (autodetect)
[00:00:00 -2710.252103] Model parameter optimization (eps = 3.000000)
[00:00:00 -2710.252100] FAST spr round 1 (radius: 5)
[00:00:00 -2706.004007] FAST spr round 2 (radius: 5)
[00:00:00 -2704.203114] FAST spr round 3 (radius: 5)
[00:00:00 -2704.203113] Model parameter optimization (eps = 1.000000)
[00:00:00 -2704.203113] SLOW spr round 1 (radius: 5)
[00:00:00 -2704.203113] SLOW spr round 2 (radius: 10)
[00:00:00 -2704.203113] Model parameter optimization (eps = 0.100000)

[00:00:00] ML tree search #1, logLikelihood: -2704.203113


Optimized model parameters:

   Partition 0: noname
   Rate heterogeneity: GAMMA (4 cats, mean),  alpha: 0.020000 (user),  weights&rates: (0.250000,0.000000) (0.250000,0.000000) (0.250000,0.000001) (0.250000,3.999999) 
   P-inv (user): 0.299000
   Base frequencies (user): 0.253650 0.233300 0.285290 0.227760 
   Substitution rates (user): 5.012500 5.839880 1.523070 1.527350 18.805510 1.000000 


Final LogLikelihood: -2704.203113

AIC score: 5450.406226 / AICc score: 5451.062476 / BIC score: 5560.980251
Free parameters (model + branch lengths): 21

WARNING: Best ML tree contains 2 near-zero branches!

Best ML tree with collapsed near-zero branches saved to: /groups/pupko/alburquerque/RL/Tree_Data/data/All_sized/2042/masked_species_real_msa.phy.raxml.bestTreeCollapsed
Best ML tree saved to: /groups/pupko/alburquerque/RL/Tree_Data/data/All_sized/2042/masked_species_real_msa.phy.raxml.bestTree
Optimized model saved to: /groups/pupko/alburquerque/RL/Tree_Data/data/All_sized/2042/masked_species_real_msa.phy.raxml.bestModel

Execution log saved to: /groups/pupko/alburquerque/RL/Tree_Data/data/All_sized/2042/masked_species_real_msa.phy.raxml.log

Analysis started: 30-Nov-2022 16:46:37 / finished: 30-Nov-2022 16:46:38

Elapsed time: 0.512 seconds

