
RAxML-NG v. 1.1 released on 29.11.2021 by The Exelixis Lab.
Developed by: Alexey M. Kozlov and Alexandros Stamatakis.
Contributors: Diego Darriba, Tomas Flouri, Benoit Morel, Sarah Lutteropp, Ben Bettisworth.
Latest version: https://github.com/amkozlov/raxml-ng
Questions/problems/suggestions? Please visit: https://groups.google.com/forum/#!forum/raxml

System: AMD Opteron(tm) Processor 6128, 16 cores, 117 GB RAM

RAxML-NG was called at 30-Nov-2022 16:46:10 as follows:

raxml-ng --msa /groups/pupko/alburquerque/RL/Tree_Data/data/All_sized/4613/masked_species_real_msa.phy --threads 1 --opt-branches on --opt-model --nofiles --tree rand{1} --redo off --model GTR{14.83148/11.41597/0.06238/6.35038/38.66064/1.00000}+I{0.277}+G{0.286}+F{0.28739/0.10007/0.15437/0.45817}

Analysis options:
  run mode: ML tree search
  start tree(s): random (1)
  random seed: 1669819570
  tip-inner: OFF
  pattern compression: ON
  per-rate scalers: OFF
  site repeats: ON
  fast spr radius: AUTO
  spr subtree cutoff: 1.000000
  branch lengths: proportional (ML estimate, algorithm: NR-FAST)
  SIMD kernels: SSE3
  parallelization: coarse-grained (auto), NONE/sequential

WARNING: Running in REDO mode: existing checkpoints are ignored, and all result files will be overwritten!

[00:00:00] Reading alignment from file: /groups/pupko/alburquerque/RL/Tree_Data/data/All_sized/4613/masked_species_real_msa.phy
[00:00:00] Loaded alignment with 12 taxa and 501 sites

WARNING: Sequences Sp002 and Sp006 are exactly identical!
WARNING: Sequences Sp002 and Sp007 are exactly identical!
WARNING: Sequences Sp008 and Sp009 are exactly identical!
WARNING: Duplicate sequences found: 3

NOTE: Reduced alignment (with duplicates and gap-only sites/taxa removed) 
NOTE: was saved to: /groups/pupko/alburquerque/RL/Tree_Data/data/All_sized/4613/masked_species_real_msa.phy.raxml.reduced.phy

Alignment comprises 1 partitions and 154 patterns

Partition 0: noname
Model: GTR{14.8315/11.416/0.06238/6.35038/38.6606/1}+FU{0.28739/0.10007/0.15437/0.45817}+IU{0.277}+G4m{0.286}
Alignment sites / patterns: 501 / 154
Gaps: 2.88 %
Invariant sites: 65.07 %


NOTE: Binary MSA file created: /groups/pupko/alburquerque/RL/Tree_Data/data/All_sized/4613/masked_species_real_msa.phy.raxml.rba

Parallelization scheme autoconfig: 1 worker(s) x 1 thread(s)

Parallel reduction/worker buffer size: 1 KB  / 0 KB

[00:00:00] Generating 1 random starting tree(s) with 12 taxa
[00:00:00] Data distribution: max. partitions/sites/weight per thread: 1 / 154 / 2464
[00:00:00] Data distribution: max. searches per worker: 1

Starting ML tree search with 1 distinct starting trees

[00:00:00 -2444.517766] Initial branch length optimization
[00:00:00 -2156.487991] Model parameter optimization (eps = 10.000000)
[00:00:00 -2156.449730] AUTODETECT spr round 1 (radius: 5)
[00:00:00 -2027.985392] AUTODETECT spr round 2 (radius: 10)
[00:00:00 -2027.974198] SPR radius for FAST iterations: 5 (autodetect)
[00:00:00 -2027.974198] Model parameter optimization (eps = 3.000000)
[00:00:00 -2027.972075] FAST spr round 1 (radius: 5)
[00:00:00 -2026.081738] FAST spr round 2 (radius: 5)
[00:00:00 -2026.081334] Model parameter optimization (eps = 1.000000)
[00:00:00 -2026.081313] SLOW spr round 1 (radius: 5)
[00:00:00 -2025.960715] SLOW spr round 2 (radius: 5)
[00:00:00 -2025.455234] SLOW spr round 3 (radius: 5)
[00:00:01 -2025.399534] SLOW spr round 4 (radius: 10)
[00:00:01 -2025.399357] Model parameter optimization (eps = 0.100000)

[00:00:01] ML tree search #1, logLikelihood: -2025.399341


Optimized model parameters:

   Partition 0: noname
   Rate heterogeneity: GAMMA (4 cats, mean),  alpha: 0.286000 (user),  weights&rates: (0.250000,0.004229) (0.250000,0.093658) (0.250000,0.571525) (0.250000,3.330588) 
   P-inv (user): 0.277000
   Base frequencies (user): 0.287390 0.100070 0.154370 0.458170 
   Substitution rates (user): 14.831480 11.415970 0.062380 6.350380 38.660640 1.000000 


Final LogLikelihood: -2025.399341

AIC score: 4092.798681 / AICc score: 4094.727700 / BIC score: 4181.347410
Free parameters (model + branch lengths): 21

WARNING: Best ML tree contains 1 near-zero branches!

Best ML tree with collapsed near-zero branches saved to: /groups/pupko/alburquerque/RL/Tree_Data/data/All_sized/4613/masked_species_real_msa.phy.raxml.bestTreeCollapsed
Best ML tree saved to: /groups/pupko/alburquerque/RL/Tree_Data/data/All_sized/4613/masked_species_real_msa.phy.raxml.bestTree
Optimized model saved to: /groups/pupko/alburquerque/RL/Tree_Data/data/All_sized/4613/masked_species_real_msa.phy.raxml.bestModel

Execution log saved to: /groups/pupko/alburquerque/RL/Tree_Data/data/All_sized/4613/masked_species_real_msa.phy.raxml.log

Analysis started: 30-Nov-2022 16:46:10 / finished: 30-Nov-2022 16:46:11

Elapsed time: 1.370 seconds

