
RAxML-NG v. 1.1 released on 29.11.2021 by The Exelixis Lab.
Developed by: Alexey M. Kozlov and Alexandros Stamatakis.
Contributors: Diego Darriba, Tomas Flouri, Benoit Morel, Sarah Lutteropp, Ben Bettisworth.
Latest version: https://github.com/amkozlov/raxml-ng
Questions/problems/suggestions? Please visit: https://groups.google.com/forum/#!forum/raxml

System: Intel(R) Xeon(R) CPU E5-2680 v3 @ 2.50GHz, 24 cores, 125 GB RAM

RAxML-NG was called at 21-Dec-2022 19:39:22 as follows:

raxml-ng --msa /groups/pupko/alburquerque/RL/Tree_Data/data/All_sized/16389/masked_species_real_msa.phy --threads 1 --opt-branches on --opt-model --nofiles --tree rand{1} --redo off --model GTR{1.29358/3.61911/1.39545/1.10678/3.93413/1.00000}+I{0.368}+G{5.984}+F{0.20771/0.32180/0.23799/0.23250}

Analysis options:
  run mode: ML tree search
  start tree(s): random (1)
  random seed: 1671644362
  tip-inner: OFF
  pattern compression: ON
  per-rate scalers: OFF
  site repeats: ON
  fast spr radius: AUTO
  spr subtree cutoff: 1.000000
  branch lengths: proportional (ML estimate, algorithm: NR-FAST)
  SIMD kernels: AVX2
  parallelization: coarse-grained (auto), NONE/sequential

WARNING: Running in REDO mode: existing checkpoints are ignored, and all result files will be overwritten!

[00:00:00] Reading alignment from file: /groups/pupko/alburquerque/RL/Tree_Data/data/All_sized/16389/masked_species_real_msa.phy
[00:00:00] Loaded alignment with 15 taxa and 1357 sites

WARNING: Sequences Sp007 and Sp008 are exactly identical!
WARNING: Sequences Sp009 and Sp010 are exactly identical!
WARNING: Sequences Sp009 and Sp011 are exactly identical!
WARNING: Sequences Sp009 and Sp012 are exactly identical!
WARNING: Sequences Sp009 and Sp013 are exactly identical!
WARNING: Duplicate sequences found: 5

NOTE: Reduced alignment (with duplicates and gap-only sites/taxa removed) 
NOTE: was saved to: /groups/pupko/alburquerque/RL/Tree_Data/data/All_sized/16389/masked_species_real_msa.phy.raxml.reduced.phy

Alignment comprises 1 partitions and 406 patterns

Partition 0: noname
Model: GTR{1.29358/3.61911/1.39545/1.10678/3.93413/1}+FU{0.20771/0.3218/0.23799/0.2325}+IU{0.368}+G4m{5.984}
Alignment sites / patterns: 1357 / 406
Gaps: 6.50 %
Invariant sites: 51.81 %


NOTE: Binary MSA file created: /groups/pupko/alburquerque/RL/Tree_Data/data/All_sized/16389/masked_species_real_msa.phy.raxml.rba

Parallelization scheme autoconfig: 1 worker(s) x 1 thread(s)

Parallel reduction/worker buffer size: 1 KB  / 0 KB

[00:00:00] Generating 1 random starting tree(s) with 15 taxa
[00:00:00] Data distribution: max. partitions/sites/weight per thread: 1 / 406 / 6496
[00:00:00] Data distribution: max. searches per worker: 1

Starting ML tree search with 1 distinct starting trees

[00:00:00 -10589.524496] Initial branch length optimization
[00:00:00 -8585.971105] Model parameter optimization (eps = 10.000000)
[00:00:00 -8585.350764] AUTODETECT spr round 1 (radius: 5)
[00:00:00 -5827.229600] AUTODETECT spr round 2 (radius: 10)
[00:00:00 -5827.216998] SPR radius for FAST iterations: 5 (autodetect)
[00:00:00 -5827.216998] Model parameter optimization (eps = 3.000000)
[00:00:00 -5827.213231] FAST spr round 1 (radius: 5)
[00:00:00 -5722.701695] FAST spr round 2 (radius: 5)
[00:00:00 -5722.701595] Model parameter optimization (eps = 1.000000)
[00:00:00 -5722.701593] SLOW spr round 1 (radius: 5)
[00:00:00 -5722.701592] SLOW spr round 2 (radius: 10)
[00:00:00 -5722.701592] SLOW spr round 3 (radius: 15)
[00:00:00 -5722.701592] Model parameter optimization (eps = 0.100000)

[00:00:00] ML tree search #1, logLikelihood: -5722.701592


Optimized model parameters:

   Partition 0: noname
   Rate heterogeneity: GAMMA (4 cats, mean),  alpha: 5.984000 (user),  weights&rates: (0.250000,0.538438) (0.250000,0.824278) (0.250000,1.081294) (0.250000,1.555990) 
   P-inv (user): 0.368000
   Base frequencies (user): 0.207710 0.321800 0.237990 0.232500 
   Substitution rates (user): 1.293580 3.619110 1.395450 1.106780 3.934130 1.000000 


Final LogLikelihood: -5722.701592

AIC score: 11499.403184 / AICc score: 11500.540882 / BIC score: 11640.155039
Free parameters (model + branch lengths): 27

WARNING: Best ML tree contains 4 near-zero branches!

Best ML tree with collapsed near-zero branches saved to: /groups/pupko/alburquerque/RL/Tree_Data/data/All_sized/16389/masked_species_real_msa.phy.raxml.bestTreeCollapsed
Best ML tree saved to: /groups/pupko/alburquerque/RL/Tree_Data/data/All_sized/16389/masked_species_real_msa.phy.raxml.bestTree
Optimized model saved to: /groups/pupko/alburquerque/RL/Tree_Data/data/All_sized/16389/masked_species_real_msa.phy.raxml.bestModel

Execution log saved to: /groups/pupko/alburquerque/RL/Tree_Data/data/All_sized/16389/masked_species_real_msa.phy.raxml.log

Analysis started: 21-Dec-2022 19:39:22 / finished: 21-Dec-2022 19:39:23

Elapsed time: 0.567 seconds

