
RAxML-NG v. 1.1 released on 29.11.2021 by The Exelixis Lab.
Developed by: Alexey M. Kozlov and Alexandros Stamatakis.
Contributors: Diego Darriba, Tomas Flouri, Benoit Morel, Sarah Lutteropp, Ben Bettisworth.
Latest version: https://github.com/amkozlov/raxml-ng
Questions/problems/suggestions? Please visit: https://groups.google.com/forum/#!forum/raxml

System: Intel(R) Xeon(R) CPU E5-2680 v3 @ 2.50GHz, 24 cores, 125 GB RAM

RAxML-NG was called at 21-Dec-2022 19:39:24 as follows:

raxml-ng --msa /groups/pupko/alburquerque/RL/Tree_Data/data/All_sized/24068/masked_species_real_msa.phy --threads 1 --opt-branches on --opt-model --nofiles --tree rand{1} --redo off --model GTR{0.92250/5.15590/1.05530/0.87603/5.00210/1.00000}+I{0.190}+G{0.921}+F{0.23436/0.22799/0.27944/0.25821}

Analysis options:
  run mode: ML tree search
  start tree(s): random (1)
  random seed: 1671644364
  tip-inner: OFF
  pattern compression: ON
  per-rate scalers: OFF
  site repeats: ON
  fast spr radius: AUTO
  spr subtree cutoff: 1.000000
  branch lengths: proportional (ML estimate, algorithm: NR-FAST)
  SIMD kernels: AVX2
  parallelization: coarse-grained (auto), NONE/sequential

WARNING: Running in REDO mode: existing checkpoints are ignored, and all result files will be overwritten!

[00:00:00] Reading alignment from file: /groups/pupko/alburquerque/RL/Tree_Data/data/All_sized/24068/masked_species_real_msa.phy
[00:00:00] Loaded alignment with 15 taxa and 1019 sites

Alignment comprises 1 partitions and 528 patterns

Partition 0: noname
Model: GTR{0.9225/5.1559/1.0553/0.87603/5.0021/1}+FU{0.23436/0.22799/0.27944/0.25821}+IU{0.19}+G4m{0.921}
Alignment sites / patterns: 1019 / 528
Gaps: 9.89 %
Invariant sites: 49.07 %


NOTE: Binary MSA file created: /groups/pupko/alburquerque/RL/Tree_Data/data/All_sized/24068/masked_species_real_msa.phy.raxml.rba

Parallelization scheme autoconfig: 1 worker(s) x 1 thread(s)

Parallel reduction/worker buffer size: 1 KB  / 0 KB

[00:00:00] Generating 1 random starting tree(s) with 15 taxa
[00:00:00] Data distribution: max. partitions/sites/weight per thread: 1 / 528 / 8448
[00:00:00] Data distribution: max. searches per worker: 1

Starting ML tree search with 1 distinct starting trees

[00:00:00 -7710.351100] Initial branch length optimization
[00:00:00 -6130.997754] Model parameter optimization (eps = 10.000000)
[00:00:00 -6130.287995] AUTODETECT spr round 1 (radius: 5)
[00:00:00 -4642.224714] AUTODETECT spr round 2 (radius: 10)
[00:00:00 -4642.191460] SPR radius for FAST iterations: 5 (autodetect)
[00:00:00 -4642.191460] Model parameter optimization (eps = 3.000000)
[00:00:00 -4642.190498] FAST spr round 1 (radius: 5)
[00:00:00 -4627.751131] FAST spr round 2 (radius: 5)
[00:00:00 -4626.421247] FAST spr round 3 (radius: 5)
[00:00:00 -4626.421076] Model parameter optimization (eps = 1.000000)
[00:00:00 -4626.421075] SLOW spr round 1 (radius: 5)
[00:00:00 -4626.421075] SLOW spr round 2 (radius: 10)
[00:00:00 -4626.421075] SLOW spr round 3 (radius: 15)
[00:00:00 -4626.421075] Model parameter optimization (eps = 0.100000)

[00:00:00] ML tree search #1, logLikelihood: -4626.421075


Optimized model parameters:

   Partition 0: noname
   Rate heterogeneity: GAMMA (4 cats, mean),  alpha: 0.921000 (user),  weights&rates: (0.250000,0.120934) (0.250000,0.451647) (0.250000,0.985569) (0.250000,2.441850) 
   P-inv (user): 0.190000
   Base frequencies (user): 0.234360 0.227990 0.279440 0.258210 
   Substitution rates (user): 0.922500 5.155900 1.055300 0.876030 5.002100 1.000000 


Final LogLikelihood: -4626.421075

AIC score: 9306.842150 / AICc score: 9308.367881 / BIC score: 9439.859730
Free parameters (model + branch lengths): 27

WARNING: Best ML tree contains 1 near-zero branches!

Best ML tree with collapsed near-zero branches saved to: /groups/pupko/alburquerque/RL/Tree_Data/data/All_sized/24068/masked_species_real_msa.phy.raxml.bestTreeCollapsed
Best ML tree saved to: /groups/pupko/alburquerque/RL/Tree_Data/data/All_sized/24068/masked_species_real_msa.phy.raxml.bestTree
Optimized model saved to: /groups/pupko/alburquerque/RL/Tree_Data/data/All_sized/24068/masked_species_real_msa.phy.raxml.bestModel

Execution log saved to: /groups/pupko/alburquerque/RL/Tree_Data/data/All_sized/24068/masked_species_real_msa.phy.raxml.log

Analysis started: 21-Dec-2022 19:39:24 / finished: 21-Dec-2022 19:39:25

Elapsed time: 0.799 seconds

