
RAxML-NG v. 1.1 released on 29.11.2021 by The Exelixis Lab.
Developed by: Alexey M. Kozlov and Alexandros Stamatakis.
Contributors: Diego Darriba, Tomas Flouri, Benoit Morel, Sarah Lutteropp, Ben Bettisworth.
Latest version: https://github.com/amkozlov/raxml-ng
Questions/problems/suggestions? Please visit: https://groups.google.com/forum/#!forum/raxml

System: AMD Opteron(tm) Processor 6128, 16 cores, 117 GB RAM

RAxML-NG was called at 30-Nov-2022 15:31:11 as follows:

raxml-ng --msa /groups/pupko/alburquerque/RL/Tree_Data/data/All_sized/33669/masked_species_real_msa.phy --threads 1 --opt-branches on --opt-model --nofiles --tree rand{1} --redo off --model GTR{0.54138/3.45126/1.86796/0.73019/7.35911/1.00000}+I{0.500}+G{0.469}+F{0.20394/0.29649/0.25865/0.24092}

Analysis options:
  run mode: ML tree search
  start tree(s): random (1)
  random seed: 1669815071
  tip-inner: OFF
  pattern compression: ON
  per-rate scalers: OFF
  site repeats: ON
  fast spr radius: AUTO
  spr subtree cutoff: 1.000000
  branch lengths: proportional (ML estimate, algorithm: NR-FAST)
  SIMD kernels: SSE3
  parallelization: coarse-grained (auto), NONE/sequential

WARNING: Running in REDO mode: existing checkpoints are ignored, and all result files will be overwritten!

[00:00:00] Reading alignment from file: /groups/pupko/alburquerque/RL/Tree_Data/data/All_sized/33669/masked_species_real_msa.phy
[00:00:00] Loaded alignment with 7 taxa and 2563 sites

Alignment comprises 1 partitions and 192 patterns

Partition 0: noname
Model: GTR{0.54138/3.45126/1.86796/0.73019/7.35911/1}+FU{0.20394/0.29649/0.25865/0.24092}+IU{0.5}+G4m{0.469}
Alignment sites / patterns: 2563 / 192
Gaps: 2.04 %
Invariant sites: 86.15 %


NOTE: Binary MSA file created: /groups/pupko/alburquerque/RL/Tree_Data/data/All_sized/33669/masked_species_real_msa.phy.raxml.rba

Parallelization scheme autoconfig: 1 worker(s) x 1 thread(s)

Parallel reduction/worker buffer size: 1 KB  / 0 KB

[00:00:00] Generating 1 random starting tree(s) with 7 taxa
[00:00:00] Data distribution: max. partitions/sites/weight per thread: 1 / 192 / 3072
[00:00:00] Data distribution: max. searches per worker: 1

Starting ML tree search with 1 distinct starting trees

[00:00:00 -6661.823403] Initial branch length optimization
[00:00:00 -6257.328824] Model parameter optimization (eps = 10.000000)
[00:00:00 -6257.123772] AUTODETECT spr round 1 (radius: 5)
[00:00:00 -5906.689034] SPR radius for FAST iterations: 5 (autodetect)
[00:00:00 -5906.689034] Model parameter optimization (eps = 3.000000)
[00:00:00 -5906.688962] FAST spr round 1 (radius: 5)
[00:00:00 -5906.688961] Model parameter optimization (eps = 1.000000)
[00:00:00 -5906.688961] SLOW spr round 1 (radius: 5)
[00:00:00 -5906.688961] Model parameter optimization (eps = 0.100000)

[00:00:00] ML tree search #1, logLikelihood: -5906.688961


Optimized model parameters:

   Partition 0: noname
   Rate heterogeneity: GAMMA (4 cats, mean),  alpha: 0.469000 (user),  weights&rates: (0.250000,0.027796) (0.250000,0.231197) (0.250000,0.796332) (0.250000,2.944675) 
   P-inv (user): 0.500000
   Base frequencies (user): 0.203940 0.296490 0.258650 0.240920 
   Substitution rates (user): 0.541380 3.451260 1.867960 0.730190 7.359110 1.000000 


Final LogLikelihood: -5906.688961

AIC score: 11835.377922 / AICc score: 11835.481411 / BIC score: 11899.716193
Free parameters (model + branch lengths): 11

Best ML tree saved to: /groups/pupko/alburquerque/RL/Tree_Data/data/All_sized/33669/masked_species_real_msa.phy.raxml.bestTree
Optimized model saved to: /groups/pupko/alburquerque/RL/Tree_Data/data/All_sized/33669/masked_species_real_msa.phy.raxml.bestModel

Execution log saved to: /groups/pupko/alburquerque/RL/Tree_Data/data/All_sized/33669/masked_species_real_msa.phy.raxml.log

Analysis started: 30-Nov-2022 15:31:11 / finished: 30-Nov-2022 15:31:11

Elapsed time: 0.301 seconds

