
RAxML-NG v. 1.1 released on 29.11.2021 by The Exelixis Lab.
Developed by: Alexey M. Kozlov and Alexandros Stamatakis.
Contributors: Diego Darriba, Tomas Flouri, Benoit Morel, Sarah Lutteropp, Ben Bettisworth.
Latest version: https://github.com/amkozlov/raxml-ng
Questions/problems/suggestions? Please visit: https://groups.google.com/forum/#!forum/raxml

System: Intel(R) Xeon(R) CPU E5-2670 v2 @ 2.50GHz, 20 cores, 62 GB RAM

RAxML-NG was called at 25-Dec-2022 18:31:45 as follows:

raxml-ng --msa /groups/pupko/alburquerque/RL/Tree_Data/data/All_sized/Myrica_10/masked_species_real_msa.phy --threads 1 --opt-branches on --opt-model --nofiles --tree rand{1} --redo off --model GTR{0.89895/1.43927/1.60228/0.55739/2.24807/1.00000}+I{0.095}+G{0.929}+F{0.23277/0.26841/0.27602/0.22279}

Analysis options:
  run mode: ML tree search
  start tree(s): random (1)
  random seed: 1671985905
  tip-inner: OFF
  pattern compression: ON
  per-rate scalers: OFF
  site repeats: ON
  fast spr radius: AUTO
  spr subtree cutoff: 1.000000
  branch lengths: proportional (ML estimate, algorithm: NR-FAST)
  SIMD kernels: AVX
  parallelization: coarse-grained (auto), NONE/sequential

WARNING: Running in REDO mode: existing checkpoints are ignored, and all result files will be overwritten!

[00:00:00] Reading alignment from file: /groups/pupko/alburquerque/RL/Tree_Data/data/All_sized/Myrica_10/masked_species_real_msa.phy
[00:00:00] Loaded alignment with 20 taxa and 898 sites

Alignment comprises 1 partitions and 403 patterns

Partition 0: noname
Model: GTR{0.89895/1.43927/1.60228/0.55739/2.24807/1}+FU{0.23277/0.26841/0.27602/0.22279}+IU{0.095}+G4m{0.929}
Alignment sites / patterns: 898 / 403
Gaps: 22.49 %
Invariant sites: 56.12 %


NOTE: Binary MSA file created: /groups/pupko/alburquerque/RL/Tree_Data/data/All_sized/Myrica_10/masked_species_real_msa.phy.raxml.rba

Parallelization scheme autoconfig: 1 worker(s) x 1 thread(s)

Parallel reduction/worker buffer size: 1 KB  / 0 KB

[00:00:00] Generating 1 random starting tree(s) with 20 taxa
[00:00:00] Data distribution: max. partitions/sites/weight per thread: 1 / 403 / 6448
[00:00:00] Data distribution: max. searches per worker: 1

Starting ML tree search with 1 distinct starting trees

[00:00:00 -9255.785157] Initial branch length optimization
[00:00:00 -7066.562692] Model parameter optimization (eps = 10.000000)
[00:00:00 -7065.684111] AUTODETECT spr round 1 (radius: 5)
[00:00:00 -4284.663102] AUTODETECT spr round 2 (radius: 10)
[00:00:00 -4274.410289] AUTODETECT spr round 3 (radius: 15)
[00:00:00 -4274.378846] SPR radius for FAST iterations: 10 (autodetect)
[00:00:00 -4274.378846] Model parameter optimization (eps = 3.000000)
[00:00:00 -4274.358871] FAST spr round 1 (radius: 10)
[00:00:00 -4190.758172] FAST spr round 2 (radius: 10)
[00:00:00 -4179.902984] FAST spr round 3 (radius: 10)
[00:00:00 -4179.902635] Model parameter optimization (eps = 1.000000)
[00:00:00 -4179.902616] SLOW spr round 1 (radius: 5)
[00:00:00 -4179.902609] SLOW spr round 2 (radius: 10)
[00:00:01 -4179.902608] SLOW spr round 3 (radius: 15)
[00:00:01 -4179.902608] SLOW spr round 4 (radius: 20)
[00:00:01 -4179.902608] Model parameter optimization (eps = 0.100000)

[00:00:01] ML tree search #1, logLikelihood: -4179.902608


Optimized model parameters:

   Partition 0: noname
   Rate heterogeneity: GAMMA (4 cats, mean),  alpha: 0.929000 (user),  weights&rates: (0.250000,0.122579) (0.250000,0.454319) (0.250000,0.987162) (0.250000,2.435941) 
   P-inv (user): 0.095000
   Base frequencies (user): 0.232772 0.268413 0.276023 0.222792 
   Substitution rates (user): 0.898950 1.439270 1.602280 0.557390 2.248070 1.000000 


Final LogLikelihood: -4179.902608

AIC score: 8433.805216 / AICc score: 8437.074984 / BIC score: 8611.411509
Free parameters (model + branch lengths): 37

WARNING: Best ML tree contains 3 near-zero branches!

Best ML tree with collapsed near-zero branches saved to: /groups/pupko/alburquerque/RL/Tree_Data/data/All_sized/Myrica_10/masked_species_real_msa.phy.raxml.bestTreeCollapsed
Best ML tree saved to: /groups/pupko/alburquerque/RL/Tree_Data/data/All_sized/Myrica_10/masked_species_real_msa.phy.raxml.bestTree
Optimized model saved to: /groups/pupko/alburquerque/RL/Tree_Data/data/All_sized/Myrica_10/masked_species_real_msa.phy.raxml.bestModel

Execution log saved to: /groups/pupko/alburquerque/RL/Tree_Data/data/All_sized/Myrica_10/masked_species_real_msa.phy.raxml.log

Analysis started: 25-Dec-2022 18:31:45 / finished: 25-Dec-2022 18:31:46

Elapsed time: 1.353 seconds

