
RAxML-NG v. 1.1 released on 29.11.2021 by The Exelixis Lab.
Developed by: Alexey M. Kozlov and Alexandros Stamatakis.
Contributors: Diego Darriba, Tomas Flouri, Benoit Morel, Sarah Lutteropp, Ben Bettisworth.
Latest version: https://github.com/amkozlov/raxml-ng
Questions/problems/suggestions? Please visit: https://groups.google.com/forum/#!forum/raxml

System: AMD Opteron(tm) Processor 6128, 16 cores, 117 GB RAM

RAxML-NG was called at 30-Nov-2022 16:45:53 as follows:

raxml-ng --msa /groups/pupko/alburquerque/RL/Tree_Data/data/All_sized/37392/masked_species_real_msa.phy --threads 1 --opt-branches on --opt-model --nofiles --tree rand{1} --redo off --model GTR{0.42819/6.42872/1.12012/1.15809/8.04617/1.00000}+I{0.000}+G{99.829}+F{0.23956/0.22860/0.26885/0.26299}

Analysis options:
  run mode: ML tree search
  start tree(s): random (1)
  random seed: 1669819553
  tip-inner: OFF
  pattern compression: ON
  per-rate scalers: OFF
  site repeats: ON
  fast spr radius: AUTO
  spr subtree cutoff: 1.000000
  branch lengths: proportional (ML estimate, algorithm: NR-FAST)
  SIMD kernels: SSE3
  parallelization: coarse-grained (auto), NONE/sequential

WARNING: Running in REDO mode: existing checkpoints are ignored, and all result files will be overwritten!

[00:00:00] Reading alignment from file: /groups/pupko/alburquerque/RL/Tree_Data/data/All_sized/37392/masked_species_real_msa.phy
[00:00:00] Loaded alignment with 12 taxa and 4398 sites

Alignment comprises 1 partitions and 67 patterns

Partition 0: noname
Model: GTR{0.42819/6.42872/1.12012/1.15809/8.04617/1}+FU{0.23956/0.2286/0.26885/0.26299}+IU{0}+G4m{99.829}
Alignment sites / patterns: 4398 / 67
Gaps: 0.10 %
Invariant sites: 97.82 %


NOTE: Binary MSA file created: /groups/pupko/alburquerque/RL/Tree_Data/data/All_sized/37392/masked_species_real_msa.phy.raxml.rba

Parallelization scheme autoconfig: 1 worker(s) x 1 thread(s)

Parallel reduction/worker buffer size: 1 KB  / 0 KB

[00:00:00] Generating 1 random starting tree(s) with 12 taxa
[00:00:00] Data distribution: max. partitions/sites/weight per thread: 1 / 67 / 1072
[00:00:00] Data distribution: max. searches per worker: 1

Starting ML tree search with 1 distinct starting trees

[00:00:00 -15356.312419] Initial branch length optimization
[00:00:00 -7277.091019] Model parameter optimization (eps = 10.000000)
[00:00:00 -7276.968386] AUTODETECT spr round 1 (radius: 5)
[00:00:00 -6871.210582] AUTODETECT spr round 2 (radius: 10)
[00:00:00 -6871.210582] SPR radius for FAST iterations: 5 (autodetect)
[00:00:00 -6871.210582] Model parameter optimization (eps = 3.000000)
[00:00:00 -6871.210582] FAST spr round 1 (radius: 5)
[00:00:00 -6871.210582] Model parameter optimization (eps = 1.000000)
[00:00:00 -6871.210582] SLOW spr round 1 (radius: 5)
[00:00:00 -6871.210580] SLOW spr round 2 (radius: 10)
[00:00:00 -6871.210580] Model parameter optimization (eps = 0.100000)

[00:00:00] ML tree search #1, logLikelihood: -6871.210580


Optimized model parameters:

   Partition 0: noname
   Rate heterogeneity: GAMMA (4 cats, mean),  alpha: 99.829000 (user),  weights&rates: (0.250000,0.875802) (0.250000,0.964706) (0.250000,1.029572) (0.250000,1.129920) 
   P-inv (user): 0.000000
   Base frequencies (user): 0.239560 0.228600 0.268850 0.262990 
   Substitution rates (user): 0.428190 6.428720 1.120120 1.158090 8.046170 1.000000 


Final LogLikelihood: -6871.210580

AIC score: 13784.421160 / AICc score: 13784.632312 / BIC score: 13918.588169
Free parameters (model + branch lengths): 21

WARNING: Best ML tree contains 2 near-zero branches!

Best ML tree with collapsed near-zero branches saved to: /groups/pupko/alburquerque/RL/Tree_Data/data/All_sized/37392/masked_species_real_msa.phy.raxml.bestTreeCollapsed
Best ML tree saved to: /groups/pupko/alburquerque/RL/Tree_Data/data/All_sized/37392/masked_species_real_msa.phy.raxml.bestTree
Optimized model saved to: /groups/pupko/alburquerque/RL/Tree_Data/data/All_sized/37392/masked_species_real_msa.phy.raxml.bestModel

Execution log saved to: /groups/pupko/alburquerque/RL/Tree_Data/data/All_sized/37392/masked_species_real_msa.phy.raxml.log

Analysis started: 30-Nov-2022 16:45:53 / finished: 30-Nov-2022 16:45:53

Elapsed time: 0.243 seconds

