
RAxML-NG v. 1.1 released on 29.11.2021 by The Exelixis Lab.
Developed by: Alexey M. Kozlov and Alexandros Stamatakis.
Contributors: Diego Darriba, Tomas Flouri, Benoit Morel, Sarah Lutteropp, Ben Bettisworth.
Latest version: https://github.com/amkozlov/raxml-ng
Questions/problems/suggestions? Please visit: https://groups.google.com/forum/#!forum/raxml

System: Intel(R) Xeon(R) CPU E5-2670 v2 @ 2.50GHz, 20 cores, 62 GB RAM

RAxML-NG was called at 09-Feb-2023 20:33:19 as follows:

raxml-ng --msa /groups/pupko/alburquerque/RL/Tree_Data/data/All_sized/31039/masked_species_real_msa.phy --threads 1 --model GTR{1.53427/8.97498/1.69820/1.64382/16.00868/1.00000}+I{0.179}+G{0.519}+F{0.24839/0.23480/0.25311/0.26370} --tree /groups/pupko/alburquerque/RL/Tree_Data/data/All_sized/31039/Temp_start_tree_file_for_raxml_search.txt --redo

Analysis options:
  run mode: ML tree search
  start tree(s): user
  random seed: 1675967599
  tip-inner: OFF
  pattern compression: ON
  per-rate scalers: OFF
  site repeats: ON
  fast spr radius: AUTO
  spr subtree cutoff: 1.000000
  branch lengths: proportional (ML estimate, algorithm: NR-FAST)
  SIMD kernels: AVX
  parallelization: coarse-grained (auto), NONE/sequential

WARNING: Running in REDO mode: existing checkpoints are ignored, and all result files will be overwritten!

[00:00:00] Reading alignment from file: /groups/pupko/alburquerque/RL/Tree_Data/data/All_sized/31039/masked_species_real_msa.phy
[00:00:00] Loaded alignment with 20 taxa and 1338 sites

Alignment comprises 1 partitions and 284 patterns

Partition 0: noname
Model: GTR{1.53427/8.97498/1.6982/1.64382/16.0087/1}+FU{0.24839/0.2348/0.25311/0.2637}+IU{0.179}+G4m{0.519}
Alignment sites / patterns: 1338 / 284
Gaps: 4.25 %
Invariant sites: 68.68 %


NOTE: Binary MSA file created: /groups/pupko/alburquerque/RL/Tree_Data/data/All_sized/31039/masked_species_real_msa.phy.raxml.rba

Parallelization scheme autoconfig: 1 worker(s) x 1 thread(s)

Parallel reduction/worker buffer size: 1 KB  / 0 KB

[00:00:00] Loading user starting tree(s) from: /groups/pupko/alburquerque/RL/Tree_Data/data/All_sized/31039/Temp_start_tree_file_for_raxml_search.txt
[00:00:00] Data distribution: max. partitions/sites/weight per thread: 1 / 284 / 4544
[00:00:00] Data distribution: max. searches per worker: 1

Starting ML tree search with 1 distinct starting trees

[00:00:00 -7354.109708] Initial branch length optimization
[00:00:00 -6005.636160] Model parameter optimization (eps = 10.000000)
[00:00:00 -6005.622009] AUTODETECT spr round 1 (radius: 5)
[00:00:00 -4661.475706] AUTODETECT spr round 2 (radius: 10)
[00:00:00 -4630.971942] AUTODETECT spr round 3 (radius: 15)
[00:00:00 -4630.971820] SPR radius for FAST iterations: 10 (autodetect)
[00:00:00 -4630.971820] Model parameter optimization (eps = 3.000000)
[00:00:00 -4630.971814] FAST spr round 1 (radius: 10)
[00:00:00 -4599.010914] FAST spr round 2 (radius: 10)
[00:00:00 -4596.568825] FAST spr round 3 (radius: 10)
[00:00:00 -4596.568824] Model parameter optimization (eps = 1.000000)
[00:00:00 -4596.568824] SLOW spr round 1 (radius: 5)
[00:00:00 -4596.568824] SLOW spr round 2 (radius: 10)
[00:00:00 -4596.568824] SLOW spr round 3 (radius: 15)
[00:00:00 -4596.568824] SLOW spr round 4 (radius: 20)
[00:00:00 -4596.568824] Model parameter optimization (eps = 0.100000)

[00:00:00] ML tree search #1, logLikelihood: -4596.568824


Optimized model parameters:

   Partition 0: noname
   Rate heterogeneity: GAMMA (4 cats, mean),  alpha: 0.519000 (user),  weights&rates: (0.250000,0.036961) (0.250000,0.264139) (0.250000,0.833616) (0.250000,2.865285) 
   P-inv (user): 0.179000
   Base frequencies (user): 0.248390 0.234800 0.253110 0.263700 
   Substitution rates (user): 1.534270 8.974980 1.698200 1.643820 16.008680 1.000000 


Final LogLikelihood: -4596.568824

AIC score: 9267.137648 / AICc score: 9269.300725 / BIC score: 9459.498104
Free parameters (model + branch lengths): 37

WARNING: Best ML tree contains 2 near-zero branches!

Best ML tree with collapsed near-zero branches saved to: /groups/pupko/alburquerque/RL/Tree_Data/data/All_sized/31039/masked_species_real_msa.phy.raxml.bestTreeCollapsed
Best ML tree saved to: /groups/pupko/alburquerque/RL/Tree_Data/data/All_sized/31039/masked_species_real_msa.phy.raxml.bestTree
Optimized model saved to: /groups/pupko/alburquerque/RL/Tree_Data/data/All_sized/31039/masked_species_real_msa.phy.raxml.bestModel

Execution log saved to: /groups/pupko/alburquerque/RL/Tree_Data/data/All_sized/31039/masked_species_real_msa.phy.raxml.log

Analysis started: 09-Feb-2023 20:33:19 / finished: 09-Feb-2023 20:33:20

Elapsed time: 0.749 seconds

