
RAxML-NG v. 1.1 released on 29.11.2021 by The Exelixis Lab.
Developed by: Alexey M. Kozlov and Alexandros Stamatakis.
Contributors: Diego Darriba, Tomas Flouri, Benoit Morel, Sarah Lutteropp, Ben Bettisworth.
Latest version: https://github.com/amkozlov/raxml-ng
Questions/problems/suggestions? Please visit: https://groups.google.com/forum/#!forum/raxml

System: Intel(R) Xeon(R) CPU E5-2670 v2 @ 2.50GHz, 20 cores, 62 GB RAM

RAxML-NG was called at 01-Mar-2023 20:35:51 as follows:

raxml-ng --msa /groups/pupko/alburquerque/RL/Tree_Data/data/All_sized/32157/masked_species_real_msa.phy --threads 1 --model GTR{1.49948/1.38267/1.59581/0.89174/2.93891/1.00000}+I{0.188}+G{0.467}+F{0.23754/0.28946/0.27868/0.19432} --tree /groups/pupko/alburquerque/RL/Tree_Data/data/All_sized/32157/Temp_start_tree_file_for_raxml_search.txt --redo

Analysis options:
  run mode: ML tree search
  start tree(s): user
  random seed: 1677695751
  tip-inner: OFF
  pattern compression: ON
  per-rate scalers: OFF
  site repeats: ON
  fast spr radius: AUTO
  spr subtree cutoff: 1.000000
  branch lengths: proportional (ML estimate, algorithm: NR-FAST)
  SIMD kernels: AVX
  parallelization: coarse-grained (auto), NONE/sequential

WARNING: Running in REDO mode: existing checkpoints are ignored, and all result files will be overwritten!

[00:00:00] Reading alignment from file: /groups/pupko/alburquerque/RL/Tree_Data/data/All_sized/32157/masked_species_real_msa.phy
[00:00:00] Loaded alignment with 12 taxa and 1171 sites

Alignment comprises 1 partitions and 297 patterns

Partition 0: noname
Model: GTR{1.49948/1.38267/1.59581/0.89174/2.93891/1}+FU{0.23754/0.28946/0.27868/0.19432}+IU{0.188}+G4m{0.467}
Alignment sites / patterns: 1171 / 297
Gaps: 43.92 %
Invariant sites: 72.67 %


NOTE: Binary MSA file created: /groups/pupko/alburquerque/RL/Tree_Data/data/All_sized/32157/masked_species_real_msa.phy.raxml.rba

Parallelization scheme autoconfig: 1 worker(s) x 1 thread(s)

Parallel reduction/worker buffer size: 1 KB  / 0 KB

[00:00:00] Loading user starting tree(s) from: /groups/pupko/alburquerque/RL/Tree_Data/data/All_sized/32157/Temp_start_tree_file_for_raxml_search.txt
[00:00:00] Data distribution: max. partitions/sites/weight per thread: 1 / 297 / 4752
[00:00:00] Data distribution: max. searches per worker: 1

Starting ML tree search with 1 distinct starting trees

[00:00:00 -4141.859246] Initial branch length optimization
[00:00:00 -3845.734401] Model parameter optimization (eps = 10.000000)
[00:00:00 -3845.557333] AUTODETECT spr round 1 (radius: 5)
[00:00:00 -3626.711509] AUTODETECT spr round 2 (radius: 10)
[00:00:00 -3626.624726] SPR radius for FAST iterations: 5 (autodetect)
[00:00:00 -3626.624726] Model parameter optimization (eps = 3.000000)
[00:00:00 -3626.543614] FAST spr round 1 (radius: 5)
[00:00:00 -3623.203235] FAST spr round 2 (radius: 5)
[00:00:00 -3623.202617] Model parameter optimization (eps = 1.000000)
[00:00:00 -3623.202500] SLOW spr round 1 (radius: 5)
[00:00:00 -3623.202374] SLOW spr round 2 (radius: 10)
[00:00:00 -3623.202342] Model parameter optimization (eps = 0.100000)

[00:00:00] ML tree search #1, logLikelihood: -3623.202335


Optimized model parameters:

   Partition 0: noname
   Rate heterogeneity: GAMMA (4 cats, mean),  alpha: 0.467000 (user),  weights&rates: (0.250000,0.027447) (0.250000,0.229827) (0.250000,0.794688) (0.250000,2.948038) 
   P-inv (user): 0.188000
   Base frequencies (user): 0.237540 0.289460 0.278680 0.194320 
   Substitution rates (user): 1.499480 1.382670 1.595810 0.891740 2.938910 1.000000 


Final LogLikelihood: -3623.202335

AIC score: 7288.404670 / AICc score: 7289.208848 / BIC score: 7394.782551
Free parameters (model + branch lengths): 21

WARNING: Best ML tree contains 1 near-zero branches!

Best ML tree with collapsed near-zero branches saved to: /groups/pupko/alburquerque/RL/Tree_Data/data/All_sized/32157/masked_species_real_msa.phy.raxml.bestTreeCollapsed
Best ML tree saved to: /groups/pupko/alburquerque/RL/Tree_Data/data/All_sized/32157/masked_species_real_msa.phy.raxml.bestTree
Optimized model saved to: /groups/pupko/alburquerque/RL/Tree_Data/data/All_sized/32157/masked_species_real_msa.phy.raxml.bestModel

Execution log saved to: /groups/pupko/alburquerque/RL/Tree_Data/data/All_sized/32157/masked_species_real_msa.phy.raxml.log

Analysis started: 01-Mar-2023 20:35:51 / finished: 01-Mar-2023 20:35:51

Elapsed time: 0.422 seconds

