
RAxML-NG v. 1.1 released on 29.11.2021 by The Exelixis Lab.
Developed by: Alexey M. Kozlov and Alexandros Stamatakis.
Contributors: Diego Darriba, Tomas Flouri, Benoit Morel, Sarah Lutteropp, Ben Bettisworth.
Latest version: https://github.com/amkozlov/raxml-ng
Questions/problems/suggestions? Please visit: https://groups.google.com/forum/#!forum/raxml

System: Intel(R) Xeon(R) CPU E5-2670 v2 @ 2.50GHz, 20 cores, 62 GB RAM

RAxML-NG was called at 05-Feb-2023 17:16:19 as follows:

raxml-ng --msa /groups/pupko/alburquerque/RL/Tree_Data/data/All_sized/Euteleostomi_00530000064506001/masked_species_real_msa.phy --threads 1 --model GTR{0.18353/1.06664/0.16938/0.35888/2.82766/1.00000}+I{0.000}+G{99.829}+F{0.41877/0.17754/0.21276/0.19092} --tree /groups/pupko/alburquerque/RL/Tree_Data/data/All_sized/Euteleostomi_00530000064506001/Temp_start_tree_file_for_raxml_search.txt --redo

Analysis options:
  run mode: ML tree search
  start tree(s): user
  random seed: 1675610179
  tip-inner: OFF
  pattern compression: ON
  per-rate scalers: OFF
  site repeats: ON
  fast spr radius: AUTO
  spr subtree cutoff: 1.000000
  branch lengths: proportional (ML estimate, algorithm: NR-FAST)
  SIMD kernels: AVX
  parallelization: coarse-grained (auto), NONE/sequential

WARNING: Running in REDO mode: existing checkpoints are ignored, and all result files will be overwritten!

[00:00:00] Reading alignment from file: /groups/pupko/alburquerque/RL/Tree_Data/data/All_sized/Euteleostomi_00530000064506001/masked_species_real_msa.phy
[00:00:00] Loaded alignment with 15 taxa and 825 sites

WARNING: Sequences Sp004 and Sp005 are exactly identical!
WARNING: Sequences Sp004 and Sp006 are exactly identical!
WARNING: Sequences Sp004 and Sp007 are exactly identical!
WARNING: Sequences Sp009 and Sp010 are exactly identical!
WARNING: Sequences Sp009 and Sp011 are exactly identical!
WARNING: Sequences Sp009 and Sp012 are exactly identical!
WARNING: Duplicate sequences found: 6

NOTE: Reduced alignment (with duplicates and gap-only sites/taxa removed) 
NOTE: was saved to: /groups/pupko/alburquerque/RL/Tree_Data/data/All_sized/Euteleostomi_00530000064506001/masked_species_real_msa.phy.raxml.reduced.phy

Alignment comprises 1 partitions and 22 patterns

Partition 0: noname
Model: GTR{0.18353/1.06664/0.16938/0.35888/2.82766/1}+FU{0.41877/0.17754/0.21276/0.19092}+IU{0}+G4m{99.829}
Alignment sites / patterns: 825 / 22
Gaps: 0.00 %
Invariant sites: 97.58 %


NOTE: Binary MSA file created: /groups/pupko/alburquerque/RL/Tree_Data/data/All_sized/Euteleostomi_00530000064506001/masked_species_real_msa.phy.raxml.rba

Parallelization scheme autoconfig: 1 worker(s) x 1 thread(s)

Parallel reduction/worker buffer size: 1 KB  / 0 KB

[00:00:00] Loading user starting tree(s) from: /groups/pupko/alburquerque/RL/Tree_Data/data/All_sized/Euteleostomi_00530000064506001/Temp_start_tree_file_for_raxml_search.txt
[00:00:00] Data distribution: max. partitions/sites/weight per thread: 1 / 22 / 352
[00:00:00] Data distribution: max. searches per worker: 1

Starting ML tree search with 1 distinct starting trees

[00:00:00 -3278.897850] Initial branch length optimization
[00:00:00 -1255.758578] Model parameter optimization (eps = 10.000000)
[00:00:00 -1255.758578] AUTODETECT spr round 1 (radius: 5)
[00:00:00 -1232.420899] AUTODETECT spr round 2 (radius: 10)
[00:00:00 -1232.420898] SPR radius for FAST iterations: 5 (autodetect)
[00:00:00 -1232.420898] Model parameter optimization (eps = 3.000000)
[00:00:00 -1232.420898] FAST spr round 1 (radius: 5)
[00:00:00 -1232.420898] Model parameter optimization (eps = 1.000000)
[00:00:00 -1232.420898] SLOW spr round 1 (radius: 5)
[00:00:00 -1232.420893] SLOW spr round 2 (radius: 10)
[00:00:00 -1232.420893] SLOW spr round 3 (radius: 15)
[00:00:00 -1232.420893] Model parameter optimization (eps = 0.100000)

[00:00:00] ML tree search #1, logLikelihood: -1232.420893


Optimized model parameters:

   Partition 0: noname
   Rate heterogeneity: GAMMA (4 cats, mean),  alpha: 99.829000 (user),  weights&rates: (0.250000,0.875802) (0.250000,0.964706) (0.250000,1.029572) (0.250000,1.129920) 
   P-inv (user): 0.000000
   Base frequencies (user): 0.418774 0.177542 0.212762 0.190922 
   Substitution rates (user): 0.183530 1.066640 0.169380 0.358880 2.827660 1.000000 


Final LogLikelihood: -1232.420893

AIC score: 2518.841787 / AICc score: 2520.738901 / BIC score: 2646.157138
Free parameters (model + branch lengths): 27

WARNING: Best ML tree contains 11 near-zero branches!

Best ML tree with collapsed near-zero branches saved to: /groups/pupko/alburquerque/RL/Tree_Data/data/All_sized/Euteleostomi_00530000064506001/masked_species_real_msa.phy.raxml.bestTreeCollapsed
Best ML tree saved to: /groups/pupko/alburquerque/RL/Tree_Data/data/All_sized/Euteleostomi_00530000064506001/masked_species_real_msa.phy.raxml.bestTree
Optimized model saved to: /groups/pupko/alburquerque/RL/Tree_Data/data/All_sized/Euteleostomi_00530000064506001/masked_species_real_msa.phy.raxml.bestModel

Execution log saved to: /groups/pupko/alburquerque/RL/Tree_Data/data/All_sized/Euteleostomi_00530000064506001/masked_species_real_msa.phy.raxml.log

Analysis started: 05-Feb-2023 17:16:19 / finished: 05-Feb-2023 17:16:19

Elapsed time: 0.097 seconds

