
RAxML-NG v. 1.1 released on 29.11.2021 by The Exelixis Lab.
Developed by: Alexey M. Kozlov and Alexandros Stamatakis.
Contributors: Diego Darriba, Tomas Flouri, Benoit Morel, Sarah Lutteropp, Ben Bettisworth.
Latest version: https://github.com/amkozlov/raxml-ng
Questions/problems/suggestions? Please visit: https://groups.google.com/forum/#!forum/raxml

System: Intel(R) Xeon(R) CPU E5-2670 v2 @ 2.50GHz, 20 cores, 62 GB RAM

RAxML-NG was called at 25-Dec-2022 18:30:30 as follows:

raxml-ng --msa /groups/pupko/alburquerque/RL/Tree_Data/data/All_sized/34537/masked_species_real_msa.phy --threads 1 --opt-branches on --opt-model --nofiles --tree rand{1} --redo off --model GTR{0.79606/1.62120/2.14248/2.51492/3.25091/1.00000}+I{0.311}+G{1.078}+F{0.19644/0.31478/0.26234/0.22644}

Analysis options:
  run mode: ML tree search
  start tree(s): random (1)
  random seed: 1671985830
  tip-inner: OFF
  pattern compression: ON
  per-rate scalers: OFF
  site repeats: ON
  fast spr radius: AUTO
  spr subtree cutoff: 1.000000
  branch lengths: proportional (ML estimate, algorithm: NR-FAST)
  SIMD kernels: AVX
  parallelization: coarse-grained (auto), NONE/sequential

WARNING: Running in REDO mode: existing checkpoints are ignored, and all result files will be overwritten!

[00:00:00] Reading alignment from file: /groups/pupko/alburquerque/RL/Tree_Data/data/All_sized/34537/masked_species_real_msa.phy
[00:00:00] Loaded alignment with 20 taxa and 759 sites

Alignment comprises 1 partitions and 431 patterns

Partition 0: noname
Model: GTR{0.79606/1.6212/2.14248/2.51492/3.25091/1}+FU{0.19644/0.31478/0.26234/0.22644}+IU{0.311}+G4m{1.078}
Alignment sites / patterns: 759 / 431
Gaps: 22.24 %
Invariant sites: 57.58 %


NOTE: Binary MSA file created: /groups/pupko/alburquerque/RL/Tree_Data/data/All_sized/34537/masked_species_real_msa.phy.raxml.rba

Parallelization scheme autoconfig: 1 worker(s) x 1 thread(s)

Parallel reduction/worker buffer size: 1 KB  / 0 KB

[00:00:00] Generating 1 random starting tree(s) with 20 taxa
[00:00:00] Data distribution: max. partitions/sites/weight per thread: 1 / 431 / 6896
[00:00:00] Data distribution: max. searches per worker: 1

Starting ML tree search with 1 distinct starting trees

[00:00:00 -5843.126786] Initial branch length optimization
[00:00:00 -5183.023211] Model parameter optimization (eps = 10.000000)
[00:00:00 -5181.667746] AUTODETECT spr round 1 (radius: 5)
[00:00:00 -3803.811176] AUTODETECT spr round 2 (radius: 10)
[00:00:00 -3803.808904] SPR radius for FAST iterations: 5 (autodetect)
[00:00:00 -3803.808904] Model parameter optimization (eps = 3.000000)
[00:00:00 -3803.808266] FAST spr round 1 (radius: 5)
[00:00:00 -3787.812955] FAST spr round 2 (radius: 5)
[00:00:00 -3787.293895] FAST spr round 3 (radius: 5)
[00:00:00 -3787.290438] Model parameter optimization (eps = 1.000000)
[00:00:00 -3787.290359] SLOW spr round 1 (radius: 5)
[00:00:00 -3787.290345] SLOW spr round 2 (radius: 10)
[00:00:01 -3787.290345] SLOW spr round 3 (radius: 15)
[00:00:01 -3787.290345] SLOW spr round 4 (radius: 20)
[00:00:01 -3787.290345] Model parameter optimization (eps = 0.100000)

[00:00:01] ML tree search #1, logLikelihood: -3787.290345


Optimized model parameters:

   Partition 0: noname
   Rate heterogeneity: GAMMA (4 cats, mean),  alpha: 1.078000 (user),  weights&rates: (0.250000,0.152249) (0.250000,0.499003) (0.250000,1.011811) (0.250000,2.336937) 
   P-inv (user): 0.311000
   Base frequencies (user): 0.196440 0.314780 0.262340 0.226440 
   Substitution rates (user): 0.796060 1.621200 2.142480 2.514920 3.250910 1.000000 


Final LogLikelihood: -3787.290345

AIC score: 7648.580690 / AICc score: 7652.480829 / BIC score: 7819.964756
Free parameters (model + branch lengths): 37

Best ML tree saved to: /groups/pupko/alburquerque/RL/Tree_Data/data/All_sized/34537/masked_species_real_msa.phy.raxml.bestTree
Optimized model saved to: /groups/pupko/alburquerque/RL/Tree_Data/data/All_sized/34537/masked_species_real_msa.phy.raxml.bestModel

Execution log saved to: /groups/pupko/alburquerque/RL/Tree_Data/data/All_sized/34537/masked_species_real_msa.phy.raxml.log

Analysis started: 25-Dec-2022 18:30:30 / finished: 25-Dec-2022 18:30:31

Elapsed time: 1.207 seconds

