
RAxML-NG v. 1.1 released on 29.11.2021 by The Exelixis Lab.
Developed by: Alexey M. Kozlov and Alexandros Stamatakis.
Contributors: Diego Darriba, Tomas Flouri, Benoit Morel, Sarah Lutteropp, Ben Bettisworth.
Latest version: https://github.com/amkozlov/raxml-ng
Questions/problems/suggestions? Please visit: https://groups.google.com/forum/#!forum/raxml

System: Intel(R) Xeon(R) CPU E5-2680 v3 @ 2.50GHz, 24 cores, 125 GB RAM

RAxML-NG was called at 21-Dec-2022 19:39:08 as follows:

raxml-ng --msa /groups/pupko/alburquerque/RL/Tree_Data/data/All_sized/1343/masked_species_real_msa.phy --threads 1 --opt-branches on --opt-model --nofiles --tree rand{1} --redo off --model GTR{1.61592/2.26851/2.24993/1.21028/6.23217/1.00000}+I{0.483}+G{0.594}+F{0.26815/0.22406/0.26699/0.24079}

Analysis options:
  run mode: ML tree search
  start tree(s): random (1)
  random seed: 1671644348
  tip-inner: OFF
  pattern compression: ON
  per-rate scalers: OFF
  site repeats: ON
  fast spr radius: AUTO
  spr subtree cutoff: 1.000000
  branch lengths: proportional (ML estimate, algorithm: NR-FAST)
  SIMD kernels: AVX2
  parallelization: coarse-grained (auto), NONE/sequential

WARNING: Running in REDO mode: existing checkpoints are ignored, and all result files will be overwritten!

[00:00:00] Reading alignment from file: /groups/pupko/alburquerque/RL/Tree_Data/data/All_sized/1343/masked_species_real_msa.phy
[00:00:00] Loaded alignment with 15 taxa and 2270 sites

Alignment comprises 1 partitions and 520 patterns

Partition 0: noname
Model: GTR{1.61592/2.26851/2.24993/1.21028/6.23217/1}+FU{0.26815/0.22406/0.26699/0.24079}+IU{0.483}+G4m{0.594}
Alignment sites / patterns: 2270 / 520
Gaps: 0.07 %
Invariant sites: 69.82 %


NOTE: Binary MSA file created: /groups/pupko/alburquerque/RL/Tree_Data/data/All_sized/1343/masked_species_real_msa.phy.raxml.rba

Parallelization scheme autoconfig: 1 worker(s) x 1 thread(s)

Parallel reduction/worker buffer size: 1 KB  / 0 KB

[00:00:00] Generating 1 random starting tree(s) with 15 taxa
[00:00:00] Data distribution: max. partitions/sites/weight per thread: 1 / 520 / 8320
[00:00:00] Data distribution: max. searches per worker: 1

Starting ML tree search with 1 distinct starting trees

[00:00:00 -12947.061115] Initial branch length optimization
[00:00:00 -11435.866092] Model parameter optimization (eps = 10.000000)
[00:00:00 -11435.370662] AUTODETECT spr round 1 (radius: 5)
[00:00:00 -10581.547755] AUTODETECT spr round 2 (radius: 10)
[00:00:00 -10581.544753] SPR radius for FAST iterations: 5 (autodetect)
[00:00:00 -10581.544753] Model parameter optimization (eps = 3.000000)
[00:00:00 -10581.544391] FAST spr round 1 (radius: 5)
[00:00:00 -10570.367355] FAST spr round 2 (radius: 5)
[00:00:00 -10570.367288] Model parameter optimization (eps = 1.000000)
[00:00:00 -10570.367287] SLOW spr round 1 (radius: 5)
[00:00:00 -10570.367287] SLOW spr round 2 (radius: 10)
[00:00:00 -10570.367287] SLOW spr round 3 (radius: 15)
[00:00:00 -10570.367287] Model parameter optimization (eps = 0.100000)

[00:00:00] ML tree search #1, logLikelihood: -10570.367287


Optimized model parameters:

   Partition 0: noname
   Rate heterogeneity: GAMMA (4 cats, mean),  alpha: 0.594000 (user),  weights&rates: (0.250000,0.051873) (0.250000,0.308921) (0.250000,0.878227) (0.250000,2.760980) 
   P-inv (user): 0.483000
   Base frequencies (user): 0.268153 0.224062 0.266993 0.240792 
   Substitution rates (user): 1.615920 2.268510 2.249930 1.210280 6.232170 1.000000 


Final LogLikelihood: -10570.367287

AIC score: 21194.734573 / AICc score: 21195.408971 / BIC score: 21349.378021
Free parameters (model + branch lengths): 27

Best ML tree saved to: /groups/pupko/alburquerque/RL/Tree_Data/data/All_sized/1343/masked_species_real_msa.phy.raxml.bestTree
Optimized model saved to: /groups/pupko/alburquerque/RL/Tree_Data/data/All_sized/1343/masked_species_real_msa.phy.raxml.bestModel

Execution log saved to: /groups/pupko/alburquerque/RL/Tree_Data/data/All_sized/1343/masked_species_real_msa.phy.raxml.log

Analysis started: 21-Dec-2022 19:39:08 / finished: 21-Dec-2022 19:39:09

Elapsed time: 0.743 seconds

