
RAxML-NG v. 1.1 released on 29.11.2021 by The Exelixis Lab.
Developed by: Alexey M. Kozlov and Alexandros Stamatakis.
Contributors: Diego Darriba, Tomas Flouri, Benoit Morel, Sarah Lutteropp, Ben Bettisworth.
Latest version: https://github.com/amkozlov/raxml-ng
Questions/problems/suggestions? Please visit: https://groups.google.com/forum/#!forum/raxml

System: Intel(R) Xeon(R) CPU E5-2670 v2 @ 2.50GHz, 20 cores, 62 GB RAM

RAxML-NG was called at 01-Mar-2023 16:16:47 as follows:

raxml-ng --msa /groups/pupko/alburquerque/RL/Tree_Data/data/All_sized/42624/masked_species_real_msa.phy --threads 1 --model GTR{2.47831/6.21094/3.81537/1.54673/10.05629/1.00000}+I{0.466}+G{0.755}+F{0.27441/0.19258/0.22466/0.30836} --tree /groups/pupko/alburquerque/RL/Tree_Data/data/All_sized/42624/Temp_start_tree_file_for_raxml_search.txt --redo

Analysis options:
  run mode: ML tree search
  start tree(s): user
  random seed: 1677680207
  tip-inner: OFF
  pattern compression: ON
  per-rate scalers: OFF
  site repeats: ON
  fast spr radius: AUTO
  spr subtree cutoff: 1.000000
  branch lengths: proportional (ML estimate, algorithm: NR-FAST)
  SIMD kernels: AVX
  parallelization: coarse-grained (auto), NONE/sequential

WARNING: Running in REDO mode: existing checkpoints are ignored, and all result files will be overwritten!

[00:00:00] Reading alignment from file: /groups/pupko/alburquerque/RL/Tree_Data/data/All_sized/42624/masked_species_real_msa.phy
[00:00:00] Loaded alignment with 15 taxa and 3424 sites

Alignment comprises 1 partitions and 755 patterns

Partition 0: noname
Model: GTR{2.47831/6.21094/3.81537/1.54673/10.0563/1}+FU{0.27441/0.19258/0.22466/0.30836}+IU{0.466}+G4m{0.755}
Alignment sites / patterns: 3424 / 755
Gaps: 5.98 %
Invariant sites: 76.81 %


NOTE: Binary MSA file created: /groups/pupko/alburquerque/RL/Tree_Data/data/All_sized/42624/masked_species_real_msa.phy.raxml.rba

Parallelization scheme autoconfig: 1 worker(s) x 1 thread(s)

Parallel reduction/worker buffer size: 1 KB  / 0 KB

[00:00:00] Loading user starting tree(s) from: /groups/pupko/alburquerque/RL/Tree_Data/data/All_sized/42624/Temp_start_tree_file_for_raxml_search.txt
[00:00:00] Data distribution: max. partitions/sites/weight per thread: 1 / 755 / 12080
[00:00:00] Data distribution: max. searches per worker: 1

Starting ML tree search with 1 distinct starting trees

[00:00:00 -15951.515529] Initial branch length optimization
[00:00:00 -14215.687741] Model parameter optimization (eps = 10.000000)
[00:00:00 -14215.250880] AUTODETECT spr round 1 (radius: 5)
[00:00:00 -11376.499908] AUTODETECT spr round 2 (radius: 10)
[00:00:00 -11376.499550] SPR radius for FAST iterations: 5 (autodetect)
[00:00:00 -11376.499550] Model parameter optimization (eps = 3.000000)
[00:00:00 -11376.499535] FAST spr round 1 (radius: 5)
[00:00:00 -11169.099869] FAST spr round 2 (radius: 5)
[00:00:00 -11168.112214] FAST spr round 3 (radius: 5)
[00:00:00 -11168.112213] Model parameter optimization (eps = 1.000000)
[00:00:00 -11168.112213] SLOW spr round 1 (radius: 5)
[00:00:01 -11168.112213] SLOW spr round 2 (radius: 10)
[00:00:01 -11168.112213] SLOW spr round 3 (radius: 15)
[00:00:01 -11168.112213] Model parameter optimization (eps = 0.100000)

[00:00:01] ML tree search #1, logLikelihood: -11168.112213


Optimized model parameters:

   Partition 0: noname
   Rate heterogeneity: GAMMA (4 cats, mean),  alpha: 0.755000 (user),  weights&rates: (0.250000,0.085954) (0.250000,0.388365) (0.250000,0.943661) (0.250000,2.582019) 
   P-inv (user): 0.466000
   Base frequencies (user): 0.274407 0.192578 0.224658 0.308357 
   Substitution rates (user): 2.478310 6.210940 3.815370 1.546730 10.056290 1.000000 


Final LogLikelihood: -11168.112213

AIC score: 22390.224426 / AICc score: 22390.669655 / BIC score: 22555.965674
Free parameters (model + branch lengths): 27

Best ML tree saved to: /groups/pupko/alburquerque/RL/Tree_Data/data/All_sized/42624/masked_species_real_msa.phy.raxml.bestTree
Optimized model saved to: /groups/pupko/alburquerque/RL/Tree_Data/data/All_sized/42624/masked_species_real_msa.phy.raxml.bestModel

Execution log saved to: /groups/pupko/alburquerque/RL/Tree_Data/data/All_sized/42624/masked_species_real_msa.phy.raxml.log

Analysis started: 01-Mar-2023 16:16:47 / finished: 01-Mar-2023 16:16:48

Elapsed time: 1.367 seconds

