
RAxML-NG v. 1.1 released on 29.11.2021 by The Exelixis Lab.
Developed by: Alexey M. Kozlov and Alexandros Stamatakis.
Contributors: Diego Darriba, Tomas Flouri, Benoit Morel, Sarah Lutteropp, Ben Bettisworth.
Latest version: https://github.com/amkozlov/raxml-ng
Questions/problems/suggestions? Please visit: https://groups.google.com/forum/#!forum/raxml

System: Intel(R) Xeon(R) CPU E5-2680 v3 @ 2.50GHz, 24 cores, 125 GB RAM

RAxML-NG was called at 21-Dec-2022 19:39:24 as follows:

raxml-ng --msa /groups/pupko/alburquerque/RL/Tree_Data/data/All_sized/44472/masked_species_real_msa.phy --threads 1 --opt-branches on --opt-model --nofiles --tree rand{1} --redo off --model GTR{1.42333/6.08038/1.31552/1.31760/14.17159/1.00000}+I{0.468}+G{0.041}+F{0.24912/0.25562/0.25347/0.24178}

Analysis options:
  run mode: ML tree search
  start tree(s): random (1)
  random seed: 1671644364
  tip-inner: OFF
  pattern compression: ON
  per-rate scalers: OFF
  site repeats: ON
  fast spr radius: AUTO
  spr subtree cutoff: 1.000000
  branch lengths: proportional (ML estimate, algorithm: NR-FAST)
  SIMD kernels: AVX2
  parallelization: coarse-grained (auto), NONE/sequential

WARNING: Running in REDO mode: existing checkpoints are ignored, and all result files will be overwritten!

[00:00:00] Reading alignment from file: /groups/pupko/alburquerque/RL/Tree_Data/data/All_sized/44472/masked_species_real_msa.phy
[00:00:00] Loaded alignment with 15 taxa and 4446 sites

Alignment comprises 1 partitions and 178 patterns

Partition 0: noname
Model: GTR{1.42333/6.08038/1.31552/1.3176/14.1716/1}+FU{0.24912/0.25562/0.25347/0.24178}+IU{0.468}+G4m{0.041}
Alignment sites / patterns: 4446 / 178
Gaps: 15.19 %
Invariant sites: 96.87 %


NOTE: Binary MSA file created: /groups/pupko/alburquerque/RL/Tree_Data/data/All_sized/44472/masked_species_real_msa.phy.raxml.rba

Parallelization scheme autoconfig: 1 worker(s) x 1 thread(s)

Parallel reduction/worker buffer size: 1 KB  / 0 KB

[00:00:00] Generating 1 random starting tree(s) with 15 taxa
[00:00:00] Data distribution: max. partitions/sites/weight per thread: 1 / 178 / 2848
[00:00:00] Data distribution: max. searches per worker: 1

Starting ML tree search with 1 distinct starting trees

[00:00:00 -8709.952655] Initial branch length optimization
[00:00:00 -7457.120544] Model parameter optimization (eps = 10.000000)
[00:00:00 -7456.380752] AUTODETECT spr round 1 (radius: 5)
[00:00:00 -7040.837430] AUTODETECT spr round 2 (radius: 10)
[00:00:00 -7034.034203] AUTODETECT spr round 3 (radius: 15)
[00:00:00 -7034.034198] SPR radius for FAST iterations: 10 (autodetect)
[00:00:00 -7034.034198] Model parameter optimization (eps = 3.000000)
[00:00:00 -7034.034198] FAST spr round 1 (radius: 10)
[00:00:00 -7033.322972] FAST spr round 2 (radius: 10)
[00:00:00 -7033.322972] Model parameter optimization (eps = 1.000000)
[00:00:00 -7033.322972] SLOW spr round 1 (radius: 5)
[00:00:00 -7033.322918] SLOW spr round 2 (radius: 10)
[00:00:00 -7033.322918] SLOW spr round 3 (radius: 15)
[00:00:00 -7033.322918] Model parameter optimization (eps = 0.100000)

[00:00:00] ML tree search #1, logLikelihood: -7033.322918


Optimized model parameters:

   Partition 0: noname
   Rate heterogeneity: GAMMA (4 cats, mean),  alpha: 0.041000 (user),  weights&rates: (0.250000,0.000000) (0.250000,0.000000) (0.250000,0.001500) (0.250000,3.998500) 
   P-inv (user): 0.468000
   Base frequencies (user): 0.249122 0.255623 0.253473 0.241782 
   Substitution rates (user): 1.423330 6.080380 1.315520 1.317600 14.171590 1.000000 


Final LogLikelihood: -7033.322918

AIC score: 14120.645836 / AICc score: 14120.988072 / BIC score: 14293.439358
Free parameters (model + branch lengths): 27

WARNING: Best ML tree contains 6 near-zero branches!

Best ML tree with collapsed near-zero branches saved to: /groups/pupko/alburquerque/RL/Tree_Data/data/All_sized/44472/masked_species_real_msa.phy.raxml.bestTreeCollapsed
Best ML tree saved to: /groups/pupko/alburquerque/RL/Tree_Data/data/All_sized/44472/masked_species_real_msa.phy.raxml.bestTree
Optimized model saved to: /groups/pupko/alburquerque/RL/Tree_Data/data/All_sized/44472/masked_species_real_msa.phy.raxml.bestModel

Execution log saved to: /groups/pupko/alburquerque/RL/Tree_Data/data/All_sized/44472/masked_species_real_msa.phy.raxml.log

Analysis started: 21-Dec-2022 19:39:24 / finished: 21-Dec-2022 19:39:24

Elapsed time: 0.310 seconds

