
RAxML-NG v. 1.1 released on 29.11.2021 by The Exelixis Lab.
Developed by: Alexey M. Kozlov and Alexandros Stamatakis.
Contributors: Diego Darriba, Tomas Flouri, Benoit Morel, Sarah Lutteropp, Ben Bettisworth.
Latest version: https://github.com/amkozlov/raxml-ng
Questions/problems/suggestions? Please visit: https://groups.google.com/forum/#!forum/raxml

System: Intel(R) Xeon(R) CPU E5-2670 v2 @ 2.50GHz, 20 cores, 62 GB RAM

RAxML-NG was called at 25-Dec-2022 18:30:54 as follows:

raxml-ng --msa /groups/pupko/alburquerque/RL/Tree_Data/data/All_sized/30074/masked_species_real_msa.phy --threads 1 --opt-branches on --opt-model --nofiles --tree rand{1} --redo off --model GTR{2.34746/2.81580/0.98808/5.78846/4.52550/1.00000}+I{0.028}+G{1.297}+F{0.46433/0.08073/0.11022/0.34473}

Analysis options:
  run mode: ML tree search
  start tree(s): random (1)
  random seed: 1671985854
  tip-inner: OFF
  pattern compression: ON
  per-rate scalers: OFF
  site repeats: ON
  fast spr radius: AUTO
  spr subtree cutoff: 1.000000
  branch lengths: proportional (ML estimate, algorithm: NR-FAST)
  SIMD kernels: AVX
  parallelization: coarse-grained (auto), NONE/sequential

WARNING: Running in REDO mode: existing checkpoints are ignored, and all result files will be overwritten!

[00:00:00] Reading alignment from file: /groups/pupko/alburquerque/RL/Tree_Data/data/All_sized/30074/masked_species_real_msa.phy
[00:00:00] Loaded alignment with 20 taxa and 1764 sites

Alignment comprises 1 partitions and 1277 patterns

Partition 0: noname
Model: GTR{2.34746/2.8158/0.98808/5.78846/4.5255/1}+FU{0.46433/0.08073/0.11022/0.34473}+IU{0.028}+G4m{1.297}
Alignment sites / patterns: 1764 / 1277
Gaps: 23.66 %
Invariant sites: 19.27 %


NOTE: Binary MSA file created: /groups/pupko/alburquerque/RL/Tree_Data/data/All_sized/30074/masked_species_real_msa.phy.raxml.rba

Parallelization scheme autoconfig: 1 worker(s) x 1 thread(s)

Parallel reduction/worker buffer size: 1 KB  / 0 KB

[00:00:00] Generating 1 random starting tree(s) with 20 taxa
[00:00:00] Data distribution: max. partitions/sites/weight per thread: 1 / 1277 / 20432
[00:00:00] Data distribution: max. searches per worker: 1

Starting ML tree search with 1 distinct starting trees

[00:00:00 -23511.186085] Initial branch length optimization
[00:00:00 -20281.607286] Model parameter optimization (eps = 10.000000)
[00:00:00 -20280.623145] AUTODETECT spr round 1 (radius: 5)
[00:00:00 -16622.497120] AUTODETECT spr round 2 (radius: 10)
[00:00:00 -16538.629107] AUTODETECT spr round 3 (radius: 15)
[00:00:00 -16538.599935] SPR radius for FAST iterations: 10 (autodetect)
[00:00:00 -16538.599935] Model parameter optimization (eps = 3.000000)
[00:00:00 -16538.586312] FAST spr round 1 (radius: 10)
[00:00:01 -16490.117764] FAST spr round 2 (radius: 10)
[00:00:01 -16479.015864] FAST spr round 3 (radius: 10)
[00:00:02 -16479.015609] Model parameter optimization (eps = 1.000000)
[00:00:02 -16479.015608] SLOW spr round 1 (radius: 5)
[00:00:03 -16479.015607] SLOW spr round 2 (radius: 10)
[00:00:04 -16479.015607] SLOW spr round 3 (radius: 15)
[00:00:04 -16479.015607] SLOW spr round 4 (radius: 20)
[00:00:04 -16479.015607] Model parameter optimization (eps = 0.100000)

[00:00:04] ML tree search #1, logLikelihood: -16479.015607


Optimized model parameters:

   Partition 0: noname
   Rate heterogeneity: GAMMA (4 cats, mean),  alpha: 1.297000 (user),  weights&rates: (0.250000,0.192193) (0.250000,0.550866) (0.250000,1.035887) (0.250000,2.221054) 
   P-inv (user): 0.028000
   Base frequencies (user): 0.464325 0.080729 0.110219 0.344727 
   Substitution rates (user): 2.347460 2.815800 0.988080 5.788460 4.525500 1.000000 


Final LogLikelihood: -16479.015607

AIC score: 33032.031215 / AICc score: 33033.660415 / BIC score: 33234.618766
Free parameters (model + branch lengths): 37

Best ML tree saved to: /groups/pupko/alburquerque/RL/Tree_Data/data/All_sized/30074/masked_species_real_msa.phy.raxml.bestTree
Optimized model saved to: /groups/pupko/alburquerque/RL/Tree_Data/data/All_sized/30074/masked_species_real_msa.phy.raxml.bestModel

Execution log saved to: /groups/pupko/alburquerque/RL/Tree_Data/data/All_sized/30074/masked_species_real_msa.phy.raxml.log

Analysis started: 25-Dec-2022 18:30:54 / finished: 25-Dec-2022 18:30:58

Elapsed time: 4.435 seconds

