
RAxML-NG v. 1.1 released on 29.11.2021 by The Exelixis Lab.
Developed by: Alexey M. Kozlov and Alexandros Stamatakis.
Contributors: Diego Darriba, Tomas Flouri, Benoit Morel, Sarah Lutteropp, Ben Bettisworth.
Latest version: https://github.com/amkozlov/raxml-ng
Questions/problems/suggestions? Please visit: https://groups.google.com/forum/#!forum/raxml

System: Intel(R) Xeon(R) CPU E5-2680 v3 @ 2.50GHz, 24 cores, 125 GB RAM

RAxML-NG was called at 21-Dec-2022 19:39:28 as follows:

raxml-ng --msa /groups/pupko/alburquerque/RL/Tree_Data/data/All_sized/Drosophila_00050000014002001/masked_species_real_msa.phy --threads 1 --opt-branches on --opt-model --nofiles --tree rand{1} --redo off --model GTR{0.70632/1.02058/0.81986/0.47616/1.50991/1.00000}+I{0.106}+G{1.711}+F{0.35272/0.26315/0.26665/0.11749}

Analysis options:
  run mode: ML tree search
  start tree(s): random (1)
  random seed: 1671644368
  tip-inner: OFF
  pattern compression: ON
  per-rate scalers: OFF
  site repeats: ON
  fast spr radius: AUTO
  spr subtree cutoff: 1.000000
  branch lengths: proportional (ML estimate, algorithm: NR-FAST)
  SIMD kernels: AVX2
  parallelization: coarse-grained (auto), NONE/sequential

WARNING: Running in REDO mode: existing checkpoints are ignored, and all result files will be overwritten!

[00:00:00] Reading alignment from file: /groups/pupko/alburquerque/RL/Tree_Data/data/All_sized/Drosophila_00050000014002001/masked_species_real_msa.phy
[00:00:00] Loaded alignment with 15 taxa and 423 sites

Alignment comprises 1 partitions and 126 patterns

Partition 0: noname
Model: GTR{0.70632/1.02058/0.81986/0.47616/1.50991/1}+FU{0.35272/0.26315/0.26665/0.11749}+IU{0.106}+G4m{1.711}
Alignment sites / patterns: 423 / 126
Gaps: 7.04 %
Invariant sites: 54.37 %


NOTE: Binary MSA file created: /groups/pupko/alburquerque/RL/Tree_Data/data/All_sized/Drosophila_00050000014002001/masked_species_real_msa.phy.raxml.rba

Parallelization scheme autoconfig: 1 worker(s) x 1 thread(s)

Parallel reduction/worker buffer size: 1 KB  / 0 KB

[00:00:00] Generating 1 random starting tree(s) with 15 taxa
[00:00:00] Data distribution: max. partitions/sites/weight per thread: 1 / 126 / 2016
[00:00:00] Data distribution: max. searches per worker: 1

Starting ML tree search with 1 distinct starting trees

[00:00:00 -2536.790093] Initial branch length optimization
[00:00:00 -1972.778711] Model parameter optimization (eps = 10.000000)
[00:00:00 -1971.647403] AUTODETECT spr round 1 (radius: 5)
[00:00:00 -1599.512486] AUTODETECT spr round 2 (radius: 10)
[00:00:00 -1596.801099] AUTODETECT spr round 3 (radius: 15)
[00:00:00 -1596.801084] SPR radius for FAST iterations: 10 (autodetect)
[00:00:00 -1596.801084] Model parameter optimization (eps = 3.000000)
[00:00:00 -1596.801084] FAST spr round 1 (radius: 10)
[00:00:00 -1560.826549] FAST spr round 2 (radius: 10)
[00:00:00 -1560.569728] FAST spr round 3 (radius: 10)
[00:00:00 -1560.569466] Model parameter optimization (eps = 1.000000)
[00:00:00 -1560.569451] SLOW spr round 1 (radius: 5)
[00:00:00 -1560.569379] SLOW spr round 2 (radius: 10)
[00:00:00 -1560.569378] SLOW spr round 3 (radius: 15)
[00:00:00 -1560.569378] Model parameter optimization (eps = 0.100000)

[00:00:00] ML tree search #1, logLikelihood: -1560.569378


Optimized model parameters:

   Partition 0: noname
   Rate heterogeneity: GAMMA (4 cats, mean),  alpha: 1.711000 (user),  weights&rates: (0.250000,0.256156) (0.250000,0.620284) (0.250000,1.060736) (0.250000,2.062824) 
   P-inv (user): 0.106000
   Base frequencies (user): 0.352716 0.263147 0.266647 0.117489 
   Substitution rates (user): 0.706320 1.020580 0.819860 0.476160 1.509910 1.000000 


Final LogLikelihood: -1560.569378

AIC score: 3175.138756 / AICc score: 3178.966604 / BIC score: 3284.417805
Free parameters (model + branch lengths): 27

WARNING: Best ML tree contains 3 near-zero branches!

Best ML tree with collapsed near-zero branches saved to: /groups/pupko/alburquerque/RL/Tree_Data/data/All_sized/Drosophila_00050000014002001/masked_species_real_msa.phy.raxml.bestTreeCollapsed
Best ML tree saved to: /groups/pupko/alburquerque/RL/Tree_Data/data/All_sized/Drosophila_00050000014002001/masked_species_real_msa.phy.raxml.bestTree
Optimized model saved to: /groups/pupko/alburquerque/RL/Tree_Data/data/All_sized/Drosophila_00050000014002001/masked_species_real_msa.phy.raxml.bestModel

Execution log saved to: /groups/pupko/alburquerque/RL/Tree_Data/data/All_sized/Drosophila_00050000014002001/masked_species_real_msa.phy.raxml.log

Analysis started: 21-Dec-2022 19:39:28 / finished: 21-Dec-2022 19:39:28

Elapsed time: 0.315 seconds

