
RAxML-NG v. 1.1 released on 29.11.2021 by The Exelixis Lab.
Developed by: Alexey M. Kozlov and Alexandros Stamatakis.
Contributors: Diego Darriba, Tomas Flouri, Benoit Morel, Sarah Lutteropp, Ben Bettisworth.
Latest version: https://github.com/amkozlov/raxml-ng
Questions/problems/suggestions? Please visit: https://groups.google.com/forum/#!forum/raxml

System: Intel(R) Xeon(R) CPU E5-2670 v2 @ 2.50GHz, 20 cores, 62 GB RAM

RAxML-NG was called at 27-Feb-2023 22:15:59 as follows:

raxml-ng --msa /groups/pupko/alburquerque/RL/Tree_Data/data/All_sized/724/masked_species_real_msa.phy --threads 1 --model GTR{1.32221/2.28019/0.49943/0.83326/3.26240/1.00000}+I{0.198}+G{0.628}+F{0.28513/0.19021/0.21152/0.31315} --tree /groups/pupko/alburquerque/RL/Tree_Data/data/All_sized/724/Temp_start_tree_file_for_raxml_search.txt --redo

Analysis options:
  run mode: ML tree search
  start tree(s): user
  random seed: 1677528959
  tip-inner: OFF
  pattern compression: ON
  per-rate scalers: OFF
  site repeats: ON
  fast spr radius: AUTO
  spr subtree cutoff: 1.000000
  branch lengths: proportional (ML estimate, algorithm: NR-FAST)
  SIMD kernels: AVX
  parallelization: coarse-grained (auto), NONE/sequential

WARNING: Running in REDO mode: existing checkpoints are ignored, and all result files will be overwritten!

[00:00:00] Reading alignment from file: /groups/pupko/alburquerque/RL/Tree_Data/data/All_sized/724/masked_species_real_msa.phy
[00:00:00] Loaded alignment with 15 taxa and 2845 sites

Alignment comprises 1 partitions and 490 patterns

Partition 0: noname
Model: GTR{1.32221/2.28019/0.49943/0.83326/3.2624/1}+FU{0.28513/0.19021/0.21152/0.31315}+IU{0.198}+G4m{0.628}
Alignment sites / patterns: 2845 / 490
Gaps: 1.31 %
Invariant sites: 73.25 %


NOTE: Binary MSA file created: /groups/pupko/alburquerque/RL/Tree_Data/data/All_sized/724/masked_species_real_msa.phy.raxml.rba

Parallelization scheme autoconfig: 1 worker(s) x 1 thread(s)

Parallel reduction/worker buffer size: 1 KB  / 0 KB

[00:00:00] Loading user starting tree(s) from: /groups/pupko/alburquerque/RL/Tree_Data/data/All_sized/724/Temp_start_tree_file_for_raxml_search.txt
[00:00:00] Data distribution: max. partitions/sites/weight per thread: 1 / 490 / 7840
[00:00:00] Data distribution: max. searches per worker: 1

Starting ML tree search with 1 distinct starting trees

[00:00:00 -14007.515049] Initial branch length optimization
[00:00:00 -12241.093700] Model parameter optimization (eps = 10.000000)
[00:00:00 -12240.942804] AUTODETECT spr round 1 (radius: 5)
[00:00:00 -9953.687704] AUTODETECT spr round 2 (radius: 10)
[00:00:00 -9953.686943] SPR radius for FAST iterations: 5 (autodetect)
[00:00:00 -9953.686943] Model parameter optimization (eps = 3.000000)
[00:00:00 -9953.686912] FAST spr round 1 (radius: 5)
[00:00:00 -9853.866921] FAST spr round 2 (radius: 5)
[00:00:00 -9853.826833] Model parameter optimization (eps = 1.000000)
[00:00:00 -9853.826832] SLOW spr round 1 (radius: 5)
[00:00:00 -9853.826832] SLOW spr round 2 (radius: 10)
[00:00:00 -9853.826832] SLOW spr round 3 (radius: 15)
[00:00:00 -9853.826832] Model parameter optimization (eps = 0.100000)

[00:00:00] ML tree search #1, logLikelihood: -9853.826832


Optimized model parameters:

   Partition 0: noname
   Rate heterogeneity: GAMMA (4 cats, mean),  alpha: 0.628000 (user),  weights&rates: (0.250000,0.058930) (0.250000,0.327483) (0.250000,0.894958) (0.250000,2.718630) 
   P-inv (user): 0.198000
   Base frequencies (user): 0.285127 0.190208 0.211518 0.313147 
   Substitution rates (user): 1.322210 2.280190 0.499430 0.833260 3.262400 1.000000 


Final LogLikelihood: -9853.826832

AIC score: 19761.653664 / AICc score: 19762.190405 / BIC score: 19922.393259
Free parameters (model + branch lengths): 27

WARNING: Best ML tree contains 2 near-zero branches!

Best ML tree with collapsed near-zero branches saved to: /groups/pupko/alburquerque/RL/Tree_Data/data/All_sized/724/masked_species_real_msa.phy.raxml.bestTreeCollapsed
Best ML tree saved to: /groups/pupko/alburquerque/RL/Tree_Data/data/All_sized/724/masked_species_real_msa.phy.raxml.bestTree
Optimized model saved to: /groups/pupko/alburquerque/RL/Tree_Data/data/All_sized/724/masked_species_real_msa.phy.raxml.bestModel

Execution log saved to: /groups/pupko/alburquerque/RL/Tree_Data/data/All_sized/724/masked_species_real_msa.phy.raxml.log

Analysis started: 27-Feb-2023 22:15:59 / finished: 27-Feb-2023 22:16:00

Elapsed time: 0.928 seconds

