
RAxML-NG v. 1.1 released on 29.11.2021 by The Exelixis Lab.
Developed by: Alexey M. Kozlov and Alexandros Stamatakis.
Contributors: Diego Darriba, Tomas Flouri, Benoit Morel, Sarah Lutteropp, Ben Bettisworth.
Latest version: https://github.com/amkozlov/raxml-ng
Questions/problems/suggestions? Please visit: https://groups.google.com/forum/#!forum/raxml

System: Intel(R) Xeon(R) CPU E5-2680 v3 @ 2.50GHz, 24 cores, 125 GB RAM

RAxML-NG was called at 11-Feb-2023 23:53:26 as follows:

raxml-ng --msa /groups/pupko/alburquerque/RL/Tree_Data/data/All_sized/44493/masked_species_real_msa.phy --threads 1 --model GTR{4.11645/8.30574/4.26598/2.16085/20.14465/1.00000}+I{0.435}+G{0.838}+F{0.30177/0.26393/0.25346/0.18085} --tree /groups/pupko/alburquerque/RL/Tree_Data/data/All_sized/44493/Temp_start_tree_file_for_raxml_search.txt --redo

Analysis options:
  run mode: ML tree search
  start tree(s): user
  random seed: 1676152406
  tip-inner: OFF
  pattern compression: ON
  per-rate scalers: OFF
  site repeats: ON
  fast spr radius: AUTO
  spr subtree cutoff: 1.000000
  branch lengths: proportional (ML estimate, algorithm: NR-FAST)
  SIMD kernels: AVX2
  parallelization: coarse-grained (auto), NONE/sequential

WARNING: Running in REDO mode: existing checkpoints are ignored, and all result files will be overwritten!

[00:00:00] Reading alignment from file: /groups/pupko/alburquerque/RL/Tree_Data/data/All_sized/44493/masked_species_real_msa.phy
[00:00:00] Loaded alignment with 20 taxa and 1507 sites

Alignment comprises 1 partitions and 312 patterns

Partition 0: noname
Model: GTR{4.11645/8.30574/4.26598/2.16085/20.1446/1}+FU{0.30177/0.26393/0.25346/0.18085}+IU{0.435}+G4m{0.838}
Alignment sites / patterns: 1507 / 312
Gaps: 10.45 %
Invariant sites: 76.71 %


NOTE: Binary MSA file created: /groups/pupko/alburquerque/RL/Tree_Data/data/All_sized/44493/masked_species_real_msa.phy.raxml.rba

Parallelization scheme autoconfig: 1 worker(s) x 1 thread(s)

Parallel reduction/worker buffer size: 1 KB  / 0 KB

[00:00:00] Loading user starting tree(s) from: /groups/pupko/alburquerque/RL/Tree_Data/data/All_sized/44493/Temp_start_tree_file_for_raxml_search.txt
[00:00:00] Data distribution: max. partitions/sites/weight per thread: 1 / 312 / 4992
[00:00:00] Data distribution: max. searches per worker: 1

Starting ML tree search with 1 distinct starting trees

[00:00:00 -8507.811081] Initial branch length optimization
[00:00:00 -6678.277464] Model parameter optimization (eps = 10.000000)
[00:00:00 -6677.563705] AUTODETECT spr round 1 (radius: 5)
[00:00:00 -4831.747268] AUTODETECT spr round 2 (radius: 10)
[00:00:00 -4831.741627] SPR radius for FAST iterations: 5 (autodetect)
[00:00:00 -4831.741627] Model parameter optimization (eps = 3.000000)
[00:00:00 -4831.740731] FAST spr round 1 (radius: 5)
[00:00:00 -4584.347686] FAST spr round 2 (radius: 5)
[00:00:00 -4584.346220] Model parameter optimization (eps = 1.000000)
[00:00:00 -4584.346208] SLOW spr round 1 (radius: 5)
[00:00:00 -4584.346206] SLOW spr round 2 (radius: 10)
[00:00:00 -4584.346206] SLOW spr round 3 (radius: 15)
[00:00:00 -4584.346206] SLOW spr round 4 (radius: 20)
[00:00:00 -4584.346206] Model parameter optimization (eps = 0.100000)

[00:00:00] ML tree search #1, logLikelihood: -4584.346206


Optimized model parameters:

   Partition 0: noname
   Rate heterogeneity: GAMMA (4 cats, mean),  alpha: 0.838000 (user),  weights&rates: (0.250000,0.103615) (0.250000,0.421995) (0.250000,0.966952) (0.250000,2.507438) 
   P-inv (user): 0.435000
   Base frequencies (user): 0.301767 0.263927 0.253457 0.180848 
   Substitution rates (user): 4.116450 8.305740 4.265980 2.160850 20.144650 1.000000 


Final LogLikelihood: -4584.346206

AIC score: 9242.692413 / AICc score: 9244.606640 / BIC score: 9439.453832
Free parameters (model + branch lengths): 37

WARNING: Best ML tree contains 2 near-zero branches!

Best ML tree with collapsed near-zero branches saved to: /groups/pupko/alburquerque/RL/Tree_Data/data/All_sized/44493/masked_species_real_msa.phy.raxml.bestTreeCollapsed
Best ML tree saved to: /groups/pupko/alburquerque/RL/Tree_Data/data/All_sized/44493/masked_species_real_msa.phy.raxml.bestTree
Optimized model saved to: /groups/pupko/alburquerque/RL/Tree_Data/data/All_sized/44493/masked_species_real_msa.phy.raxml.bestModel

Execution log saved to: /groups/pupko/alburquerque/RL/Tree_Data/data/All_sized/44493/masked_species_real_msa.phy.raxml.log

Analysis started: 11-Feb-2023 23:53:26 / finished: 11-Feb-2023 23:53:27

Elapsed time: 0.607 seconds

