
RAxML-NG v. 1.1 released on 29.11.2021 by The Exelixis Lab.
Developed by: Alexey M. Kozlov and Alexandros Stamatakis.
Contributors: Diego Darriba, Tomas Flouri, Benoit Morel, Sarah Lutteropp, Ben Bettisworth.
Latest version: https://github.com/amkozlov/raxml-ng
Questions/problems/suggestions? Please visit: https://groups.google.com/forum/#!forum/raxml

System: Intel(R) Xeon(R) CPU E5-2670 v2 @ 2.50GHz, 20 cores, 62 GB RAM

RAxML-NG was called at 04-Feb-2023 12:37:26 as follows:

raxml-ng --msa /groups/pupko/alburquerque/RL/Tree_Data/data/All_sized/balibase_RV62_sh3_1_ref6/masked_species_real_msa.phy --threads 1 --model GTR{4.17597/5.67166/2.79061/5.32764/9.35601/1.00000}+I{0.029}+G{0.977}+F{0.29692/0.22761/0.25770/0.21777} --tree /groups/pupko/alburquerque/RL/Tree_Data/data/All_sized/balibase_RV62_sh3_1_ref6/Temp_start_tree_file_for_raxml_search.txt --redo

Analysis options:
  run mode: ML tree search
  start tree(s): user
  random seed: 1675507046
  tip-inner: OFF
  pattern compression: ON
  per-rate scalers: OFF
  site repeats: ON
  fast spr radius: AUTO
  spr subtree cutoff: 1.000000
  branch lengths: proportional (ML estimate, algorithm: NR-FAST)
  SIMD kernels: AVX
  parallelization: coarse-grained (auto), NONE/sequential

WARNING: Running in REDO mode: existing checkpoints are ignored, and all result files will be overwritten!

[00:00:00] Reading alignment from file: /groups/pupko/alburquerque/RL/Tree_Data/data/All_sized/balibase_RV62_sh3_1_ref6/masked_species_real_msa.phy
[00:00:00] Loaded alignment with 12 taxa and 2076 sites

Alignment comprises 1 partitions and 569 patterns

Partition 0: noname
Model: GTR{4.17597/5.67166/2.79061/5.32764/9.35601/1}+FU{0.29692/0.22761/0.2577/0.21777}+IU{0.029}+G4m{0.977}
Alignment sites / patterns: 2076 / 569
Gaps: 75.75 %
Invariant sites: 60.16 %


NOTE: Binary MSA file created: /groups/pupko/alburquerque/RL/Tree_Data/data/All_sized/balibase_RV62_sh3_1_ref6/masked_species_real_msa.phy.raxml.rba

Parallelization scheme autoconfig: 1 worker(s) x 1 thread(s)

Parallel reduction/worker buffer size: 1 KB  / 0 KB

[00:00:00] Loading user starting tree(s) from: /groups/pupko/alburquerque/RL/Tree_Data/data/All_sized/balibase_RV62_sh3_1_ref6/Temp_start_tree_file_for_raxml_search.txt
[00:00:00] Data distribution: max. partitions/sites/weight per thread: 1 / 569 / 9104
[00:00:00] Data distribution: max. searches per worker: 1

Starting ML tree search with 1 distinct starting trees

[00:00:00 -9091.639789] Initial branch length optimization
[00:00:00 -7964.977546] Model parameter optimization (eps = 10.000000)
[00:00:00 -7964.975834] AUTODETECT spr round 1 (radius: 5)
[00:00:00 -7907.617981] AUTODETECT spr round 2 (radius: 10)
[00:00:00 -7907.594786] SPR radius for FAST iterations: 5 (autodetect)
[00:00:00 -7907.594786] Model parameter optimization (eps = 3.000000)
[00:00:00 -7907.585490] FAST spr round 1 (radius: 5)
[00:00:00 -7905.016337] FAST spr round 2 (radius: 5)
[00:00:00 -7905.015616] Model parameter optimization (eps = 1.000000)
[00:00:00 -7905.015585] SLOW spr round 1 (radius: 5)
[00:00:00 -7905.015570] SLOW spr round 2 (radius: 10)
[00:00:00 -7905.015568] Model parameter optimization (eps = 0.100000)

[00:00:00] ML tree search #1, logLikelihood: -7905.015567


Optimized model parameters:

   Partition 0: noname
   Rate heterogeneity: GAMMA (4 cats, mean),  alpha: 0.977000 (user),  weights&rates: (0.250000,0.132342) (0.250000,0.469728) (0.250000,0.996082) (0.250000,2.401848) 
   P-inv (user): 0.029000
   Base frequencies (user): 0.296920 0.227610 0.257700 0.217770 
   Substitution rates (user): 4.175970 5.671660 2.790610 5.327640 9.356010 1.000000 


Final LogLikelihood: -7905.015567

AIC score: 15852.031134 / AICc score: 15852.480988 / BIC score: 15970.433298
Free parameters (model + branch lengths): 21

Best ML tree saved to: /groups/pupko/alburquerque/RL/Tree_Data/data/All_sized/balibase_RV62_sh3_1_ref6/masked_species_real_msa.phy.raxml.bestTree
Optimized model saved to: /groups/pupko/alburquerque/RL/Tree_Data/data/All_sized/balibase_RV62_sh3_1_ref6/masked_species_real_msa.phy.raxml.bestModel

Execution log saved to: /groups/pupko/alburquerque/RL/Tree_Data/data/All_sized/balibase_RV62_sh3_1_ref6/masked_species_real_msa.phy.raxml.log

Analysis started: 04-Feb-2023 12:37:26 / finished: 04-Feb-2023 12:37:27

Elapsed time: 0.916 seconds

