
RAxML-NG v. 1.1 released on 29.11.2021 by The Exelixis Lab.
Developed by: Alexey M. Kozlov and Alexandros Stamatakis.
Contributors: Diego Darriba, Tomas Flouri, Benoit Morel, Sarah Lutteropp, Ben Bettisworth.
Latest version: https://github.com/amkozlov/raxml-ng
Questions/problems/suggestions? Please visit: https://groups.google.com/forum/#!forum/raxml

System: Intel(R) Xeon(R) CPU E5-2670 v2 @ 2.50GHz, 20 cores, 62 GB RAM

RAxML-NG was called at 01-Mar-2023 20:31:36 as follows:

raxml-ng --msa /groups/pupko/alburquerque/RL/Tree_Data/data/All_sized/3721/masked_species_real_msa.phy --threads 1 --model GTR{1.27900/2.34840/0.57171/0.71089/3.07827/1.00000}+I{0.156}+G{0.796}+F{0.28055/0.19622/0.20964/0.31358} --tree /groups/pupko/alburquerque/RL/Tree_Data/data/All_sized/3721/Temp_start_tree_file_for_raxml_search.txt --redo

Analysis options:
  run mode: ML tree search
  start tree(s): user
  random seed: 1677695496
  tip-inner: OFF
  pattern compression: ON
  per-rate scalers: OFF
  site repeats: ON
  fast spr radius: AUTO
  spr subtree cutoff: 1.000000
  branch lengths: proportional (ML estimate, algorithm: NR-FAST)
  SIMD kernels: AVX
  parallelization: coarse-grained (auto), NONE/sequential

WARNING: Running in REDO mode: existing checkpoints are ignored, and all result files will be overwritten!

[00:00:00] Reading alignment from file: /groups/pupko/alburquerque/RL/Tree_Data/data/All_sized/3721/masked_species_real_msa.phy
[00:00:00] Loaded alignment with 12 taxa and 3011 sites

Alignment comprises 1 partitions and 284 patterns

Partition 0: noname
Model: GTR{1.279/2.3484/0.57171/0.71089/3.07827/1}+FU{0.28055/0.19622/0.20964/0.31358}+IU{0.156}+G4m{0.796}
Alignment sites / patterns: 3011 / 284
Gaps: 0.42 %
Invariant sites: 72.97 %


NOTE: Binary MSA file created: /groups/pupko/alburquerque/RL/Tree_Data/data/All_sized/3721/masked_species_real_msa.phy.raxml.rba

Parallelization scheme autoconfig: 1 worker(s) x 1 thread(s)

Parallel reduction/worker buffer size: 1 KB  / 0 KB

[00:00:00] Loading user starting tree(s) from: /groups/pupko/alburquerque/RL/Tree_Data/data/All_sized/3721/Temp_start_tree_file_for_raxml_search.txt
[00:00:00] Data distribution: max. partitions/sites/weight per thread: 1 / 284 / 4544
[00:00:00] Data distribution: max. searches per worker: 1

Starting ML tree search with 1 distinct starting trees

[00:00:00 -12641.596639] Initial branch length optimization
[00:00:00 -10163.899284] Model parameter optimization (eps = 10.000000)
[00:00:00 -10163.350832] AUTODETECT spr round 1 (radius: 5)
[00:00:00 -9185.752884] AUTODETECT spr round 2 (radius: 10)
[00:00:00 -9185.752620] SPR radius for FAST iterations: 5 (autodetect)
[00:00:00 -9185.752620] Model parameter optimization (eps = 3.000000)
[00:00:00 -9185.752618] FAST spr round 1 (radius: 5)
[00:00:00 -9139.307745] FAST spr round 2 (radius: 5)
[00:00:00 -9139.307745] Model parameter optimization (eps = 1.000000)
[00:00:00 -9139.307745] SLOW spr round 1 (radius: 5)
[00:00:00 -9139.307745] SLOW spr round 2 (radius: 10)
[00:00:00 -9139.307745] Model parameter optimization (eps = 0.100000)

[00:00:00] ML tree search #1, logLikelihood: -9139.307745


Optimized model parameters:

   Partition 0: noname
   Rate heterogeneity: GAMMA (4 cats, mean),  alpha: 0.796000 (user),  weights&rates: (0.250000,0.094707) (0.250000,0.405519) (0.250000,0.955840) (0.250000,2.543934) 
   P-inv (user): 0.156000
   Base frequencies (user): 0.280553 0.196222 0.209642 0.313583 
   Substitution rates (user): 1.279000 2.348400 0.571710 0.710890 3.078270 1.000000 


Final LogLikelihood: -9139.307745

AIC score: 18320.615490 / AICc score: 18320.924624 / BIC score: 18446.826068
Free parameters (model + branch lengths): 21

Best ML tree saved to: /groups/pupko/alburquerque/RL/Tree_Data/data/All_sized/3721/masked_species_real_msa.phy.raxml.bestTree
Optimized model saved to: /groups/pupko/alburquerque/RL/Tree_Data/data/All_sized/3721/masked_species_real_msa.phy.raxml.bestModel

Execution log saved to: /groups/pupko/alburquerque/RL/Tree_Data/data/All_sized/3721/masked_species_real_msa.phy.raxml.log

Analysis started: 01-Mar-2023 20:31:36 / finished: 01-Mar-2023 20:31:37

Elapsed time: 0.382 seconds

