
RAxML-NG v. 1.1 released on 29.11.2021 by The Exelixis Lab.
Developed by: Alexey M. Kozlov and Alexandros Stamatakis.
Contributors: Diego Darriba, Tomas Flouri, Benoit Morel, Sarah Lutteropp, Ben Bettisworth.
Latest version: https://github.com/amkozlov/raxml-ng
Questions/problems/suggestions? Please visit: https://groups.google.com/forum/#!forum/raxml

System: Intel(R) Xeon(R) CPU E5-2670 v2 @ 2.50GHz, 20 cores, 62 GB RAM

RAxML-NG was called at 01-Mar-2023 20:45:31 as follows:

raxml-ng --msa /groups/pupko/alburquerque/RL/Tree_Data/data/All_sized/1579/masked_species_real_msa.phy --threads 1 --model GTR{0.66697/1.22264/0.46141/0.12511/3.63763/1.00000}+I{0.462}+G{17.806}+F{0.22935/0.31688/0.30000/0.15377} --tree /groups/pupko/alburquerque/RL/Tree_Data/data/All_sized/1579/Temp_start_tree_file_for_raxml_search.txt --redo

Analysis options:
  run mode: ML tree search
  start tree(s): user
  random seed: 1677696331
  tip-inner: OFF
  pattern compression: ON
  per-rate scalers: OFF
  site repeats: ON
  fast spr radius: AUTO
  spr subtree cutoff: 1.000000
  branch lengths: proportional (ML estimate, algorithm: NR-FAST)
  SIMD kernels: AVX
  parallelization: coarse-grained (auto), NONE/sequential

WARNING: Running in REDO mode: existing checkpoints are ignored, and all result files will be overwritten!

[00:00:00] Reading alignment from file: /groups/pupko/alburquerque/RL/Tree_Data/data/All_sized/1579/masked_species_real_msa.phy
[00:00:00] Loaded alignment with 12 taxa and 309 sites

WARNING: Sequences Sp005 and Sp006 are exactly identical!
WARNING: Sequences Sp007 and Sp008 are exactly identical!
WARNING: Sequences Sp007 and Sp009 are exactly identical!
WARNING: Duplicate sequences found: 3

NOTE: Reduced alignment (with duplicates and gap-only sites/taxa removed) 
NOTE: was saved to: /groups/pupko/alburquerque/RL/Tree_Data/data/All_sized/1579/masked_species_real_msa.phy.raxml.reduced.phy

Alignment comprises 1 partitions and 122 patterns

Partition 0: noname
Model: GTR{0.66697/1.22264/0.46141/0.12511/3.63763/1}+FU{0.22935/0.31688/0.3/0.15377}+IU{0.462}+G4m{17.806}
Alignment sites / patterns: 309 / 122
Gaps: 0.00 %
Invariant sites: 51.78 %


NOTE: Binary MSA file created: /groups/pupko/alburquerque/RL/Tree_Data/data/All_sized/1579/masked_species_real_msa.phy.raxml.rba

Parallelization scheme autoconfig: 1 worker(s) x 1 thread(s)

Parallel reduction/worker buffer size: 1 KB  / 0 KB

[00:00:00] Loading user starting tree(s) from: /groups/pupko/alburquerque/RL/Tree_Data/data/All_sized/1579/Temp_start_tree_file_for_raxml_search.txt
[00:00:00] Data distribution: max. partitions/sites/weight per thread: 1 / 122 / 1952
[00:00:00] Data distribution: max. searches per worker: 1

Starting ML tree search with 1 distinct starting trees

[00:00:00 -2041.534463] Initial branch length optimization
[00:00:00 -1636.047740] Model parameter optimization (eps = 10.000000)
[00:00:00 -1635.719276] AUTODETECT spr round 1 (radius: 5)
[00:00:00 -1560.617082] AUTODETECT spr round 2 (radius: 10)
[00:00:00 -1560.615641] SPR radius for FAST iterations: 5 (autodetect)
[00:00:00 -1560.615641] Model parameter optimization (eps = 3.000000)
[00:00:00 -1560.615460] FAST spr round 1 (radius: 5)
[00:00:00 -1558.745085] FAST spr round 2 (radius: 5)
[00:00:00 -1558.744915] Model parameter optimization (eps = 1.000000)
[00:00:00 -1558.744914] SLOW spr round 1 (radius: 5)
[00:00:00 -1558.087271] SLOW spr round 2 (radius: 5)
[00:00:00 -1558.087135] SLOW spr round 3 (radius: 10)
[00:00:00 -1558.087135] Model parameter optimization (eps = 0.100000)

[00:00:00] ML tree search #1, logLikelihood: -1558.087135


Optimized model parameters:

   Partition 0: noname
   Rate heterogeneity: GAMMA (4 cats, mean),  alpha: 17.806000 (user),  weights&rates: (0.250000,0.716889) (0.250000,0.907886) (0.250000,1.060133) (0.250000,1.315092) 
   P-inv (user): 0.462000
   Base frequencies (user): 0.229350 0.316880 0.300000 0.153770 
   Substitution rates (user): 0.666970 1.222640 0.461410 0.125110 3.637630 1.000000 


Final LogLikelihood: -1558.087135

AIC score: 3158.174270 / AICc score: 3161.393782 / BIC score: 3236.574437
Free parameters (model + branch lengths): 21

WARNING: Best ML tree contains 1 near-zero branches!

Best ML tree with collapsed near-zero branches saved to: /groups/pupko/alburquerque/RL/Tree_Data/data/All_sized/1579/masked_species_real_msa.phy.raxml.bestTreeCollapsed
Best ML tree saved to: /groups/pupko/alburquerque/RL/Tree_Data/data/All_sized/1579/masked_species_real_msa.phy.raxml.bestTree
Optimized model saved to: /groups/pupko/alburquerque/RL/Tree_Data/data/All_sized/1579/masked_species_real_msa.phy.raxml.bestModel

Execution log saved to: /groups/pupko/alburquerque/RL/Tree_Data/data/All_sized/1579/masked_species_real_msa.phy.raxml.log

Analysis started: 01-Mar-2023 20:45:31 / finished: 01-Mar-2023 20:45:31

Elapsed time: 0.215 seconds

