
RAxML-NG v. 1.1 released on 29.11.2021 by The Exelixis Lab.
Developed by: Alexey M. Kozlov and Alexandros Stamatakis.
Contributors: Diego Darriba, Tomas Flouri, Benoit Morel, Sarah Lutteropp, Ben Bettisworth.
Latest version: https://github.com/amkozlov/raxml-ng
Questions/problems/suggestions? Please visit: https://groups.google.com/forum/#!forum/raxml

System: Intel(R) Xeon(R) CPU E5-2670 v2 @ 2.50GHz, 20 cores, 62 GB RAM

RAxML-NG was called at 25-Dec-2022 18:30:32 as follows:

raxml-ng --msa /groups/pupko/alburquerque/RL/Tree_Data/data/All_sized/2325/masked_species_real_msa.phy --threads 1 --opt-branches on --opt-model --nofiles --tree rand{1} --redo off --model GTR{1.00266/2.36655/1.18665/1.04702/2.42037/1.00000}+I{0.332}+G{1.884}+F{0.23327/0.26506/0.21979/0.28188}

Analysis options:
  run mode: ML tree search
  start tree(s): random (1)
  random seed: 1671985832
  tip-inner: OFF
  pattern compression: ON
  per-rate scalers: OFF
  site repeats: ON
  fast spr radius: AUTO
  spr subtree cutoff: 1.000000
  branch lengths: proportional (ML estimate, algorithm: NR-FAST)
  SIMD kernels: AVX
  parallelization: coarse-grained (auto), NONE/sequential

WARNING: Running in REDO mode: existing checkpoints are ignored, and all result files will be overwritten!

[00:00:00] Reading alignment from file: /groups/pupko/alburquerque/RL/Tree_Data/data/All_sized/2325/masked_species_real_msa.phy
[00:00:00] Loaded alignment with 20 taxa and 620 sites

Alignment comprises 1 partitions and 387 patterns

Partition 0: noname
Model: GTR{1.00266/2.36655/1.18665/1.04702/2.42037/1}+FU{0.23327/0.26506/0.21979/0.28188}+IU{0.332}+G4m{1.884}
Alignment sites / patterns: 620 / 387
Gaps: 16.04 %
Invariant sites: 41.94 %


NOTE: Binary MSA file created: /groups/pupko/alburquerque/RL/Tree_Data/data/All_sized/2325/masked_species_real_msa.phy.raxml.rba

Parallelization scheme autoconfig: 1 worker(s) x 1 thread(s)

Parallel reduction/worker buffer size: 1 KB  / 0 KB

[00:00:00] Generating 1 random starting tree(s) with 20 taxa
[00:00:00] Data distribution: max. partitions/sites/weight per thread: 1 / 387 / 6192
[00:00:00] Data distribution: max. searches per worker: 1

Starting ML tree search with 1 distinct starting trees

[00:00:00 -6625.121154] Initial branch length optimization
[00:00:00 -5955.039181] Model parameter optimization (eps = 10.000000)
[00:00:00 -5954.125523] AUTODETECT spr round 1 (radius: 5)
[00:00:00 -5242.473168] AUTODETECT spr round 2 (radius: 10)
[00:00:00 -5242.472058] SPR radius for FAST iterations: 5 (autodetect)
[00:00:00 -5242.472058] Model parameter optimization (eps = 3.000000)
[00:00:00 -5242.471973] FAST spr round 1 (radius: 5)
[00:00:00 -5232.089110] FAST spr round 2 (radius: 5)
[00:00:00 -5230.507474] FAST spr round 3 (radius: 5)
[00:00:00 -5230.507443] Model parameter optimization (eps = 1.000000)
[00:00:00 -5230.507443] SLOW spr round 1 (radius: 5)
[00:00:00 -5230.507443] SLOW spr round 2 (radius: 10)
[00:00:01 -5230.507443] SLOW spr round 3 (radius: 15)
[00:00:01 -5230.507443] SLOW spr round 4 (radius: 20)
[00:00:01 -5230.507443] Model parameter optimization (eps = 0.100000)

[00:00:01] ML tree search #1, logLikelihood: -5230.507443


Optimized model parameters:

   Partition 0: noname
   Rate heterogeneity: GAMMA (4 cats, mean),  alpha: 1.884000 (user),  weights&rates: (0.250000,0.279023) (0.250000,0.642083) (0.250000,1.066796) (0.250000,2.012098) 
   P-inv (user): 0.332000
   Base frequencies (user): 0.233270 0.265060 0.219790 0.281880 
   Substitution rates (user): 1.002660 2.366550 1.186650 1.047020 2.420370 1.000000 


Final LogLikelihood: -5230.507443

AIC score: 10535.014886 / AICc score: 10539.846501 / BIC score: 10698.914507
Free parameters (model + branch lengths): 37

Best ML tree saved to: /groups/pupko/alburquerque/RL/Tree_Data/data/All_sized/2325/masked_species_real_msa.phy.raxml.bestTree
Optimized model saved to: /groups/pupko/alburquerque/RL/Tree_Data/data/All_sized/2325/masked_species_real_msa.phy.raxml.bestModel

Execution log saved to: /groups/pupko/alburquerque/RL/Tree_Data/data/All_sized/2325/masked_species_real_msa.phy.raxml.log

Analysis started: 25-Dec-2022 18:30:32 / finished: 25-Dec-2022 18:30:33

Elapsed time: 1.221 seconds

