
RAxML-NG v. 1.1 released on 29.11.2021 by The Exelixis Lab.
Developed by: Alexey M. Kozlov and Alexandros Stamatakis.
Contributors: Diego Darriba, Tomas Flouri, Benoit Morel, Sarah Lutteropp, Ben Bettisworth.
Latest version: https://github.com/amkozlov/raxml-ng
Questions/problems/suggestions? Please visit: https://groups.google.com/forum/#!forum/raxml

System: Intel(R) Xeon(R) CPU E5-2670 v2 @ 2.50GHz, 20 cores, 62 GB RAM

RAxML-NG was called at 28-Feb-2023 11:12:25 as follows:

raxml-ng --msa /groups/pupko/alburquerque/RL/Tree_Data/data/All_sized/3356/masked_species_real_msa.phy --threads 1 --model GTR{1.92614/2.68654/1.17786/1.45837/3.99271/1.00000}+I{0.283}+G{99.833}+F{0.25754/0.27024/0.20278/0.26945} --tree /groups/pupko/alburquerque/RL/Tree_Data/data/All_sized/3356/Temp_start_tree_file_for_raxml_search.txt --redo

Analysis options:
  run mode: ML tree search
  start tree(s): user
  random seed: 1677575545
  tip-inner: OFF
  pattern compression: ON
  per-rate scalers: OFF
  site repeats: ON
  fast spr radius: AUTO
  spr subtree cutoff: 1.000000
  branch lengths: proportional (ML estimate, algorithm: NR-FAST)
  SIMD kernels: AVX
  parallelization: coarse-grained (auto), NONE/sequential

WARNING: Running in REDO mode: existing checkpoints are ignored, and all result files will be overwritten!

[00:00:00] Reading alignment from file: /groups/pupko/alburquerque/RL/Tree_Data/data/All_sized/3356/masked_species_real_msa.phy
[00:00:00] Loaded alignment with 7 taxa and 1431 sites

Alignment comprises 1 partitions and 54 patterns

Partition 0: noname
Model: GTR{1.92614/2.68654/1.17786/1.45837/3.99271/1}+FU{0.25754/0.27024/0.20278/0.26945}+IU{0.283}+G4m{99.833}
Alignment sites / patterns: 1431 / 54
Gaps: 4.82 %
Invariant sites: 77.92 %


NOTE: Binary MSA file created: /groups/pupko/alburquerque/RL/Tree_Data/data/All_sized/3356/masked_species_real_msa.phy.raxml.rba

Parallelization scheme autoconfig: 1 worker(s) x 1 thread(s)

Parallel reduction/worker buffer size: 1 KB  / 0 KB

[00:00:00] Loading user starting tree(s) from: /groups/pupko/alburquerque/RL/Tree_Data/data/All_sized/3356/Temp_start_tree_file_for_raxml_search.txt
[00:00:00] Data distribution: max. partitions/sites/weight per thread: 1 / 54 / 864
[00:00:00] Data distribution: max. searches per worker: 1

Starting ML tree search with 1 distinct starting trees

[00:00:00 -4323.330939] Initial branch length optimization
[00:00:00 -3191.262413] Model parameter optimization (eps = 10.000000)
[00:00:00 -3191.260928] AUTODETECT spr round 1 (radius: 5)
[00:00:00 -3169.291040] SPR radius for FAST iterations: 5 (autodetect)
[00:00:00 -3169.291040] Model parameter optimization (eps = 3.000000)
[00:00:00 -3169.291040] FAST spr round 1 (radius: 5)
[00:00:00 -3169.291040] Model parameter optimization (eps = 1.000000)
[00:00:00 -3169.291040] SLOW spr round 1 (radius: 5)
[00:00:00 -3169.291040] Model parameter optimization (eps = 0.100000)

[00:00:00] ML tree search #1, logLikelihood: -3169.291040


Optimized model parameters:

   Partition 0: noname
   Rate heterogeneity: GAMMA (4 cats, mean),  alpha: 99.833000 (user),  weights&rates: (0.250000,0.875805) (0.250000,0.964707) (0.250000,1.029571) (0.250000,1.129917) 
   P-inv (user): 0.283000
   Base frequencies (user): 0.257537 0.270237 0.202778 0.269447 
   Substitution rates (user): 1.926140 2.686540 1.177860 1.458370 3.992710 1.000000 


Final LogLikelihood: -3169.291040

AIC score: 6360.582079 / AICc score: 6360.768126 / BIC score: 6418.509496
Free parameters (model + branch lengths): 11

WARNING: Best ML tree contains 1 near-zero branches!

Best ML tree with collapsed near-zero branches saved to: /groups/pupko/alburquerque/RL/Tree_Data/data/All_sized/3356/masked_species_real_msa.phy.raxml.bestTreeCollapsed
Best ML tree saved to: /groups/pupko/alburquerque/RL/Tree_Data/data/All_sized/3356/masked_species_real_msa.phy.raxml.bestTree
Optimized model saved to: /groups/pupko/alburquerque/RL/Tree_Data/data/All_sized/3356/masked_species_real_msa.phy.raxml.bestModel

Execution log saved to: /groups/pupko/alburquerque/RL/Tree_Data/data/All_sized/3356/masked_species_real_msa.phy.raxml.log

Analysis started: 28-Feb-2023 11:12:25 / finished: 28-Feb-2023 11:12:26

Elapsed time: 0.071 seconds

