
RAxML-NG v. 1.1 released on 29.11.2021 by The Exelixis Lab.
Developed by: Alexey M. Kozlov and Alexandros Stamatakis.
Contributors: Diego Darriba, Tomas Flouri, Benoit Morel, Sarah Lutteropp, Ben Bettisworth.
Latest version: https://github.com/amkozlov/raxml-ng
Questions/problems/suggestions? Please visit: https://groups.google.com/forum/#!forum/raxml

System: Intel(R) Xeon(R) CPU E5-2680 v3 @ 2.50GHz, 24 cores, 125 GB RAM

RAxML-NG was called at 21-Dec-2022 19:39:18 as follows:

raxml-ng --msa /groups/pupko/alburquerque/RL/Tree_Data/data/All_sized/722/masked_species_real_msa.phy --threads 1 --opt-branches on --opt-model --nofiles --tree rand{1} --redo off --model GTR{1.17346/2.53337/0.90314/0.72355/4.12747/1.00000}+I{0.422}+G{0.844}+F{0.26194/0.19883/0.24916/0.29006}

Analysis options:
  run mode: ML tree search
  start tree(s): random (1)
  random seed: 1671644358
  tip-inner: OFF
  pattern compression: ON
  per-rate scalers: OFF
  site repeats: ON
  fast spr radius: AUTO
  spr subtree cutoff: 1.000000
  branch lengths: proportional (ML estimate, algorithm: NR-FAST)
  SIMD kernels: AVX2
  parallelization: coarse-grained (auto), NONE/sequential

WARNING: Running in REDO mode: existing checkpoints are ignored, and all result files will be overwritten!

[00:00:00] Reading alignment from file: /groups/pupko/alburquerque/RL/Tree_Data/data/All_sized/722/masked_species_real_msa.phy
[00:00:00] Loaded alignment with 15 taxa and 1324 sites

WARNING: Sequences Sp006 and Sp008 are exactly identical!
WARNING: Sequences Sp006 and Sp009 are exactly identical!
WARNING: Duplicate sequences found: 2

NOTE: Reduced alignment (with duplicates and gap-only sites/taxa removed) 
NOTE: was saved to: /groups/pupko/alburquerque/RL/Tree_Data/data/All_sized/722/masked_species_real_msa.phy.raxml.reduced.phy

Alignment comprises 1 partitions and 178 patterns

Partition 0: noname
Model: GTR{1.17346/2.53337/0.90314/0.72355/4.12747/1}+FU{0.26194/0.19883/0.24916/0.29006}+IU{0.422}+G4m{0.844}
Alignment sites / patterns: 1324 / 178
Gaps: 0.39 %
Invariant sites: 80.44 %


NOTE: Binary MSA file created: /groups/pupko/alburquerque/RL/Tree_Data/data/All_sized/722/masked_species_real_msa.phy.raxml.rba

Parallelization scheme autoconfig: 1 worker(s) x 1 thread(s)

Parallel reduction/worker buffer size: 1 KB  / 0 KB

[00:00:00] Generating 1 random starting tree(s) with 15 taxa
[00:00:00] Data distribution: max. partitions/sites/weight per thread: 1 / 178 / 2848
[00:00:00] Data distribution: max. searches per worker: 1

Starting ML tree search with 1 distinct starting trees

[00:00:00 -5213.164832] Initial branch length optimization
[00:00:00 -4491.677469] Model parameter optimization (eps = 10.000000)
[00:00:00 -4491.501448] AUTODETECT spr round 1 (radius: 5)
[00:00:00 -3861.355181] AUTODETECT spr round 2 (radius: 10)
[00:00:00 -3861.355130] SPR radius for FAST iterations: 5 (autodetect)
[00:00:00 -3861.355130] Model parameter optimization (eps = 3.000000)
[00:00:00 -3861.355129] FAST spr round 1 (radius: 5)
[00:00:00 -3848.083872] FAST spr round 2 (radius: 5)
[00:00:00 -3848.083845] Model parameter optimization (eps = 1.000000)
[00:00:00 -3848.083845] SLOW spr round 1 (radius: 5)
[00:00:00 -3848.083838] SLOW spr round 2 (radius: 10)
[00:00:00 -3848.083838] SLOW spr round 3 (radius: 15)
[00:00:00 -3848.083838] Model parameter optimization (eps = 0.100000)

[00:00:00] ML tree search #1, logLikelihood: -3848.083838


Optimized model parameters:

   Partition 0: noname
   Rate heterogeneity: GAMMA (4 cats, mean),  alpha: 0.844000 (user),  weights&rates: (0.250000,0.104881) (0.250000,0.424263) (0.250000,0.968439) (0.250000,2.502417) 
   P-inv (user): 0.422000
   Base frequencies (user): 0.261943 0.198832 0.249162 0.290063 
   Substitution rates (user): 1.173460 2.533370 0.903140 0.723550 4.127470 1.000000 


Final LogLikelihood: -3848.083838

AIC score: 7750.167677 / AICc score: 7751.334343 / BIC score: 7890.254820
Free parameters (model + branch lengths): 27

WARNING: Best ML tree contains 3 near-zero branches!

Best ML tree with collapsed near-zero branches saved to: /groups/pupko/alburquerque/RL/Tree_Data/data/All_sized/722/masked_species_real_msa.phy.raxml.bestTreeCollapsed
Best ML tree saved to: /groups/pupko/alburquerque/RL/Tree_Data/data/All_sized/722/masked_species_real_msa.phy.raxml.bestTree
Optimized model saved to: /groups/pupko/alburquerque/RL/Tree_Data/data/All_sized/722/masked_species_real_msa.phy.raxml.bestModel

Execution log saved to: /groups/pupko/alburquerque/RL/Tree_Data/data/All_sized/722/masked_species_real_msa.phy.raxml.log

Analysis started: 21-Dec-2022 19:39:18 / finished: 21-Dec-2022 19:39:18

Elapsed time: 0.277 seconds

