
RAxML-NG v. 1.1 released on 29.11.2021 by The Exelixis Lab.
Developed by: Alexey M. Kozlov and Alexandros Stamatakis.
Contributors: Diego Darriba, Tomas Flouri, Benoit Morel, Sarah Lutteropp, Ben Bettisworth.
Latest version: https://github.com/amkozlov/raxml-ng
Questions/problems/suggestions? Please visit: https://groups.google.com/forum/#!forum/raxml

System: AMD Opteron(tm) Processor 6128, 16 cores, 117 GB RAM

RAxML-NG was called at 30-Nov-2022 16:46:58 as follows:

raxml-ng --msa /groups/pupko/alburquerque/RL/Tree_Data/data/All_sized/3375/masked_species_real_msa.phy --threads 1 --opt-branches on --opt-model --nofiles --tree rand{1} --redo off --model GTR{1.95650/20.82341/4.41589/8.30459/24.34720/1.00000}+I{0.382}+G{0.993}+F{0.25928/0.13992/0.18819/0.41261}

Analysis options:
  run mode: ML tree search
  start tree(s): random (1)
  random seed: 1669819618
  tip-inner: OFF
  pattern compression: ON
  per-rate scalers: OFF
  site repeats: ON
  fast spr radius: AUTO
  spr subtree cutoff: 1.000000
  branch lengths: proportional (ML estimate, algorithm: NR-FAST)
  SIMD kernels: SSE3
  parallelization: coarse-grained (auto), NONE/sequential

WARNING: Running in REDO mode: existing checkpoints are ignored, and all result files will be overwritten!

[00:00:00] Reading alignment from file: /groups/pupko/alburquerque/RL/Tree_Data/data/All_sized/3375/masked_species_real_msa.phy
[00:00:00] Loaded alignment with 12 taxa and 858 sites

Alignment comprises 1 partitions and 381 patterns

Partition 0: noname
Model: GTR{1.9565/20.8234/4.41589/8.30459/24.3472/1}+FU{0.25928/0.13992/0.18819/0.41261}+IU{0.382}+G4m{0.993}
Alignment sites / patterns: 858 / 381
Gaps: 1.82 %
Invariant sites: 48.60 %


NOTE: Binary MSA file created: /groups/pupko/alburquerque/RL/Tree_Data/data/All_sized/3375/masked_species_real_msa.phy.raxml.rba

Parallelization scheme autoconfig: 1 worker(s) x 1 thread(s)

Parallel reduction/worker buffer size: 1 KB  / 0 KB

[00:00:00] Generating 1 random starting tree(s) with 12 taxa
[00:00:00] Data distribution: max. partitions/sites/weight per thread: 1 / 381 / 6096
[00:00:00] Data distribution: max. searches per worker: 1

Starting ML tree search with 1 distinct starting trees

[00:00:00 -6636.255227] Initial branch length optimization
[00:00:00 -5110.042974] Model parameter optimization (eps = 10.000000)
[00:00:00 -5108.702820] AUTODETECT spr round 1 (radius: 5)
[00:00:00 -4720.488808] AUTODETECT spr round 2 (radius: 10)
[00:00:00 -4720.470746] SPR radius for FAST iterations: 5 (autodetect)
[00:00:00 -4720.470746] Model parameter optimization (eps = 3.000000)
[00:00:00 -4720.464946] FAST spr round 1 (radius: 5)
[00:00:00 -4714.525315] FAST spr round 2 (radius: 5)
[00:00:00 -4714.524302] Model parameter optimization (eps = 1.000000)
[00:00:00 -4714.524211] SLOW spr round 1 (radius: 5)
[00:00:01 -4714.524171] SLOW spr round 2 (radius: 10)
[00:00:01 -4714.524167] Model parameter optimization (eps = 0.100000)

[00:00:01] ML tree search #1, logLikelihood: -4714.524166


Optimized model parameters:

   Partition 0: noname
   Rate heterogeneity: GAMMA (4 cats, mean),  alpha: 0.993000 (user),  weights&rates: (0.250000,0.135555) (0.250000,0.474638) (0.250000,0.998830) (0.250000,2.390977) 
   P-inv (user): 0.382000
   Base frequencies (user): 0.259280 0.139920 0.188190 0.412610 
   Substitution rates (user): 1.956500 20.823410 4.415890 8.304590 24.347200 1.000000 


Final LogLikelihood: -4714.524166

AIC score: 9471.048333 / AICc score: 9472.153596 / BIC score: 9570.895019
Free parameters (model + branch lengths): 21

Best ML tree saved to: /groups/pupko/alburquerque/RL/Tree_Data/data/All_sized/3375/masked_species_real_msa.phy.raxml.bestTree
Optimized model saved to: /groups/pupko/alburquerque/RL/Tree_Data/data/All_sized/3375/masked_species_real_msa.phy.raxml.bestModel

Execution log saved to: /groups/pupko/alburquerque/RL/Tree_Data/data/All_sized/3375/masked_species_real_msa.phy.raxml.log

Analysis started: 30-Nov-2022 16:46:58 / finished: 30-Nov-2022 16:47:00

Elapsed time: 1.948 seconds

