
RAxML-NG v. 1.1 released on 29.11.2021 by The Exelixis Lab.
Developed by: Alexey M. Kozlov and Alexandros Stamatakis.
Contributors: Diego Darriba, Tomas Flouri, Benoit Morel, Sarah Lutteropp, Ben Bettisworth.
Latest version: https://github.com/amkozlov/raxml-ng
Questions/problems/suggestions? Please visit: https://groups.google.com/forum/#!forum/raxml

System: AMD Opteron(tm) Processor 6128, 16 cores, 117 GB RAM

RAxML-NG was called at 30-Nov-2022 16:45:59 as follows:

raxml-ng --msa /groups/pupko/alburquerque/RL/Tree_Data/data/All_sized/24215/masked_species_real_msa.phy --threads 1 --opt-branches on --opt-model --nofiles --tree rand{1} --redo off --model GTR{0.36300/10.32183/0.71124/0.54624/10.68287/1.00000}+I{0.159}+G{99.894}+F{0.25270/0.27549/0.17489/0.29692}

Analysis options:
  run mode: ML tree search
  start tree(s): random (1)
  random seed: 1669819559
  tip-inner: OFF
  pattern compression: ON
  per-rate scalers: OFF
  site repeats: ON
  fast spr radius: AUTO
  spr subtree cutoff: 1.000000
  branch lengths: proportional (ML estimate, algorithm: NR-FAST)
  SIMD kernels: SSE3
  parallelization: coarse-grained (auto), NONE/sequential

WARNING: Running in REDO mode: existing checkpoints are ignored, and all result files will be overwritten!

[00:00:00] Reading alignment from file: /groups/pupko/alburquerque/RL/Tree_Data/data/All_sized/24215/masked_species_real_msa.phy
[00:00:00] Loaded alignment with 12 taxa and 573 sites

WARNING: Sequences Sp000 and Sp001 are exactly identical!
WARNING: Sequences Sp002 and Sp003 are exactly identical!
WARNING: Sequences Sp002 and Sp004 are exactly identical!
WARNING: Sequences Sp002 and Sp005 are exactly identical!
WARNING: Sequences Sp008 and Sp009 are exactly identical!
WARNING: Duplicate sequences found: 5

NOTE: Reduced alignment (with duplicates and gap-only sites/taxa removed) 
NOTE: was saved to: /groups/pupko/alburquerque/RL/Tree_Data/data/All_sized/24215/masked_species_real_msa.phy.raxml.reduced.phy

Alignment comprises 1 partitions and 27 patterns

Partition 0: noname
Model: GTR{0.363/10.3218/0.71124/0.54624/10.6829/1}+FU{0.2527/0.27549/0.17489/0.29692}+IU{0.159}+G4m{99.894}
Alignment sites / patterns: 573 / 27
Gaps: 0.00 %
Invariant sites: 90.75 %


NOTE: Binary MSA file created: /groups/pupko/alburquerque/RL/Tree_Data/data/All_sized/24215/masked_species_real_msa.phy.raxml.rba

Parallelization scheme autoconfig: 1 worker(s) x 1 thread(s)

Parallel reduction/worker buffer size: 1 KB  / 0 KB

[00:00:00] Generating 1 random starting tree(s) with 12 taxa
[00:00:00] Data distribution: max. partitions/sites/weight per thread: 1 / 27 / 432
[00:00:00] Data distribution: max. searches per worker: 1

Starting ML tree search with 1 distinct starting trees

[00:00:00 -1956.110848] Initial branch length optimization
[00:00:00 -1398.193613] Model parameter optimization (eps = 10.000000)
[00:00:00 -1398.193293] AUTODETECT spr round 1 (radius: 5)
[00:00:00 -1075.428444] AUTODETECT spr round 2 (radius: 10)
[00:00:00 -1075.428444] SPR radius for FAST iterations: 5 (autodetect)
[00:00:00 -1075.428444] Model parameter optimization (eps = 3.000000)
[00:00:00 -1075.428444] FAST spr round 1 (radius: 5)
[00:00:00 -1073.191187] FAST spr round 2 (radius: 5)
[00:00:00 -1073.191187] Model parameter optimization (eps = 1.000000)
[00:00:00 -1073.191187] SLOW spr round 1 (radius: 5)
[00:00:00 -1073.191187] SLOW spr round 2 (radius: 10)
[00:00:00 -1073.191187] Model parameter optimization (eps = 0.100000)

[00:00:00] ML tree search #1, logLikelihood: -1073.191187


Optimized model parameters:

   Partition 0: noname
   Rate heterogeneity: GAMMA (4 cats, mean),  alpha: 99.894000 (user),  weights&rates: (0.250000,0.875842) (0.250000,0.964719) (0.250000,1.029563) (0.250000,1.129876) 
   P-inv (user): 0.159000
   Base frequencies (user): 0.252700 0.275490 0.174890 0.296920 
   Substitution rates (user): 0.363000 10.321830 0.711240 0.546240 10.682870 1.000000 


Final LogLikelihood: -1073.191187

AIC score: 2188.382374 / AICc score: 2190.059325 / BIC score: 2279.750974
Free parameters (model + branch lengths): 21

WARNING: Best ML tree contains 6 near-zero branches!

Best ML tree with collapsed near-zero branches saved to: /groups/pupko/alburquerque/RL/Tree_Data/data/All_sized/24215/masked_species_real_msa.phy.raxml.bestTreeCollapsed
Best ML tree saved to: /groups/pupko/alburquerque/RL/Tree_Data/data/All_sized/24215/masked_species_real_msa.phy.raxml.bestTree
Optimized model saved to: /groups/pupko/alburquerque/RL/Tree_Data/data/All_sized/24215/masked_species_real_msa.phy.raxml.bestModel

Execution log saved to: /groups/pupko/alburquerque/RL/Tree_Data/data/All_sized/24215/masked_species_real_msa.phy.raxml.log

Analysis started: 30-Nov-2022 16:45:59 / finished: 30-Nov-2022 16:45:59

Elapsed time: 0.156 seconds

