
RAxML-NG v. 1.1 released on 29.11.2021 by The Exelixis Lab.
Developed by: Alexey M. Kozlov and Alexandros Stamatakis.
Contributors: Diego Darriba, Tomas Flouri, Benoit Morel, Sarah Lutteropp, Ben Bettisworth.
Latest version: https://github.com/amkozlov/raxml-ng
Questions/problems/suggestions? Please visit: https://groups.google.com/forum/#!forum/raxml

System: Intel(R) Xeon(R) CPU E5-2680 v3 @ 2.50GHz, 24 cores, 125 GB RAM

RAxML-NG was called at 21-Dec-2022 19:39:06 as follows:

raxml-ng --msa /groups/pupko/alburquerque/RL/Tree_Data/data/All_sized/2429/masked_species_real_msa.phy --threads 1 --opt-branches on --opt-model --nofiles --tree rand{1} --redo off --model GTR{1.26207/2.08468/0.69333/0.72701/2.60920/1.00000}+I{0.118}+G{99.900}+F{0.26672/0.17864/0.22256/0.33208}

Analysis options:
  run mode: ML tree search
  start tree(s): random (1)
  random seed: 1671644346
  tip-inner: OFF
  pattern compression: ON
  per-rate scalers: OFF
  site repeats: ON
  fast spr radius: AUTO
  spr subtree cutoff: 1.000000
  branch lengths: proportional (ML estimate, algorithm: NR-FAST)
  SIMD kernels: AVX2
  parallelization: coarse-grained (auto), NONE/sequential

WARNING: Running in REDO mode: existing checkpoints are ignored, and all result files will be overwritten!

[00:00:00] Reading alignment from file: /groups/pupko/alburquerque/RL/Tree_Data/data/All_sized/2429/masked_species_real_msa.phy
[00:00:00] Loaded alignment with 15 taxa and 1972 sites

WARNING: Sequences Sp000 and Sp001 are exactly identical!
WARNING: Sequences Sp009 and Sp010 are exactly identical!
WARNING: Duplicate sequences found: 2

NOTE: Reduced alignment (with duplicates and gap-only sites/taxa removed) 
NOTE: was saved to: /groups/pupko/alburquerque/RL/Tree_Data/data/All_sized/2429/masked_species_real_msa.phy.raxml.reduced.phy

Alignment comprises 1 partitions and 78 patterns

Partition 0: noname
Model: GTR{1.26207/2.08468/0.69333/0.72701/2.6092/1}+FU{0.26672/0.17864/0.22256/0.33208}+IU{0.118}+G4m{99.9}
Alignment sites / patterns: 1972 / 78
Gaps: 2.43 %
Invariant sites: 90.31 %


NOTE: Binary MSA file created: /groups/pupko/alburquerque/RL/Tree_Data/data/All_sized/2429/masked_species_real_msa.phy.raxml.rba

Parallelization scheme autoconfig: 1 worker(s) x 1 thread(s)

Parallel reduction/worker buffer size: 1 KB  / 0 KB

[00:00:00] Generating 1 random starting tree(s) with 15 taxa
[00:00:00] Data distribution: max. partitions/sites/weight per thread: 1 / 78 / 1248
[00:00:00] Data distribution: max. searches per worker: 1

Starting ML tree search with 1 distinct starting trees

[00:00:00 -7175.835112] Initial branch length optimization
[00:00:00 -4165.383498] Model parameter optimization (eps = 10.000000)
[00:00:00 -4165.383498] AUTODETECT spr round 1 (radius: 5)
[00:00:00 -3721.115839] AUTODETECT spr round 2 (radius: 10)
[00:00:00 -3721.115837] SPR radius for FAST iterations: 5 (autodetect)
[00:00:00 -3721.115837] Model parameter optimization (eps = 3.000000)
[00:00:00 -3721.115837] FAST spr round 1 (radius: 5)
[00:00:00 -3721.115837] Model parameter optimization (eps = 1.000000)
[00:00:00 -3721.115837] SLOW spr round 1 (radius: 5)
[00:00:00 -3721.115837] SLOW spr round 2 (radius: 10)
[00:00:00 -3721.115837] SLOW spr round 3 (radius: 15)
[00:00:00 -3721.115837] Model parameter optimization (eps = 0.100000)

[00:00:00] ML tree search #1, logLikelihood: -3721.115837


Optimized model parameters:

   Partition 0: noname
   Rate heterogeneity: GAMMA (4 cats, mean),  alpha: 99.900000 (user),  weights&rates: (0.250000,0.875845) (0.250000,0.964720) (0.250000,1.029562) (0.250000,1.129872) 
   P-inv (user): 0.118000
   Base frequencies (user): 0.266720 0.178640 0.222560 0.332080 
   Substitution rates (user): 1.262070 2.084680 0.693330 0.727010 2.609200 1.000000 


Final LogLikelihood: -3721.115837

AIC score: 7496.231674 / AICc score: 7497.009452 / BIC score: 7647.075369
Free parameters (model + branch lengths): 27

WARNING: Best ML tree contains 3 near-zero branches!

Best ML tree with collapsed near-zero branches saved to: /groups/pupko/alburquerque/RL/Tree_Data/data/All_sized/2429/masked_species_real_msa.phy.raxml.bestTreeCollapsed
Best ML tree saved to: /groups/pupko/alburquerque/RL/Tree_Data/data/All_sized/2429/masked_species_real_msa.phy.raxml.bestTree
Optimized model saved to: /groups/pupko/alburquerque/RL/Tree_Data/data/All_sized/2429/masked_species_real_msa.phy.raxml.bestModel

Execution log saved to: /groups/pupko/alburquerque/RL/Tree_Data/data/All_sized/2429/masked_species_real_msa.phy.raxml.log

Analysis started: 21-Dec-2022 19:39:06 / finished: 21-Dec-2022 19:39:07

Elapsed time: 0.134 seconds

