
RAxML-NG v. 1.1 released on 29.11.2021 by The Exelixis Lab.
Developed by: Alexey M. Kozlov and Alexandros Stamatakis.
Contributors: Diego Darriba, Tomas Flouri, Benoit Morel, Sarah Lutteropp, Ben Bettisworth.
Latest version: https://github.com/amkozlov/raxml-ng
Questions/problems/suggestions? Please visit: https://groups.google.com/forum/#!forum/raxml

System: AMD Opteron(tm) Processor 6128, 16 cores, 117 GB RAM

RAxML-NG was called at 30-Nov-2022 15:31:11 as follows:

raxml-ng --msa /groups/pupko/alburquerque/RL/Tree_Data/data/All_sized/2294/masked_species_real_msa.phy --threads 1 --opt-branches on --opt-model --nofiles --tree rand{1} --redo off --model GTR{5.01285/55.74431/4.12342/0.47156/24.34424/1.00000}+I{0.177}+G{0.202}+F{0.30103/0.34781/0.14981/0.20135}

Analysis options:
  run mode: ML tree search
  start tree(s): random (1)
  random seed: 1669815071
  tip-inner: OFF
  pattern compression: ON
  per-rate scalers: OFF
  site repeats: ON
  fast spr radius: AUTO
  spr subtree cutoff: 1.000000
  branch lengths: proportional (ML estimate, algorithm: NR-FAST)
  SIMD kernels: SSE3
  parallelization: coarse-grained (auto), NONE/sequential

WARNING: Running in REDO mode: existing checkpoints are ignored, and all result files will be overwritten!

[00:00:00] Reading alignment from file: /groups/pupko/alburquerque/RL/Tree_Data/data/All_sized/2294/masked_species_real_msa.phy
[00:00:00] Loaded alignment with 7 taxa and 1172 sites

Alignment comprises 1 partitions and 91 patterns

Partition 0: noname
Model: GTR{5.01285/55.7443/4.12342/0.47156/24.3442/1}+FU{0.30103/0.34781/0.14981/0.20135}+IU{0.177}+G4m{0.202}
Alignment sites / patterns: 1172 / 91
Gaps: 3.16 %
Invariant sites: 90.27 %


NOTE: Binary MSA file created: /groups/pupko/alburquerque/RL/Tree_Data/data/All_sized/2294/masked_species_real_msa.phy.raxml.rba

Parallelization scheme autoconfig: 1 worker(s) x 1 thread(s)

Parallel reduction/worker buffer size: 1 KB  / 0 KB

[00:00:00] Generating 1 random starting tree(s) with 7 taxa
[00:00:00] Data distribution: max. partitions/sites/weight per thread: 1 / 91 / 1456
[00:00:00] Data distribution: max. searches per worker: 1

Starting ML tree search with 1 distinct starting trees

[00:00:00 -2597.269333] Initial branch length optimization
[00:00:00 -2395.180600] Model parameter optimization (eps = 10.000000)
[00:00:00 -2395.047994] AUTODETECT spr round 1 (radius: 5)
[00:00:00 -2301.995672] SPR radius for FAST iterations: 5 (autodetect)
[00:00:00 -2301.995672] Model parameter optimization (eps = 3.000000)
[00:00:00 -2301.995658] FAST spr round 1 (radius: 5)
[00:00:00 -2301.995658] Model parameter optimization (eps = 1.000000)
[00:00:00 -2301.995658] SLOW spr round 1 (radius: 5)
[00:00:00 -2301.995658] Model parameter optimization (eps = 0.100000)

[00:00:00] ML tree search #1, logLikelihood: -2301.995658


Optimized model parameters:

   Partition 0: noname
   Rate heterogeneity: GAMMA (4 cats, mean),  alpha: 0.202000 (user),  weights&rates: (0.250000,0.000569) (0.250000,0.034937) (0.250000,0.388858) (0.250000,3.575636) 
   P-inv (user): 0.177000
   Base frequencies (user): 0.301030 0.347810 0.149810 0.201350 
   Substitution rates (user): 5.012850 55.744310 4.123420 0.471560 24.344240 1.000000 


Final LogLikelihood: -2301.995658

AIC score: 4625.991315 / AICc score: 4626.218901 / BIC score: 4681.722452
Free parameters (model + branch lengths): 11

Best ML tree saved to: /groups/pupko/alburquerque/RL/Tree_Data/data/All_sized/2294/masked_species_real_msa.phy.raxml.bestTree
Optimized model saved to: /groups/pupko/alburquerque/RL/Tree_Data/data/All_sized/2294/masked_species_real_msa.phy.raxml.bestModel

Execution log saved to: /groups/pupko/alburquerque/RL/Tree_Data/data/All_sized/2294/masked_species_real_msa.phy.raxml.log

Analysis started: 30-Nov-2022 15:31:11 / finished: 30-Nov-2022 15:31:12

Elapsed time: 0.253 seconds

