
RAxML-NG v. 1.1 released on 29.11.2021 by The Exelixis Lab.
Developed by: Alexey M. Kozlov and Alexandros Stamatakis.
Contributors: Diego Darriba, Tomas Flouri, Benoit Morel, Sarah Lutteropp, Ben Bettisworth.
Latest version: https://github.com/amkozlov/raxml-ng
Questions/problems/suggestions? Please visit: https://groups.google.com/forum/#!forum/raxml

System: Intel(R) Xeon(R) CPU E5-2680 v3 @ 2.50GHz, 24 cores, 125 GB RAM

RAxML-NG was called at 21-Dec-2022 19:39:06 as follows:

raxml-ng --msa /groups/pupko/alburquerque/RL/Tree_Data/data/All_sized/862/masked_species_real_msa.phy --threads 1 --opt-branches on --opt-model --nofiles --tree rand{1} --redo off --model GTR{1.05649/4.60091/0.75490/1.29925/5.30216/1.00000}+I{0.000}+G{1.415}+F{0.35800/0.19981/0.22706/0.21513}

Analysis options:
  run mode: ML tree search
  start tree(s): random (1)
  random seed: 1671644346
  tip-inner: OFF
  pattern compression: ON
  per-rate scalers: OFF
  site repeats: ON
  fast spr radius: AUTO
  spr subtree cutoff: 1.000000
  branch lengths: proportional (ML estimate, algorithm: NR-FAST)
  SIMD kernels: AVX2
  parallelization: coarse-grained (auto), NONE/sequential

WARNING: Running in REDO mode: existing checkpoints are ignored, and all result files will be overwritten!

[00:00:00] Reading alignment from file: /groups/pupko/alburquerque/RL/Tree_Data/data/All_sized/862/masked_species_real_msa.phy
[00:00:00] Loaded alignment with 15 taxa and 2589 sites

Alignment comprises 1 partitions and 512 patterns

Partition 0: noname
Model: GTR{1.05649/4.60091/0.7549/1.29925/5.30216/1}+FU{0.358/0.19981/0.22706/0.21513}+IU{0}+G4m{1.415}
Alignment sites / patterns: 2589 / 512
Gaps: 6.63 %
Invariant sites: 70.07 %


NOTE: Binary MSA file created: /groups/pupko/alburquerque/RL/Tree_Data/data/All_sized/862/masked_species_real_msa.phy.raxml.rba

Parallelization scheme autoconfig: 1 worker(s) x 1 thread(s)

Parallel reduction/worker buffer size: 1 KB  / 0 KB

[00:00:00] Generating 1 random starting tree(s) with 15 taxa
[00:00:00] Data distribution: max. partitions/sites/weight per thread: 1 / 512 / 8192
[00:00:00] Data distribution: max. searches per worker: 1

Starting ML tree search with 1 distinct starting trees

[00:00:00 -12314.041037] Initial branch length optimization
[00:00:00 -10144.807392] Model parameter optimization (eps = 10.000000)
[00:00:00 -10144.771913] AUTODETECT spr round 1 (radius: 5)
[00:00:00 -9049.899916] AUTODETECT spr round 2 (radius: 10)
[00:00:00 -9049.899081] SPR radius for FAST iterations: 5 (autodetect)
[00:00:00 -9049.899081] Model parameter optimization (eps = 3.000000)
[00:00:00 -9049.899045] FAST spr round 1 (radius: 5)
[00:00:00 -8913.790375] FAST spr round 2 (radius: 5)
[00:00:00 -8913.790375] Model parameter optimization (eps = 1.000000)
[00:00:00 -8913.790375] SLOW spr round 1 (radius: 5)
[00:00:00 -8913.790375] SLOW spr round 2 (radius: 10)
[00:00:00 -8913.790375] SLOW spr round 3 (radius: 15)
[00:00:00 -8913.790375] Model parameter optimization (eps = 0.100000)

[00:00:00] ML tree search #1, logLikelihood: -8913.790375


Optimized model parameters:

   Partition 0: noname
   Rate heterogeneity: GAMMA (4 cats, mean),  alpha: 1.415000 (user),  weights&rates: (0.250000,0.211888) (0.250000,0.573768) (0.250000,1.045014) (0.250000,2.169330) 
   P-inv (user): 0.000000
   Base frequencies (user): 0.358000 0.199810 0.227060 0.215130 
   Substitution rates (user): 1.056490 4.600910 0.754900 1.299250 5.302160 1.000000 


Final LogLikelihood: -8913.790375

AIC score: 17881.580750 / AICc score: 17882.171145 / BIC score: 18039.774479
Free parameters (model + branch lengths): 27

Best ML tree saved to: /groups/pupko/alburquerque/RL/Tree_Data/data/All_sized/862/masked_species_real_msa.phy.raxml.bestTree
Optimized model saved to: /groups/pupko/alburquerque/RL/Tree_Data/data/All_sized/862/masked_species_real_msa.phy.raxml.bestModel

Execution log saved to: /groups/pupko/alburquerque/RL/Tree_Data/data/All_sized/862/masked_species_real_msa.phy.raxml.log

Analysis started: 21-Dec-2022 19:39:06 / finished: 21-Dec-2022 19:39:06

Elapsed time: 0.601 seconds

