
RAxML-NG v. 1.1 released on 29.11.2021 by The Exelixis Lab.
Developed by: Alexey M. Kozlov and Alexandros Stamatakis.
Contributors: Diego Darriba, Tomas Flouri, Benoit Morel, Sarah Lutteropp, Ben Bettisworth.
Latest version: https://github.com/amkozlov/raxml-ng
Questions/problems/suggestions? Please visit: https://groups.google.com/forum/#!forum/raxml

System: Intel(R) Xeon(R) CPU E5-2680 v3 @ 2.50GHz, 24 cores, 125 GB RAM

RAxML-NG was called at 21-Dec-2022 19:39:27 as follows:

raxml-ng --msa /groups/pupko/alburquerque/RL/Tree_Data/data/All_sized/Iochroma_1/masked_species_real_msa.phy --threads 1 --opt-branches on --opt-model --nofiles --tree rand{1} --redo off --model GTR{0.59548/3.07224/0.62479/1.91629/3.01919/1.00000}+I{0.198}+G{0.815}+F{0.25631/0.19699/0.20538/0.34132}

Analysis options:
  run mode: ML tree search
  start tree(s): random (1)
  random seed: 1671644367
  tip-inner: OFF
  pattern compression: ON
  per-rate scalers: OFF
  site repeats: ON
  fast spr radius: AUTO
  spr subtree cutoff: 1.000000
  branch lengths: proportional (ML estimate, algorithm: NR-FAST)
  SIMD kernels: AVX2
  parallelization: coarse-grained (auto), NONE/sequential

WARNING: Running in REDO mode: existing checkpoints are ignored, and all result files will be overwritten!

[00:00:00] Reading alignment from file: /groups/pupko/alburquerque/RL/Tree_Data/data/All_sized/Iochroma_1/masked_species_real_msa.phy
[00:00:00] Loaded alignment with 15 taxa and 1426 sites

Alignment comprises 1 partitions and 138 patterns

Partition 0: noname
Model: GTR{0.59548/3.07224/0.62479/1.91629/3.01919/1}+FU{0.25631/0.19699/0.20538/0.34132}+IU{0.198}+G4m{0.815}
Alignment sites / patterns: 1426 / 138
Gaps: 8.16 %
Invariant sites: 91.37 %


NOTE: Binary MSA file created: /groups/pupko/alburquerque/RL/Tree_Data/data/All_sized/Iochroma_1/masked_species_real_msa.phy.raxml.rba

Parallelization scheme autoconfig: 1 worker(s) x 1 thread(s)

Parallel reduction/worker buffer size: 1 KB  / 0 KB

[00:00:00] Generating 1 random starting tree(s) with 15 taxa
[00:00:00] Data distribution: max. partitions/sites/weight per thread: 1 / 138 / 2208
[00:00:00] Data distribution: max. searches per worker: 1

Starting ML tree search with 1 distinct starting trees

[00:00:00 -4031.594242] Initial branch length optimization
[00:00:00 -3061.964449] Model parameter optimization (eps = 10.000000)
[00:00:00 -3061.961437] AUTODETECT spr round 1 (radius: 5)
[00:00:00 -2805.910892] AUTODETECT spr round 2 (radius: 10)
[00:00:00 -2805.910813] SPR radius for FAST iterations: 5 (autodetect)
[00:00:00 -2805.910813] Model parameter optimization (eps = 3.000000)
[00:00:00 -2805.910812] FAST spr round 1 (radius: 5)
[00:00:00 -2805.910812] Model parameter optimization (eps = 1.000000)
[00:00:00 -2805.910812] SLOW spr round 1 (radius: 5)
[00:00:00 -2805.910812] SLOW spr round 2 (radius: 10)
[00:00:00 -2805.910812] SLOW spr round 3 (radius: 15)
[00:00:00 -2805.910812] Model parameter optimization (eps = 0.100000)

[00:00:00] ML tree search #1, logLikelihood: -2805.910812


Optimized model parameters:

   Partition 0: noname
   Rate heterogeneity: GAMMA (4 cats, mean),  alpha: 0.815000 (user),  weights&rates: (0.250000,0.098746) (0.250000,0.413104) (0.250000,0.961026) (0.250000,2.527124) 
   P-inv (user): 0.198000
   Base frequencies (user): 0.256310 0.196990 0.205380 0.341320 
   Substitution rates (user): 0.595480 3.072240 0.624790 1.916290 3.019190 1.000000 


Final LogLikelihood: -2805.910812

AIC score: 5665.821625 / AICc score: 5666.903170 / BIC score: 5807.912597
Free parameters (model + branch lengths): 27

WARNING: Best ML tree contains 2 near-zero branches!

Best ML tree with collapsed near-zero branches saved to: /groups/pupko/alburquerque/RL/Tree_Data/data/All_sized/Iochroma_1/masked_species_real_msa.phy.raxml.bestTreeCollapsed
Best ML tree saved to: /groups/pupko/alburquerque/RL/Tree_Data/data/All_sized/Iochroma_1/masked_species_real_msa.phy.raxml.bestTree
Optimized model saved to: /groups/pupko/alburquerque/RL/Tree_Data/data/All_sized/Iochroma_1/masked_species_real_msa.phy.raxml.bestModel

Execution log saved to: /groups/pupko/alburquerque/RL/Tree_Data/data/All_sized/Iochroma_1/masked_species_real_msa.phy.raxml.log

Analysis started: 21-Dec-2022 19:39:27 / finished: 21-Dec-2022 19:39:28

Elapsed time: 0.213 seconds

