
RAxML-NG v. 1.1 released on 29.11.2021 by The Exelixis Lab.
Developed by: Alexey M. Kozlov and Alexandros Stamatakis.
Contributors: Diego Darriba, Tomas Flouri, Benoit Morel, Sarah Lutteropp, Ben Bettisworth.
Latest version: https://github.com/amkozlov/raxml-ng
Questions/problems/suggestions? Please visit: https://groups.google.com/forum/#!forum/raxml

System: Intel(R) Xeon(R) CPU E5-2670 v2 @ 2.50GHz, 20 cores, 62 GB RAM

RAxML-NG was called at 01-Mar-2023 20:52:54 as follows:

raxml-ng --msa /groups/pupko/alburquerque/RL/Tree_Data/data/All_sized/37520/masked_species_real_msa.phy --threads 1 --model GTR{1.68825/6.75015/2.11658/1.69884/6.59277/1.00000}+I{0.000}+G{0.158}+F{0.23500/0.26762/0.23084/0.26654} --tree /groups/pupko/alburquerque/RL/Tree_Data/data/All_sized/37520/Temp_start_tree_file_for_raxml_search.txt --redo

Analysis options:
  run mode: ML tree search
  start tree(s): user
  random seed: 1677696774
  tip-inner: OFF
  pattern compression: ON
  per-rate scalers: OFF
  site repeats: ON
  fast spr radius: AUTO
  spr subtree cutoff: 1.000000
  branch lengths: proportional (ML estimate, algorithm: NR-FAST)
  SIMD kernels: AVX
  parallelization: coarse-grained (auto), NONE/sequential

WARNING: Running in REDO mode: existing checkpoints are ignored, and all result files will be overwritten!

[00:00:00] Reading alignment from file: /groups/pupko/alburquerque/RL/Tree_Data/data/All_sized/37520/masked_species_real_msa.phy
[00:00:00] Loaded alignment with 12 taxa and 1004 sites

WARNING: Sequences Sp005 and Sp007 are exactly identical!
WARNING: Sequences Sp009 and Sp010 are exactly identical!
WARNING: Duplicate sequences found: 2

NOTE: Reduced alignment (with duplicates and gap-only sites/taxa removed) 
NOTE: was saved to: /groups/pupko/alburquerque/RL/Tree_Data/data/All_sized/37520/masked_species_real_msa.phy.raxml.reduced.phy

Alignment comprises 1 partitions and 174 patterns

Partition 0: noname
Model: GTR{1.68825/6.75015/2.11658/1.69884/6.59277/1}+FU{0.235/0.26762/0.23084/0.26654}+IU{0}+G4m{0.158}
Alignment sites / patterns: 1004 / 174
Gaps: 4.69 %
Invariant sites: 78.29 %


NOTE: Binary MSA file created: /groups/pupko/alburquerque/RL/Tree_Data/data/All_sized/37520/masked_species_real_msa.phy.raxml.rba

Parallelization scheme autoconfig: 1 worker(s) x 1 thread(s)

Parallel reduction/worker buffer size: 1 KB  / 0 KB

[00:00:00] Loading user starting tree(s) from: /groups/pupko/alburquerque/RL/Tree_Data/data/All_sized/37520/Temp_start_tree_file_for_raxml_search.txt
[00:00:00] Data distribution: max. partitions/sites/weight per thread: 1 / 174 / 2784
[00:00:00] Data distribution: max. searches per worker: 1

Starting ML tree search with 1 distinct starting trees

[00:00:00 -3730.834672] Initial branch length optimization
[00:00:00 -2887.411357] Model parameter optimization (eps = 10.000000)
[00:00:00 -2887.402015] AUTODETECT spr round 1 (radius: 5)
[00:00:00 -2728.161730] AUTODETECT spr round 2 (radius: 10)
[00:00:00 -2728.161187] SPR radius for FAST iterations: 5 (autodetect)
[00:00:00 -2728.161187] Model parameter optimization (eps = 3.000000)
[00:00:00 -2728.161162] FAST spr round 1 (radius: 5)
[00:00:00 -2728.161156] Model parameter optimization (eps = 1.000000)
[00:00:00 -2728.161156] SLOW spr round 1 (radius: 5)
[00:00:00 -2728.161156] SLOW spr round 2 (radius: 10)
[00:00:00 -2728.161156] Model parameter optimization (eps = 0.100000)

[00:00:00] ML tree search #1, logLikelihood: -2728.161156


Optimized model parameters:

   Partition 0: noname
   Rate heterogeneity: GAMMA (4 cats, mean),  alpha: 0.158000 (user),  weights&rates: (0.250000,0.000085) (0.250000,0.013576) (0.250000,0.265802) (0.250000,3.720537) 
   P-inv (user): 0.000000
   Base frequencies (user): 0.235000 0.267620 0.230840 0.266540 
   Substitution rates (user): 1.688250 6.750150 2.116580 1.698840 6.592770 1.000000 


Final LogLikelihood: -2728.161156

AIC score: 5498.322312 / AICc score: 5499.263249 / BIC score: 5601.469006
Free parameters (model + branch lengths): 21

WARNING: Best ML tree contains 2 near-zero branches!

Best ML tree with collapsed near-zero branches saved to: /groups/pupko/alburquerque/RL/Tree_Data/data/All_sized/37520/masked_species_real_msa.phy.raxml.bestTreeCollapsed
Best ML tree saved to: /groups/pupko/alburquerque/RL/Tree_Data/data/All_sized/37520/masked_species_real_msa.phy.raxml.bestTree
Optimized model saved to: /groups/pupko/alburquerque/RL/Tree_Data/data/All_sized/37520/masked_species_real_msa.phy.raxml.bestModel

Execution log saved to: /groups/pupko/alburquerque/RL/Tree_Data/data/All_sized/37520/masked_species_real_msa.phy.raxml.log

Analysis started: 01-Mar-2023 20:52:54 / finished: 01-Mar-2023 20:52:54

Elapsed time: 0.163 seconds

