
RAxML-NG v. 1.1 released on 29.11.2021 by The Exelixis Lab.
Developed by: Alexey M. Kozlov and Alexandros Stamatakis.
Contributors: Diego Darriba, Tomas Flouri, Benoit Morel, Sarah Lutteropp, Ben Bettisworth.
Latest version: https://github.com/amkozlov/raxml-ng
Questions/problems/suggestions? Please visit: https://groups.google.com/forum/#!forum/raxml

System: Intel(R) Xeon(R) CPU E5-2670 v2 @ 2.50GHz, 20 cores, 62 GB RAM

RAxML-NG was called at 05-Feb-2023 12:11:44 as follows:

raxml-ng --msa /groups/pupko/alburquerque/RL/Tree_Data/data/All_sized/2459/masked_species_real_msa.phy --threads 1 --model GTR{1.12752/1.49719/1.81987/0.07446/4.69860/1.00000}+I{0.000}+G{0.153}+F{0.32872/0.17596/0.17305/0.32227} --tree /groups/pupko/alburquerque/RL/Tree_Data/data/All_sized/2459/Temp_start_tree_file_for_raxml_search.txt --redo

Analysis options:
  run mode: ML tree search
  start tree(s): user
  random seed: 1675591904
  tip-inner: OFF
  pattern compression: ON
  per-rate scalers: OFF
  site repeats: ON
  fast spr radius: AUTO
  spr subtree cutoff: 1.000000
  branch lengths: proportional (ML estimate, algorithm: NR-FAST)
  SIMD kernels: AVX
  parallelization: coarse-grained (auto), NONE/sequential

WARNING: Running in REDO mode: existing checkpoints are ignored, and all result files will be overwritten!

[00:00:00] Reading alignment from file: /groups/pupko/alburquerque/RL/Tree_Data/data/All_sized/2459/masked_species_real_msa.phy
[00:00:00] Loaded alignment with 15 taxa and 812 sites

WARNING: Sequences Sp000 and Sp005 are exactly identical!
WARNING: Sequences Sp001 and Sp006 are exactly identical!
WARNING: Sequences Sp002 and Sp003 are exactly identical!
WARNING: Sequences Sp002 and Sp004 are exactly identical!
WARNING: Sequences Sp010 and Sp011 are exactly identical!
WARNING: Duplicate sequences found: 5

NOTE: Reduced alignment (with duplicates and gap-only sites/taxa removed) 
NOTE: was saved to: /groups/pupko/alburquerque/RL/Tree_Data/data/All_sized/2459/masked_species_real_msa.phy.raxml.reduced.phy

Alignment comprises 1 partitions and 71 patterns

Partition 0: noname
Model: GTR{1.12752/1.49719/1.81987/0.07446/4.6986/1}+FU{0.32872/0.17596/0.17305/0.32227}+IU{0}+G4m{0.153}
Alignment sites / patterns: 812 / 71
Gaps: 2.59 %
Invariant sites: 90.89 %


NOTE: Binary MSA file created: /groups/pupko/alburquerque/RL/Tree_Data/data/All_sized/2459/masked_species_real_msa.phy.raxml.rba

Parallelization scheme autoconfig: 1 worker(s) x 1 thread(s)

Parallel reduction/worker buffer size: 1 KB  / 0 KB

[00:00:00] Loading user starting tree(s) from: /groups/pupko/alburquerque/RL/Tree_Data/data/All_sized/2459/Temp_start_tree_file_for_raxml_search.txt
[00:00:00] Data distribution: max. partitions/sites/weight per thread: 1 / 71 / 1136
[00:00:00] Data distribution: max. searches per worker: 1

Starting ML tree search with 1 distinct starting trees

[00:00:00 -2083.864245] Initial branch length optimization
[00:00:00 -1732.086061] Model parameter optimization (eps = 10.000000)
[00:00:00 -1732.026805] AUTODETECT spr round 1 (radius: 5)
[00:00:00 -1533.953053] AUTODETECT spr round 2 (radius: 10)
[00:00:00 -1533.952967] SPR radius for FAST iterations: 5 (autodetect)
[00:00:00 -1533.952967] Model parameter optimization (eps = 3.000000)
[00:00:00 -1533.952944] FAST spr round 1 (radius: 5)
[00:00:00 -1529.668942] FAST spr round 2 (radius: 5)
[00:00:00 -1529.668261] Model parameter optimization (eps = 1.000000)
[00:00:00 -1529.668261] SLOW spr round 1 (radius: 5)
[00:00:00 -1529.668261] SLOW spr round 2 (radius: 10)
[00:00:00 -1529.668261] SLOW spr round 3 (radius: 15)
[00:00:00 -1529.668261] Model parameter optimization (eps = 0.100000)

[00:00:00] ML tree search #1, logLikelihood: -1529.668261


Optimized model parameters:

   Partition 0: noname
   Rate heterogeneity: GAMMA (4 cats, mean),  alpha: 0.153000 (user),  weights&rates: (0.250000,0.000064) (0.250000,0.011776) (0.250000,0.250856) (0.250000,3.737305) 
   P-inv (user): 0.000000
   Base frequencies (user): 0.328720 0.175960 0.173050 0.322270 
   Substitution rates (user): 1.127520 1.497190 1.819870 0.074460 4.698600 1.000000 


Final LogLikelihood: -1529.668261

AIC score: 3113.336522 / AICc score: 3115.265093 / BIC score: 3240.223031
Free parameters (model + branch lengths): 27

WARNING: Best ML tree contains 6 near-zero branches!

Best ML tree with collapsed near-zero branches saved to: /groups/pupko/alburquerque/RL/Tree_Data/data/All_sized/2459/masked_species_real_msa.phy.raxml.bestTreeCollapsed
Best ML tree saved to: /groups/pupko/alburquerque/RL/Tree_Data/data/All_sized/2459/masked_species_real_msa.phy.raxml.bestTree
Optimized model saved to: /groups/pupko/alburquerque/RL/Tree_Data/data/All_sized/2459/masked_species_real_msa.phy.raxml.bestModel

Execution log saved to: /groups/pupko/alburquerque/RL/Tree_Data/data/All_sized/2459/masked_species_real_msa.phy.raxml.log

Analysis started: 05-Feb-2023 12:11:44 / finished: 05-Feb-2023 12:11:44

Elapsed time: 0.153 seconds

