
RAxML-NG v. 1.1 released on 29.11.2021 by The Exelixis Lab.
Developed by: Alexey M. Kozlov and Alexandros Stamatakis.
Contributors: Diego Darriba, Tomas Flouri, Benoit Morel, Sarah Lutteropp, Ben Bettisworth.
Latest version: https://github.com/amkozlov/raxml-ng
Questions/problems/suggestions? Please visit: https://groups.google.com/forum/#!forum/raxml

System: Intel(R) Xeon(R) CPU E5-2670 v2 @ 2.50GHz, 20 cores, 62 GB RAM

RAxML-NG was called at 09-Feb-2023 20:19:57 as follows:

raxml-ng --msa /groups/pupko/alburquerque/RL/Tree_Data/data/All_sized/Vanilla_4/masked_species_real_msa.phy --threads 1 --model GTR{2.35420/3.07327/0.00046/1.03927/5.26428/1.00000}+I{0.190}+G{0.02}+F{0.27297/0.19180/0.24504/0.29020} --tree /groups/pupko/alburquerque/RL/Tree_Data/data/All_sized/Vanilla_4/Temp_start_tree_file_for_raxml_search.txt --redo

Analysis options:
  run mode: ML tree search
  start tree(s): user
  random seed: 1675966797
  tip-inner: OFF
  pattern compression: ON
  per-rate scalers: OFF
  site repeats: ON
  fast spr radius: AUTO
  spr subtree cutoff: 1.000000
  branch lengths: proportional (ML estimate, algorithm: NR-FAST)
  SIMD kernels: AVX
  parallelization: coarse-grained (auto), NONE/sequential

WARNING: Running in REDO mode: existing checkpoints are ignored, and all result files will be overwritten!

[00:00:00] Reading alignment from file: /groups/pupko/alburquerque/RL/Tree_Data/data/All_sized/Vanilla_4/masked_species_real_msa.phy
[00:00:00] Loaded alignment with 20 taxa and 1363 sites

WARNING: Sequences Sp002 and Sp003 are exactly identical!
WARNING: Duplicate sequences found: 1

NOTE: Reduced alignment (with duplicates and gap-only sites/taxa removed) 
NOTE: was saved to: /groups/pupko/alburquerque/RL/Tree_Data/data/All_sized/Vanilla_4/masked_species_real_msa.phy.raxml.reduced.phy

Alignment comprises 1 partitions and 120 patterns

Partition 0: noname
Model: GTR{2.3542/3.07327/0.00046/1.03927/5.26428/1}+FU{0.27297/0.1918/0.24504/0.2902}+IU{0.19}+G4m{0.02}
Alignment sites / patterns: 1363 / 120
Gaps: 8.65 %
Invariant sites: 92.52 %


NOTE: Binary MSA file created: /groups/pupko/alburquerque/RL/Tree_Data/data/All_sized/Vanilla_4/masked_species_real_msa.phy.raxml.rba

Parallelization scheme autoconfig: 1 worker(s) x 1 thread(s)

Parallel reduction/worker buffer size: 1 KB  / 0 KB

[00:00:00] Loading user starting tree(s) from: /groups/pupko/alburquerque/RL/Tree_Data/data/All_sized/Vanilla_4/Temp_start_tree_file_for_raxml_search.txt
[00:00:00] Data distribution: max. partitions/sites/weight per thread: 1 / 120 / 1920
[00:00:00] Data distribution: max. searches per worker: 1

Starting ML tree search with 1 distinct starting trees

[00:00:00 -3924.577703] Initial branch length optimization
[00:00:00 -3011.423129] Model parameter optimization (eps = 10.000000)
[00:00:00 -3010.914498] AUTODETECT spr round 1 (radius: 5)
[00:00:00 -2678.820809] AUTODETECT spr round 2 (radius: 10)
[00:00:00 -2678.820793] SPR radius for FAST iterations: 5 (autodetect)
[00:00:00 -2678.820793] Model parameter optimization (eps = 3.000000)
[00:00:00 -2678.820793] FAST spr round 1 (radius: 5)
[00:00:00 -2668.129752] FAST spr round 2 (radius: 5)
[00:00:00 -2668.129447] Model parameter optimization (eps = 1.000000)
[00:00:00 -2668.129447] SLOW spr round 1 (radius: 5)
[00:00:00 -2668.129447] SLOW spr round 2 (radius: 10)
[00:00:00 -2668.129447] SLOW spr round 3 (radius: 15)
[00:00:00 -2668.129447] SLOW spr round 4 (radius: 20)
[00:00:00 -2668.129447] Model parameter optimization (eps = 0.100000)

[00:00:00] ML tree search #1, logLikelihood: -2668.129447


Optimized model parameters:

   Partition 0: noname
   Rate heterogeneity: GAMMA (4 cats, mean),  alpha: 0.020000 (user),  weights&rates: (0.250000,0.000000) (0.250000,0.000000) (0.250000,0.000001) (0.250000,3.999999) 
   P-inv (user): 0.190000
   Base frequencies (user): 0.272967 0.191798 0.245038 0.290197 
   Substitution rates (user): 2.354200 3.073270 0.000460 1.039270 5.264280 1.000000 


Final LogLikelihood: -2668.129447

AIC score: 5410.258894 / AICc score: 5412.381158 / BIC score: 5603.304301
Free parameters (model + branch lengths): 37

WARNING: Best ML tree contains 3 near-zero branches!

Best ML tree with collapsed near-zero branches saved to: /groups/pupko/alburquerque/RL/Tree_Data/data/All_sized/Vanilla_4/masked_species_real_msa.phy.raxml.bestTreeCollapsed
Best ML tree saved to: /groups/pupko/alburquerque/RL/Tree_Data/data/All_sized/Vanilla_4/masked_species_real_msa.phy.raxml.bestTree
Optimized model saved to: /groups/pupko/alburquerque/RL/Tree_Data/data/All_sized/Vanilla_4/masked_species_real_msa.phy.raxml.bestModel

Execution log saved to: /groups/pupko/alburquerque/RL/Tree_Data/data/All_sized/Vanilla_4/masked_species_real_msa.phy.raxml.log

Analysis started: 09-Feb-2023 20:19:57 / finished: 09-Feb-2023 20:19:57

Elapsed time: 0.382 seconds

