
RAxML-NG v. 1.1 released on 29.11.2021 by The Exelixis Lab.
Developed by: Alexey M. Kozlov and Alexandros Stamatakis.
Contributors: Diego Darriba, Tomas Flouri, Benoit Morel, Sarah Lutteropp, Ben Bettisworth.
Latest version: https://github.com/amkozlov/raxml-ng
Questions/problems/suggestions? Please visit: https://groups.google.com/forum/#!forum/raxml

System: Intel(R) Xeon(R) CPU E5-2680 v3 @ 2.50GHz, 24 cores, 125 GB RAM

RAxML-NG was called at 21-Dec-2022 19:39:13 as follows:

raxml-ng --msa /groups/pupko/alburquerque/RL/Tree_Data/data/All_sized/535/masked_species_real_msa.phy --threads 1 --opt-branches on --opt-model --nofiles --tree rand{1} --redo off --model GTR{3.68124/3.70993/3.71687/1.87194/9.05406/1.00000}+I{0.456}+G{0.618}+F{0.18784/0.31117/0.28231/0.21868}

Analysis options:
  run mode: ML tree search
  start tree(s): random (1)
  random seed: 1671644353
  tip-inner: OFF
  pattern compression: ON
  per-rate scalers: OFF
  site repeats: ON
  fast spr radius: AUTO
  spr subtree cutoff: 1.000000
  branch lengths: proportional (ML estimate, algorithm: NR-FAST)
  SIMD kernels: AVX2
  parallelization: coarse-grained (auto), NONE/sequential

WARNING: Running in REDO mode: existing checkpoints are ignored, and all result files will be overwritten!

[00:00:00] Reading alignment from file: /groups/pupko/alburquerque/RL/Tree_Data/data/All_sized/535/masked_species_real_msa.phy
[00:00:00] Loaded alignment with 15 taxa and 460 sites

WARNING: Sequences Sp005 and Sp006 are exactly identical!
WARNING: Sequences Sp010 and Sp011 are exactly identical!
WARNING: Sequences Sp012 and Sp013 are exactly identical!
WARNING: Duplicate sequences found: 3

NOTE: Reduced alignment (with duplicates and gap-only sites/taxa removed) 
NOTE: was saved to: /groups/pupko/alburquerque/RL/Tree_Data/data/All_sized/535/masked_species_real_msa.phy.raxml.reduced.phy

Alignment comprises 1 partitions and 118 patterns

Partition 0: noname
Model: GTR{3.68124/3.70993/3.71687/1.87194/9.05406/1}+FU{0.18784/0.31117/0.28231/0.21868}+IU{0.456}+G4m{0.618}
Alignment sites / patterns: 460 / 118
Gaps: 6.84 %
Invariant sites: 78.26 %


NOTE: Binary MSA file created: /groups/pupko/alburquerque/RL/Tree_Data/data/All_sized/535/masked_species_real_msa.phy.raxml.rba

Parallelization scheme autoconfig: 1 worker(s) x 1 thread(s)

Parallel reduction/worker buffer size: 1 KB  / 0 KB

[00:00:00] Generating 1 random starting tree(s) with 15 taxa
[00:00:00] Data distribution: max. partitions/sites/weight per thread: 1 / 118 / 1888
[00:00:00] Data distribution: max. searches per worker: 1

Starting ML tree search with 1 distinct starting trees

[00:00:00 -1850.166922] Initial branch length optimization
[00:00:00 -1536.548159] Model parameter optimization (eps = 10.000000)
[00:00:00 -1536.327462] AUTODETECT spr round 1 (radius: 5)
[00:00:00 -1346.191776] AUTODETECT spr round 2 (radius: 10)
[00:00:00 -1346.189650] SPR radius for FAST iterations: 5 (autodetect)
[00:00:00 -1346.189650] Model parameter optimization (eps = 3.000000)
[00:00:00 -1346.189550] FAST spr round 1 (radius: 5)
[00:00:00 -1345.655788] FAST spr round 2 (radius: 5)
[00:00:00 -1345.655720] Model parameter optimization (eps = 1.000000)
[00:00:00 -1345.655720] SLOW spr round 1 (radius: 5)
[00:00:00 -1345.655720] SLOW spr round 2 (radius: 10)
[00:00:00 -1345.655720] SLOW spr round 3 (radius: 15)
[00:00:00 -1345.655720] Model parameter optimization (eps = 0.100000)

[00:00:00] ML tree search #1, logLikelihood: -1345.655720


Optimized model parameters:

   Partition 0: noname
   Rate heterogeneity: GAMMA (4 cats, mean),  alpha: 0.618000 (user),  weights&rates: (0.250000,0.056840) (0.250000,0.322131) (0.250000,0.890231) (0.250000,2.730798) 
   P-inv (user): 0.456000
   Base frequencies (user): 0.187840 0.311170 0.282310 0.218680 
   Substitution rates (user): 3.681240 3.709930 3.716870 1.871940 9.054060 1.000000 


Final LogLikelihood: -1345.655720

AIC score: 2745.311440 / AICc score: 2748.811440 / BIC score: 2856.854555
Free parameters (model + branch lengths): 27

WARNING: Best ML tree contains 2 near-zero branches!

Best ML tree with collapsed near-zero branches saved to: /groups/pupko/alburquerque/RL/Tree_Data/data/All_sized/535/masked_species_real_msa.phy.raxml.bestTreeCollapsed
Best ML tree saved to: /groups/pupko/alburquerque/RL/Tree_Data/data/All_sized/535/masked_species_real_msa.phy.raxml.bestTree
Optimized model saved to: /groups/pupko/alburquerque/RL/Tree_Data/data/All_sized/535/masked_species_real_msa.phy.raxml.bestModel

Execution log saved to: /groups/pupko/alburquerque/RL/Tree_Data/data/All_sized/535/masked_species_real_msa.phy.raxml.log

Analysis started: 21-Dec-2022 19:39:13 / finished: 21-Dec-2022 19:39:13

Elapsed time: 0.284 seconds

