
RAxML-NG v. 1.1 released on 29.11.2021 by The Exelixis Lab.
Developed by: Alexey M. Kozlov and Alexandros Stamatakis.
Contributors: Diego Darriba, Tomas Flouri, Benoit Morel, Sarah Lutteropp, Ben Bettisworth.
Latest version: https://github.com/amkozlov/raxml-ng
Questions/problems/suggestions? Please visit: https://groups.google.com/forum/#!forum/raxml

System: Intel(R) Xeon(R) CPU E5-2680 v3 @ 2.50GHz, 24 cores, 125 GB RAM

RAxML-NG was called at 21-Dec-2022 19:39:11 as follows:

raxml-ng --msa /groups/pupko/alburquerque/RL/Tree_Data/data/All_sized/2405/masked_species_real_msa.phy --threads 1 --opt-branches on --opt-model --nofiles --tree rand{1} --redo off --model GTR{2.42386/4.74560/1.81194/2.74634/5.90196/1.00000}+I{0.342}+G{0.602}+F{0.24345/0.24370/0.24356/0.26930}

Analysis options:
  run mode: ML tree search
  start tree(s): random (1)
  random seed: 1671644351
  tip-inner: OFF
  pattern compression: ON
  per-rate scalers: OFF
  site repeats: ON
  fast spr radius: AUTO
  spr subtree cutoff: 1.000000
  branch lengths: proportional (ML estimate, algorithm: NR-FAST)
  SIMD kernels: AVX2
  parallelization: coarse-grained (auto), NONE/sequential

WARNING: Running in REDO mode: existing checkpoints are ignored, and all result files will be overwritten!

[00:00:00] Reading alignment from file: /groups/pupko/alburquerque/RL/Tree_Data/data/All_sized/2405/masked_species_real_msa.phy
[00:00:00] Loaded alignment with 15 taxa and 654 sites

Alignment comprises 1 partitions and 207 patterns

Partition 0: noname
Model: GTR{2.42386/4.7456/1.81194/2.74634/5.90196/1}+FU{0.24345/0.2437/0.24356/0.2693}+IU{0.342}+G4m{0.602}
Alignment sites / patterns: 654 / 207
Gaps: 12.88 %
Invariant sites: 72.48 %


NOTE: Binary MSA file created: /groups/pupko/alburquerque/RL/Tree_Data/data/All_sized/2405/masked_species_real_msa.phy.raxml.rba

Parallelization scheme autoconfig: 1 worker(s) x 1 thread(s)

Parallel reduction/worker buffer size: 1 KB  / 0 KB

[00:00:00] Generating 1 random starting tree(s) with 15 taxa
[00:00:00] Data distribution: max. partitions/sites/weight per thread: 1 / 207 / 3312
[00:00:00] Data distribution: max. searches per worker: 1

Starting ML tree search with 1 distinct starting trees

[00:00:00 -2801.030864] Initial branch length optimization
[00:00:00 -2401.071575] Model parameter optimization (eps = 10.000000)
[00:00:00 -2400.689458] AUTODETECT spr round 1 (radius: 5)
[00:00:00 -2206.915420] AUTODETECT spr round 2 (radius: 10)
[00:00:00 -2206.896555] SPR radius for FAST iterations: 5 (autodetect)
[00:00:00 -2206.896555] Model parameter optimization (eps = 3.000000)
[00:00:00 -2206.894352] FAST spr round 1 (radius: 5)
[00:00:00 -2206.053715] FAST spr round 2 (radius: 5)
[00:00:00 -2205.694858] FAST spr round 3 (radius: 5)
[00:00:00 -2205.694852] Model parameter optimization (eps = 1.000000)
[00:00:00 -2205.694852] SLOW spr round 1 (radius: 5)
[00:00:00 -2205.694852] SLOW spr round 2 (radius: 10)
[00:00:00 -2205.694852] SLOW spr round 3 (radius: 15)
[00:00:00 -2205.694852] Model parameter optimization (eps = 0.100000)

[00:00:00] ML tree search #1, logLikelihood: -2205.694852


Optimized model parameters:

   Partition 0: noname
   Rate heterogeneity: GAMMA (4 cats, mean),  alpha: 0.602000 (user),  weights&rates: (0.250000,0.053521) (0.250000,0.313382) (0.250000,0.882336) (0.250000,2.750761) 
   P-inv (user): 0.342000
   Base frequencies (user): 0.243448 0.243698 0.243558 0.269297 
   Substitution rates (user): 2.423860 4.745600 1.811940 2.746340 5.901960 1.000000 


Final LogLikelihood: -2205.694852

AIC score: 4465.389703 / AICc score: 4467.805039 / BIC score: 4586.433602
Free parameters (model + branch lengths): 27

WARNING: Best ML tree contains 2 near-zero branches!

Best ML tree with collapsed near-zero branches saved to: /groups/pupko/alburquerque/RL/Tree_Data/data/All_sized/2405/masked_species_real_msa.phy.raxml.bestTreeCollapsed
Best ML tree saved to: /groups/pupko/alburquerque/RL/Tree_Data/data/All_sized/2405/masked_species_real_msa.phy.raxml.bestTree
Optimized model saved to: /groups/pupko/alburquerque/RL/Tree_Data/data/All_sized/2405/masked_species_real_msa.phy.raxml.bestModel

Execution log saved to: /groups/pupko/alburquerque/RL/Tree_Data/data/All_sized/2405/masked_species_real_msa.phy.raxml.log

Analysis started: 21-Dec-2022 19:39:11 / finished: 21-Dec-2022 19:39:12

Elapsed time: 0.417 seconds

