
RAxML-NG v. 1.1 released on 29.11.2021 by The Exelixis Lab.
Developed by: Alexey M. Kozlov and Alexandros Stamatakis.
Contributors: Diego Darriba, Tomas Flouri, Benoit Morel, Sarah Lutteropp, Ben Bettisworth.
Latest version: https://github.com/amkozlov/raxml-ng
Questions/problems/suggestions? Please visit: https://groups.google.com/forum/#!forum/raxml

System: Intel(R) Xeon(R) CPU E5-2670 v2 @ 2.50GHz, 20 cores, 62 GB RAM

RAxML-NG was called at 25-Dec-2022 18:30:27 as follows:

raxml-ng --msa /groups/pupko/alburquerque/RL/Tree_Data/data/All_sized/2116/masked_species_real_msa.phy --threads 1 --opt-branches on --opt-model --nofiles --tree rand{1} --redo off --model GTR{2.06084/4.73791/3.23092/1.06167/8.89556/1.00000}+I{0.540}+G{0.653}+F{0.25160/0.21412/0.27054/0.26374}

Analysis options:
  run mode: ML tree search
  start tree(s): random (1)
  random seed: 1671985827
  tip-inner: OFF
  pattern compression: ON
  per-rate scalers: OFF
  site repeats: ON
  fast spr radius: AUTO
  spr subtree cutoff: 1.000000
  branch lengths: proportional (ML estimate, algorithm: NR-FAST)
  SIMD kernels: AVX
  parallelization: coarse-grained (auto), NONE/sequential

WARNING: Running in REDO mode: existing checkpoints are ignored, and all result files will be overwritten!

[00:00:00] Reading alignment from file: /groups/pupko/alburquerque/RL/Tree_Data/data/All_sized/2116/masked_species_real_msa.phy
[00:00:00] Loaded alignment with 20 taxa and 1764 sites

Alignment comprises 1 partitions and 143 patterns

Partition 0: noname
Model: GTR{2.06084/4.73791/3.23092/1.06167/8.89556/1}+FU{0.2516/0.21412/0.27054/0.26374}+IU{0.54}+G4m{0.653}
Alignment sites / patterns: 1764 / 143
Gaps: 0.69 %
Invariant sites: 78.40 %


NOTE: Binary MSA file created: /groups/pupko/alburquerque/RL/Tree_Data/data/All_sized/2116/masked_species_real_msa.phy.raxml.rba

Parallelization scheme autoconfig: 1 worker(s) x 1 thread(s)

Parallel reduction/worker buffer size: 1 KB  / 0 KB

[00:00:00] Generating 1 random starting tree(s) with 20 taxa
[00:00:00] Data distribution: max. partitions/sites/weight per thread: 1 / 143 / 2288
[00:00:00] Data distribution: max. searches per worker: 1

Starting ML tree search with 1 distinct starting trees

[00:00:00 -6612.208940] Initial branch length optimization
[00:00:00 -5104.535935] Model parameter optimization (eps = 10.000000)
[00:00:00 -5103.111838] AUTODETECT spr round 1 (radius: 5)
[00:00:00 -4822.989743] AUTODETECT spr round 2 (radius: 10)
[00:00:00 -4822.979288] SPR radius for FAST iterations: 5 (autodetect)
[00:00:00 -4822.979288] Model parameter optimization (eps = 3.000000)
[00:00:00 -4822.972327] FAST spr round 1 (radius: 5)
[00:00:00 -4798.517302] FAST spr round 2 (radius: 5)
[00:00:00 -4798.515262] Model parameter optimization (eps = 1.000000)
[00:00:00 -4798.514753] SLOW spr round 1 (radius: 5)
[00:00:00 -4797.855694] SLOW spr round 2 (radius: 5)
[00:00:00 -4797.855455] SLOW spr round 3 (radius: 10)
[00:00:00 -4797.855323] SLOW spr round 4 (radius: 15)
[00:00:00 -4797.855250] SLOW spr round 5 (radius: 20)
[00:00:00 -4797.855209] Model parameter optimization (eps = 0.100000)

[00:00:00] ML tree search #1, logLikelihood: -4797.855197


Optimized model parameters:

   Partition 0: noname
   Rate heterogeneity: GAMMA (4 cats, mean),  alpha: 0.653000 (user),  weights&rates: (0.250000,0.064192) (0.250000,0.340484) (0.250000,0.906124) (0.250000,2.689201) 
   P-inv (user): 0.540000
   Base frequencies (user): 0.251600 0.214120 0.270540 0.263740 
   Substitution rates (user): 2.060840 4.737910 3.230920 1.061670 8.895560 1.000000 


Final LogLikelihood: -4797.855197

AIC score: 9669.710393 / AICc score: 9671.339593 / BIC score: 9872.297945
Free parameters (model + branch lengths): 37

WARNING: Best ML tree contains 3 near-zero branches!

Best ML tree with collapsed near-zero branches saved to: /groups/pupko/alburquerque/RL/Tree_Data/data/All_sized/2116/masked_species_real_msa.phy.raxml.bestTreeCollapsed
Best ML tree saved to: /groups/pupko/alburquerque/RL/Tree_Data/data/All_sized/2116/masked_species_real_msa.phy.raxml.bestTree
Optimized model saved to: /groups/pupko/alburquerque/RL/Tree_Data/data/All_sized/2116/masked_species_real_msa.phy.raxml.bestModel

Execution log saved to: /groups/pupko/alburquerque/RL/Tree_Data/data/All_sized/2116/masked_species_real_msa.phy.raxml.log

Analysis started: 25-Dec-2022 18:30:27 / finished: 25-Dec-2022 18:30:28

Elapsed time: 0.624 seconds

