
RAxML-NG v. 1.1 released on 29.11.2021 by The Exelixis Lab.
Developed by: Alexey M. Kozlov and Alexandros Stamatakis.
Contributors: Diego Darriba, Tomas Flouri, Benoit Morel, Sarah Lutteropp, Ben Bettisworth.
Latest version: https://github.com/amkozlov/raxml-ng
Questions/problems/suggestions? Please visit: https://groups.google.com/forum/#!forum/raxml

System: Intel(R) Xeon(R) Gold 6230 CPU @ 2.10GHz, 1 cores, 31 GB RAM

RAxML-NG was called at 28-Dec-2022 15:01:22 as follows:

raxml-ng --msa /groups/pupko/alburquerque/RL/Tree_Data/data/All_sized/802/masked_species_real_msa.phy --threads 1 --opt-branches on --opt-model --nofiles --tree rand{1} --redo off --model GTR{0.87389/2.66496/1.61056/0.67142/2.90444/1.00000}+I{0.354}+G{0.359}+F{0.21885/0.24907/0.30208/0.23000}

Analysis options:
  run mode: ML tree search
  start tree(s): random (1)
  random seed: 1672232482
  tip-inner: OFF
  pattern compression: ON
  per-rate scalers: OFF
  site repeats: ON
  fast spr radius: AUTO
  spr subtree cutoff: 1.000000
  branch lengths: proportional (ML estimate, algorithm: NR-FAST)
  SIMD kernels: AVX2
  parallelization: coarse-grained (auto), NONE/sequential

WARNING: Running in REDO mode: existing checkpoints are ignored, and all result files will be overwritten!

[00:00:00] Reading alignment from file: /groups/pupko/alburquerque/RL/Tree_Data/data/All_sized/802/masked_species_real_msa.phy
[00:00:00] Loaded alignment with 20 taxa and 1431 sites

Alignment comprises 1 partitions and 546 patterns

Partition 0: noname
Model: GTR{0.87389/2.66496/1.61056/0.67142/2.90444/1}+FU{0.21885/0.24907/0.30208/0.23}+IU{0.354}+G4m{0.359}
Alignment sites / patterns: 1431 / 546
Gaps: 9.84 %
Invariant sites: 62.47 %


NOTE: Binary MSA file created: /groups/pupko/alburquerque/RL/Tree_Data/data/All_sized/802/masked_species_real_msa.phy.raxml.rba

Parallelization scheme autoconfig: 1 worker(s) x 1 thread(s)

Parallel reduction/worker buffer size: 1 KB  / 0 KB

[00:00:00] Generating 1 random starting tree(s) with 20 taxa
[00:00:00] Data distribution: max. partitions/sites/weight per thread: 1 / 546 / 8736
[00:00:00] Data distribution: max. searches per worker: 1

Starting ML tree search with 1 distinct starting trees

[00:00:00 -10054.435224] Initial branch length optimization
[00:00:00 -8914.427832] Model parameter optimization (eps = 10.000000)
[00:00:00 -8913.438586] AUTODETECT spr round 1 (radius: 5)
[00:00:00 -8453.386439] AUTODETECT spr round 2 (radius: 10)
[00:00:00 -8404.765262] AUTODETECT spr round 3 (radius: 15)
[00:00:00 -8404.715166] SPR radius for FAST iterations: 10 (autodetect)
[00:00:00 -8404.715166] Model parameter optimization (eps = 3.000000)
[00:00:00 -8404.681701] FAST spr round 1 (radius: 10)
[00:00:00 -8370.497076] FAST spr round 2 (radius: 10)
[00:00:00 -8370.315696] FAST spr round 3 (radius: 10)
[00:00:01 -8369.512729] FAST spr round 4 (radius: 10)
[00:00:01 -8369.039379] FAST spr round 5 (radius: 10)
[00:00:01 -8369.039241] Model parameter optimization (eps = 1.000000)
[00:00:01 -8369.039240] SLOW spr round 1 (radius: 5)
[00:00:02 -8369.039240] SLOW spr round 2 (radius: 10)
[00:00:02 -8369.039240] SLOW spr round 3 (radius: 15)
[00:00:02 -8369.039240] SLOW spr round 4 (radius: 20)
[00:00:02 -8369.039240] Model parameter optimization (eps = 0.100000)

[00:00:03] ML tree search #1, logLikelihood: -8369.039240


Optimized model parameters:

   Partition 0: noname
   Rate heterogeneity: GAMMA (4 cats, mean),  alpha: 0.359000 (user),  weights&rates: (0.250000,0.011271) (0.250000,0.150537) (0.250000,0.682810) (0.250000,3.155382) 
   P-inv (user): 0.354000
   Base frequencies (user): 0.218850 0.249070 0.302080 0.230000 
   Substitution rates (user): 0.873890 2.664960 1.610560 0.671420 2.904440 1.000000 


Final LogLikelihood: -8369.039240

AIC score: 16812.078480 / AICc score: 16814.097144 / BIC score: 17006.925244
Free parameters (model + branch lengths): 37

Best ML tree saved to: /groups/pupko/alburquerque/RL/Tree_Data/data/All_sized/802/masked_species_real_msa.phy.raxml.bestTree
Optimized model saved to: /groups/pupko/alburquerque/RL/Tree_Data/data/All_sized/802/masked_species_real_msa.phy.raxml.bestModel

Execution log saved to: /groups/pupko/alburquerque/RL/Tree_Data/data/All_sized/802/masked_species_real_msa.phy.raxml.log

Analysis started: 28-Dec-2022 15:01:22 / finished: 28-Dec-2022 15:01:25

Elapsed time: 3.016 seconds

