
RAxML-NG v. 1.1 released on 29.11.2021 by The Exelixis Lab.
Developed by: Alexey M. Kozlov and Alexandros Stamatakis.
Contributors: Diego Darriba, Tomas Flouri, Benoit Morel, Sarah Lutteropp, Ben Bettisworth.
Latest version: https://github.com/amkozlov/raxml-ng
Questions/problems/suggestions? Please visit: https://groups.google.com/forum/#!forum/raxml

System: AMD Opteron(tm) Processor 6128, 16 cores, 117 GB RAM

RAxML-NG was called at 30-Nov-2022 16:46:13 as follows:

raxml-ng --msa /groups/pupko/alburquerque/RL/Tree_Data/data/All_sized/10139/masked_species_real_msa.phy --threads 1 --opt-branches on --opt-model --nofiles --tree rand{1} --redo off --model GTR{0.43803/7.21078/0.93785/0.92909/5.89280/1.00000}+I{0.307}+G{0.574}+F{0.32604/0.17007/0.19550/0.30839}

Analysis options:
  run mode: ML tree search
  start tree(s): random (1)
  random seed: 1669819573
  tip-inner: OFF
  pattern compression: ON
  per-rate scalers: OFF
  site repeats: ON
  fast spr radius: AUTO
  spr subtree cutoff: 1.000000
  branch lengths: proportional (ML estimate, algorithm: NR-FAST)
  SIMD kernels: SSE3
  parallelization: coarse-grained (auto), NONE/sequential

WARNING: Running in REDO mode: existing checkpoints are ignored, and all result files will be overwritten!

[00:00:00] Reading alignment from file: /groups/pupko/alburquerque/RL/Tree_Data/data/All_sized/10139/masked_species_real_msa.phy
[00:00:00] Loaded alignment with 12 taxa and 302 sites

Alignment comprises 1 partitions and 58 patterns

Partition 0: noname
Model: GTR{0.43803/7.21078/0.93785/0.92909/5.8928/1}+FU{0.32604/0.17007/0.1955/0.30839}+IU{0.307}+G4m{0.574}
Alignment sites / patterns: 302 / 58
Gaps: 14.02 %
Invariant sites: 91.06 %


NOTE: Binary MSA file created: /groups/pupko/alburquerque/RL/Tree_Data/data/All_sized/10139/masked_species_real_msa.phy.raxml.rba

Parallelization scheme autoconfig: 1 worker(s) x 1 thread(s)

Parallel reduction/worker buffer size: 1 KB  / 0 KB

[00:00:00] Generating 1 random starting tree(s) with 12 taxa
[00:00:00] Data distribution: max. partitions/sites/weight per thread: 1 / 58 / 928
[00:00:00] Data distribution: max. searches per worker: 1

Starting ML tree search with 1 distinct starting trees

[00:00:00 -778.223187] Initial branch length optimization
[00:00:00 -659.206006] Model parameter optimization (eps = 10.000000)
[00:00:00 -659.203007] AUTODETECT spr round 1 (radius: 5)
[00:00:00 -588.549639] AUTODETECT spr round 2 (radius: 10)
[00:00:00 -588.549636] SPR radius for FAST iterations: 5 (autodetect)
[00:00:00 -588.549636] Model parameter optimization (eps = 3.000000)
[00:00:00 -588.549636] FAST spr round 1 (radius: 5)
[00:00:00 -588.549476] Model parameter optimization (eps = 1.000000)
[00:00:00 -588.549476] SLOW spr round 1 (radius: 5)
[00:00:00 -588.549451] SLOW spr round 2 (radius: 10)
[00:00:00 -588.549451] Model parameter optimization (eps = 0.100000)

[00:00:00] ML tree search #1, logLikelihood: -588.549451


Optimized model parameters:

   Partition 0: noname
   Rate heterogeneity: GAMMA (4 cats, mean),  alpha: 0.574000 (user),  weights&rates: (0.250000,0.047794) (0.250000,0.297507) (0.250000,0.867452) (0.250000,2.787247) 
   P-inv (user): 0.307000
   Base frequencies (user): 0.326040 0.170070 0.195500 0.308390 
   Substitution rates (user): 0.438030 7.210780 0.937850 0.929090 5.892800 1.000000 


Final LogLikelihood: -588.549451

AIC score: 1219.098902 / AICc score: 1222.398902 / BIC score: 1297.017869
Free parameters (model + branch lengths): 21

WARNING: Best ML tree contains 2 near-zero branches!

Best ML tree with collapsed near-zero branches saved to: /groups/pupko/alburquerque/RL/Tree_Data/data/All_sized/10139/masked_species_real_msa.phy.raxml.bestTreeCollapsed
Best ML tree saved to: /groups/pupko/alburquerque/RL/Tree_Data/data/All_sized/10139/masked_species_real_msa.phy.raxml.bestTree
Optimized model saved to: /groups/pupko/alburquerque/RL/Tree_Data/data/All_sized/10139/masked_species_real_msa.phy.raxml.bestModel

Execution log saved to: /groups/pupko/alburquerque/RL/Tree_Data/data/All_sized/10139/masked_species_real_msa.phy.raxml.log

Analysis started: 30-Nov-2022 16:46:13 / finished: 30-Nov-2022 16:46:13

Elapsed time: 0.285 seconds

