
RAxML-NG v. 1.1 released on 29.11.2021 by The Exelixis Lab.
Developed by: Alexey M. Kozlov and Alexandros Stamatakis.
Contributors: Diego Darriba, Tomas Flouri, Benoit Morel, Sarah Lutteropp, Ben Bettisworth.
Latest version: https://github.com/amkozlov/raxml-ng
Questions/problems/suggestions? Please visit: https://groups.google.com/forum/#!forum/raxml

System: AMD Opteron(tm) Processor 6128, 16 cores, 117 GB RAM

RAxML-NG was called at 30-Nov-2022 16:46:14 as follows:

raxml-ng --msa /groups/pupko/alburquerque/RL/Tree_Data/data/All_sized/2316/masked_species_real_msa.phy --threads 1 --opt-branches on --opt-model --nofiles --tree rand{1} --redo off --model GTR{1.74089/4.75867/1.37326/0.43855/7.36025/1.00000}+I{0.656}+G{0.675}+F{0.28170/0.16211/0.25637/0.29983}

Analysis options:
  run mode: ML tree search
  start tree(s): random (1)
  random seed: 1669819574
  tip-inner: OFF
  pattern compression: ON
  per-rate scalers: OFF
  site repeats: ON
  fast spr radius: AUTO
  spr subtree cutoff: 1.000000
  branch lengths: proportional (ML estimate, algorithm: NR-FAST)
  SIMD kernels: SSE3
  parallelization: coarse-grained (auto), NONE/sequential

WARNING: Running in REDO mode: existing checkpoints are ignored, and all result files will be overwritten!

[00:00:00] Reading alignment from file: /groups/pupko/alburquerque/RL/Tree_Data/data/All_sized/2316/masked_species_real_msa.phy
[00:00:00] Loaded alignment with 12 taxa and 751 sites

Alignment comprises 1 partitions and 91 patterns

Partition 0: noname
Model: GTR{1.74089/4.75867/1.37326/0.43855/7.36025/1}+FU{0.2817/0.16211/0.25637/0.29983}+IU{0.656}+G4m{0.675}
Alignment sites / patterns: 751 / 91
Gaps: 0.11 %
Invariant sites: 85.22 %


NOTE: Binary MSA file created: /groups/pupko/alburquerque/RL/Tree_Data/data/All_sized/2316/masked_species_real_msa.phy.raxml.rba

Parallelization scheme autoconfig: 1 worker(s) x 1 thread(s)

Parallel reduction/worker buffer size: 1 KB  / 0 KB

[00:00:00] Generating 1 random starting tree(s) with 12 taxa
[00:00:00] Data distribution: max. partitions/sites/weight per thread: 1 / 91 / 1456
[00:00:00] Data distribution: max. searches per worker: 1

Starting ML tree search with 1 distinct starting trees

[00:00:00 -2283.284615] Initial branch length optimization
[00:00:00 -2041.273714] Model parameter optimization (eps = 10.000000)
[00:00:00 -2040.213319] AUTODETECT spr round 1 (radius: 5)
[00:00:00 -1956.840987] AUTODETECT spr round 2 (radius: 10)
[00:00:00 -1956.840170] SPR radius for FAST iterations: 5 (autodetect)
[00:00:00 -1956.840170] Model parameter optimization (eps = 3.000000)
[00:00:00 -1956.840130] FAST spr round 1 (radius: 5)
[00:00:00 -1954.070421] FAST spr round 2 (radius: 5)
[00:00:00 -1953.907212] FAST spr round 3 (radius: 5)
[00:00:00 -1953.907207] Model parameter optimization (eps = 1.000000)
[00:00:00 -1953.907207] SLOW spr round 1 (radius: 5)
[00:00:00 -1953.907207] SLOW spr round 2 (radius: 10)
[00:00:00 -1953.907207] Model parameter optimization (eps = 0.100000)

[00:00:00] ML tree search #1, logLikelihood: -1953.907207


Optimized model parameters:

   Partition 0: noname
   Rate heterogeneity: GAMMA (4 cats, mean),  alpha: 0.675000 (user),  weights&rates: (0.250000,0.068858) (0.250000,0.351492) (0.250000,0.915240) (0.250000,2.664410) 
   P-inv (user): 0.656000
   Base frequencies (user): 0.281697 0.162108 0.256367 0.299827 
   Substitution rates (user): 1.740890 4.758670 1.373260 0.438550 7.360250 1.000000 


Final LogLikelihood: -1953.907207

AIC score: 3949.814413 / AICc score: 3951.081903 / BIC score: 4046.863932
Free parameters (model + branch lengths): 21

Best ML tree saved to: /groups/pupko/alburquerque/RL/Tree_Data/data/All_sized/2316/masked_species_real_msa.phy.raxml.bestTree
Optimized model saved to: /groups/pupko/alburquerque/RL/Tree_Data/data/All_sized/2316/masked_species_real_msa.phy.raxml.bestModel

Execution log saved to: /groups/pupko/alburquerque/RL/Tree_Data/data/All_sized/2316/masked_species_real_msa.phy.raxml.log

Analysis started: 30-Nov-2022 16:46:14 / finished: 30-Nov-2022 16:46:15

Elapsed time: 0.751 seconds

