
RAxML-NG v. 1.1 released on 29.11.2021 by The Exelixis Lab.
Developed by: Alexey M. Kozlov and Alexandros Stamatakis.
Contributors: Diego Darriba, Tomas Flouri, Benoit Morel, Sarah Lutteropp, Ben Bettisworth.
Latest version: https://github.com/amkozlov/raxml-ng
Questions/problems/suggestions? Please visit: https://groups.google.com/forum/#!forum/raxml

System: Intel(R) Xeon(R) CPU E5-2670 v2 @ 2.50GHz, 20 cores, 62 GB RAM

RAxML-NG was called at 25-Dec-2022 18:31:36 as follows:

raxml-ng --msa /groups/pupko/alburquerque/RL/Tree_Data/data/All_sized/23025/masked_species_real_msa.phy --threads 1 --opt-branches on --opt-model --nofiles --tree rand{1} --redo off --model GTR{1.27594/2.88475/0.92324/0.55962/6.10476/1.00000}+I{0.024}+G{0.494}+F{0.26423/0.23413/0.26616/0.23548}

Analysis options:
  run mode: ML tree search
  start tree(s): random (1)
  random seed: 1671985896
  tip-inner: OFF
  pattern compression: ON
  per-rate scalers: OFF
  site repeats: ON
  fast spr radius: AUTO
  spr subtree cutoff: 1.000000
  branch lengths: proportional (ML estimate, algorithm: NR-FAST)
  SIMD kernels: AVX
  parallelization: coarse-grained (auto), NONE/sequential

WARNING: Running in REDO mode: existing checkpoints are ignored, and all result files will be overwritten!

[00:00:00] Reading alignment from file: /groups/pupko/alburquerque/RL/Tree_Data/data/All_sized/23025/masked_species_real_msa.phy
[00:00:00] Loaded alignment with 20 taxa and 654 sites

Alignment comprises 1 partitions and 148 patterns

Partition 0: noname
Model: GTR{1.27594/2.88475/0.92324/0.55962/6.10476/1}+FU{0.26423/0.23413/0.26616/0.23548}+IU{0.024}+G4m{0.494}
Alignment sites / patterns: 654 / 148
Gaps: 8.81 %
Invariant sites: 48.62 %


NOTE: Binary MSA file created: /groups/pupko/alburquerque/RL/Tree_Data/data/All_sized/23025/masked_species_real_msa.phy.raxml.rba

Parallelization scheme autoconfig: 1 worker(s) x 1 thread(s)

Parallel reduction/worker buffer size: 1 KB  / 0 KB

[00:00:00] Generating 1 random starting tree(s) with 20 taxa
[00:00:00] Data distribution: max. partitions/sites/weight per thread: 1 / 148 / 2368
[00:00:00] Data distribution: max. searches per worker: 1

Starting ML tree search with 1 distinct starting trees

[00:00:00 -4238.649755] Initial branch length optimization
[00:00:00 -2825.711867] Model parameter optimization (eps = 10.000000)
[00:00:00 -2825.556011] AUTODETECT spr round 1 (radius: 5)
[00:00:00 -2677.840752] AUTODETECT spr round 2 (radius: 10)
[00:00:00 -2677.347484] AUTODETECT spr round 3 (radius: 15)
[00:00:00 -2677.274707] SPR radius for FAST iterations: 10 (autodetect)
[00:00:00 -2677.274707] Model parameter optimization (eps = 3.000000)
[00:00:00 -2677.211858] FAST spr round 1 (radius: 10)
[00:00:00 -2670.559154] FAST spr round 2 (radius: 10)
[00:00:00 -2667.177005] FAST spr round 3 (radius: 10)
[00:00:00 -2667.176964] Model parameter optimization (eps = 1.000000)
[00:00:00 -2667.176964] SLOW spr round 1 (radius: 5)
[00:00:00 -2667.129544] SLOW spr round 2 (radius: 10)
[00:00:00 -2667.129538] SLOW spr round 3 (radius: 15)
[00:00:00 -2667.129538] SLOW spr round 4 (radius: 20)
[00:00:00 -2667.129538] Model parameter optimization (eps = 0.100000)

[00:00:00] ML tree search #1, logLikelihood: -2667.129538


Optimized model parameters:

   Partition 0: noname
   Rate heterogeneity: GAMMA (4 cats, mean),  alpha: 0.494000 (user),  weights&rates: (0.250000,0.032281) (0.250000,0.247981) (0.250000,0.815853) (0.250000,2.903885) 
   P-inv (user): 0.024000
   Base frequencies (user): 0.264230 0.234130 0.266160 0.235480 
   Substitution rates (user): 1.275940 2.884750 0.923240 0.559620 6.104760 1.000000 


Final LogLikelihood: -2667.129538

AIC score: 5408.259076 / AICc score: 5412.824012 / BIC score: 5574.134049
Free parameters (model + branch lengths): 37

WARNING: Best ML tree contains 5 near-zero branches!

Best ML tree with collapsed near-zero branches saved to: /groups/pupko/alburquerque/RL/Tree_Data/data/All_sized/23025/masked_species_real_msa.phy.raxml.bestTreeCollapsed
Best ML tree saved to: /groups/pupko/alburquerque/RL/Tree_Data/data/All_sized/23025/masked_species_real_msa.phy.raxml.bestTree
Optimized model saved to: /groups/pupko/alburquerque/RL/Tree_Data/data/All_sized/23025/masked_species_real_msa.phy.raxml.bestModel

Execution log saved to: /groups/pupko/alburquerque/RL/Tree_Data/data/All_sized/23025/masked_species_real_msa.phy.raxml.log

Analysis started: 25-Dec-2022 18:31:36 / finished: 25-Dec-2022 18:31:36

Elapsed time: 0.499 seconds

