
RAxML-NG v. 1.1 released on 29.11.2021 by The Exelixis Lab.
Developed by: Alexey M. Kozlov and Alexandros Stamatakis.
Contributors: Diego Darriba, Tomas Flouri, Benoit Morel, Sarah Lutteropp, Ben Bettisworth.
Latest version: https://github.com/amkozlov/raxml-ng
Questions/problems/suggestions? Please visit: https://groups.google.com/forum/#!forum/raxml

System: Intel(R) Xeon(R) CPU E5-2670 v2 @ 2.50GHz, 20 cores, 62 GB RAM

RAxML-NG was called at 25-Dec-2022 18:31:34 as follows:

raxml-ng --msa /groups/pupko/alburquerque/RL/Tree_Data/data/All_sized/8381/masked_species_real_msa.phy --threads 1 --opt-branches on --opt-model --nofiles --tree rand{1} --redo off --model GTR{1.40783/4.00582/1.76084/1.23564/5.20232/1.00000}+I{0.000}+G{0.231}+F{0.21858/0.32092/0.18412/0.27638}

Analysis options:
  run mode: ML tree search
  start tree(s): random (1)
  random seed: 1671985894
  tip-inner: OFF
  pattern compression: ON
  per-rate scalers: OFF
  site repeats: ON
  fast spr radius: AUTO
  spr subtree cutoff: 1.000000
  branch lengths: proportional (ML estimate, algorithm: NR-FAST)
  SIMD kernels: AVX
  parallelization: coarse-grained (auto), NONE/sequential

WARNING: Running in REDO mode: existing checkpoints are ignored, and all result files will be overwritten!

[00:00:00] Reading alignment from file: /groups/pupko/alburquerque/RL/Tree_Data/data/All_sized/8381/masked_species_real_msa.phy
[00:00:00] Loaded alignment with 20 taxa and 282 sites

Alignment comprises 1 partitions and 110 patterns

Partition 0: noname
Model: GTR{1.40783/4.00582/1.76084/1.23564/5.20232/1}+FU{0.21858/0.32092/0.18412/0.27638}+IU{0}+G4m{0.231}
Alignment sites / patterns: 282 / 110
Gaps: 0.00 %
Invariant sites: 60.99 %


NOTE: Binary MSA file created: /groups/pupko/alburquerque/RL/Tree_Data/data/All_sized/8381/masked_species_real_msa.phy.raxml.rba

Parallelization scheme autoconfig: 1 worker(s) x 1 thread(s)

Parallel reduction/worker buffer size: 1 KB  / 0 KB

[00:00:00] Generating 1 random starting tree(s) with 20 taxa
[00:00:00] Data distribution: max. partitions/sites/weight per thread: 1 / 110 / 1760
[00:00:00] Data distribution: max. searches per worker: 1

Starting ML tree search with 1 distinct starting trees

[00:00:00 -2390.138237] Initial branch length optimization
[00:00:00 -2154.404334] Model parameter optimization (eps = 10.000000)
[00:00:00 -2154.083788] AUTODETECT spr round 1 (radius: 5)
[00:00:00 -1817.940429] AUTODETECT spr round 2 (radius: 10)
[00:00:00 -1801.814548] AUTODETECT spr round 3 (radius: 15)
[00:00:00 -1801.811298] SPR radius for FAST iterations: 10 (autodetect)
[00:00:00 -1801.811298] Model parameter optimization (eps = 3.000000)
[00:00:00 -1801.810730] FAST spr round 1 (radius: 10)
[00:00:00 -1762.404072] FAST spr round 2 (radius: 10)
[00:00:00 -1760.588846] FAST spr round 3 (radius: 10)
[00:00:00 -1760.433134] FAST spr round 4 (radius: 10)
[00:00:00 -1760.432851] Model parameter optimization (eps = 1.000000)
[00:00:00 -1760.432851] SLOW spr round 1 (radius: 5)
[00:00:00 -1760.432851] SLOW spr round 2 (radius: 10)
[00:00:00 -1760.432851] SLOW spr round 3 (radius: 15)
[00:00:00 -1760.432851] SLOW spr round 4 (radius: 20)
[00:00:00 -1760.432851] Model parameter optimization (eps = 0.100000)

[00:00:00] ML tree search #1, logLikelihood: -1760.432851


Optimized model parameters:

   Partition 0: noname
   Rate heterogeneity: GAMMA (4 cats, mean),  alpha: 0.231000 (user),  weights&rates: (0.250000,0.001341) (0.250000,0.053354) (0.250000,0.459669) (0.250000,3.485635) 
   P-inv (user): 0.000000
   Base frequencies (user): 0.218580 0.320920 0.184120 0.276380 
   Substitution rates (user): 1.407830 4.005820 1.760840 1.235640 5.202320 1.000000 


Final LogLikelihood: -1760.432851

AIC score: 3594.865702 / AICc score: 3606.390292 / BIC score: 3729.616263
Free parameters (model + branch lengths): 37

WARNING: Best ML tree contains 1 near-zero branches!

Best ML tree with collapsed near-zero branches saved to: /groups/pupko/alburquerque/RL/Tree_Data/data/All_sized/8381/masked_species_real_msa.phy.raxml.bestTreeCollapsed
Best ML tree saved to: /groups/pupko/alburquerque/RL/Tree_Data/data/All_sized/8381/masked_species_real_msa.phy.raxml.bestTree
Optimized model saved to: /groups/pupko/alburquerque/RL/Tree_Data/data/All_sized/8381/masked_species_real_msa.phy.raxml.bestModel

Execution log saved to: /groups/pupko/alburquerque/RL/Tree_Data/data/All_sized/8381/masked_species_real_msa.phy.raxml.log

Analysis started: 25-Dec-2022 18:31:34 / finished: 25-Dec-2022 18:31:35

Elapsed time: 0.441 seconds

