
RAxML-NG v. 1.1 released on 29.11.2021 by The Exelixis Lab.
Developed by: Alexey M. Kozlov and Alexandros Stamatakis.
Contributors: Diego Darriba, Tomas Flouri, Benoit Morel, Sarah Lutteropp, Ben Bettisworth.
Latest version: https://github.com/amkozlov/raxml-ng
Questions/problems/suggestions? Please visit: https://groups.google.com/forum/#!forum/raxml

System: Intel(R) Xeon(R) CPU E5-2670 v2 @ 2.50GHz, 20 cores, 62 GB RAM

RAxML-NG was called at 25-Dec-2022 18:30:28 as follows:

raxml-ng --msa /groups/pupko/alburquerque/RL/Tree_Data/data/All_sized/8510/masked_species_real_msa.phy --threads 1 --opt-branches on --opt-model --nofiles --tree rand{1} --redo off --model GTR{0.96709/2.10929/0.41801/0.29519/4.41344/1.00000}+I{0.438}+G{0.621}+F{0.30320/0.22550/0.21147/0.25983}

Analysis options:
  run mode: ML tree search
  start tree(s): random (1)
  random seed: 1671985828
  tip-inner: OFF
  pattern compression: ON
  per-rate scalers: OFF
  site repeats: ON
  fast spr radius: AUTO
  spr subtree cutoff: 1.000000
  branch lengths: proportional (ML estimate, algorithm: NR-FAST)
  SIMD kernels: AVX
  parallelization: coarse-grained (auto), NONE/sequential

WARNING: Running in REDO mode: existing checkpoints are ignored, and all result files will be overwritten!

[00:00:00] Reading alignment from file: /groups/pupko/alburquerque/RL/Tree_Data/data/All_sized/8510/masked_species_real_msa.phy
[00:00:00] Loaded alignment with 20 taxa and 1639 sites

WARNING: Sequences Sp002 and Sp011 are exactly identical!
WARNING: Sequences Sp004 and Sp007 are exactly identical!
WARNING: Duplicate sequences found: 2

NOTE: Reduced alignment (with duplicates and gap-only sites/taxa removed) 
NOTE: was saved to: /groups/pupko/alburquerque/RL/Tree_Data/data/All_sized/8510/masked_species_real_msa.phy.raxml.reduced.phy

Alignment comprises 1 partitions and 282 patterns

Partition 0: noname
Model: GTR{0.96709/2.10929/0.41801/0.29519/4.41344/1}+FU{0.3032/0.2255/0.21147/0.25983}+IU{0.438}+G4m{0.621}
Alignment sites / patterns: 1639 / 282
Gaps: 4.77 %
Invariant sites: 81.15 %


NOTE: Binary MSA file created: /groups/pupko/alburquerque/RL/Tree_Data/data/All_sized/8510/masked_species_real_msa.phy.raxml.rba

Parallelization scheme autoconfig: 1 worker(s) x 1 thread(s)

Parallel reduction/worker buffer size: 1 KB  / 0 KB

[00:00:00] Generating 1 random starting tree(s) with 20 taxa
[00:00:00] Data distribution: max. partitions/sites/weight per thread: 1 / 282 / 4512
[00:00:00] Data distribution: max. searches per worker: 1

Starting ML tree search with 1 distinct starting trees

[00:00:00 -6526.402927] Initial branch length optimization
[00:00:00 -5490.003451] Model parameter optimization (eps = 10.000000)
[00:00:00 -5488.068523] AUTODETECT spr round 1 (radius: 5)
[00:00:00 -4853.848203] AUTODETECT spr round 2 (radius: 10)
[00:00:00 -4725.646922] AUTODETECT spr round 3 (radius: 15)
[00:00:00 -4725.646623] SPR radius for FAST iterations: 10 (autodetect)
[00:00:00 -4725.646623] Model parameter optimization (eps = 3.000000)
[00:00:00 -4725.646615] FAST spr round 1 (radius: 10)
[00:00:00 -4661.430065] FAST spr round 2 (radius: 10)
[00:00:00 -4659.873553] FAST spr round 3 (radius: 10)
[00:00:00 -4659.873513] Model parameter optimization (eps = 1.000000)
[00:00:00 -4659.873513] SLOW spr round 1 (radius: 5)
[00:00:00 -4659.873513] SLOW spr round 2 (radius: 10)
[00:00:00 -4659.873513] SLOW spr round 3 (radius: 15)
[00:00:00 -4659.873513] SLOW spr round 4 (radius: 20)
[00:00:00 -4659.873513] Model parameter optimization (eps = 0.100000)

[00:00:00] ML tree search #1, logLikelihood: -4659.873513


Optimized model parameters:

   Partition 0: noname
   Rate heterogeneity: GAMMA (4 cats, mean),  alpha: 0.621000 (user),  weights&rates: (0.250000,0.057466) (0.250000,0.323746) (0.250000,0.891666) (0.250000,2.727123) 
   P-inv (user): 0.438000
   Base frequencies (user): 0.303200 0.225500 0.211470 0.259830 
   Substitution rates (user): 0.967090 2.109290 0.418010 0.295190 4.413440 1.000000 


Final LogLikelihood: -4659.873513

AIC score: 9393.747025 / AICc score: 9395.503427 / BIC score: 9593.615164
Free parameters (model + branch lengths): 37

WARNING: Best ML tree contains 3 near-zero branches!

Best ML tree with collapsed near-zero branches saved to: /groups/pupko/alburquerque/RL/Tree_Data/data/All_sized/8510/masked_species_real_msa.phy.raxml.bestTreeCollapsed
Best ML tree saved to: /groups/pupko/alburquerque/RL/Tree_Data/data/All_sized/8510/masked_species_real_msa.phy.raxml.bestTree
Optimized model saved to: /groups/pupko/alburquerque/RL/Tree_Data/data/All_sized/8510/masked_species_real_msa.phy.raxml.bestModel

Execution log saved to: /groups/pupko/alburquerque/RL/Tree_Data/data/All_sized/8510/masked_species_real_msa.phy.raxml.log

Analysis started: 25-Dec-2022 18:30:28 / finished: 25-Dec-2022 18:30:29

Elapsed time: 0.684 seconds

