
RAxML-NG v. 1.1 released on 29.11.2021 by The Exelixis Lab.
Developed by: Alexey M. Kozlov and Alexandros Stamatakis.
Contributors: Diego Darriba, Tomas Flouri, Benoit Morel, Sarah Lutteropp, Ben Bettisworth.
Latest version: https://github.com/amkozlov/raxml-ng
Questions/problems/suggestions? Please visit: https://groups.google.com/forum/#!forum/raxml

System: Intel(R) Xeon(R) CPU E5-2670 v2 @ 2.50GHz, 20 cores, 62 GB RAM

RAxML-NG was called at 05-Feb-2023 13:37:22 as follows:

raxml-ng --msa /groups/pupko/alburquerque/RL/Tree_Data/data/All_sized/4823/masked_species_real_msa.phy --threads 1 --model GTR{1.77928/3.06352/1.38783/3.77462/6.63946/1.00000}+I{0.931}+G{99.821}+F{0.28590/0.19052/0.31285/0.21072} --tree /groups/pupko/alburquerque/RL/Tree_Data/data/All_sized/4823/Temp_start_tree_file_for_raxml_search.txt --redo

Analysis options:
  run mode: ML tree search
  start tree(s): user
  random seed: 1675597042
  tip-inner: OFF
  pattern compression: ON
  per-rate scalers: OFF
  site repeats: ON
  fast spr radius: AUTO
  spr subtree cutoff: 1.000000
  branch lengths: proportional (ML estimate, algorithm: NR-FAST)
  SIMD kernels: AVX
  parallelization: coarse-grained (auto), NONE/sequential

WARNING: Running in REDO mode: existing checkpoints are ignored, and all result files will be overwritten!

[00:00:00] Reading alignment from file: /groups/pupko/alburquerque/RL/Tree_Data/data/All_sized/4823/masked_species_real_msa.phy
[00:00:00] Loaded alignment with 15 taxa and 599 sites

Alignment comprises 1 partitions and 24 patterns

Partition 0: noname
Model: GTR{1.77928/3.06352/1.38783/3.77462/6.63946/1}+FU{0.2859/0.19052/0.31285/0.21072}+IU{0.931}+G4m{99.821}
Alignment sites / patterns: 599 / 24
Gaps: 0.00 %
Invariant sites: 96.33 %


NOTE: Binary MSA file created: /groups/pupko/alburquerque/RL/Tree_Data/data/All_sized/4823/masked_species_real_msa.phy.raxml.rba

Parallelization scheme autoconfig: 1 worker(s) x 1 thread(s)

Parallel reduction/worker buffer size: 1 KB  / 0 KB

[00:00:00] Loading user starting tree(s) from: /groups/pupko/alburquerque/RL/Tree_Data/data/All_sized/4823/Temp_start_tree_file_for_raxml_search.txt
[00:00:00] Data distribution: max. partitions/sites/weight per thread: 1 / 24 / 384
[00:00:00] Data distribution: max. searches per worker: 1

Starting ML tree search with 1 distinct starting trees

[00:00:00 -1320.817631] Initial branch length optimization
[00:00:00 -1073.948922] Model parameter optimization (eps = 10.000000)
[00:00:00 -1072.156900] AUTODETECT spr round 1 (radius: 5)
[00:00:00 -1028.408671] AUTODETECT spr round 2 (radius: 10)
[00:00:00 -1028.407372] SPR radius for FAST iterations: 5 (autodetect)
[00:00:00 -1028.407372] Model parameter optimization (eps = 3.000000)
[00:00:00 -1028.407290] FAST spr round 1 (radius: 5)
[00:00:00 -1028.407255] Model parameter optimization (eps = 1.000000)
[00:00:00 -1028.407255] SLOW spr round 1 (radius: 5)
[00:00:00 -1023.327731] SLOW spr round 2 (radius: 5)
[00:00:00 -1023.327720] SLOW spr round 3 (radius: 10)
[00:00:00 -1023.327720] SLOW spr round 4 (radius: 15)
[00:00:00 -1023.327720] Model parameter optimization (eps = 0.100000)

[00:00:00] ML tree search #1, logLikelihood: -1023.327720


Optimized model parameters:

   Partition 0: noname
   Rate heterogeneity: GAMMA (4 cats, mean),  alpha: 99.821000 (user),  weights&rates: (0.250000,0.875797) (0.250000,0.964705) (0.250000,1.029573) (0.250000,1.129925) 
   P-inv (user): 0.931000
   Base frequencies (user): 0.285903 0.190522 0.312853 0.210722 
   Substitution rates (user): 1.779280 3.063520 1.387830 3.774620 6.639460 1.000000 


Final LogLikelihood: -1023.327720

AIC score: 2100.655440 / AICc score: 2103.303426 / BIC score: 2219.327503
Free parameters (model + branch lengths): 27

WARNING: Best ML tree contains 5 near-zero branches!

Best ML tree with collapsed near-zero branches saved to: /groups/pupko/alburquerque/RL/Tree_Data/data/All_sized/4823/masked_species_real_msa.phy.raxml.bestTreeCollapsed
Best ML tree saved to: /groups/pupko/alburquerque/RL/Tree_Data/data/All_sized/4823/masked_species_real_msa.phy.raxml.bestTree
Optimized model saved to: /groups/pupko/alburquerque/RL/Tree_Data/data/All_sized/4823/masked_species_real_msa.phy.raxml.bestModel

Execution log saved to: /groups/pupko/alburquerque/RL/Tree_Data/data/All_sized/4823/masked_species_real_msa.phy.raxml.log

Analysis started: 05-Feb-2023 13:37:22 / finished: 05-Feb-2023 13:37:22

Elapsed time: 0.157 seconds

