
RAxML-NG v. 1.1 released on 29.11.2021 by The Exelixis Lab.
Developed by: Alexey M. Kozlov and Alexandros Stamatakis.
Contributors: Diego Darriba, Tomas Flouri, Benoit Morel, Sarah Lutteropp, Ben Bettisworth.
Latest version: https://github.com/amkozlov/raxml-ng
Questions/problems/suggestions? Please visit: https://groups.google.com/forum/#!forum/raxml

System: AMD Opteron(tm) Processor 6128, 16 cores, 117 GB RAM

RAxML-NG was called at 30-Nov-2022 16:46:09 as follows:

raxml-ng --msa /groups/pupko/alburquerque/RL/Tree_Data/data/All_sized/4167/masked_species_real_msa.phy --threads 1 --opt-branches on --opt-model --nofiles --tree rand{1} --redo off --model GTR{0.94202/3.52212/1.18861/1.02607/5.86375/1.00000}+I{0.613}+G{0.484}+F{0.24648/0.22270/0.27009/0.26073}

Analysis options:
  run mode: ML tree search
  start tree(s): random (1)
  random seed: 1669819569
  tip-inner: OFF
  pattern compression: ON
  per-rate scalers: OFF
  site repeats: ON
  fast spr radius: AUTO
  spr subtree cutoff: 1.000000
  branch lengths: proportional (ML estimate, algorithm: NR-FAST)
  SIMD kernels: SSE3
  parallelization: coarse-grained (auto), NONE/sequential

WARNING: Running in REDO mode: existing checkpoints are ignored, and all result files will be overwritten!

[00:00:00] Reading alignment from file: /groups/pupko/alburquerque/RL/Tree_Data/data/All_sized/4167/masked_species_real_msa.phy
[00:00:00] Loaded alignment with 12 taxa and 3023 sites

Alignment comprises 1 partitions and 288 patterns

Partition 0: noname
Model: GTR{0.94202/3.52212/1.18861/1.02607/5.86375/1}+FU{0.24648/0.2227/0.27009/0.26073}+IU{0.613}+G4m{0.484}
Alignment sites / patterns: 3023 / 288
Gaps: 5.77 %
Invariant sites: 86.44 %


NOTE: Binary MSA file created: /groups/pupko/alburquerque/RL/Tree_Data/data/All_sized/4167/masked_species_real_msa.phy.raxml.rba

Parallelization scheme autoconfig: 1 worker(s) x 1 thread(s)

Parallel reduction/worker buffer size: 1 KB  / 0 KB

[00:00:00] Generating 1 random starting tree(s) with 12 taxa
[00:00:00] Data distribution: max. partitions/sites/weight per thread: 1 / 288 / 4608
[00:00:00] Data distribution: max. searches per worker: 1

Starting ML tree search with 1 distinct starting trees

[00:00:00 -8611.288195] Initial branch length optimization
[00:00:00 -7081.297165] Model parameter optimization (eps = 10.000000)
[00:00:00 -7080.535176] AUTODETECT spr round 1 (radius: 5)
[00:00:00 -6880.508281] AUTODETECT spr round 2 (radius: 10)
[00:00:00 -6880.507007] SPR radius for FAST iterations: 5 (autodetect)
[00:00:00 -6880.507007] Model parameter optimization (eps = 3.000000)
[00:00:00 -6880.506845] FAST spr round 1 (radius: 5)
[00:00:00 -6880.505587] Model parameter optimization (eps = 1.000000)
[00:00:00 -6880.505587] SLOW spr round 1 (radius: 5)
[00:00:00 -6880.505587] SLOW spr round 2 (radius: 10)
[00:00:01 -6880.505587] Model parameter optimization (eps = 0.100000)

[00:00:01] ML tree search #1, logLikelihood: -6880.505587


Optimized model parameters:

   Partition 0: noname
   Rate heterogeneity: GAMMA (4 cats, mean),  alpha: 0.484000 (user),  weights&rates: (0.250000,0.030462) (0.250000,0.241342) (0.250000,0.808268) (0.250000,2.919928) 
   P-inv (user): 0.613000
   Base frequencies (user): 0.246480 0.222700 0.270090 0.260730 
   Substitution rates (user): 0.942020 3.522120 1.188610 1.026070 5.863750 1.000000 


Final LogLikelihood: -6880.505587

AIC score: 13803.011174 / AICc score: 13803.319071 / BIC score: 13929.305279
Free parameters (model + branch lengths): 21

WARNING: Best ML tree contains 3 near-zero branches!

Best ML tree with collapsed near-zero branches saved to: /groups/pupko/alburquerque/RL/Tree_Data/data/All_sized/4167/masked_species_real_msa.phy.raxml.bestTreeCollapsed
Best ML tree saved to: /groups/pupko/alburquerque/RL/Tree_Data/data/All_sized/4167/masked_species_real_msa.phy.raxml.bestTree
Optimized model saved to: /groups/pupko/alburquerque/RL/Tree_Data/data/All_sized/4167/masked_species_real_msa.phy.raxml.bestModel

Execution log saved to: /groups/pupko/alburquerque/RL/Tree_Data/data/All_sized/4167/masked_species_real_msa.phy.raxml.log

Analysis started: 30-Nov-2022 16:46:09 / finished: 30-Nov-2022 16:46:10

Elapsed time: 1.127 seconds

