
RAxML-NG v. 1.1 released on 29.11.2021 by The Exelixis Lab.
Developed by: Alexey M. Kozlov and Alexandros Stamatakis.
Contributors: Diego Darriba, Tomas Flouri, Benoit Morel, Sarah Lutteropp, Ben Bettisworth.
Latest version: https://github.com/amkozlov/raxml-ng
Questions/problems/suggestions? Please visit: https://groups.google.com/forum/#!forum/raxml

System: Intel(R) Xeon(R) CPU E5-2670 v2 @ 2.50GHz, 20 cores, 62 GB RAM

RAxML-NG was called at 02-Feb-2023 15:30:11 as follows:

raxml-ng --msa /groups/pupko/alburquerque/RL/Tree_Data/data/All_sized/Anabasis_3/masked_species_real_msa.phy --threads 1 --model GTR{1.25932/2.85521/1.00432/0.79274/4.04602/1.00000}+I{0.276}+G{0.683}+F{0.18753/0.31386/0.30250/0.19611} --tree /groups/pupko/alburquerque/RL/Tree_Data/data/All_sized/Anabasis_3/Temp_start_tree_file_for_raxml_search.txt --redo

Analysis options:
  run mode: ML tree search
  start tree(s): user
  random seed: 1675344611
  tip-inner: OFF
  pattern compression: ON
  per-rate scalers: OFF
  site repeats: ON
  fast spr radius: AUTO
  spr subtree cutoff: 1.000000
  branch lengths: proportional (ML estimate, algorithm: NR-FAST)
  SIMD kernels: AVX
  parallelization: coarse-grained (auto), NONE/sequential

WARNING: Running in REDO mode: existing checkpoints are ignored, and all result files will be overwritten!

[00:00:00] Reading alignment from file: /groups/pupko/alburquerque/RL/Tree_Data/data/All_sized/Anabasis_3/masked_species_real_msa.phy
[00:00:00] Loaded alignment with 12 taxa and 644 sites

Alignment comprises 1 partitions and 187 patterns

Partition 0: noname
Model: GTR{1.25932/2.85521/1.00432/0.79274/4.04602/1}+FU{0.18753/0.31386/0.3025/0.19611}+IU{0.276}+G4m{0.683}
Alignment sites / patterns: 644 / 187
Gaps: 5.95 %
Invariant sites: 68.63 %


NOTE: Binary MSA file created: /groups/pupko/alburquerque/RL/Tree_Data/data/All_sized/Anabasis_3/masked_species_real_msa.phy.raxml.rba

Parallelization scheme autoconfig: 1 worker(s) x 1 thread(s)

Parallel reduction/worker buffer size: 1 KB  / 0 KB

[00:00:00] Loading user starting tree(s) from: /groups/pupko/alburquerque/RL/Tree_Data/data/All_sized/Anabasis_3/Temp_start_tree_file_for_raxml_search.txt
[00:00:00] Data distribution: max. partitions/sites/weight per thread: 1 / 187 / 2992
[00:00:00] Data distribution: max. searches per worker: 1

Starting ML tree search with 1 distinct starting trees

[00:00:00 -2886.669149] Initial branch length optimization
[00:00:00 -2573.464017] Model parameter optimization (eps = 10.000000)
[00:00:00 -2573.184170] AUTODETECT spr round 1 (radius: 5)
[00:00:00 -2381.293938] AUTODETECT spr round 2 (radius: 10)
[00:00:00 -2381.293081] SPR radius for FAST iterations: 5 (autodetect)
[00:00:00 -2381.293081] Model parameter optimization (eps = 3.000000)
[00:00:00 -2381.292996] FAST spr round 1 (radius: 5)
[00:00:00 -2364.370993] FAST spr round 2 (radius: 5)
[00:00:00 -2362.310249] FAST spr round 3 (radius: 5)
[00:00:00 -2361.209817] FAST spr round 4 (radius: 5)
[00:00:00 -2361.209814] Model parameter optimization (eps = 1.000000)
[00:00:00 -2361.209814] SLOW spr round 1 (radius: 5)
[00:00:00 -2361.209484] SLOW spr round 2 (radius: 10)
[00:00:00 -2361.209484] Model parameter optimization (eps = 0.100000)

[00:00:00] ML tree search #1, logLikelihood: -2361.209484


Optimized model parameters:

   Partition 0: noname
   Rate heterogeneity: GAMMA (4 cats, mean),  alpha: 0.683000 (user),  weights&rates: (0.250000,0.070561) (0.250000,0.355397) (0.250000,0.918402) (0.250000,2.655639) 
   P-inv (user): 0.276000
   Base frequencies (user): 0.187530 0.313860 0.302500 0.196110 
   Substitution rates (user): 1.259320 2.855210 1.004320 0.792740 4.046020 1.000000 


Final LogLikelihood: -2361.209484

AIC score: 4764.418967 / AICc score: 4765.904498 / BIC score: 4858.240641
Free parameters (model + branch lengths): 21

WARNING: Best ML tree contains 2 near-zero branches!

Best ML tree with collapsed near-zero branches saved to: /groups/pupko/alburquerque/RL/Tree_Data/data/All_sized/Anabasis_3/masked_species_real_msa.phy.raxml.bestTreeCollapsed
Best ML tree saved to: /groups/pupko/alburquerque/RL/Tree_Data/data/All_sized/Anabasis_3/masked_species_real_msa.phy.raxml.bestTree
Optimized model saved to: /groups/pupko/alburquerque/RL/Tree_Data/data/All_sized/Anabasis_3/masked_species_real_msa.phy.raxml.bestModel

Execution log saved to: /groups/pupko/alburquerque/RL/Tree_Data/data/All_sized/Anabasis_3/masked_species_real_msa.phy.raxml.log

Analysis started: 02-Feb-2023 15:30:11 / finished: 02-Feb-2023 15:30:12

Elapsed time: 0.334 seconds

