
RAxML-NG v. 1.1 released on 29.11.2021 by The Exelixis Lab.
Developed by: Alexey M. Kozlov and Alexandros Stamatakis.
Contributors: Diego Darriba, Tomas Flouri, Benoit Morel, Sarah Lutteropp, Ben Bettisworth.
Latest version: https://github.com/amkozlov/raxml-ng
Questions/problems/suggestions? Please visit: https://groups.google.com/forum/#!forum/raxml

System: AMD Opteron(tm) Processor 6128, 16 cores, 117 GB RAM

RAxML-NG was called at 30-Nov-2022 16:46:31 as follows:

raxml-ng --msa /groups/pupko/alburquerque/RL/Tree_Data/data/All_sized/7006/masked_species_real_msa.phy --threads 1 --opt-branches on --opt-model --nofiles --tree rand{1} --redo off --model GTR{17.38682/55.73719/22.01455/0.00349/95.61552/1.00000}+I{0.000}+G{0.256}+F{0.29268/0.22725/0.17221/0.30785}

Analysis options:
  run mode: ML tree search
  start tree(s): random (1)
  random seed: 1669819591
  tip-inner: OFF
  pattern compression: ON
  per-rate scalers: OFF
  site repeats: ON
  fast spr radius: AUTO
  spr subtree cutoff: 1.000000
  branch lengths: proportional (ML estimate, algorithm: NR-FAST)
  SIMD kernels: SSE3
  parallelization: coarse-grained (auto), NONE/sequential

WARNING: Running in REDO mode: existing checkpoints are ignored, and all result files will be overwritten!

[00:00:00] Reading alignment from file: /groups/pupko/alburquerque/RL/Tree_Data/data/All_sized/7006/masked_species_real_msa.phy
[00:00:00] Loaded alignment with 12 taxa and 510 sites

Alignment comprises 1 partitions and 88 patterns

Partition 0: noname
Model: GTR{17.3868/55.7372/22.0145/0.00349/95.6155/1}+FU{0.29268/0.22725/0.17221/0.30785}+IU{0}+G4m{0.256}
Alignment sites / patterns: 510 / 88
Gaps: 0.03 %
Invariant sites: 73.33 %


NOTE: Binary MSA file created: /groups/pupko/alburquerque/RL/Tree_Data/data/All_sized/7006/masked_species_real_msa.phy.raxml.rba

Parallelization scheme autoconfig: 1 worker(s) x 1 thread(s)

Parallel reduction/worker buffer size: 1 KB  / 0 KB

[00:00:00] Generating 1 random starting tree(s) with 12 taxa
[00:00:00] Data distribution: max. partitions/sites/weight per thread: 1 / 88 / 1408
[00:00:00] Data distribution: max. searches per worker: 1

Starting ML tree search with 1 distinct starting trees

[00:00:00 -2563.899272] Initial branch length optimization
[00:00:00 -2146.129255] Model parameter optimization (eps = 10.000000)
[00:00:00 -2145.994623] AUTODETECT spr round 1 (radius: 5)
[00:00:00 -1586.690999] AUTODETECT spr round 2 (radius: 10)
[00:00:00 -1586.677171] SPR radius for FAST iterations: 5 (autodetect)
[00:00:00 -1586.677171] Model parameter optimization (eps = 3.000000)
[00:00:00 -1586.671145] FAST spr round 1 (radius: 5)
[00:00:00 -1570.843377] FAST spr round 2 (radius: 5)
[00:00:00 -1570.843316] Model parameter optimization (eps = 1.000000)
[00:00:00 -1570.843316] SLOW spr round 1 (radius: 5)
[00:00:00 -1570.843316] SLOW spr round 2 (radius: 10)
[00:00:00 -1570.843316] Model parameter optimization (eps = 0.100000)

[00:00:00] ML tree search #1, logLikelihood: -1570.843316


Optimized model parameters:

   Partition 0: noname
   Rate heterogeneity: GAMMA (4 cats, mean),  alpha: 0.256000 (user),  weights&rates: (0.250000,0.002403) (0.250000,0.071056) (0.250000,0.513969) (0.250000,3.412572) 
   P-inv (user): 0.000000
   Base frequencies (user): 0.292683 0.227252 0.172212 0.307853 
   Substitution rates (user): 17.386820 55.737190 22.014550 0.003490 95.615520 1.000000 


Final LogLikelihood: -1570.843316

AIC score: 3183.686633 / AICc score: 3185.580075 / BIC score: 3272.609258
Free parameters (model + branch lengths): 21

Best ML tree saved to: /groups/pupko/alburquerque/RL/Tree_Data/data/All_sized/7006/masked_species_real_msa.phy.raxml.bestTree
Optimized model saved to: /groups/pupko/alburquerque/RL/Tree_Data/data/All_sized/7006/masked_species_real_msa.phy.raxml.bestModel

Execution log saved to: /groups/pupko/alburquerque/RL/Tree_Data/data/All_sized/7006/masked_species_real_msa.phy.raxml.log

Analysis started: 30-Nov-2022 16:46:31 / finished: 30-Nov-2022 16:46:32

Elapsed time: 0.535 seconds

