
RAxML-NG v. 1.1 released on 29.11.2021 by The Exelixis Lab.
Developed by: Alexey M. Kozlov and Alexandros Stamatakis.
Contributors: Diego Darriba, Tomas Flouri, Benoit Morel, Sarah Lutteropp, Ben Bettisworth.
Latest version: https://github.com/amkozlov/raxml-ng
Questions/problems/suggestions? Please visit: https://groups.google.com/forum/#!forum/raxml

System: Intel(R) Xeon(R) CPU E5-2670 v2 @ 2.50GHz, 20 cores, 62 GB RAM

RAxML-NG was called at 25-Dec-2022 18:31:30 as follows:

raxml-ng --msa /groups/pupko/alburquerque/RL/Tree_Data/data/All_sized/9967/masked_species_real_msa.phy --threads 1 --opt-branches on --opt-model --nofiles --tree rand{1} --redo off --model GTR{2.21215/8.91748/0.00037/1.39153/15.53137/1.00000}+I{0.000}+G{0.285}+F{0.33797/0.14404/0.14398/0.37401}

Analysis options:
  run mode: ML tree search
  start tree(s): random (1)
  random seed: 1671985890
  tip-inner: OFF
  pattern compression: ON
  per-rate scalers: OFF
  site repeats: ON
  fast spr radius: AUTO
  spr subtree cutoff: 1.000000
  branch lengths: proportional (ML estimate, algorithm: NR-FAST)
  SIMD kernels: AVX
  parallelization: coarse-grained (auto), NONE/sequential

WARNING: Running in REDO mode: existing checkpoints are ignored, and all result files will be overwritten!

[00:00:00] Reading alignment from file: /groups/pupko/alburquerque/RL/Tree_Data/data/All_sized/9967/masked_species_real_msa.phy
[00:00:00] Loaded alignment with 20 taxa and 378 sites

WARNING: Sequences Sp001 and Sp002 are exactly identical!
WARNING: Sequences Sp003 and Sp013 are exactly identical!
WARNING: Sequences Sp009 and Sp011 are exactly identical!
WARNING: Sequences Sp009 and Sp012 are exactly identical!
WARNING: Sequences Sp009 and Sp018 are exactly identical!
WARNING: Sequences Sp014 and Sp019 are exactly identical!
WARNING: Duplicate sequences found: 6

NOTE: Reduced alignment (with duplicates and gap-only sites/taxa removed) 
NOTE: was saved to: /groups/pupko/alburquerque/RL/Tree_Data/data/All_sized/9967/masked_species_real_msa.phy.raxml.reduced.phy

Alignment comprises 1 partitions and 72 patterns

Partition 0: noname
Model: GTR{2.21215/8.91748/0.00037/1.39153/15.5314/1}+FU{0.33797/0.14404/0.14398/0.37401}+IU{0}+G4m{0.285}
Alignment sites / patterns: 378 / 72
Gaps: 0.65 %
Invariant sites: 78.84 %


NOTE: Binary MSA file created: /groups/pupko/alburquerque/RL/Tree_Data/data/All_sized/9967/masked_species_real_msa.phy.raxml.rba

Parallelization scheme autoconfig: 1 worker(s) x 1 thread(s)

Parallel reduction/worker buffer size: 1 KB  / 0 KB

[00:00:00] Generating 1 random starting tree(s) with 20 taxa
[00:00:00] Data distribution: max. partitions/sites/weight per thread: 1 / 72 / 1152
[00:00:00] Data distribution: max. searches per worker: 1

Starting ML tree search with 1 distinct starting trees

[00:00:00 -1926.668332] Initial branch length optimization
[00:00:00 -1437.644732] Model parameter optimization (eps = 10.000000)
[00:00:00 -1437.314303] AUTODETECT spr round 1 (radius: 5)
[00:00:00 -1028.598308] AUTODETECT spr round 2 (radius: 10)
[00:00:00 -1028.597887] SPR radius for FAST iterations: 5 (autodetect)
[00:00:00 -1028.597887] Model parameter optimization (eps = 3.000000)
[00:00:00 -1028.597880] FAST spr round 1 (radius: 5)
[00:00:00 -985.707837] FAST spr round 2 (radius: 5)
[00:00:00 -984.831980] FAST spr round 3 (radius: 5)
[00:00:00 -984.229133] FAST spr round 4 (radius: 5)
[00:00:00 -984.229133] Model parameter optimization (eps = 1.000000)
[00:00:00 -984.229133] SLOW spr round 1 (radius: 5)
[00:00:00 -984.228871] SLOW spr round 2 (radius: 10)
[00:00:00 -984.228871] SLOW spr round 3 (radius: 15)
[00:00:00 -984.228871] SLOW spr round 4 (radius: 20)
[00:00:00 -984.228871] Model parameter optimization (eps = 0.100000)

[00:00:00] ML tree search #1, logLikelihood: -984.228871


Optimized model parameters:

   Partition 0: noname
   Rate heterogeneity: GAMMA (4 cats, mean),  alpha: 0.285000 (user),  weights&rates: (0.250000,0.004158) (0.250000,0.092889) (0.250000,0.569731) (0.250000,3.333223) 
   P-inv (user): 0.000000
   Base frequencies (user): 0.337970 0.144040 0.143980 0.374010 
   Substitution rates (user): 2.212150 8.917480 0.000370 1.391530 15.531370 1.000000 


Final LogLikelihood: -984.228871

AIC score: 2042.457742 / AICc score: 2050.728331 / BIC score: 2188.048828
Free parameters (model + branch lengths): 37

WARNING: Best ML tree contains 8 near-zero branches!

Best ML tree with collapsed near-zero branches saved to: /groups/pupko/alburquerque/RL/Tree_Data/data/All_sized/9967/masked_species_real_msa.phy.raxml.bestTreeCollapsed
Best ML tree saved to: /groups/pupko/alburquerque/RL/Tree_Data/data/All_sized/9967/masked_species_real_msa.phy.raxml.bestTree
Optimized model saved to: /groups/pupko/alburquerque/RL/Tree_Data/data/All_sized/9967/masked_species_real_msa.phy.raxml.bestModel

Execution log saved to: /groups/pupko/alburquerque/RL/Tree_Data/data/All_sized/9967/masked_species_real_msa.phy.raxml.log

Analysis started: 25-Dec-2022 18:31:30 / finished: 25-Dec-2022 18:31:30

Elapsed time: 0.233 seconds

