
RAxML-NG v. 1.1 released on 29.11.2021 by The Exelixis Lab.
Developed by: Alexey M. Kozlov and Alexandros Stamatakis.
Contributors: Diego Darriba, Tomas Flouri, Benoit Morel, Sarah Lutteropp, Ben Bettisworth.
Latest version: https://github.com/amkozlov/raxml-ng
Questions/problems/suggestions? Please visit: https://groups.google.com/forum/#!forum/raxml

System: Intel(R) Xeon(R) CPU E5-2670 v2 @ 2.50GHz, 20 cores, 62 GB RAM

RAxML-NG was called at 25-Dec-2022 18:30:38 as follows:

raxml-ng --msa /groups/pupko/alburquerque/RL/Tree_Data/data/All_sized/687/masked_species_real_msa.phy --threads 1 --opt-branches on --opt-model --nofiles --tree rand{1} --redo off --model GTR{1.51897/6.76454/0.23256/1.04520/7.68359/1.00000}+I{0.342}+G{1.396}+F{0.34714/0.16037/0.18103/0.31145}

Analysis options:
  run mode: ML tree search
  start tree(s): random (1)
  random seed: 1671985838
  tip-inner: OFF
  pattern compression: ON
  per-rate scalers: OFF
  site repeats: ON
  fast spr radius: AUTO
  spr subtree cutoff: 1.000000
  branch lengths: proportional (ML estimate, algorithm: NR-FAST)
  SIMD kernels: AVX
  parallelization: coarse-grained (auto), NONE/sequential

WARNING: Running in REDO mode: existing checkpoints are ignored, and all result files will be overwritten!

[00:00:00] Reading alignment from file: /groups/pupko/alburquerque/RL/Tree_Data/data/All_sized/687/masked_species_real_msa.phy
[00:00:00] Loaded alignment with 20 taxa and 624 sites

Alignment comprises 1 partitions and 240 patterns

Partition 0: noname
Model: GTR{1.51897/6.76454/0.23256/1.0452/7.68359/1}+FU{0.34714/0.16037/0.18103/0.31145}+IU{0.342}+G4m{1.396}
Alignment sites / patterns: 624 / 240
Gaps: 4.06 %
Invariant sites: 53.37 %


NOTE: Binary MSA file created: /groups/pupko/alburquerque/RL/Tree_Data/data/All_sized/687/masked_species_real_msa.phy.raxml.rba

Parallelization scheme autoconfig: 1 worker(s) x 1 thread(s)

Parallel reduction/worker buffer size: 1 KB  / 0 KB

[00:00:00] Generating 1 random starting tree(s) with 20 taxa
[00:00:00] Data distribution: max. partitions/sites/weight per thread: 1 / 240 / 3840
[00:00:00] Data distribution: max. searches per worker: 1

Starting ML tree search with 1 distinct starting trees

[00:00:00 -5061.204874] Initial branch length optimization
[00:00:00 -3649.199550] Model parameter optimization (eps = 10.000000)
[00:00:00 -3649.082613] AUTODETECT spr round 1 (radius: 5)
[00:00:00 -3063.081240] AUTODETECT spr round 2 (radius: 10)
[00:00:00 -3017.620891] AUTODETECT spr round 3 (radius: 15)
[00:00:00 -3017.596367] SPR radius for FAST iterations: 10 (autodetect)
[00:00:00 -3017.596367] Model parameter optimization (eps = 3.000000)
[00:00:00 -3017.587573] FAST spr round 1 (radius: 10)
[00:00:00 -2992.249691] FAST spr round 2 (radius: 10)
[00:00:00 -2959.125345] FAST spr round 3 (radius: 10)
[00:00:00 -2959.125286] Model parameter optimization (eps = 1.000000)
[00:00:00 -2959.125280] SLOW spr round 1 (radius: 5)
[00:00:00 -2959.125137] SLOW spr round 2 (radius: 10)
[00:00:00 -2959.125136] SLOW spr round 3 (radius: 15)
[00:00:00 -2959.125136] SLOW spr round 4 (radius: 20)
[00:00:00 -2959.125136] Model parameter optimization (eps = 0.100000)

[00:00:00] ML tree search #1, logLikelihood: -2959.125136


Optimized model parameters:

   Partition 0: noname
   Rate heterogeneity: GAMMA (4 cats, mean),  alpha: 1.396000 (user),  weights&rates: (0.250000,0.208800) (0.250000,0.570278) (0.250000,1.043682) (0.250000,2.177240) 
   P-inv (user): 0.342000
   Base frequencies (user): 0.347143 0.160372 0.181032 0.311453 
   Substitution rates (user): 1.518970 6.764540 0.232560 1.045200 7.683590 1.000000 


Final LogLikelihood: -2959.125136

AIC score: 5992.250273 / AICc score: 5997.048907 / BIC score: 6156.387836
Free parameters (model + branch lengths): 37

WARNING: Best ML tree contains 3 near-zero branches!

Best ML tree with collapsed near-zero branches saved to: /groups/pupko/alburquerque/RL/Tree_Data/data/All_sized/687/masked_species_real_msa.phy.raxml.bestTreeCollapsed
Best ML tree saved to: /groups/pupko/alburquerque/RL/Tree_Data/data/All_sized/687/masked_species_real_msa.phy.raxml.bestTree
Optimized model saved to: /groups/pupko/alburquerque/RL/Tree_Data/data/All_sized/687/masked_species_real_msa.phy.raxml.bestModel

Execution log saved to: /groups/pupko/alburquerque/RL/Tree_Data/data/All_sized/687/masked_species_real_msa.phy.raxml.log

Analysis started: 25-Dec-2022 18:30:38 / finished: 25-Dec-2022 18:30:39

Elapsed time: 0.769 seconds

