
RAxML-NG v. 1.1 released on 29.11.2021 by The Exelixis Lab.
Developed by: Alexey M. Kozlov and Alexandros Stamatakis.
Contributors: Diego Darriba, Tomas Flouri, Benoit Morel, Sarah Lutteropp, Ben Bettisworth.
Latest version: https://github.com/amkozlov/raxml-ng
Questions/problems/suggestions? Please visit: https://groups.google.com/forum/#!forum/raxml

System: AMD Opteron(tm) Processor 6128, 16 cores, 117 GB RAM

RAxML-NG was called at 30-Nov-2022 16:46:27 as follows:

raxml-ng --msa /groups/pupko/alburquerque/RL/Tree_Data/data/All_sized/2589/masked_species_real_msa.phy --threads 1 --opt-branches on --opt-model --nofiles --tree rand{1} --redo off --model GTR{0.00118/3.97181/18.42821/0.74193/95.80557/1.00000}+I{0.545}+G{1.216}+F{0.34241/0.09417/0.13070/0.43271}

Analysis options:
  run mode: ML tree search
  start tree(s): random (1)
  random seed: 1669819587
  tip-inner: OFF
  pattern compression: ON
  per-rate scalers: OFF
  site repeats: ON
  fast spr radius: AUTO
  spr subtree cutoff: 1.000000
  branch lengths: proportional (ML estimate, algorithm: NR-FAST)
  SIMD kernels: SSE3
  parallelization: coarse-grained (auto), NONE/sequential

WARNING: Running in REDO mode: existing checkpoints are ignored, and all result files will be overwritten!

[00:00:00] Reading alignment from file: /groups/pupko/alburquerque/RL/Tree_Data/data/All_sized/2589/masked_species_real_msa.phy
[00:00:00] Loaded alignment with 12 taxa and 532 sites

Alignment comprises 1 partitions and 122 patterns

Partition 0: noname
Model: GTR{0.00118/3.97181/18.4282/0.74193/95.8056/1}+FU{0.34241/0.09417/0.1307/0.43271}+IU{0.545}+G4m{1.216}
Alignment sites / patterns: 532 / 122
Gaps: 0.00 %
Invariant sites: 71.24 %


NOTE: Binary MSA file created: /groups/pupko/alburquerque/RL/Tree_Data/data/All_sized/2589/masked_species_real_msa.phy.raxml.rba

Parallelization scheme autoconfig: 1 worker(s) x 1 thread(s)

Parallel reduction/worker buffer size: 1 KB  / 0 KB

[00:00:00] Generating 1 random starting tree(s) with 12 taxa
[00:00:00] Data distribution: max. partitions/sites/weight per thread: 1 / 122 / 1952
[00:00:00] Data distribution: max. searches per worker: 1

Starting ML tree search with 1 distinct starting trees

[00:00:00 -2177.888287] Initial branch length optimization
[00:00:00 -2071.866863] Model parameter optimization (eps = 10.000000)
[00:00:00 -2071.602773] AUTODETECT spr round 1 (radius: 5)
[00:00:00 -1984.554410] AUTODETECT spr round 2 (radius: 10)
[00:00:00 -1984.553055] SPR radius for FAST iterations: 5 (autodetect)
[00:00:00 -1984.553055] Model parameter optimization (eps = 3.000000)
[00:00:00 -1984.552907] FAST spr round 1 (radius: 5)
[00:00:00 -1981.307450] FAST spr round 2 (radius: 5)
[00:00:00 -1981.307401] Model parameter optimization (eps = 1.000000)
[00:00:00 -1981.307400] SLOW spr round 1 (radius: 5)
[00:00:00 -1981.307400] SLOW spr round 2 (radius: 10)
[00:00:00 -1981.307400] Model parameter optimization (eps = 0.100000)

[00:00:00] ML tree search #1, logLikelihood: -1981.307400


Optimized model parameters:

   Partition 0: noname
   Rate heterogeneity: GAMMA (4 cats, mean),  alpha: 1.216000 (user),  weights&rates: (0.250000,0.177940) (0.250000,0.533272) (0.250000,1.028253) (0.250000,2.260535) 
   P-inv (user): 0.545000
   Base frequencies (user): 0.342413 0.094171 0.130701 0.432714 
   Substitution rates (user): 0.001180 3.971810 18.428210 0.741930 95.805570 1.000000 


Final LogLikelihood: -1981.307400

AIC score: 4004.614800 / AICc score: 4006.426565 / BIC score: 4094.424313
Free parameters (model + branch lengths): 21

Best ML tree saved to: /groups/pupko/alburquerque/RL/Tree_Data/data/All_sized/2589/masked_species_real_msa.phy.raxml.bestTree
Optimized model saved to: /groups/pupko/alburquerque/RL/Tree_Data/data/All_sized/2589/masked_species_real_msa.phy.raxml.bestModel

Execution log saved to: /groups/pupko/alburquerque/RL/Tree_Data/data/All_sized/2589/masked_species_real_msa.phy.raxml.log

Analysis started: 30-Nov-2022 16:46:27 / finished: 30-Nov-2022 16:46:28

Elapsed time: 0.648 seconds

