
RAxML-NG v. 1.1 released on 29.11.2021 by The Exelixis Lab.
Developed by: Alexey M. Kozlov and Alexandros Stamatakis.
Contributors: Diego Darriba, Tomas Flouri, Benoit Morel, Sarah Lutteropp, Ben Bettisworth.
Latest version: https://github.com/amkozlov/raxml-ng
Questions/problems/suggestions? Please visit: https://groups.google.com/forum/#!forum/raxml

System: Intel(R) Xeon(R) CPU E5-2670 v2 @ 2.50GHz, 20 cores, 62 GB RAM

RAxML-NG was called at 27-Feb-2023 22:19:26 as follows:

raxml-ng --msa /groups/pupko/alburquerque/RL/Tree_Data/data/All_sized/40560/masked_species_real_msa.phy --threads 1 --model GTR{1.40419/5.31864/0.41641/0.56114/5.28681/1.00000}+I{0.495}+G{0.328}+F{0.20372/0.29261/0.25204/0.25163} --tree /groups/pupko/alburquerque/RL/Tree_Data/data/All_sized/40560/Temp_start_tree_file_for_raxml_search.txt --redo

Analysis options:
  run mode: ML tree search
  start tree(s): user
  random seed: 1677529166
  tip-inner: OFF
  pattern compression: ON
  per-rate scalers: OFF
  site repeats: ON
  fast spr radius: AUTO
  spr subtree cutoff: 1.000000
  branch lengths: proportional (ML estimate, algorithm: NR-FAST)
  SIMD kernels: AVX
  parallelization: coarse-grained (auto), NONE/sequential

WARNING: Running in REDO mode: existing checkpoints are ignored, and all result files will be overwritten!

[00:00:00] Reading alignment from file: /groups/pupko/alburquerque/RL/Tree_Data/data/All_sized/40560/masked_species_real_msa.phy
[00:00:00] Loaded alignment with 15 taxa and 1614 sites

WARNING: Sequences Sp002 and Sp003 are exactly identical!
WARNING: Duplicate sequences found: 1

NOTE: Reduced alignment (with duplicates and gap-only sites/taxa removed) 
NOTE: was saved to: /groups/pupko/alburquerque/RL/Tree_Data/data/All_sized/40560/masked_species_real_msa.phy.raxml.reduced.phy

Alignment comprises 1 partitions and 145 patterns

Partition 0: noname
Model: GTR{1.40419/5.31864/0.41641/0.56114/5.28681/1}+FU{0.20372/0.29261/0.25204/0.25163}+IU{0.495}+G4m{0.328}
Alignment sites / patterns: 1614 / 145
Gaps: 3.60 %
Invariant sites: 76.39 %


NOTE: Binary MSA file created: /groups/pupko/alburquerque/RL/Tree_Data/data/All_sized/40560/masked_species_real_msa.phy.raxml.rba

Parallelization scheme autoconfig: 1 worker(s) x 1 thread(s)

Parallel reduction/worker buffer size: 1 KB  / 0 KB

[00:00:00] Loading user starting tree(s) from: /groups/pupko/alburquerque/RL/Tree_Data/data/All_sized/40560/Temp_start_tree_file_for_raxml_search.txt
[00:00:00] Data distribution: max. partitions/sites/weight per thread: 1 / 145 / 2320
[00:00:00] Data distribution: max. searches per worker: 1

Starting ML tree search with 1 distinct starting trees

[00:00:00 -5797.465178] Initial branch length optimization
[00:00:00 -4344.124384] Model parameter optimization (eps = 10.000000)
[00:00:00 -4344.001547] AUTODETECT spr round 1 (radius: 5)
[00:00:00 -4130.123648] AUTODETECT spr round 2 (radius: 10)
[00:00:00 -4130.123105] SPR radius for FAST iterations: 5 (autodetect)
[00:00:00 -4130.123105] Model parameter optimization (eps = 3.000000)
[00:00:00 -4130.122706] FAST spr round 1 (radius: 5)
[00:00:00 -4130.121916] Model parameter optimization (eps = 1.000000)
[00:00:00 -4130.121528] SLOW spr round 1 (radius: 5)
[00:00:00 -4130.120772] SLOW spr round 2 (radius: 10)
[00:00:00 -4130.120038] SLOW spr round 3 (radius: 15)
[00:00:00 -4130.119328] Model parameter optimization (eps = 0.100000)

[00:00:00] ML tree search #1, logLikelihood: -4130.118981


Optimized model parameters:

   Partition 0: noname
   Rate heterogeneity: GAMMA (4 cats, mean),  alpha: 0.328000 (user),  weights&rates: (0.250000,0.007839) (0.250000,0.126379) (0.250000,0.639963) (0.250000,3.225818) 
   P-inv (user): 0.495000
   Base frequencies (user): 0.203720 0.292610 0.252040 0.251630 
   Substitution rates (user): 1.404190 5.318640 0.416410 0.561140 5.286810 1.000000 


Final LogLikelihood: -4130.118981

AIC score: 8314.237962 / AICc score: 8315.191303 / BIC score: 8459.672674
Free parameters (model + branch lengths): 27

WARNING: Best ML tree contains 4 near-zero branches!

Best ML tree with collapsed near-zero branches saved to: /groups/pupko/alburquerque/RL/Tree_Data/data/All_sized/40560/masked_species_real_msa.phy.raxml.bestTreeCollapsed
Best ML tree saved to: /groups/pupko/alburquerque/RL/Tree_Data/data/All_sized/40560/masked_species_real_msa.phy.raxml.bestTree
Optimized model saved to: /groups/pupko/alburquerque/RL/Tree_Data/data/All_sized/40560/masked_species_real_msa.phy.raxml.bestModel

Execution log saved to: /groups/pupko/alburquerque/RL/Tree_Data/data/All_sized/40560/masked_species_real_msa.phy.raxml.log

Analysis started: 27-Feb-2023 22:19:26 / finished: 27-Feb-2023 22:19:26

Elapsed time: 0.278 seconds

