
RAxML-NG v. 1.1 released on 29.11.2021 by The Exelixis Lab.
Developed by: Alexey M. Kozlov and Alexandros Stamatakis.
Contributors: Diego Darriba, Tomas Flouri, Benoit Morel, Sarah Lutteropp, Ben Bettisworth.
Latest version: https://github.com/amkozlov/raxml-ng
Questions/problems/suggestions? Please visit: https://groups.google.com/forum/#!forum/raxml

System: Intel(R) Xeon(R) CPU E5-2680 v3 @ 2.50GHz, 24 cores, 125 GB RAM

RAxML-NG was called at 09-Feb-2023 06:40:21 as follows:

raxml-ng --msa /groups/pupko/alburquerque/RL/Tree_Data/data/All_sized/Euteleostomi_00390000008325001/masked_species_real_msa.phy --threads 1 --model GTR{2.77223/3.74074/1.13345/1.86000/5.52928/1.00000}+I{0.034}+G{0.832}+F{0.19797/0.27387/0.31622/0.21194} --tree /groups/pupko/alburquerque/RL/Tree_Data/data/All_sized/Euteleostomi_00390000008325001/Temp_start_tree_file_for_raxml_search.txt --redo

Analysis options:
  run mode: ML tree search
  start tree(s): user
  random seed: 1675917621
  tip-inner: OFF
  pattern compression: ON
  per-rate scalers: OFF
  site repeats: ON
  fast spr radius: AUTO
  spr subtree cutoff: 1.000000
  branch lengths: proportional (ML estimate, algorithm: NR-FAST)
  SIMD kernels: AVX2
  parallelization: coarse-grained (auto), NONE/sequential

WARNING: Running in REDO mode: existing checkpoints are ignored, and all result files will be overwritten!

[00:00:00] Reading alignment from file: /groups/pupko/alburquerque/RL/Tree_Data/data/All_sized/Euteleostomi_00390000008325001/masked_species_real_msa.phy
[00:00:00] Loaded alignment with 7 taxa and 1137 sites

Alignment comprises 1 partitions and 448 patterns

Partition 0: noname
Model: GTR{2.77223/3.74074/1.13345/1.86/5.52928/1}+FU{0.19797/0.27387/0.31622/0.21194}+IU{0.034}+G4m{0.832}
Alignment sites / patterns: 1137 / 448
Gaps: 30.57 %
Invariant sites: 56.02 %


NOTE: Binary MSA file created: /groups/pupko/alburquerque/RL/Tree_Data/data/All_sized/Euteleostomi_00390000008325001/masked_species_real_msa.phy.raxml.rba

Parallelization scheme autoconfig: 1 worker(s) x 1 thread(s)

Parallel reduction/worker buffer size: 1 KB  / 0 KB

[00:00:00] Loading user starting tree(s) from: /groups/pupko/alburquerque/RL/Tree_Data/data/All_sized/Euteleostomi_00390000008325001/Temp_start_tree_file_for_raxml_search.txt
[00:00:00] Data distribution: max. partitions/sites/weight per thread: 1 / 448 / 7168
[00:00:00] Data distribution: max. searches per worker: 1

Starting ML tree search with 1 distinct starting trees

[00:00:00 -5320.081442] Initial branch length optimization
[00:00:00 -4962.468024] Model parameter optimization (eps = 10.000000)
[00:00:00 -4961.339055] AUTODETECT spr round 1 (radius: 5)
[00:00:00 -4885.452399] SPR radius for FAST iterations: 5 (autodetect)
[00:00:00 -4885.452399] Model parameter optimization (eps = 3.000000)
[00:00:00 -4885.450739] FAST spr round 1 (radius: 5)
[00:00:00 -4885.450662] Model parameter optimization (eps = 1.000000)
[00:00:00 -4885.450662] SLOW spr round 1 (radius: 5)
[00:00:00 -4885.450662] Model parameter optimization (eps = 0.100000)

[00:00:00] ML tree search #1, logLikelihood: -4885.450662


Optimized model parameters:

   Partition 0: noname
   Rate heterogeneity: GAMMA (4 cats, mean),  alpha: 0.832000 (user),  weights&rates: (0.250000,0.102347) (0.250000,0.419705) (0.250000,0.965442) (0.250000,2.512505) 
   P-inv (user): 0.034000
   Base frequencies (user): 0.197970 0.273870 0.316220 0.211940 
   Substitution rates (user): 2.772230 3.740740 1.133450 1.860000 5.529280 1.000000 


Final LogLikelihood: -4885.450662

AIC score: 9792.901323 / AICc score: 9793.135990 / BIC score: 9848.298957
Free parameters (model + branch lengths): 11

Best ML tree saved to: /groups/pupko/alburquerque/RL/Tree_Data/data/All_sized/Euteleostomi_00390000008325001/masked_species_real_msa.phy.raxml.bestTree
Optimized model saved to: /groups/pupko/alburquerque/RL/Tree_Data/data/All_sized/Euteleostomi_00390000008325001/masked_species_real_msa.phy.raxml.bestModel

Execution log saved to: /groups/pupko/alburquerque/RL/Tree_Data/data/All_sized/Euteleostomi_00390000008325001/masked_species_real_msa.phy.raxml.log

Analysis started: 09-Feb-2023 06:40:21 / finished: 09-Feb-2023 06:40:21

Elapsed time: 0.174 seconds

