
RAxML-NG v. 1.1 released on 29.11.2021 by The Exelixis Lab.
Developed by: Alexey M. Kozlov and Alexandros Stamatakis.
Contributors: Diego Darriba, Tomas Flouri, Benoit Morel, Sarah Lutteropp, Ben Bettisworth.
Latest version: https://github.com/amkozlov/raxml-ng
Questions/problems/suggestions? Please visit: https://groups.google.com/forum/#!forum/raxml

System: AMD Opteron(tm) Processor 6128, 16 cores, 117 GB RAM

RAxML-NG was called at 30-Nov-2022 16:45:59 as follows:

raxml-ng --msa /groups/pupko/alburquerque/RL/Tree_Data/data/All_sized/3541/masked_species_real_msa.phy --threads 1 --opt-branches on --opt-model --nofiles --tree rand{1} --redo off --model GTR{0.98455/3.28526/0.47894/1.10129/2.87055/1.00000}+I{0.371}+G{0.727}+F{0.31284/0.19726/0.19746/0.29244}

Analysis options:
  run mode: ML tree search
  start tree(s): random (1)
  random seed: 1669819559
  tip-inner: OFF
  pattern compression: ON
  per-rate scalers: OFF
  site repeats: ON
  fast spr radius: AUTO
  spr subtree cutoff: 1.000000
  branch lengths: proportional (ML estimate, algorithm: NR-FAST)
  SIMD kernels: SSE3
  parallelization: coarse-grained (auto), NONE/sequential

WARNING: Running in REDO mode: existing checkpoints are ignored, and all result files will be overwritten!

[00:00:00] Reading alignment from file: /groups/pupko/alburquerque/RL/Tree_Data/data/All_sized/3541/masked_species_real_msa.phy
[00:00:00] Loaded alignment with 12 taxa and 4001 sites

Alignment comprises 1 partitions and 471 patterns

Partition 0: noname
Model: GTR{0.98455/3.28526/0.47894/1.10129/2.87055/1}+FU{0.31284/0.19726/0.19746/0.29244}+IU{0.371}+G4m{0.727}
Alignment sites / patterns: 4001 / 471
Gaps: 7.70 %
Invariant sites: 85.28 %


NOTE: Binary MSA file created: /groups/pupko/alburquerque/RL/Tree_Data/data/All_sized/3541/masked_species_real_msa.phy.raxml.rba

Parallelization scheme autoconfig: 1 worker(s) x 1 thread(s)

Parallel reduction/worker buffer size: 1 KB  / 0 KB

[00:00:00] Generating 1 random starting tree(s) with 12 taxa
[00:00:00] Data distribution: max. partitions/sites/weight per thread: 1 / 471 / 7536
[00:00:00] Data distribution: max. searches per worker: 1

Starting ML tree search with 1 distinct starting trees

[00:00:00 -12015.774544] Initial branch length optimization
[00:00:00 -10578.775004] Model parameter optimization (eps = 10.000000)
[00:00:00 -10578.743794] AUTODETECT spr round 1 (radius: 5)
[00:00:00 -9812.783156] AUTODETECT spr round 2 (radius: 10)
[00:00:00 -9812.782482] SPR radius for FAST iterations: 5 (autodetect)
[00:00:00 -9812.782482] Model parameter optimization (eps = 3.000000)
[00:00:00 -9812.782473] FAST spr round 1 (radius: 5)
[00:00:00 -9797.798254] FAST spr round 2 (radius: 5)
[00:00:01 -9797.798249] Model parameter optimization (eps = 1.000000)
[00:00:01 -9797.798249] SLOW spr round 1 (radius: 5)
[00:00:02 -9797.798249] SLOW spr round 2 (radius: 10)
[00:00:02 -9797.798249] Model parameter optimization (eps = 0.100000)

[00:00:02] ML tree search #1, logLikelihood: -9797.798249


Optimized model parameters:

   Partition 0: noname
   Rate heterogeneity: GAMMA (4 cats, mean),  alpha: 0.727000 (user),  weights&rates: (0.250000,0.079962) (0.250000,0.375996) (0.250000,0.934477) (0.250000,2.609565) 
   P-inv (user): 0.371000
   Base frequencies (user): 0.312840 0.197260 0.197460 0.292440 
   Substitution rates (user): 0.984550 3.285260 0.478940 1.101290 2.870550 1.000000 


Final LogLikelihood: -9797.798249

AIC score: 19637.596499 / AICc score: 19637.828718 / BIC score: 19769.776791
Free parameters (model + branch lengths): 21

Best ML tree saved to: /groups/pupko/alburquerque/RL/Tree_Data/data/All_sized/3541/masked_species_real_msa.phy.raxml.bestTree
Optimized model saved to: /groups/pupko/alburquerque/RL/Tree_Data/data/All_sized/3541/masked_species_real_msa.phy.raxml.bestModel

Execution log saved to: /groups/pupko/alburquerque/RL/Tree_Data/data/All_sized/3541/masked_species_real_msa.phy.raxml.log

Analysis started: 30-Nov-2022 16:45:59 / finished: 30-Nov-2022 16:46:01

Elapsed time: 2.386 seconds

