
RAxML-NG v. 1.1 released on 29.11.2021 by The Exelixis Lab.
Developed by: Alexey M. Kozlov and Alexandros Stamatakis.
Contributors: Diego Darriba, Tomas Flouri, Benoit Morel, Sarah Lutteropp, Ben Bettisworth.
Latest version: https://github.com/amkozlov/raxml-ng
Questions/problems/suggestions? Please visit: https://groups.google.com/forum/#!forum/raxml

System: Intel(R) Xeon(R) Gold 6230 CPU @ 2.10GHz, 1 cores, 31 GB RAM

RAxML-NG was called at 28-Dec-2022 15:01:32 as follows:

raxml-ng --msa /groups/pupko/alburquerque/RL/Tree_Data/data/All_sized/23761/masked_species_real_msa.phy --threads 1 --opt-branches on --opt-model --nofiles --tree rand{1} --redo off --model GTR{1.44907/2.87460/0.98540/1.47751/3.79748/1.00000}+I{0.043}+G{0.747}+F{0.26201/0.27393/0.19512/0.26894}

Analysis options:
  run mode: ML tree search
  start tree(s): random (1)
  random seed: 1672232492
  tip-inner: OFF
  pattern compression: ON
  per-rate scalers: OFF
  site repeats: ON
  fast spr radius: AUTO
  spr subtree cutoff: 1.000000
  branch lengths: proportional (ML estimate, algorithm: NR-FAST)
  SIMD kernels: AVX2
  parallelization: coarse-grained (auto), NONE/sequential

WARNING: Running in REDO mode: existing checkpoints are ignored, and all result files will be overwritten!

[00:00:00] Reading alignment from file: /groups/pupko/alburquerque/RL/Tree_Data/data/All_sized/23761/masked_species_real_msa.phy
[00:00:00] Loaded alignment with 20 taxa and 242 sites

Alignment comprises 1 partitions and 104 patterns

Partition 0: noname
Model: GTR{1.44907/2.8746/0.9854/1.47751/3.79748/1}+FU{0.26201/0.27393/0.19512/0.26894}+IU{0.043}+G4m{0.747}
Alignment sites / patterns: 242 / 104
Gaps: 0.37 %
Invariant sites: 51.24 %


NOTE: Binary MSA file created: /groups/pupko/alburquerque/RL/Tree_Data/data/All_sized/23761/masked_species_real_msa.phy.raxml.rba

Parallelization scheme autoconfig: 1 worker(s) x 1 thread(s)

Parallel reduction/worker buffer size: 1 KB  / 0 KB

[00:00:00] Generating 1 random starting tree(s) with 20 taxa
[00:00:00] Data distribution: max. partitions/sites/weight per thread: 1 / 104 / 1664
[00:00:00] Data distribution: max. searches per worker: 1

Starting ML tree search with 1 distinct starting trees

[00:00:00 -2069.060498] Initial branch length optimization
[00:00:00 -1633.014201] Model parameter optimization (eps = 10.000000)
[00:00:00 -1632.998697] AUTODETECT spr round 1 (radius: 5)
[00:00:00 -1324.606632] AUTODETECT spr round 2 (radius: 10)
[00:00:00 -1324.459287] AUTODETECT spr round 3 (radius: 15)
[00:00:00 -1324.459115] SPR radius for FAST iterations: 10 (autodetect)
[00:00:00 -1324.459115] Model parameter optimization (eps = 3.000000)
[00:00:00 -1324.459111] FAST spr round 1 (radius: 10)
[00:00:00 -1298.569013] FAST spr round 2 (radius: 10)
[00:00:00 -1283.172598] FAST spr round 3 (radius: 10)
[00:00:00 -1282.824188] FAST spr round 4 (radius: 10)
[00:00:00 -1282.824185] Model parameter optimization (eps = 1.000000)
[00:00:00 -1282.824185] SLOW spr round 1 (radius: 5)
[00:00:00 -1282.824185] SLOW spr round 2 (radius: 10)
[00:00:00 -1282.824185] SLOW spr round 3 (radius: 15)
[00:00:00 -1282.824185] SLOW spr round 4 (radius: 20)
[00:00:00 -1282.824185] Model parameter optimization (eps = 0.100000)

[00:00:00] ML tree search #1, logLikelihood: -1282.824185


Optimized model parameters:

   Partition 0: noname
   Rate heterogeneity: GAMMA (4 cats, mean),  alpha: 0.747000 (user),  weights&rates: (0.250000,0.084243) (0.250000,0.384887) (0.250000,0.941113) (0.250000,2.589757) 
   P-inv (user): 0.043000
   Base frequencies (user): 0.262010 0.273930 0.195120 0.268940 
   Substitution rates (user): 1.449070 2.874600 0.985400 1.477510 3.797480 1.000000 


Final LogLikelihood: -1282.824185

AIC score: 2639.648370 / AICc score: 2653.432684 / BIC score: 2768.739066
Free parameters (model + branch lengths): 37

WARNING: Best ML tree contains 2 near-zero branches!

Best ML tree with collapsed near-zero branches saved to: /groups/pupko/alburquerque/RL/Tree_Data/data/All_sized/23761/masked_species_real_msa.phy.raxml.bestTreeCollapsed
Best ML tree saved to: /groups/pupko/alburquerque/RL/Tree_Data/data/All_sized/23761/masked_species_real_msa.phy.raxml.bestTree
Optimized model saved to: /groups/pupko/alburquerque/RL/Tree_Data/data/All_sized/23761/masked_species_real_msa.phy.raxml.bestModel

Execution log saved to: /groups/pupko/alburquerque/RL/Tree_Data/data/All_sized/23761/masked_species_real_msa.phy.raxml.log

Analysis started: 28-Dec-2022 15:01:32 / finished: 28-Dec-2022 15:01:33

Elapsed time: 0.515 seconds

