
RAxML-NG v. 1.1 released on 29.11.2021 by The Exelixis Lab.
Developed by: Alexey M. Kozlov and Alexandros Stamatakis.
Contributors: Diego Darriba, Tomas Flouri, Benoit Morel, Sarah Lutteropp, Ben Bettisworth.
Latest version: https://github.com/amkozlov/raxml-ng
Questions/problems/suggestions? Please visit: https://groups.google.com/forum/#!forum/raxml

System: Intel(R) Xeon(R) CPU E5-2670 v2 @ 2.50GHz, 20 cores, 62 GB RAM

RAxML-NG was called at 28-Feb-2023 11:11:43 as follows:

raxml-ng --msa /groups/pupko/alburquerque/RL/Tree_Data/data/All_sized/Onopordum_1/masked_species_real_msa.phy --threads 1 --model GTR{1.00000/3539.89079/1953.67638/6075.52873/3354.74888/1.00000}+I{0.000}+G{99.829}+F{0.30610/0.17918/0.15026/0.36446} --tree /groups/pupko/alburquerque/RL/Tree_Data/data/All_sized/Onopordum_1/Temp_start_tree_file_for_raxml_search.txt --redo

Analysis options:
  run mode: ML tree search
  start tree(s): user
  random seed: 1677575503
  tip-inner: OFF
  pattern compression: ON
  per-rate scalers: OFF
  site repeats: ON
  fast spr radius: AUTO
  spr subtree cutoff: 1.000000
  branch lengths: proportional (ML estimate, algorithm: NR-FAST)
  SIMD kernels: AVX
  parallelization: coarse-grained (auto), NONE/sequential

WARNING: Running in REDO mode: existing checkpoints are ignored, and all result files will be overwritten!

[00:00:00] Reading alignment from file: /groups/pupko/alburquerque/RL/Tree_Data/data/All_sized/Onopordum_1/masked_species_real_msa.phy
[00:00:00] Loaded alignment with 7 taxa and 985 sites

WARNING: Sequences Sp002 and Sp003 are exactly identical!
WARNING: Duplicate sequences found: 1

NOTE: Reduced alignment (with duplicates and gap-only sites/taxa removed) 
NOTE: was saved to: /groups/pupko/alburquerque/RL/Tree_Data/data/All_sized/Onopordum_1/masked_species_real_msa.phy.raxml.reduced.phy

Alignment comprises 1 partitions and 39 patterns

Partition 0: noname
Model: GTR{1/3539.89/1953.68/6075.53/3354.75/1}+FU{0.3061/0.17918/0.15026/0.36446}+IU{0}+G4m{99.829}
Alignment sites / patterns: 985 / 39
Gaps: 1.23 %
Invariant sites: 98.58 %


NOTE: Binary MSA file created: /groups/pupko/alburquerque/RL/Tree_Data/data/All_sized/Onopordum_1/masked_species_real_msa.phy.raxml.rba

Parallelization scheme autoconfig: 1 worker(s) x 1 thread(s)

Parallel reduction/worker buffer size: 1 KB  / 0 KB

[00:00:00] Loading user starting tree(s) from: /groups/pupko/alburquerque/RL/Tree_Data/data/All_sized/Onopordum_1/Temp_start_tree_file_for_raxml_search.txt
[00:00:00] Data distribution: max. partitions/sites/weight per thread: 1 / 39 / 624
[00:00:00] Data distribution: max. searches per worker: 1

Starting ML tree search with 1 distinct starting trees

[00:00:00 -2384.252393] Initial branch length optimization
[00:00:00 -1411.189775] Model parameter optimization (eps = 10.000000)
[00:00:00 -1411.189775] AUTODETECT spr round 1 (radius: 5)
[00:00:00 -1406.790281] SPR radius for FAST iterations: 5 (autodetect)
[00:00:00 -1406.790281] Model parameter optimization (eps = 3.000000)
[00:00:00 -1406.790281] FAST spr round 1 (radius: 5)
[00:00:00 -1406.790281] Model parameter optimization (eps = 1.000000)
[00:00:00 -1406.790281] SLOW spr round 1 (radius: 5)
[00:00:00 -1406.790281] Model parameter optimization (eps = 0.100000)

[00:00:00] ML tree search #1, logLikelihood: -1406.790281


Optimized model parameters:

   Partition 0: noname
   Rate heterogeneity: GAMMA (4 cats, mean),  alpha: 99.829000 (user),  weights&rates: (0.250000,0.875802) (0.250000,0.964706) (0.250000,1.029572) (0.250000,1.129920) 
   P-inv (user): 0.000000
   Base frequencies (user): 0.306100 0.179180 0.150260 0.364460 
   Substitution rates (user): 1.000000 3539.890790 1953.676380 6075.528730 3354.748880 1.000000 


Final LogLikelihood: -1406.790281

AIC score: 2835.580561 / AICc score: 2835.851887 / BIC score: 2889.399619
Free parameters (model + branch lengths): 11

WARNING: Best ML tree contains 3 near-zero branches!

Best ML tree with collapsed near-zero branches saved to: /groups/pupko/alburquerque/RL/Tree_Data/data/All_sized/Onopordum_1/masked_species_real_msa.phy.raxml.bestTreeCollapsed
Best ML tree saved to: /groups/pupko/alburquerque/RL/Tree_Data/data/All_sized/Onopordum_1/masked_species_real_msa.phy.raxml.bestTree
Optimized model saved to: /groups/pupko/alburquerque/RL/Tree_Data/data/All_sized/Onopordum_1/masked_species_real_msa.phy.raxml.bestModel

Execution log saved to: /groups/pupko/alburquerque/RL/Tree_Data/data/All_sized/Onopordum_1/masked_species_real_msa.phy.raxml.log

Analysis started: 28-Feb-2023 11:11:43 / finished: 28-Feb-2023 11:11:43

Elapsed time: 0.051 seconds

