
RAxML-NG v. 1.1 released on 29.11.2021 by The Exelixis Lab.
Developed by: Alexey M. Kozlov and Alexandros Stamatakis.
Contributors: Diego Darriba, Tomas Flouri, Benoit Morel, Sarah Lutteropp, Ben Bettisworth.
Latest version: https://github.com/amkozlov/raxml-ng
Questions/problems/suggestions? Please visit: https://groups.google.com/forum/#!forum/raxml

System: Intel(R) Xeon(R) CPU E5-2670 v2 @ 2.50GHz, 20 cores, 62 GB RAM

RAxML-NG was called at 09-Feb-2023 20:47:27 as follows:

raxml-ng --msa /groups/pupko/alburquerque/RL/Tree_Data/data/All_sized/4771/masked_species_real_msa.phy --threads 1 --model GTR{1.06412/3.32163/5.22872/1.62000/8.55289/1.00000}+I{0.572}+G{0.866}+F{0.25625/0.19812/0.25141/0.29423} --tree /groups/pupko/alburquerque/RL/Tree_Data/data/All_sized/4771/Temp_start_tree_file_for_raxml_search.txt --redo

Analysis options:
  run mode: ML tree search
  start tree(s): user
  random seed: 1675968447
  tip-inner: OFF
  pattern compression: ON
  per-rate scalers: OFF
  site repeats: ON
  fast spr radius: AUTO
  spr subtree cutoff: 1.000000
  branch lengths: proportional (ML estimate, algorithm: NR-FAST)
  SIMD kernels: AVX
  parallelization: coarse-grained (auto), NONE/sequential

WARNING: Running in REDO mode: existing checkpoints are ignored, and all result files will be overwritten!

[00:00:00] Reading alignment from file: /groups/pupko/alburquerque/RL/Tree_Data/data/All_sized/4771/masked_species_real_msa.phy
[00:00:00] Loaded alignment with 20 taxa and 3124 sites

Alignment comprises 1 partitions and 773 patterns

Partition 0: noname
Model: GTR{1.06412/3.32163/5.22872/1.62/8.55289/1}+FU{0.25625/0.19812/0.25141/0.29423}+IU{0.572}+G4m{0.866}
Alignment sites / patterns: 3124 / 773
Gaps: 5.66 %
Invariant sites: 75.29 %


NOTE: Binary MSA file created: /groups/pupko/alburquerque/RL/Tree_Data/data/All_sized/4771/masked_species_real_msa.phy.raxml.rba

Parallelization scheme autoconfig: 1 worker(s) x 1 thread(s)

Parallel reduction/worker buffer size: 1 KB  / 0 KB

[00:00:00] Loading user starting tree(s) from: /groups/pupko/alburquerque/RL/Tree_Data/data/All_sized/4771/Temp_start_tree_file_for_raxml_search.txt
[00:00:00] Data distribution: max. partitions/sites/weight per thread: 1 / 773 / 12368
[00:00:00] Data distribution: max. searches per worker: 1

Starting ML tree search with 1 distinct starting trees

[00:00:00 -16020.702865] Initial branch length optimization
[00:00:00 -14261.191236] Model parameter optimization (eps = 10.000000)
[00:00:00 -14259.783211] AUTODETECT spr round 1 (radius: 5)
[00:00:00 -13257.814450] AUTODETECT spr round 2 (radius: 10)
[00:00:00 -13114.446040] AUTODETECT spr round 3 (radius: 15)
[00:00:00 -13114.433060] SPR radius for FAST iterations: 10 (autodetect)
[00:00:00 -13114.433060] Model parameter optimization (eps = 3.000000)
[00:00:00 -13114.430119] FAST spr round 1 (radius: 10)
[00:00:00 -12744.743800] FAST spr round 2 (radius: 10)
[00:00:01 -12734.363697] FAST spr round 3 (radius: 10)
[00:00:01 -12733.596740] FAST spr round 4 (radius: 10)
[00:00:01 -12733.114828] FAST spr round 5 (radius: 10)
[00:00:02 -12733.114827] Model parameter optimization (eps = 1.000000)
[00:00:02 -12733.114827] SLOW spr round 1 (radius: 5)
[00:00:02 -12733.114827] SLOW spr round 2 (radius: 10)
[00:00:03 -12733.114827] SLOW spr round 3 (radius: 15)
[00:00:03 -12733.114827] SLOW spr round 4 (radius: 20)
[00:00:03 -12733.114827] Model parameter optimization (eps = 0.100000)

[00:00:03] ML tree search #1, logLikelihood: -12733.114827


Optimized model parameters:

   Partition 0: noname
   Rate heterogeneity: GAMMA (4 cats, mean),  alpha: 0.866000 (user),  weights&rates: (0.250000,0.109506) (0.250000,0.432409) (0.250000,0.973689) (0.250000,2.484396) 
   P-inv (user): 0.572000
   Base frequencies (user): 0.256247 0.198118 0.251407 0.294227 
   Substitution rates (user): 1.064120 3.321630 5.228720 1.620000 8.552890 1.000000 


Final LogLikelihood: -12733.114827

AIC score: 25540.229654 / AICc score: 25541.140866 / BIC score: 25763.963826
Free parameters (model + branch lengths): 37

Best ML tree saved to: /groups/pupko/alburquerque/RL/Tree_Data/data/All_sized/4771/masked_species_real_msa.phy.raxml.bestTree
Optimized model saved to: /groups/pupko/alburquerque/RL/Tree_Data/data/All_sized/4771/masked_species_real_msa.phy.raxml.bestModel

Execution log saved to: /groups/pupko/alburquerque/RL/Tree_Data/data/All_sized/4771/masked_species_real_msa.phy.raxml.log

Analysis started: 09-Feb-2023 20:47:27 / finished: 09-Feb-2023 20:47:30

Elapsed time: 3.331 seconds

