
RAxML-NG v. 1.1 released on 29.11.2021 by The Exelixis Lab.
Developed by: Alexey M. Kozlov and Alexandros Stamatakis.
Contributors: Diego Darriba, Tomas Flouri, Benoit Morel, Sarah Lutteropp, Ben Bettisworth.
Latest version: https://github.com/amkozlov/raxml-ng
Questions/problems/suggestions? Please visit: https://groups.google.com/forum/#!forum/raxml

System: Intel(R) Xeon(R) CPU E5-2670 v2 @ 2.50GHz, 20 cores, 62 GB RAM

RAxML-NG was called at 28-Feb-2023 11:13:46 as follows:

raxml-ng --msa /groups/pupko/alburquerque/RL/Tree_Data/data/All_sized/Drosophila_00050000022989001/masked_species_real_msa.phy --threads 1 --model GTR{0.99993/1.96103/0.60307/0.78684/1.59219/1.00000}+I{0.000}+G{0.550}+F{0.27811/0.28372/0.24494/0.19323} --tree /groups/pupko/alburquerque/RL/Tree_Data/data/All_sized/Drosophila_00050000022989001/Temp_start_tree_file_for_raxml_search.txt --redo

Analysis options:
  run mode: ML tree search
  start tree(s): user
  random seed: 1677575626
  tip-inner: OFF
  pattern compression: ON
  per-rate scalers: OFF
  site repeats: ON
  fast spr radius: AUTO
  spr subtree cutoff: 1.000000
  branch lengths: proportional (ML estimate, algorithm: NR-FAST)
  SIMD kernels: AVX
  parallelization: coarse-grained (auto), NONE/sequential

WARNING: Running in REDO mode: existing checkpoints are ignored, and all result files will be overwritten!

[00:00:00] Reading alignment from file: /groups/pupko/alburquerque/RL/Tree_Data/data/All_sized/Drosophila_00050000022989001/masked_species_real_msa.phy
[00:00:00] Loaded alignment with 7 taxa and 423 sites

Alignment comprises 1 partitions and 139 patterns

Partition 0: noname
Model: GTR{0.99993/1.96103/0.60307/0.78684/1.59219/1}+FU{0.27811/0.28372/0.24494/0.19323}+IU{0}+G4m{0.55}
Alignment sites / patterns: 423 / 139
Gaps: 26.55 %
Invariant sites: 60.28 %


NOTE: Binary MSA file created: /groups/pupko/alburquerque/RL/Tree_Data/data/All_sized/Drosophila_00050000022989001/masked_species_real_msa.phy.raxml.rba

Parallelization scheme autoconfig: 1 worker(s) x 1 thread(s)

Parallel reduction/worker buffer size: 1 KB  / 0 KB

[00:00:00] Loading user starting tree(s) from: /groups/pupko/alburquerque/RL/Tree_Data/data/All_sized/Drosophila_00050000022989001/Temp_start_tree_file_for_raxml_search.txt
[00:00:00] Data distribution: max. partitions/sites/weight per thread: 1 / 139 / 2224
[00:00:00] Data distribution: max. searches per worker: 1

Starting ML tree search with 1 distinct starting trees

[00:00:00 -1819.755669] Initial branch length optimization
[00:00:00 -1509.447180] Model parameter optimization (eps = 10.000000)
[00:00:00 -1509.445554] AUTODETECT spr round 1 (radius: 5)
[00:00:00 -1482.336044] SPR radius for FAST iterations: 5 (autodetect)
[00:00:00 -1482.336044] Model parameter optimization (eps = 3.000000)
[00:00:00 -1482.334928] FAST spr round 1 (radius: 5)
[00:00:00 -1481.084273] FAST spr round 2 (radius: 5)
[00:00:00 -1481.084268] Model parameter optimization (eps = 1.000000)
[00:00:00 -1481.084268] SLOW spr round 1 (radius: 5)
[00:00:00 -1481.084268] Model parameter optimization (eps = 0.100000)

[00:00:00] ML tree search #1, logLikelihood: -1481.084268


Optimized model parameters:

   Partition 0: noname
   Rate heterogeneity: GAMMA (4 cats, mean),  alpha: 0.550000 (user),  weights&rates: (0.250000,0.042988) (0.250000,0.283310) (0.250000,0.853497) (0.250000,2.820205) 
   P-inv (user): 0.000000
   Base frequencies (user): 0.278110 0.283720 0.244940 0.193230 
   Substitution rates (user): 0.999930 1.961030 0.603070 0.786840 1.592190 1.000000 


Final LogLikelihood: -1481.084268

AIC score: 2984.168537 / AICc score: 2984.810873 / BIC score: 3028.689631
Free parameters (model + branch lengths): 11

Best ML tree saved to: /groups/pupko/alburquerque/RL/Tree_Data/data/All_sized/Drosophila_00050000022989001/masked_species_real_msa.phy.raxml.bestTree
Optimized model saved to: /groups/pupko/alburquerque/RL/Tree_Data/data/All_sized/Drosophila_00050000022989001/masked_species_real_msa.phy.raxml.bestModel

Execution log saved to: /groups/pupko/alburquerque/RL/Tree_Data/data/All_sized/Drosophila_00050000022989001/masked_species_real_msa.phy.raxml.log

Analysis started: 28-Feb-2023 11:13:46 / finished: 28-Feb-2023 11:13:46

Elapsed time: 0.097 seconds

