
RAxML-NG v. 1.1 released on 29.11.2021 by The Exelixis Lab.
Developed by: Alexey M. Kozlov and Alexandros Stamatakis.
Contributors: Diego Darriba, Tomas Flouri, Benoit Morel, Sarah Lutteropp, Ben Bettisworth.
Latest version: https://github.com/amkozlov/raxml-ng
Questions/problems/suggestions? Please visit: https://groups.google.com/forum/#!forum/raxml

System: Intel(R) Xeon(R) CPU E5-2680 v3 @ 2.50GHz, 24 cores, 125 GB RAM

RAxML-NG was called at 21-Dec-2022 19:39:05 as follows:

raxml-ng --msa /groups/pupko/alburquerque/RL/Tree_Data/data/All_sized/19792/masked_species_real_msa.phy --threads 1 --opt-branches on --opt-model --nofiles --tree rand{1} --redo off --model GTR{0.48984/3.88174/0.57738/0.75024/2.56202/1.00000}+I{0.073}+G{91.496}+F{0.17665/0.30712/0.28425/0.23198}

Analysis options:
  run mode: ML tree search
  start tree(s): random (1)
  random seed: 1671644345
  tip-inner: OFF
  pattern compression: ON
  per-rate scalers: OFF
  site repeats: ON
  fast spr radius: AUTO
  spr subtree cutoff: 1.000000
  branch lengths: proportional (ML estimate, algorithm: NR-FAST)
  SIMD kernels: AVX2
  parallelization: coarse-grained (auto), NONE/sequential

WARNING: Running in REDO mode: existing checkpoints are ignored, and all result files will be overwritten!

[00:00:00] Reading alignment from file: /groups/pupko/alburquerque/RL/Tree_Data/data/All_sized/19792/masked_species_real_msa.phy
[00:00:00] Loaded alignment with 15 taxa and 254 sites

Alignment comprises 1 partitions and 228 patterns

Partition 0: noname
Model: GTR{0.48984/3.88174/0.57738/0.75024/2.56202/1}+FU{0.17665/0.30712/0.28425/0.23198}+IU{0.073}+G4m{91.496}
Alignment sites / patterns: 254 / 228
Gaps: 6.90 %
Invariant sites: 15.75 %


NOTE: Binary MSA file created: /groups/pupko/alburquerque/RL/Tree_Data/data/All_sized/19792/masked_species_real_msa.phy.raxml.rba

Parallelization scheme autoconfig: 1 worker(s) x 1 thread(s)

Parallel reduction/worker buffer size: 1 KB  / 0 KB

[00:00:00] Generating 1 random starting tree(s) with 15 taxa
[00:00:00] Data distribution: max. partitions/sites/weight per thread: 1 / 228 / 3648
[00:00:00] Data distribution: max. searches per worker: 1

Starting ML tree search with 1 distinct starting trees

[00:00:00 -3211.979266] Initial branch length optimization
[00:00:00 -2761.386228] Model parameter optimization (eps = 10.000000)
[00:00:00 -2761.382834] AUTODETECT spr round 1 (radius: 5)
[00:00:00 -2276.530835] AUTODETECT spr round 2 (radius: 10)
[00:00:00 -2276.530609] SPR radius for FAST iterations: 5 (autodetect)
[00:00:00 -2276.530609] Model parameter optimization (eps = 3.000000)
[00:00:00 -2276.530599] FAST spr round 1 (radius: 5)
[00:00:00 -2274.598288] FAST spr round 2 (radius: 5)
[00:00:00 -2273.121851] FAST spr round 3 (radius: 5)
[00:00:00 -2273.121825] Model parameter optimization (eps = 1.000000)
[00:00:00 -2273.121825] SLOW spr round 1 (radius: 5)
[00:00:00 -2273.121825] SLOW spr round 2 (radius: 10)
[00:00:00 -2273.121825] SLOW spr round 3 (radius: 15)
[00:00:00 -2273.121825] Model parameter optimization (eps = 0.100000)

[00:00:00] ML tree search #1, logLikelihood: -2273.121825


Optimized model parameters:

   Partition 0: noname
   Rate heterogeneity: GAMMA (4 cats, mean),  alpha: 91.496000 (user),  weights&rates: (0.250000,0.870418) (0.250000,0.963007) (0.250000,1.030750) (0.250000,1.135824) 
   P-inv (user): 0.073000
   Base frequencies (user): 0.176650 0.307120 0.284250 0.231980 
   Substitution rates (user): 0.489840 3.881740 0.577380 0.750240 2.562020 1.000000 


Final LogLikelihood: -2273.121825

AIC score: 4600.243649 / AICc score: 4606.933915 / BIC score: 4695.751674
Free parameters (model + branch lengths): 27

Best ML tree saved to: /groups/pupko/alburquerque/RL/Tree_Data/data/All_sized/19792/masked_species_real_msa.phy.raxml.bestTree
Optimized model saved to: /groups/pupko/alburquerque/RL/Tree_Data/data/All_sized/19792/masked_species_real_msa.phy.raxml.bestModel

Execution log saved to: /groups/pupko/alburquerque/RL/Tree_Data/data/All_sized/19792/masked_species_real_msa.phy.raxml.log

Analysis started: 21-Dec-2022 19:39:05 / finished: 21-Dec-2022 19:39:05

Elapsed time: 0.554 seconds

