
RAxML-NG v. 1.1 released on 29.11.2021 by The Exelixis Lab.
Developed by: Alexey M. Kozlov and Alexandros Stamatakis.
Contributors: Diego Darriba, Tomas Flouri, Benoit Morel, Sarah Lutteropp, Ben Bettisworth.
Latest version: https://github.com/amkozlov/raxml-ng
Questions/problems/suggestions? Please visit: https://groups.google.com/forum/#!forum/raxml

System: Intel(R) Xeon(R) CPU E5-2670 v2 @ 2.50GHz, 20 cores, 62 GB RAM

RAxML-NG was called at 25-Dec-2022 18:30:40 as follows:

raxml-ng --msa /groups/pupko/alburquerque/RL/Tree_Data/data/All_sized/2090/masked_species_real_msa.phy --threads 1 --opt-branches on --opt-model --nofiles --tree rand{1} --redo off --model GTR{1.25593/7.10893/0.84177/0.97756/7.24238/1.00000}+I{0.000}+G{59.185}+F{0.26365/0.26567/0.20208/0.26860}

Analysis options:
  run mode: ML tree search
  start tree(s): random (1)
  random seed: 1671985840
  tip-inner: OFF
  pattern compression: ON
  per-rate scalers: OFF
  site repeats: ON
  fast spr radius: AUTO
  spr subtree cutoff: 1.000000
  branch lengths: proportional (ML estimate, algorithm: NR-FAST)
  SIMD kernels: AVX
  parallelization: coarse-grained (auto), NONE/sequential

WARNING: Running in REDO mode: existing checkpoints are ignored, and all result files will be overwritten!

[00:00:00] Reading alignment from file: /groups/pupko/alburquerque/RL/Tree_Data/data/All_sized/2090/masked_species_real_msa.phy
[00:00:00] Loaded alignment with 20 taxa and 242 sites

Alignment comprises 1 partitions and 236 patterns

Partition 0: noname
Model: GTR{1.25593/7.10893/0.84177/0.97756/7.24238/1}+FU{0.26365/0.26567/0.20208/0.2686}+IU{0}+G4m{59.185}
Alignment sites / patterns: 242 / 236
Gaps: 4.83 %
Invariant sites: 0.00 %


NOTE: Binary MSA file created: /groups/pupko/alburquerque/RL/Tree_Data/data/All_sized/2090/masked_species_real_msa.phy.raxml.rba

Parallelization scheme autoconfig: 1 worker(s) x 1 thread(s)

Parallel reduction/worker buffer size: 1 KB  / 0 KB

[00:00:00] Generating 1 random starting tree(s) with 20 taxa
[00:00:00] Data distribution: max. partitions/sites/weight per thread: 1 / 236 / 3776
[00:00:00] Data distribution: max. searches per worker: 1

Starting ML tree search with 1 distinct starting trees

[00:00:00 -3743.510503] Initial branch length optimization
[00:00:00 -3405.634090] Model parameter optimization (eps = 10.000000)
[00:00:00 -3405.630732] AUTODETECT spr round 1 (radius: 5)
[00:00:00 -3156.508912] AUTODETECT spr round 2 (radius: 10)
[00:00:00 -3156.507496] SPR radius for FAST iterations: 5 (autodetect)
[00:00:00 -3156.507496] Model parameter optimization (eps = 3.000000)
[00:00:00 -3156.507442] FAST spr round 1 (radius: 5)
[00:00:00 -3152.765523] FAST spr round 2 (radius: 5)
[00:00:00 -3152.017930] FAST spr round 3 (radius: 5)
[00:00:00 -3149.406677] FAST spr round 4 (radius: 5)
[00:00:00 -3148.386848] FAST spr round 5 (radius: 5)
[00:00:00 -3148.386837] Model parameter optimization (eps = 1.000000)
[00:00:00 -3148.386837] SLOW spr round 1 (radius: 5)
[00:00:00 -3148.386837] SLOW spr round 2 (radius: 10)
[00:00:00 -3148.386837] SLOW spr round 3 (radius: 15)
[00:00:00 -3148.386837] SLOW spr round 4 (radius: 20)
[00:00:00 -3148.386837] Model parameter optimization (eps = 0.100000)

[00:00:00] ML tree search #1, logLikelihood: -3148.386837


Optimized model parameters:

   Partition 0: noname
   Rate heterogeneity: GAMMA (4 cats, mean),  alpha: 59.185000 (user),  weights&rates: (0.250000,0.839950) (0.250000,0.953110) (0.250000,1.037244) (0.250000,1.169696) 
   P-inv (user): 0.000000
   Base frequencies (user): 0.263650 0.265670 0.202080 0.268600 
   Substitution rates (user): 1.255930 7.108930 0.841770 0.977560 7.242380 1.000000 


Final LogLikelihood: -3148.386837

AIC score: 6370.773674 / AICc score: 6384.557988 / BIC score: 6499.864370
Free parameters (model + branch lengths): 37

WARNING: Best ML tree contains 1 near-zero branches!

Best ML tree with collapsed near-zero branches saved to: /groups/pupko/alburquerque/RL/Tree_Data/data/All_sized/2090/masked_species_real_msa.phy.raxml.bestTreeCollapsed
Best ML tree saved to: /groups/pupko/alburquerque/RL/Tree_Data/data/All_sized/2090/masked_species_real_msa.phy.raxml.bestTree
Optimized model saved to: /groups/pupko/alburquerque/RL/Tree_Data/data/All_sized/2090/masked_species_real_msa.phy.raxml.bestModel

Execution log saved to: /groups/pupko/alburquerque/RL/Tree_Data/data/All_sized/2090/masked_species_real_msa.phy.raxml.log

Analysis started: 25-Dec-2022 18:30:40 / finished: 25-Dec-2022 18:30:41

Elapsed time: 0.822 seconds

