
RAxML-NG v. 1.1 released on 29.11.2021 by The Exelixis Lab.
Developed by: Alexey M. Kozlov and Alexandros Stamatakis.
Contributors: Diego Darriba, Tomas Flouri, Benoit Morel, Sarah Lutteropp, Ben Bettisworth.
Latest version: https://github.com/amkozlov/raxml-ng
Questions/problems/suggestions? Please visit: https://groups.google.com/forum/#!forum/raxml

System: Intel(R) Xeon(R) CPU E5-2670 v2 @ 2.50GHz, 20 cores, 62 GB RAM

RAxML-NG was called at 25-Dec-2022 18:31:06 as follows:

raxml-ng --msa /groups/pupko/alburquerque/RL/Tree_Data/data/All_sized/2267/masked_species_real_msa.phy --threads 1 --opt-branches on --opt-model --nofiles --tree rand{1} --redo off --model GTR{1.10254/1.38692/1.38648/0.93284/1.98625/1.00000}+I{0.227}+G{2.575}+F{0.23639/0.26628/0.23021/0.26711}

Analysis options:
  run mode: ML tree search
  start tree(s): random (1)
  random seed: 1671985866
  tip-inner: OFF
  pattern compression: ON
  per-rate scalers: OFF
  site repeats: ON
  fast spr radius: AUTO
  spr subtree cutoff: 1.000000
  branch lengths: proportional (ML estimate, algorithm: NR-FAST)
  SIMD kernels: AVX
  parallelization: coarse-grained (auto), NONE/sequential

WARNING: Running in REDO mode: existing checkpoints are ignored, and all result files will be overwritten!

[00:00:00] Reading alignment from file: /groups/pupko/alburquerque/RL/Tree_Data/data/All_sized/2267/masked_species_real_msa.phy
[00:00:00] Loaded alignment with 20 taxa and 635 sites

Alignment comprises 1 partitions and 480 patterns

Partition 0: noname
Model: GTR{1.10254/1.38692/1.38648/0.93284/1.98625/1}+FU{0.23639/0.26628/0.23021/0.26711}+IU{0.227}+G4m{2.575}
Alignment sites / patterns: 635 / 480
Gaps: 15.83 %
Invariant sites: 27.09 %


NOTE: Binary MSA file created: /groups/pupko/alburquerque/RL/Tree_Data/data/All_sized/2267/masked_species_real_msa.phy.raxml.rba

Parallelization scheme autoconfig: 1 worker(s) x 1 thread(s)

Parallel reduction/worker buffer size: 1 KB  / 0 KB

[00:00:00] Generating 1 random starting tree(s) with 20 taxa
[00:00:00] Data distribution: max. partitions/sites/weight per thread: 1 / 480 / 7680
[00:00:00] Data distribution: max. searches per worker: 1

Starting ML tree search with 1 distinct starting trees

[00:00:00 -9317.259832] Initial branch length optimization
[00:00:00 -8116.824712] Model parameter optimization (eps = 10.000000)
[00:00:00 -8113.099439] AUTODETECT spr round 1 (radius: 5)
[00:00:00 -6898.723255] AUTODETECT spr round 2 (radius: 10)
[00:00:00 -6898.684668] SPR radius for FAST iterations: 5 (autodetect)
[00:00:00 -6898.684668] Model parameter optimization (eps = 3.000000)
[00:00:00 -6898.669228] FAST spr round 1 (radius: 5)
[00:00:00 -6875.950530] FAST spr round 2 (radius: 5)
[00:00:00 -6875.947893] Model parameter optimization (eps = 1.000000)
[00:00:00 -6875.947560] SLOW spr round 1 (radius: 5)
[00:00:00 -6875.947336] SLOW spr round 2 (radius: 10)
[00:00:01 -6875.947265] SLOW spr round 3 (radius: 15)
[00:00:01 -6875.947243] SLOW spr round 4 (radius: 20)
[00:00:01 -6875.947235] Model parameter optimization (eps = 0.100000)

[00:00:01] ML tree search #1, logLikelihood: -6875.947234


Optimized model parameters:

   Partition 0: noname
   Rate heterogeneity: GAMMA (4 cats, mean),  alpha: 2.575000 (user),  weights&rates: (0.250000,0.353454) (0.250000,0.704904) (0.250000,1.079431) (0.250000,1.862212) 
   P-inv (user): 0.227000
   Base frequencies (user): 0.236392 0.266283 0.230212 0.267113 
   Substitution rates (user): 1.102540 1.386920 1.386480 0.932840 1.986250 1.000000 


Final LogLikelihood: -6875.947234

AIC score: 13825.894468 / AICc score: 13830.604686 / BIC score: 13990.678593
Free parameters (model + branch lengths): 37

Best ML tree saved to: /groups/pupko/alburquerque/RL/Tree_Data/data/All_sized/2267/masked_species_real_msa.phy.raxml.bestTree
Optimized model saved to: /groups/pupko/alburquerque/RL/Tree_Data/data/All_sized/2267/masked_species_real_msa.phy.raxml.bestModel

Execution log saved to: /groups/pupko/alburquerque/RL/Tree_Data/data/All_sized/2267/masked_species_real_msa.phy.raxml.log

Analysis started: 25-Dec-2022 18:31:06 / finished: 25-Dec-2022 18:31:08

Elapsed time: 1.308 seconds

