
RAxML-NG v. 1.1 released on 29.11.2021 by The Exelixis Lab.
Developed by: Alexey M. Kozlov and Alexandros Stamatakis.
Contributors: Diego Darriba, Tomas Flouri, Benoit Morel, Sarah Lutteropp, Ben Bettisworth.
Latest version: https://github.com/amkozlov/raxml-ng
Questions/problems/suggestions? Please visit: https://groups.google.com/forum/#!forum/raxml

System: Intel(R) Xeon(R) CPU E5-2670 v2 @ 2.50GHz, 20 cores, 62 GB RAM

RAxML-NG was called at 25-Dec-2022 18:31:12 as follows:

raxml-ng --msa /groups/pupko/alburquerque/RL/Tree_Data/data/All_sized/12965/masked_species_real_msa.phy --threads 1 --opt-branches on --opt-model --nofiles --tree rand{1} --redo off --model GTR{3.71934/3.80292/2.96388/1.18930/17.03916/1.00000}+I{0.730}+G{0.604}+F{0.26475/0.20308/0.26271/0.26946}

Analysis options:
  run mode: ML tree search
  start tree(s): random (1)
  random seed: 1671985872
  tip-inner: OFF
  pattern compression: ON
  per-rate scalers: OFF
  site repeats: ON
  fast spr radius: AUTO
  spr subtree cutoff: 1.000000
  branch lengths: proportional (ML estimate, algorithm: NR-FAST)
  SIMD kernels: AVX
  parallelization: coarse-grained (auto), NONE/sequential

WARNING: Running in REDO mode: existing checkpoints are ignored, and all result files will be overwritten!

[00:00:00] Reading alignment from file: /groups/pupko/alburquerque/RL/Tree_Data/data/All_sized/12965/masked_species_real_msa.phy
[00:00:00] Loaded alignment with 20 taxa and 4110 sites

Alignment comprises 1 partitions and 609 patterns

Partition 0: noname
Model: GTR{3.71934/3.80292/2.96388/1.1893/17.0392/1}+FU{0.26475/0.20308/0.26271/0.26946}+IU{0.73}+G4m{0.604}
Alignment sites / patterns: 4110 / 609
Gaps: 7.84 %
Invariant sites: 86.74 %


NOTE: Binary MSA file created: /groups/pupko/alburquerque/RL/Tree_Data/data/All_sized/12965/masked_species_real_msa.phy.raxml.rba

Parallelization scheme autoconfig: 1 worker(s) x 1 thread(s)

Parallel reduction/worker buffer size: 1 KB  / 0 KB

[00:00:00] Generating 1 random starting tree(s) with 20 taxa
[00:00:00] Data distribution: max. partitions/sites/weight per thread: 1 / 609 / 9744
[00:00:00] Data distribution: max. searches per worker: 1

Starting ML tree search with 1 distinct starting trees

[00:00:00 -14570.396670] Initial branch length optimization
[00:00:00 -13249.866035] Model parameter optimization (eps = 10.000000)
[00:00:00 -13247.624252] AUTODETECT spr round 1 (radius: 5)
[00:00:00 -11705.401738] AUTODETECT spr round 2 (radius: 10)
[00:00:00 -11705.394627] SPR radius for FAST iterations: 5 (autodetect)
[00:00:00 -11705.394627] Model parameter optimization (eps = 3.000000)
[00:00:00 -11705.394123] FAST spr round 1 (radius: 5)
[00:00:00 -11584.580351] FAST spr round 2 (radius: 5)
[00:00:00 -11584.580117] Model parameter optimization (eps = 1.000000)
[00:00:00 -11584.580116] SLOW spr round 1 (radius: 5)
[00:00:01 -11584.580116] SLOW spr round 2 (radius: 10)
[00:00:01 -11584.580116] SLOW spr round 3 (radius: 15)
[00:00:01 -11584.580116] SLOW spr round 4 (radius: 20)
[00:00:01 -11584.580116] Model parameter optimization (eps = 0.100000)

[00:00:01] ML tree search #1, logLikelihood: -11584.580116


Optimized model parameters:

   Partition 0: noname
   Rate heterogeneity: GAMMA (4 cats, mean),  alpha: 0.604000 (user),  weights&rates: (0.250000,0.053934) (0.250000,0.314488) (0.250000,0.883346) (0.250000,2.748232) 
   P-inv (user): 0.730000
   Base frequencies (user): 0.264750 0.203080 0.262710 0.269460 
   Substitution rates (user): 3.719340 3.802920 2.963880 1.189300 17.039160 1.000000 


Final LogLikelihood: -11584.580116

AIC score: 23243.160232 / AICc score: 23243.850802 / BIC score: 23477.043830
Free parameters (model + branch lengths): 37

Best ML tree saved to: /groups/pupko/alburquerque/RL/Tree_Data/data/All_sized/12965/masked_species_real_msa.phy.raxml.bestTree
Optimized model saved to: /groups/pupko/alburquerque/RL/Tree_Data/data/All_sized/12965/masked_species_real_msa.phy.raxml.bestModel

Execution log saved to: /groups/pupko/alburquerque/RL/Tree_Data/data/All_sized/12965/masked_species_real_msa.phy.raxml.log

Analysis started: 25-Dec-2022 18:31:12 / finished: 25-Dec-2022 18:31:14

Elapsed time: 1.797 seconds

