
RAxML-NG v. 1.1 released on 29.11.2021 by The Exelixis Lab.
Developed by: Alexey M. Kozlov and Alexandros Stamatakis.
Contributors: Diego Darriba, Tomas Flouri, Benoit Morel, Sarah Lutteropp, Ben Bettisworth.
Latest version: https://github.com/amkozlov/raxml-ng
Questions/problems/suggestions? Please visit: https://groups.google.com/forum/#!forum/raxml

System: Intel(R) Xeon(R) CPU E5-2670 v2 @ 2.50GHz, 20 cores, 62 GB RAM

RAxML-NG was called at 01-Mar-2023 14:27:11 as follows:

raxml-ng --msa /groups/pupko/alburquerque/RL/Tree_Data/data/All_sized/18823/masked_species_real_msa.phy --threads 1 --model GTR{0.42839/8.48948/0.00077/0.25414/3.99018/1.00000}+I{0.952}+G{0.611}+F{0.23331/0.26807/0.27760/0.22102} --tree /groups/pupko/alburquerque/RL/Tree_Data/data/All_sized/18823/Temp_start_tree_file_for_raxml_search.txt --redo

Analysis options:
  run mode: ML tree search
  start tree(s): user
  random seed: 1677673631
  tip-inner: OFF
  pattern compression: ON
  per-rate scalers: OFF
  site repeats: ON
  fast spr radius: AUTO
  spr subtree cutoff: 1.000000
  branch lengths: proportional (ML estimate, algorithm: NR-FAST)
  SIMD kernels: AVX
  parallelization: coarse-grained (auto), NONE/sequential

WARNING: Running in REDO mode: existing checkpoints are ignored, and all result files will be overwritten!

[00:00:00] Reading alignment from file: /groups/pupko/alburquerque/RL/Tree_Data/data/All_sized/18823/masked_species_real_msa.phy
[00:00:00] Loaded alignment with 15 taxa and 2206 sites

WARNING: Sequences Sp000 and Sp001 are exactly identical!
WARNING: Sequences Sp002 and Sp003 are exactly identical!
WARNING: Sequences Sp004 and Sp005 are exactly identical!
WARNING: Sequences Sp004 and Sp012 are exactly identical!
WARNING: Sequences Sp006 and Sp007 are exactly identical!
WARNING: Sequences Sp008 and Sp009 are exactly identical!
WARNING: Sequences Sp013 and Sp014 are exactly identical!
WARNING: Duplicate sequences found: 7

NOTE: Reduced alignment (with duplicates and gap-only sites/taxa removed) 
NOTE: was saved to: /groups/pupko/alburquerque/RL/Tree_Data/data/All_sized/18823/masked_species_real_msa.phy.raxml.reduced.phy

Alignment comprises 1 partitions and 38 patterns

Partition 0: noname
Model: GTR{0.42839/8.48948/0.00077/0.25414/3.99018/1}+FU{0.23331/0.26807/0.2776/0.22102}+IU{0.952}+G4m{0.611}
Alignment sites / patterns: 2206 / 38
Gaps: 0.66 %
Invariant sites: 98.91 %


NOTE: Binary MSA file created: /groups/pupko/alburquerque/RL/Tree_Data/data/All_sized/18823/masked_species_real_msa.phy.raxml.rba

Parallelization scheme autoconfig: 1 worker(s) x 1 thread(s)

Parallel reduction/worker buffer size: 1 KB  / 0 KB

[00:00:00] Loading user starting tree(s) from: /groups/pupko/alburquerque/RL/Tree_Data/data/All_sized/18823/Temp_start_tree_file_for_raxml_search.txt
[00:00:00] Data distribution: max. partitions/sites/weight per thread: 1 / 38 / 608
[00:00:00] Data distribution: max. searches per worker: 1

Starting ML tree search with 1 distinct starting trees

[00:00:00 -3487.351211] Initial branch length optimization
[00:00:00 -3398.122337] Model parameter optimization (eps = 10.000000)
[00:00:00 -3394.909500] AUTODETECT spr round 1 (radius: 5)
[00:00:00 -3284.457818] AUTODETECT spr round 2 (radius: 10)
[00:00:00 -3260.418273] AUTODETECT spr round 3 (radius: 15)
[00:00:00 -3260.418111] SPR radius for FAST iterations: 10 (autodetect)
[00:00:00 -3260.418111] Model parameter optimization (eps = 3.000000)
[00:00:00 -3260.418109] FAST spr round 1 (radius: 10)
[00:00:00 -3258.895285] FAST spr round 2 (radius: 10)
[00:00:00 -3258.895065] Model parameter optimization (eps = 1.000000)
[00:00:00 -3258.895062] SLOW spr round 1 (radius: 5)
[00:00:00 -3256.829843] SLOW spr round 2 (radius: 5)
[00:00:00 -3256.829842] SLOW spr round 3 (radius: 10)
[00:00:00 -3256.829842] SLOW spr round 4 (radius: 15)
[00:00:00 -3256.829842] Model parameter optimization (eps = 0.100000)

[00:00:00] ML tree search #1, logLikelihood: -3256.829842


Optimized model parameters:

   Partition 0: noname
   Rate heterogeneity: GAMMA (4 cats, mean),  alpha: 0.611000 (user),  weights&rates: (0.250000,0.055384) (0.250000,0.318331) (0.250000,0.886829) (0.250000,2.739455) 
   P-inv (user): 0.952000
   Base frequencies (user): 0.233310 0.268070 0.277600 0.221020 
   Substitution rates (user): 0.428390 8.489480 0.000770 0.254140 3.990180 1.000000 


Final LogLikelihood: -3256.829842

AIC score: 6567.659684 / AICc score: 6568.353899 / BIC score: 6721.530962
Free parameters (model + branch lengths): 27

WARNING: Best ML tree contains 5 near-zero branches!

Best ML tree with collapsed near-zero branches saved to: /groups/pupko/alburquerque/RL/Tree_Data/data/All_sized/18823/masked_species_real_msa.phy.raxml.bestTreeCollapsed
Best ML tree saved to: /groups/pupko/alburquerque/RL/Tree_Data/data/All_sized/18823/masked_species_real_msa.phy.raxml.bestTree
Optimized model saved to: /groups/pupko/alburquerque/RL/Tree_Data/data/All_sized/18823/masked_species_real_msa.phy.raxml.bestModel

Execution log saved to: /groups/pupko/alburquerque/RL/Tree_Data/data/All_sized/18823/masked_species_real_msa.phy.raxml.log

Analysis started: 01-Mar-2023 14:27:11 / finished: 01-Mar-2023 14:27:11

Elapsed time: 0.162 seconds

