
RAxML-NG v. 1.1 released on 29.11.2021 by The Exelixis Lab.
Developed by: Alexey M. Kozlov and Alexandros Stamatakis.
Contributors: Diego Darriba, Tomas Flouri, Benoit Morel, Sarah Lutteropp, Ben Bettisworth.
Latest version: https://github.com/amkozlov/raxml-ng
Questions/problems/suggestions? Please visit: https://groups.google.com/forum/#!forum/raxml

System: Intel(R) Xeon(R) CPU E5-2670 v2 @ 2.50GHz, 20 cores, 62 GB RAM

RAxML-NG was called at 01-Mar-2023 15:56:10 as follows:

raxml-ng --msa /groups/pupko/alburquerque/RL/Tree_Data/data/All_sized/18060/masked_species_real_msa.phy --threads 1 --model GTR{1.74512/1.16053/1.35261/2.44175/5.72729/1.00000}+I{0.208}+G{1.406}+F{0.22803/0.26315/0.27376/0.23505} --tree /groups/pupko/alburquerque/RL/Tree_Data/data/All_sized/18060/Temp_start_tree_file_for_raxml_search.txt --redo

Analysis options:
  run mode: ML tree search
  start tree(s): user
  random seed: 1677678970
  tip-inner: OFF
  pattern compression: ON
  per-rate scalers: OFF
  site repeats: ON
  fast spr radius: AUTO
  spr subtree cutoff: 1.000000
  branch lengths: proportional (ML estimate, algorithm: NR-FAST)
  SIMD kernels: AVX
  parallelization: coarse-grained (auto), NONE/sequential

WARNING: Running in REDO mode: existing checkpoints are ignored, and all result files will be overwritten!

[00:00:00] Reading alignment from file: /groups/pupko/alburquerque/RL/Tree_Data/data/All_sized/18060/masked_species_real_msa.phy
[00:00:00] Loaded alignment with 7 taxa and 1162 sites

Alignment comprises 1 partitions and 93 patterns

Partition 0: noname
Model: GTR{1.74512/1.16053/1.35261/2.44175/5.72729/1}+FU{0.22803/0.26315/0.27376/0.23505}+IU{0.208}+G4m{1.406}
Alignment sites / patterns: 1162 / 93
Gaps: 26.16 %
Invariant sites: 88.21 %


NOTE: Binary MSA file created: /groups/pupko/alburquerque/RL/Tree_Data/data/All_sized/18060/masked_species_real_msa.phy.raxml.rba

Parallelization scheme autoconfig: 1 worker(s) x 1 thread(s)

Parallel reduction/worker buffer size: 1 KB  / 0 KB

[00:00:00] Loading user starting tree(s) from: /groups/pupko/alburquerque/RL/Tree_Data/data/All_sized/18060/Temp_start_tree_file_for_raxml_search.txt
[00:00:00] Data distribution: max. partitions/sites/weight per thread: 1 / 93 / 1488
[00:00:00] Data distribution: max. searches per worker: 1

Starting ML tree search with 1 distinct starting trees

[00:00:00 -3116.886384] Initial branch length optimization
[00:00:00 -2607.911327] Model parameter optimization (eps = 10.000000)
[00:00:00 -2607.861409] AUTODETECT spr round 1 (radius: 5)
[00:00:00 -2311.091436] SPR radius for FAST iterations: 5 (autodetect)
[00:00:00 -2311.091436] Model parameter optimization (eps = 3.000000)
[00:00:00 -2311.086394] FAST spr round 1 (radius: 5)
[00:00:00 -2311.084272] Model parameter optimization (eps = 1.000000)
[00:00:00 -2311.084108] SLOW spr round 1 (radius: 5)
[00:00:00 -2311.084038] Model parameter optimization (eps = 0.100000)

[00:00:00] ML tree search #1, logLikelihood: -2311.084033


Optimized model parameters:

   Partition 0: noname
   Rate heterogeneity: GAMMA (4 cats, mean),  alpha: 1.406000 (user),  weights&rates: (0.250000,0.210429) (0.250000,0.572124) (0.250000,1.044389) (0.250000,2.173058) 
   P-inv (user): 0.208000
   Base frequencies (user): 0.228032 0.263153 0.273763 0.235052 
   Substitution rates (user): 1.745120 1.160530 1.352610 2.441750 5.727290 1.000000 


Final LogLikelihood: -2311.084033

AIC score: 4644.168065 / AICc score: 4644.397630 / BIC score: 4699.804942
Free parameters (model + branch lengths): 11

Best ML tree saved to: /groups/pupko/alburquerque/RL/Tree_Data/data/All_sized/18060/masked_species_real_msa.phy.raxml.bestTree
Optimized model saved to: /groups/pupko/alburquerque/RL/Tree_Data/data/All_sized/18060/masked_species_real_msa.phy.raxml.bestModel

Execution log saved to: /groups/pupko/alburquerque/RL/Tree_Data/data/All_sized/18060/masked_species_real_msa.phy.raxml.log

Analysis started: 01-Mar-2023 15:56:10 / finished: 01-Mar-2023 15:56:10

Elapsed time: 0.066 seconds

