
RAxML-NG v. 1.1 released on 29.11.2021 by The Exelixis Lab.
Developed by: Alexey M. Kozlov and Alexandros Stamatakis.
Contributors: Diego Darriba, Tomas Flouri, Benoit Morel, Sarah Lutteropp, Ben Bettisworth.
Latest version: https://github.com/amkozlov/raxml-ng
Questions/problems/suggestions? Please visit: https://groups.google.com/forum/#!forum/raxml

System: Intel(R) Xeon(R) CPU E5-2670 v2 @ 2.50GHz, 20 cores, 62 GB RAM

RAxML-NG was called at 04-Feb-2023 12:29:38 as follows:

raxml-ng --msa /groups/pupko/alburquerque/RL/Tree_Data/data/All_sized/2144/masked_species_real_msa.phy --threads 1 --model GTR{8.30653/37.59349/12.80124/4.99551/90.74838/1.00000}+I{0.347}+G{0.451}+F{0.36790/0.24253/0.16851/0.22106} --tree /groups/pupko/alburquerque/RL/Tree_Data/data/All_sized/2144/Temp_start_tree_file_for_raxml_search.txt --redo

Analysis options:
  run mode: ML tree search
  start tree(s): user
  random seed: 1675506578
  tip-inner: OFF
  pattern compression: ON
  per-rate scalers: OFF
  site repeats: ON
  fast spr radius: AUTO
  spr subtree cutoff: 1.000000
  branch lengths: proportional (ML estimate, algorithm: NR-FAST)
  SIMD kernels: AVX
  parallelization: coarse-grained (auto), NONE/sequential

WARNING: Running in REDO mode: existing checkpoints are ignored, and all result files will be overwritten!

[00:00:00] Reading alignment from file: /groups/pupko/alburquerque/RL/Tree_Data/data/All_sized/2144/masked_species_real_msa.phy
[00:00:00] Loaded alignment with 12 taxa and 739 sites

Alignment comprises 1 partitions and 191 patterns

Partition 0: noname
Model: GTR{8.30653/37.5935/12.8012/4.99551/90.7484/1}+FU{0.3679/0.24253/0.16851/0.22106}+IU{0.347}+G4m{0.451}
Alignment sites / patterns: 739 / 191
Gaps: 2.35 %
Invariant sites: 68.47 %


NOTE: Binary MSA file created: /groups/pupko/alburquerque/RL/Tree_Data/data/All_sized/2144/masked_species_real_msa.phy.raxml.rba

Parallelization scheme autoconfig: 1 worker(s) x 1 thread(s)

Parallel reduction/worker buffer size: 1 KB  / 0 KB

[00:00:00] Loading user starting tree(s) from: /groups/pupko/alburquerque/RL/Tree_Data/data/All_sized/2144/Temp_start_tree_file_for_raxml_search.txt
[00:00:00] Data distribution: max. partitions/sites/weight per thread: 1 / 191 / 3056
[00:00:00] Data distribution: max. searches per worker: 1

Starting ML tree search with 1 distinct starting trees

[00:00:00 -3239.968069] Initial branch length optimization
[00:00:00 -2961.841940] Model parameter optimization (eps = 10.000000)
[00:00:00 -2960.804988] AUTODETECT spr round 1 (radius: 5)
[00:00:00 -2903.528817] AUTODETECT spr round 2 (radius: 10)
[00:00:00 -2903.524561] SPR radius for FAST iterations: 5 (autodetect)
[00:00:00 -2903.524561] Model parameter optimization (eps = 3.000000)
[00:00:00 -2903.523414] FAST spr round 1 (radius: 5)
[00:00:00 -2887.216680] FAST spr round 2 (radius: 5)
[00:00:00 -2886.242383] FAST spr round 3 (radius: 5)
[00:00:00 -2886.242351] Model parameter optimization (eps = 1.000000)
[00:00:00 -2886.242351] SLOW spr round 1 (radius: 5)
[00:00:00 -2886.242289] SLOW spr round 2 (radius: 10)
[00:00:00 -2886.242289] Model parameter optimization (eps = 0.100000)

[00:00:00] ML tree search #1, logLikelihood: -2886.242289


Optimized model parameters:

   Partition 0: noname
   Rate heterogeneity: GAMMA (4 cats, mean),  alpha: 0.451000 (user),  weights&rates: (0.250000,0.024707) (0.250000,0.218729) (0.250000,0.781059) (0.250000,2.975505) 
   P-inv (user): 0.347000
   Base frequencies (user): 0.367900 0.242530 0.168510 0.221060 
   Substitution rates (user): 8.306530 37.593490 12.801240 4.995510 90.748380 1.000000 


Final LogLikelihood: -2886.242289

AIC score: 5814.484577 / AICc score: 5815.773280 / BIC score: 5911.195834
Free parameters (model + branch lengths): 21

WARNING: Best ML tree contains 1 near-zero branches!

Best ML tree with collapsed near-zero branches saved to: /groups/pupko/alburquerque/RL/Tree_Data/data/All_sized/2144/masked_species_real_msa.phy.raxml.bestTreeCollapsed
Best ML tree saved to: /groups/pupko/alburquerque/RL/Tree_Data/data/All_sized/2144/masked_species_real_msa.phy.raxml.bestTree
Optimized model saved to: /groups/pupko/alburquerque/RL/Tree_Data/data/All_sized/2144/masked_species_real_msa.phy.raxml.bestModel

Execution log saved to: /groups/pupko/alburquerque/RL/Tree_Data/data/All_sized/2144/masked_species_real_msa.phy.raxml.log

Analysis started: 04-Feb-2023 12:29:38 / finished: 04-Feb-2023 12:29:38

Elapsed time: 0.428 seconds

