
RAxML-NG v. 1.1 released on 29.11.2021 by The Exelixis Lab.
Developed by: Alexey M. Kozlov and Alexandros Stamatakis.
Contributors: Diego Darriba, Tomas Flouri, Benoit Morel, Sarah Lutteropp, Ben Bettisworth.
Latest version: https://github.com/amkozlov/raxml-ng
Questions/problems/suggestions? Please visit: https://groups.google.com/forum/#!forum/raxml

System: Intel(R) Xeon(R) CPU E5-2670 v2 @ 2.50GHz, 20 cores, 62 GB RAM

RAxML-NG was called at 01-Mar-2023 16:02:10 as follows:

raxml-ng --msa /groups/pupko/alburquerque/RL/Tree_Data/data/All_sized/9381/masked_species_real_msa.phy --threads 1 --model GTR{7.94171/7.05472/0.95536/1.64921/14.00086/1.00000}+I{0.513}+G{13.215}+F{0.22261/0.14525/0.24609/0.38606} --tree /groups/pupko/alburquerque/RL/Tree_Data/data/All_sized/9381/Temp_start_tree_file_for_raxml_search.txt --redo

Analysis options:
  run mode: ML tree search
  start tree(s): user
  random seed: 1677679330
  tip-inner: OFF
  pattern compression: ON
  per-rate scalers: OFF
  site repeats: ON
  fast spr radius: AUTO
  spr subtree cutoff: 1.000000
  branch lengths: proportional (ML estimate, algorithm: NR-FAST)
  SIMD kernels: AVX
  parallelization: coarse-grained (auto), NONE/sequential

WARNING: Running in REDO mode: existing checkpoints are ignored, and all result files will be overwritten!

[00:00:00] Reading alignment from file: /groups/pupko/alburquerque/RL/Tree_Data/data/All_sized/9381/masked_species_real_msa.phy
[00:00:00] Loaded alignment with 7 taxa and 630 sites

Alignment comprises 1 partitions and 77 patterns

Partition 0: noname
Model: GTR{7.94171/7.05472/0.95536/1.64921/14.0009/1}+FU{0.22261/0.14525/0.24609/0.38606}+IU{0.513}+G4m{13.215}
Alignment sites / patterns: 630 / 77
Gaps: 0.02 %
Invariant sites: 65.87 %


NOTE: Binary MSA file created: /groups/pupko/alburquerque/RL/Tree_Data/data/All_sized/9381/masked_species_real_msa.phy.raxml.rba

Parallelization scheme autoconfig: 1 worker(s) x 1 thread(s)

Parallel reduction/worker buffer size: 1 KB  / 0 KB

[00:00:00] Loading user starting tree(s) from: /groups/pupko/alburquerque/RL/Tree_Data/data/All_sized/9381/Temp_start_tree_file_for_raxml_search.txt
[00:00:00] Data distribution: max. partitions/sites/weight per thread: 1 / 77 / 1232
[00:00:00] Data distribution: max. searches per worker: 1

Starting ML tree search with 1 distinct starting trees

[00:00:00 -2357.608139] Initial branch length optimization
[00:00:00 -1913.259984] Model parameter optimization (eps = 10.000000)
[00:00:00 -1913.247979] AUTODETECT spr round 1 (radius: 5)
[00:00:00 -1857.006188] SPR radius for FAST iterations: 5 (autodetect)
[00:00:00 -1857.006188] Model parameter optimization (eps = 3.000000)
[00:00:00 -1856.949261] FAST spr round 1 (radius: 5)
[00:00:00 -1856.853886] Model parameter optimization (eps = 1.000000)
[00:00:00 -1856.853879] SLOW spr round 1 (radius: 5)
[00:00:00 -1856.853879] Model parameter optimization (eps = 0.100000)

[00:00:00] ML tree search #1, logLikelihood: -1856.853879


Optimized model parameters:

   Partition 0: noname
   Rate heterogeneity: GAMMA (4 cats, mean),  alpha: 13.215000 (user),  weights&rates: (0.250000,0.675181) (0.250000,0.890451) (0.250000,1.066514) (0.250000,1.367854) 
   P-inv (user): 0.513000
   Base frequencies (user): 0.222608 0.145249 0.246088 0.386056 
   Substitution rates (user): 7.941710 7.054720 0.955360 1.649210 14.000860 1.000000 


Final LogLikelihood: -1856.853879

AIC score: 3735.707758 / AICc score: 3736.134943 / BIC score: 3784.610676
Free parameters (model + branch lengths): 11

WARNING: Best ML tree contains 1 near-zero branches!

Best ML tree with collapsed near-zero branches saved to: /groups/pupko/alburquerque/RL/Tree_Data/data/All_sized/9381/masked_species_real_msa.phy.raxml.bestTreeCollapsed
Best ML tree saved to: /groups/pupko/alburquerque/RL/Tree_Data/data/All_sized/9381/masked_species_real_msa.phy.raxml.bestTree
Optimized model saved to: /groups/pupko/alburquerque/RL/Tree_Data/data/All_sized/9381/masked_species_real_msa.phy.raxml.bestModel

Execution log saved to: /groups/pupko/alburquerque/RL/Tree_Data/data/All_sized/9381/masked_species_real_msa.phy.raxml.log

Analysis started: 01-Mar-2023 16:02:10 / finished: 01-Mar-2023 16:02:10

Elapsed time: 0.066 seconds

