
RAxML-NG v. 1.1 released on 29.11.2021 by The Exelixis Lab.
Developed by: Alexey M. Kozlov and Alexandros Stamatakis.
Contributors: Diego Darriba, Tomas Flouri, Benoit Morel, Sarah Lutteropp, Ben Bettisworth.
Latest version: https://github.com/amkozlov/raxml-ng
Questions/problems/suggestions? Please visit: https://groups.google.com/forum/#!forum/raxml

System: Intel(R) Xeon(R) CPU E5-2680 v3 @ 2.50GHz, 24 cores, 125 GB RAM

RAxML-NG was called at 21-Dec-2022 19:39:03 as follows:

raxml-ng --msa /groups/pupko/alburquerque/RL/Tree_Data/data/All_sized/534/masked_species_real_msa.phy --threads 1 --opt-branches on --opt-model --nofiles --tree rand{1} --redo off --model GTR{1.74097/8.23338/2.19797/2.46452/10.42778/1.00000}+I{0.303}+G{3.168}+F{0.24562/0.26808/0.23181/0.25449}

Analysis options:
  run mode: ML tree search
  start tree(s): random (1)
  random seed: 1671644343
  tip-inner: OFF
  pattern compression: ON
  per-rate scalers: OFF
  site repeats: ON
  fast spr radius: AUTO
  spr subtree cutoff: 1.000000
  branch lengths: proportional (ML estimate, algorithm: NR-FAST)
  SIMD kernels: AVX2
  parallelization: coarse-grained (auto), NONE/sequential

WARNING: Running in REDO mode: existing checkpoints are ignored, and all result files will be overwritten!

[00:00:00] Reading alignment from file: /groups/pupko/alburquerque/RL/Tree_Data/data/All_sized/534/masked_species_real_msa.phy
[00:00:00] Loaded alignment with 15 taxa and 496 sites

WARNING: Sequences Sp005 and Sp006 are exactly identical!
WARNING: Duplicate sequences found: 1

NOTE: Reduced alignment (with duplicates and gap-only sites/taxa removed) 
NOTE: was saved to: /groups/pupko/alburquerque/RL/Tree_Data/data/All_sized/534/masked_species_real_msa.phy.raxml.reduced.phy

Alignment comprises 1 partitions and 276 patterns

Partition 0: noname
Model: GTR{1.74097/8.23338/2.19797/2.46452/10.4278/1}+FU{0.24562/0.26808/0.23181/0.25449}+IU{0.303}+G4m{3.168}
Alignment sites / patterns: 496 / 276
Gaps: 13.88 %
Invariant sites: 45.97 %


NOTE: Binary MSA file created: /groups/pupko/alburquerque/RL/Tree_Data/data/All_sized/534/masked_species_real_msa.phy.raxml.rba

Parallelization scheme autoconfig: 1 worker(s) x 1 thread(s)

Parallel reduction/worker buffer size: 1 KB  / 0 KB

[00:00:00] Generating 1 random starting tree(s) with 15 taxa
[00:00:00] Data distribution: max. partitions/sites/weight per thread: 1 / 276 / 4416
[00:00:00] Data distribution: max. searches per worker: 1

Starting ML tree search with 1 distinct starting trees

[00:00:00 -3671.366629] Initial branch length optimization
[00:00:00 -2930.882737] Model parameter optimization (eps = 10.000000)
[00:00:00 -2930.619313] AUTODETECT spr round 1 (radius: 5)
[00:00:00 -2625.289390] AUTODETECT spr round 2 (radius: 10)
[00:00:00 -2625.284845] SPR radius for FAST iterations: 5 (autodetect)
[00:00:00 -2625.284845] Model parameter optimization (eps = 3.000000)
[00:00:00 -2625.283171] FAST spr round 1 (radius: 5)
[00:00:00 -2557.513670] FAST spr round 2 (radius: 5)
[00:00:00 -2557.179599] FAST spr round 3 (radius: 5)
[00:00:00 -2557.178971] Model parameter optimization (eps = 1.000000)
[00:00:00 -2557.178966] SLOW spr round 1 (radius: 5)
[00:00:00 -2557.178965] SLOW spr round 2 (radius: 10)
[00:00:00 -2557.178965] SLOW spr round 3 (radius: 15)
[00:00:00 -2557.178965] Model parameter optimization (eps = 0.100000)

[00:00:00] ML tree search #1, logLikelihood: -2557.178965


Optimized model parameters:

   Partition 0: noname
   Rate heterogeneity: GAMMA (4 cats, mean),  alpha: 3.168000 (user),  weights&rates: (0.250000,0.401855) (0.250000,0.740425) (0.250000,1.083229) (0.250000,1.774491) 
   P-inv (user): 0.303000
   Base frequencies (user): 0.245620 0.268080 0.231810 0.254490 
   Substitution rates (user): 1.740970 8.233380 2.197970 2.464520 10.427780 1.000000 


Final LogLikelihood: -2557.178965

AIC score: 5168.357930 / AICc score: 5171.588700 / BIC score: 5281.935480
Free parameters (model + branch lengths): 27

Best ML tree saved to: /groups/pupko/alburquerque/RL/Tree_Data/data/All_sized/534/masked_species_real_msa.phy.raxml.bestTree
Optimized model saved to: /groups/pupko/alburquerque/RL/Tree_Data/data/All_sized/534/masked_species_real_msa.phy.raxml.bestModel

Execution log saved to: /groups/pupko/alburquerque/RL/Tree_Data/data/All_sized/534/masked_species_real_msa.phy.raxml.log

Analysis started: 21-Dec-2022 19:39:03 / finished: 21-Dec-2022 19:39:03

Elapsed time: 0.458 seconds

