
RAxML-NG v. 1.1 released on 29.11.2021 by The Exelixis Lab.
Developed by: Alexey M. Kozlov and Alexandros Stamatakis.
Contributors: Diego Darriba, Tomas Flouri, Benoit Morel, Sarah Lutteropp, Ben Bettisworth.
Latest version: https://github.com/amkozlov/raxml-ng
Questions/problems/suggestions? Please visit: https://groups.google.com/forum/#!forum/raxml

System: Intel(R) Xeon(R) CPU E5-2670 v2 @ 2.50GHz, 20 cores, 62 GB RAM

RAxML-NG was called at 25-Dec-2022 18:31:41 as follows:

raxml-ng --msa /groups/pupko/alburquerque/RL/Tree_Data/data/All_sized/10942/masked_species_real_msa.phy --threads 1 --opt-branches on --opt-model --nofiles --tree rand{1} --redo off --model GTR{0.93012/0.90664/0.77436/0.41775/2.74312/1.00000}+I{0.044}+G{0.644}+F{0.20370/0.32588/0.29535/0.17506}

Analysis options:
  run mode: ML tree search
  start tree(s): random (1)
  random seed: 1671985901
  tip-inner: OFF
  pattern compression: ON
  per-rate scalers: OFF
  site repeats: ON
  fast spr radius: AUTO
  spr subtree cutoff: 1.000000
  branch lengths: proportional (ML estimate, algorithm: NR-FAST)
  SIMD kernels: AVX
  parallelization: coarse-grained (auto), NONE/sequential

WARNING: Running in REDO mode: existing checkpoints are ignored, and all result files will be overwritten!

[00:00:00] Reading alignment from file: /groups/pupko/alburquerque/RL/Tree_Data/data/All_sized/10942/masked_species_real_msa.phy
[00:00:00] Loaded alignment with 20 taxa and 632 sites

Alignment comprises 1 partitions and 228 patterns

Partition 0: noname
Model: GTR{0.93012/0.90664/0.77436/0.41775/2.74312/1}+FU{0.2037/0.32588/0.29535/0.17506}+IU{0.044}+G4m{0.644}
Alignment sites / patterns: 632 / 228
Gaps: 4.87 %
Invariant sites: 56.49 %


NOTE: Binary MSA file created: /groups/pupko/alburquerque/RL/Tree_Data/data/All_sized/10942/masked_species_real_msa.phy.raxml.rba

Parallelization scheme autoconfig: 1 worker(s) x 1 thread(s)

Parallel reduction/worker buffer size: 1 KB  / 0 KB

[00:00:00] Generating 1 random starting tree(s) with 20 taxa
[00:00:00] Data distribution: max. partitions/sites/weight per thread: 1 / 228 / 3648
[00:00:00] Data distribution: max. searches per worker: 1

Starting ML tree search with 1 distinct starting trees

[00:00:00 -4209.340055] Initial branch length optimization
[00:00:00 -3376.421725] Model parameter optimization (eps = 10.000000)
[00:00:00 -3375.901176] AUTODETECT spr round 1 (radius: 5)
[00:00:00 -2848.830747] AUTODETECT spr round 2 (radius: 10)
[00:00:00 -2848.829525] SPR radius for FAST iterations: 5 (autodetect)
[00:00:00 -2848.829525] Model parameter optimization (eps = 3.000000)
[00:00:00 -2848.829452] FAST spr round 1 (radius: 5)
[00:00:00 -2826.301392] FAST spr round 2 (radius: 5)
[00:00:00 -2824.123730] FAST spr round 3 (radius: 5)
[00:00:00 -2824.122886] Model parameter optimization (eps = 1.000000)
[00:00:00 -2824.122877] SLOW spr round 1 (radius: 5)
[00:00:00 -2824.122719] SLOW spr round 2 (radius: 10)
[00:00:00 -2824.122719] SLOW spr round 3 (radius: 15)
[00:00:00 -2824.122719] SLOW spr round 4 (radius: 20)
[00:00:00 -2824.122719] Model parameter optimization (eps = 0.100000)

[00:00:00] ML tree search #1, logLikelihood: -2824.122719


Optimized model parameters:

   Partition 0: noname
   Rate heterogeneity: GAMMA (4 cats, mean),  alpha: 0.644000 (user),  weights&rates: (0.250000,0.062292) (0.250000,0.335865) (0.250000,0.902207) (0.250000,2.699636) 
   P-inv (user): 0.044000
   Base frequencies (user): 0.203702 0.325883 0.295353 0.175062 
   Substitution rates (user): 0.930120 0.906640 0.774360 0.417750 2.743120 1.000000 


Final LogLikelihood: -2824.122719

AIC score: 5722.245438 / AICc score: 5726.979445 / BIC score: 5886.854346
Free parameters (model + branch lengths): 37

WARNING: Best ML tree contains 1 near-zero branches!

Best ML tree with collapsed near-zero branches saved to: /groups/pupko/alburquerque/RL/Tree_Data/data/All_sized/10942/masked_species_real_msa.phy.raxml.bestTreeCollapsed
Best ML tree saved to: /groups/pupko/alburquerque/RL/Tree_Data/data/All_sized/10942/masked_species_real_msa.phy.raxml.bestTree
Optimized model saved to: /groups/pupko/alburquerque/RL/Tree_Data/data/All_sized/10942/masked_species_real_msa.phy.raxml.bestModel

Execution log saved to: /groups/pupko/alburquerque/RL/Tree_Data/data/All_sized/10942/masked_species_real_msa.phy.raxml.log

Analysis started: 25-Dec-2022 18:31:41 / finished: 25-Dec-2022 18:31:41

Elapsed time: 0.810 seconds

