
RAxML-NG v. 1.1 released on 29.11.2021 by The Exelixis Lab.
Developed by: Alexey M. Kozlov and Alexandros Stamatakis.
Contributors: Diego Darriba, Tomas Flouri, Benoit Morel, Sarah Lutteropp, Ben Bettisworth.
Latest version: https://github.com/amkozlov/raxml-ng
Questions/problems/suggestions? Please visit: https://groups.google.com/forum/#!forum/raxml

System: Intel(R) Xeon(R) CPU E5-2670 v2 @ 2.50GHz, 20 cores, 62 GB RAM

RAxML-NG was called at 25-Dec-2022 18:31:24 as follows:

raxml-ng --msa /groups/pupko/alburquerque/RL/Tree_Data/data/All_sized/36552/masked_species_real_msa.phy --threads 1 --opt-branches on --opt-model --nofiles --tree rand{1} --redo off --model GTR{1.00000/2872.25947/1.00000/2841.08962/4600.18063/1.00000}+I{0.000}+G{99.829}+F{0.19744/0.36042/0.29811/0.14404}

Analysis options:
  run mode: ML tree search
  start tree(s): random (1)
  random seed: 1671985884
  tip-inner: OFF
  pattern compression: ON
  per-rate scalers: OFF
  site repeats: ON
  fast spr radius: AUTO
  spr subtree cutoff: 1.000000
  branch lengths: proportional (ML estimate, algorithm: NR-FAST)
  SIMD kernels: AVX
  parallelization: coarse-grained (auto), NONE/sequential

WARNING: Running in REDO mode: existing checkpoints are ignored, and all result files will be overwritten!

[00:00:00] Reading alignment from file: /groups/pupko/alburquerque/RL/Tree_Data/data/All_sized/36552/masked_species_real_msa.phy
[00:00:00] Loaded alignment with 20 taxa and 899 sites

WARNING: Sequences Sp001 and Sp002 are exactly identical!
WARNING: Sequences Sp001 and Sp003 are exactly identical!
WARNING: Sequences Sp001 and Sp004 are exactly identical!
WARNING: Sequences Sp001 and Sp005 are exactly identical!
WARNING: Sequences Sp001 and Sp006 are exactly identical!
WARNING: Sequences Sp001 and Sp007 are exactly identical!
WARNING: Sequences Sp008 and Sp009 are exactly identical!
WARNING: Sequences Sp008 and Sp010 are exactly identical!
WARNING: Sequences Sp008 and Sp011 are exactly identical!
WARNING: Sequences Sp008 and Sp012 are exactly identical!
WARNING: Sequences Sp008 and Sp013 are exactly identical!
WARNING: Sequences Sp008 and Sp014 are exactly identical!
WARNING: Sequences Sp008 and Sp015 are exactly identical!
WARNING: Sequences Sp008 and Sp016 are exactly identical!
WARNING: Sequences Sp008 and Sp017 are exactly identical!
WARNING: Sequences Sp008 and Sp018 are exactly identical!
WARNING: Sequences Sp008 and Sp019 are exactly identical!
WARNING: Duplicate sequences found: 17

NOTE: Reduced alignment (with duplicates and gap-only sites/taxa removed) 
NOTE: was saved to: /groups/pupko/alburquerque/RL/Tree_Data/data/All_sized/36552/masked_species_real_msa.phy.raxml.reduced.phy

Alignment comprises 1 partitions and 11 patterns

Partition 0: noname
Model: GTR{1/2872.26/1/2841.09/4600.18/1}+FU{0.19744/0.36042/0.29811/0.14404}+IU{0}+G4m{99.829}
Alignment sites / patterns: 899 / 11
Gaps: 0.00 %
Invariant sites: 97.66 %


NOTE: Binary MSA file created: /groups/pupko/alburquerque/RL/Tree_Data/data/All_sized/36552/masked_species_real_msa.phy.raxml.rba

Parallelization scheme autoconfig: 1 worker(s) x 1 thread(s)

Parallel reduction/worker buffer size: 1 KB  / 0 KB

[00:00:00] Generating 1 random starting tree(s) with 20 taxa
[00:00:00] Data distribution: max. partitions/sites/weight per thread: 1 / 11 / 176
[00:00:00] Data distribution: max. searches per worker: 1

Starting ML tree search with 1 distinct starting trees

[00:00:00 -4415.208641] Initial branch length optimization
[00:00:00 -1338.693171] Model parameter optimization (eps = 10.000000)
[00:00:00 -1338.693171] AUTODETECT spr round 1 (radius: 5)
[00:00:00 -1307.264345] AUTODETECT spr round 2 (radius: 10)
[00:00:00 -1307.264345] SPR radius for FAST iterations: 5 (autodetect)
[00:00:00 -1307.264345] Model parameter optimization (eps = 3.000000)
[00:00:00 -1307.264345] FAST spr round 1 (radius: 5)
[00:00:00 -1307.264345] Model parameter optimization (eps = 1.000000)
[00:00:00 -1307.264345] SLOW spr round 1 (radius: 5)
[00:00:00 -1307.264345] SLOW spr round 2 (radius: 10)
[00:00:00 -1307.264345] SLOW spr round 3 (radius: 15)
[00:00:00 -1307.264345] SLOW spr round 4 (radius: 20)
[00:00:00 -1307.264345] Model parameter optimization (eps = 0.100000)

[00:00:00] ML tree search #1, logLikelihood: -1307.264345


Optimized model parameters:

   Partition 0: noname
   Rate heterogeneity: GAMMA (4 cats, mean),  alpha: 99.829000 (user),  weights&rates: (0.250000,0.875802) (0.250000,0.964706) (0.250000,1.029572) (0.250000,1.129920) 
   P-inv (user): 0.000000
   Base frequencies (user): 0.197438 0.360416 0.298107 0.144039 
   Substitution rates (user): 1.000000 2872.259470 1.000000 2841.089620 4600.180630 1.000000 


Final LogLikelihood: -1307.264345

AIC score: 2688.528689 / AICc score: 2691.794659 / BIC score: 2866.176161
Free parameters (model + branch lengths): 37

WARNING: Best ML tree contains 16 near-zero branches!

Best ML tree with collapsed near-zero branches saved to: /groups/pupko/alburquerque/RL/Tree_Data/data/All_sized/36552/masked_species_real_msa.phy.raxml.bestTreeCollapsed
Best ML tree saved to: /groups/pupko/alburquerque/RL/Tree_Data/data/All_sized/36552/masked_species_real_msa.phy.raxml.bestTree
Optimized model saved to: /groups/pupko/alburquerque/RL/Tree_Data/data/All_sized/36552/masked_species_real_msa.phy.raxml.bestModel

Execution log saved to: /groups/pupko/alburquerque/RL/Tree_Data/data/All_sized/36552/masked_species_real_msa.phy.raxml.log

Analysis started: 25-Dec-2022 18:31:24 / finished: 25-Dec-2022 18:31:24

Elapsed time: 0.089 seconds

