
RAxML-NG v. 1.1 released on 29.11.2021 by The Exelixis Lab.
Developed by: Alexey M. Kozlov and Alexandros Stamatakis.
Contributors: Diego Darriba, Tomas Flouri, Benoit Morel, Sarah Lutteropp, Ben Bettisworth.
Latest version: https://github.com/amkozlov/raxml-ng
Questions/problems/suggestions? Please visit: https://groups.google.com/forum/#!forum/raxml

System: AMD Opteron(tm) Processor 6128, 16 cores, 117 GB RAM

RAxML-NG was called at 30-Nov-2022 16:45:55 as follows:

raxml-ng --msa /groups/pupko/alburquerque/RL/Tree_Data/data/All_sized/19158/masked_species_real_msa.phy --threads 1 --opt-branches on --opt-model --nofiles --tree rand{1} --redo off --model GTR{1.56467/3.49444/0.94615/1.28873/3.36806/1.00000}+I{0.194}+G{1.141}+F{0.26613/0.20101/0.22626/0.30661}

Analysis options:
  run mode: ML tree search
  start tree(s): random (1)
  random seed: 1669819555
  tip-inner: OFF
  pattern compression: ON
  per-rate scalers: OFF
  site repeats: ON
  fast spr radius: AUTO
  spr subtree cutoff: 1.000000
  branch lengths: proportional (ML estimate, algorithm: NR-FAST)
  SIMD kernels: SSE3
  parallelization: coarse-grained (auto), NONE/sequential

WARNING: Running in REDO mode: existing checkpoints are ignored, and all result files will be overwritten!

[00:00:00] Reading alignment from file: /groups/pupko/alburquerque/RL/Tree_Data/data/All_sized/19158/masked_species_real_msa.phy
[00:00:00] Loaded alignment with 12 taxa and 3056 sites

Alignment comprises 1 partitions and 637 patterns

Partition 0: noname
Model: GTR{1.56467/3.49444/0.94615/1.28873/3.36806/1}+FU{0.26613/0.20101/0.22626/0.30661}+IU{0.194}+G4m{1.141}
Alignment sites / patterns: 3056 / 637
Gaps: 24.77 %
Invariant sites: 69.44 %


NOTE: Binary MSA file created: /groups/pupko/alburquerque/RL/Tree_Data/data/All_sized/19158/masked_species_real_msa.phy.raxml.rba

Parallelization scheme autoconfig: 1 worker(s) x 1 thread(s)

Parallel reduction/worker buffer size: 1 KB  / 0 KB

[00:00:00] Generating 1 random starting tree(s) with 12 taxa
[00:00:00] Data distribution: max. partitions/sites/weight per thread: 1 / 637 / 10192
[00:00:00] Data distribution: max. searches per worker: 1

Starting ML tree search with 1 distinct starting trees

[00:00:00 -13382.959990] Initial branch length optimization
[00:00:00 -12518.736427] Model parameter optimization (eps = 10.000000)
[00:00:00 -12518.520385] AUTODETECT spr round 1 (radius: 5)
[00:00:00 -11772.523980] AUTODETECT spr round 2 (radius: 10)
[00:00:00 -11772.523747] SPR radius for FAST iterations: 5 (autodetect)
[00:00:00 -11772.523747] Model parameter optimization (eps = 3.000000)
[00:00:00 -11772.523740] FAST spr round 1 (radius: 5)
[00:00:00 -11700.782171] FAST spr round 2 (radius: 5)
[00:00:01 -11700.782168] Model parameter optimization (eps = 1.000000)
[00:00:01 -11700.782168] SLOW spr round 1 (radius: 5)
[00:00:03 -11700.782168] SLOW spr round 2 (radius: 10)
[00:00:03 -11700.782168] Model parameter optimization (eps = 0.100000)

[00:00:03] ML tree search #1, logLikelihood: -11700.782168


Optimized model parameters:

   Partition 0: noname
   Rate heterogeneity: GAMMA (4 cats, mean),  alpha: 1.141000 (user),  weights&rates: (0.250000,0.164198) (0.250000,0.515385) (0.250000,1.019932) (0.250000,2.300485) 
   P-inv (user): 0.194000
   Base frequencies (user): 0.266127 0.201008 0.226258 0.306607 
   Substitution rates (user): 1.564670 3.494440 0.946150 1.288730 3.368060 1.000000 


Final LogLikelihood: -11700.782168

AIC score: 23443.564337 / AICc score: 23443.868885 / BIC score: 23570.086442
Free parameters (model + branch lengths): 21

Best ML tree saved to: /groups/pupko/alburquerque/RL/Tree_Data/data/All_sized/19158/masked_species_real_msa.phy.raxml.bestTree
Optimized model saved to: /groups/pupko/alburquerque/RL/Tree_Data/data/All_sized/19158/masked_species_real_msa.phy.raxml.bestModel

Execution log saved to: /groups/pupko/alburquerque/RL/Tree_Data/data/All_sized/19158/masked_species_real_msa.phy.raxml.log

Analysis started: 30-Nov-2022 16:45:55 / finished: 30-Nov-2022 16:45:59

Elapsed time: 3.857 seconds

