
RAxML-NG v. 1.1 released on 29.11.2021 by The Exelixis Lab.
Developed by: Alexey M. Kozlov and Alexandros Stamatakis.
Contributors: Diego Darriba, Tomas Flouri, Benoit Morel, Sarah Lutteropp, Ben Bettisworth.
Latest version: https://github.com/amkozlov/raxml-ng
Questions/problems/suggestions? Please visit: https://groups.google.com/forum/#!forum/raxml

System: Intel(R) Xeon(R) Gold 6230 CPU @ 2.10GHz, 1 cores, 31 GB RAM

RAxML-NG was called at 28-Dec-2022 15:01:19 as follows:

raxml-ng --msa /groups/pupko/alburquerque/RL/Tree_Data/data/All_sized/10279/masked_species_real_msa.phy --threads 1 --opt-branches on --opt-model --nofiles --tree rand{1} --redo off --model GTR{1.99336/1.32010/3.02817/1.52173/3.70728/1.00000}+I{0.297}+G{0.626}+F{0.23510/0.27941/0.26435/0.22114}

Analysis options:
  run mode: ML tree search
  start tree(s): random (1)
  random seed: 1672232479
  tip-inner: OFF
  pattern compression: ON
  per-rate scalers: OFF
  site repeats: ON
  fast spr radius: AUTO
  spr subtree cutoff: 1.000000
  branch lengths: proportional (ML estimate, algorithm: NR-FAST)
  SIMD kernels: AVX2
  parallelization: coarse-grained (auto), NONE/sequential

WARNING: Running in REDO mode: existing checkpoints are ignored, and all result files will be overwritten!

[00:00:00] Reading alignment from file: /groups/pupko/alburquerque/RL/Tree_Data/data/All_sized/10279/masked_species_real_msa.phy
[00:00:00] Loaded alignment with 20 taxa and 604 sites

Alignment comprises 1 partitions and 243 patterns

Partition 0: noname
Model: GTR{1.99336/1.3201/3.02817/1.52173/3.70728/1}+FU{0.2351/0.27941/0.26435/0.22114}+IU{0.297}+G4m{0.626}
Alignment sites / patterns: 604 / 243
Gaps: 8.96 %
Invariant sites: 66.56 %


NOTE: Binary MSA file created: /groups/pupko/alburquerque/RL/Tree_Data/data/All_sized/10279/masked_species_real_msa.phy.raxml.rba

Parallelization scheme autoconfig: 1 worker(s) x 1 thread(s)

Parallel reduction/worker buffer size: 1 KB  / 0 KB

[00:00:00] Generating 1 random starting tree(s) with 20 taxa
[00:00:00] Data distribution: max. partitions/sites/weight per thread: 1 / 243 / 3888
[00:00:00] Data distribution: max. searches per worker: 1

Starting ML tree search with 1 distinct starting trees

[00:00:00 -3672.827983] Initial branch length optimization
[00:00:00 -3263.903407] Model parameter optimization (eps = 10.000000)
[00:00:00 -3263.728673] AUTODETECT spr round 1 (radius: 5)
[00:00:00 -2638.014767] AUTODETECT spr round 2 (radius: 10)
[00:00:00 -2634.354164] AUTODETECT spr round 3 (radius: 15)
[00:00:00 -2634.338786] SPR radius for FAST iterations: 10 (autodetect)
[00:00:00 -2634.338786] Model parameter optimization (eps = 3.000000)
[00:00:00 -2634.335083] FAST spr round 1 (radius: 10)
[00:00:00 -2533.485511] FAST spr round 2 (radius: 10)
[00:00:00 -2531.633766] FAST spr round 3 (radius: 10)
[00:00:00 -2531.633507] Model parameter optimization (eps = 1.000000)
[00:00:00 -2531.633506] SLOW spr round 1 (radius: 5)
[00:00:00 -2531.633506] SLOW spr round 2 (radius: 10)
[00:00:00 -2531.633506] SLOW spr round 3 (radius: 15)
[00:00:00 -2531.633506] SLOW spr round 4 (radius: 20)
[00:00:01 -2531.633506] Model parameter optimization (eps = 0.100000)

[00:00:01] ML tree search #1, logLikelihood: -2531.633506


Optimized model parameters:

   Partition 0: noname
   Rate heterogeneity: GAMMA (4 cats, mean),  alpha: 0.626000 (user),  weights&rates: (0.250000,0.058511) (0.250000,0.326419) (0.250000,0.894025) (0.250000,2.721045) 
   P-inv (user): 0.297000
   Base frequencies (user): 0.235100 0.279410 0.264350 0.221140 
   Substitution rates (user): 1.993360 1.320100 3.028170 1.521730 3.707280 1.000000 


Final LogLikelihood: -2531.633506

AIC score: 5137.267012 / AICc score: 5142.235210 / BIC score: 5300.199257
Free parameters (model + branch lengths): 37

WARNING: Best ML tree contains 3 near-zero branches!

Best ML tree with collapsed near-zero branches saved to: /groups/pupko/alburquerque/RL/Tree_Data/data/All_sized/10279/masked_species_real_msa.phy.raxml.bestTreeCollapsed
Best ML tree saved to: /groups/pupko/alburquerque/RL/Tree_Data/data/All_sized/10279/masked_species_real_msa.phy.raxml.bestTree
Optimized model saved to: /groups/pupko/alburquerque/RL/Tree_Data/data/All_sized/10279/masked_species_real_msa.phy.raxml.bestModel

Execution log saved to: /groups/pupko/alburquerque/RL/Tree_Data/data/All_sized/10279/masked_species_real_msa.phy.raxml.log

Analysis started: 28-Dec-2022 15:01:19 / finished: 28-Dec-2022 15:01:20

Elapsed time: 1.027 seconds

