
RAxML-NG v. 1.1 released on 29.11.2021 by The Exelixis Lab.
Developed by: Alexey M. Kozlov and Alexandros Stamatakis.
Contributors: Diego Darriba, Tomas Flouri, Benoit Morel, Sarah Lutteropp, Ben Bettisworth.
Latest version: https://github.com/amkozlov/raxml-ng
Questions/problems/suggestions? Please visit: https://groups.google.com/forum/#!forum/raxml

System: Intel(R) Xeon(R) CPU E5-2670 v2 @ 2.50GHz, 20 cores, 62 GB RAM

RAxML-NG was called at 13-Feb-2023 17:57:47 as follows:

raxml-ng --msa /groups/pupko/alburquerque/RL/Tree_Data/data/All_sized/231/masked_species_real_msa.phy --threads 1 --model GTR{0.60784/0.71044/0.69121/1.09206/1.39125/1.00000}+I{0.136}+G{0.385}+F{0.32873/0.18250/0.17833/0.31043} --tree /groups/pupko/alburquerque/RL/Tree_Data/data/All_sized/231/Temp_start_tree_file_for_raxml_search.txt --redo

Analysis options:
  run mode: ML tree search
  start tree(s): user
  random seed: 1676303867
  tip-inner: OFF
  pattern compression: ON
  per-rate scalers: OFF
  site repeats: ON
  fast spr radius: AUTO
  spr subtree cutoff: 1.000000
  branch lengths: proportional (ML estimate, algorithm: NR-FAST)
  SIMD kernels: AVX
  parallelization: coarse-grained (auto), NONE/sequential

WARNING: Running in REDO mode: existing checkpoints are ignored, and all result files will be overwritten!

[00:00:00] Reading alignment from file: /groups/pupko/alburquerque/RL/Tree_Data/data/All_sized/231/masked_species_real_msa.phy
[00:00:00] Loaded alignment with 20 taxa and 1006 sites

Alignment comprises 1 partitions and 414 patterns

Partition 0: noname
Model: GTR{0.60784/0.71044/0.69121/1.09206/1.39125/1}+FU{0.32873/0.1825/0.17833/0.31043}+IU{0.136}+G4m{0.385}
Alignment sites / patterns: 1006 / 414
Gaps: 36.18 %
Invariant sites: 58.35 %


NOTE: Binary MSA file created: /groups/pupko/alburquerque/RL/Tree_Data/data/All_sized/231/masked_species_real_msa.phy.raxml.rba

Parallelization scheme autoconfig: 1 worker(s) x 1 thread(s)

Parallel reduction/worker buffer size: 1 KB  / 0 KB

[00:00:00] Loading user starting tree(s) from: /groups/pupko/alburquerque/RL/Tree_Data/data/All_sized/231/Temp_start_tree_file_for_raxml_search.txt
[00:00:00] Data distribution: max. partitions/sites/weight per thread: 1 / 414 / 6624
[00:00:00] Data distribution: max. searches per worker: 1

Starting ML tree search with 1 distinct starting trees

[00:00:00 -7738.331700] Initial branch length optimization
[00:00:00 -6324.819474] Model parameter optimization (eps = 10.000000)
[00:00:00 -6322.815426] AUTODETECT spr round 1 (radius: 5)
[00:00:00 -4934.258696] AUTODETECT spr round 2 (radius: 10)
[00:00:00 -4934.166378] SPR radius for FAST iterations: 5 (autodetect)
[00:00:00 -4934.166378] Model parameter optimization (eps = 3.000000)
[00:00:00 -4934.116139] FAST spr round 1 (radius: 5)
[00:00:00 -4895.174380] FAST spr round 2 (radius: 5)
[00:00:00 -4895.163330] Model parameter optimization (eps = 1.000000)
[00:00:00 -4895.162773] SLOW spr round 1 (radius: 5)
[00:00:01 -4895.162589] SLOW spr round 2 (radius: 10)
[00:00:01 -4895.162576] SLOW spr round 3 (radius: 15)
[00:00:01 -4895.162576] SLOW spr round 4 (radius: 20)
[00:00:01 -4895.162576] Model parameter optimization (eps = 0.100000)

[00:00:01] ML tree search #1, logLikelihood: -4895.162576


Optimized model parameters:

   Partition 0: noname
   Rate heterogeneity: GAMMA (4 cats, mean),  alpha: 0.385000 (user),  weights&rates: (0.250000,0.014611) (0.250000,0.170465) (0.250000,0.714525) (0.250000,3.100399) 
   P-inv (user): 0.136000
   Base frequencies (user): 0.328733 0.182502 0.178332 0.310433 
   Substitution rates (user): 0.607840 0.710440 0.691210 1.092060 1.391250 1.000000 


Final LogLikelihood: -4895.162576

AIC score: 9864.325151 / AICc score: 9867.230110 / BIC score: 10046.133433
Free parameters (model + branch lengths): 37

Best ML tree saved to: /groups/pupko/alburquerque/RL/Tree_Data/data/All_sized/231/masked_species_real_msa.phy.raxml.bestTree
Optimized model saved to: /groups/pupko/alburquerque/RL/Tree_Data/data/All_sized/231/masked_species_real_msa.phy.raxml.bestModel

Execution log saved to: /groups/pupko/alburquerque/RL/Tree_Data/data/All_sized/231/masked_species_real_msa.phy.raxml.log

Analysis started: 13-Feb-2023 17:57:47 / finished: 13-Feb-2023 17:57:49

Elapsed time: 1.393 seconds

