
RAxML-NG v. 1.1 released on 29.11.2021 by The Exelixis Lab.
Developed by: Alexey M. Kozlov and Alexandros Stamatakis.
Contributors: Diego Darriba, Tomas Flouri, Benoit Morel, Sarah Lutteropp, Ben Bettisworth.
Latest version: https://github.com/amkozlov/raxml-ng
Questions/problems/suggestions? Please visit: https://groups.google.com/forum/#!forum/raxml

System: Intel(R) Xeon(R) CPU E5-2670 v2 @ 2.50GHz, 20 cores, 62 GB RAM

RAxML-NG was called at 01-Mar-2023 14:20:29 as follows:

raxml-ng --msa /groups/pupko/alburquerque/RL/Tree_Data/data/All_sized/smart_IFabd/masked_species_real_msa.phy --threads 1 --model GTR{1.53355/3.33482/0.60724/1.85685/2.58708/1.00000}+I{0.066}+G{3.702}+F{0.26419/0.31235/0.23350/0.18997} --tree /groups/pupko/alburquerque/RL/Tree_Data/data/All_sized/smart_IFabd/Temp_start_tree_file_for_raxml_search.txt --redo

Analysis options:
  run mode: ML tree search
  start tree(s): user
  random seed: 1677673229
  tip-inner: OFF
  pattern compression: ON
  per-rate scalers: OFF
  site repeats: ON
  fast spr radius: AUTO
  spr subtree cutoff: 1.000000
  branch lengths: proportional (ML estimate, algorithm: NR-FAST)
  SIMD kernels: AVX
  parallelization: coarse-grained (auto), NONE/sequential

WARNING: Running in REDO mode: existing checkpoints are ignored, and all result files will be overwritten!

[00:00:00] Reading alignment from file: /groups/pupko/alburquerque/RL/Tree_Data/data/All_sized/smart_IFabd/masked_species_real_msa.phy
[00:00:00] Loaded alignment with 15 taxa and 366 sites

Alignment comprises 1 partitions and 321 patterns

Partition 0: noname
Model: GTR{1.53355/3.33482/0.60724/1.85685/2.58708/1}+FU{0.26419/0.31235/0.2335/0.18997}+IU{0.066}+G4m{3.702}
Alignment sites / patterns: 366 / 321
Gaps: 4.21 %
Invariant sites: 12.30 %


NOTE: Binary MSA file created: /groups/pupko/alburquerque/RL/Tree_Data/data/All_sized/smart_IFabd/masked_species_real_msa.phy.raxml.rba

Parallelization scheme autoconfig: 1 worker(s) x 1 thread(s)

Parallel reduction/worker buffer size: 1 KB  / 0 KB

[00:00:00] Loading user starting tree(s) from: /groups/pupko/alburquerque/RL/Tree_Data/data/All_sized/smart_IFabd/Temp_start_tree_file_for_raxml_search.txt
[00:00:00] Data distribution: max. partitions/sites/weight per thread: 1 / 321 / 5136
[00:00:00] Data distribution: max. searches per worker: 1

Starting ML tree search with 1 distinct starting trees

[00:00:00 -5958.621490] Initial branch length optimization
[00:00:00 -5081.008799] Model parameter optimization (eps = 10.000000)
[00:00:00 -5079.957568] AUTODETECT spr round 1 (radius: 5)
[00:00:00 -4458.838295] AUTODETECT spr round 2 (radius: 10)
[00:00:00 -4458.804731] SPR radius for FAST iterations: 5 (autodetect)
[00:00:00 -4458.804731] Model parameter optimization (eps = 3.000000)
[00:00:00 -4458.787070] FAST spr round 1 (radius: 5)
[00:00:00 -4442.846262] FAST spr round 2 (radius: 5)
[00:00:00 -4440.899282] FAST spr round 3 (radius: 5)
[00:00:00 -4440.627554] FAST spr round 4 (radius: 5)
[00:00:00 -4440.627482] Model parameter optimization (eps = 1.000000)
[00:00:00 -4440.627480] SLOW spr round 1 (radius: 5)
[00:00:00 -4440.627479] SLOW spr round 2 (radius: 10)
[00:00:00 -4440.627479] SLOW spr round 3 (radius: 15)
[00:00:00 -4440.627479] Model parameter optimization (eps = 0.100000)

[00:00:00] ML tree search #1, logLikelihood: -4440.627479


Optimized model parameters:

   Partition 0: noname
   Rate heterogeneity: GAMMA (4 cats, mean),  alpha: 3.702000 (user),  weights&rates: (0.250000,0.437203) (0.250000,0.764230) (0.250000,1.084316) (0.250000,1.714251) 
   P-inv (user): 0.066000
   Base frequencies (user): 0.264187 0.312347 0.233498 0.189968 
   Substitution rates (user): 1.533550 3.334820 0.607240 1.856850 2.587080 1.000000 


Final LogLikelihood: -4440.627479

AIC score: 8935.254959 / AICc score: 8939.728331 / BIC score: 9040.626059
Free parameters (model + branch lengths): 27

WARNING: Best ML tree contains 1 near-zero branches!

Best ML tree with collapsed near-zero branches saved to: /groups/pupko/alburquerque/RL/Tree_Data/data/All_sized/smart_IFabd/masked_species_real_msa.phy.raxml.bestTreeCollapsed
Best ML tree saved to: /groups/pupko/alburquerque/RL/Tree_Data/data/All_sized/smart_IFabd/masked_species_real_msa.phy.raxml.bestTree
Optimized model saved to: /groups/pupko/alburquerque/RL/Tree_Data/data/All_sized/smart_IFabd/masked_species_real_msa.phy.raxml.bestModel

Execution log saved to: /groups/pupko/alburquerque/RL/Tree_Data/data/All_sized/smart_IFabd/masked_species_real_msa.phy.raxml.log

Analysis started: 01-Mar-2023 14:20:29 / finished: 01-Mar-2023 14:20:30

Elapsed time: 0.835 seconds

