
RAxML-NG v. 1.1 released on 29.11.2021 by The Exelixis Lab.
Developed by: Alexey M. Kozlov and Alexandros Stamatakis.
Contributors: Diego Darriba, Tomas Flouri, Benoit Morel, Sarah Lutteropp, Ben Bettisworth.
Latest version: https://github.com/amkozlov/raxml-ng
Questions/problems/suggestions? Please visit: https://groups.google.com/forum/#!forum/raxml

System: Intel(R) Xeon(R) CPU E5-2670 v2 @ 2.50GHz, 20 cores, 62 GB RAM

RAxML-NG was called at 25-Dec-2022 18:31:43 as follows:

raxml-ng --msa /groups/pupko/alburquerque/RL/Tree_Data/data/All_sized/Blumea_3/masked_species_real_msa.phy --threads 1 --opt-branches on --opt-model --nofiles --tree rand{1} --redo off --model GTR{0.78313/1.99625/1.67041/1.07324/1.78448/1.00000}+I{0.209}+G{1.045}+F{0.22268/0.17669/0.36247/0.23816}

Analysis options:
  run mode: ML tree search
  start tree(s): random (1)
  random seed: 1671985903
  tip-inner: OFF
  pattern compression: ON
  per-rate scalers: OFF
  site repeats: ON
  fast spr radius: AUTO
  spr subtree cutoff: 1.000000
  branch lengths: proportional (ML estimate, algorithm: NR-FAST)
  SIMD kernels: AVX
  parallelization: coarse-grained (auto), NONE/sequential

WARNING: Running in REDO mode: existing checkpoints are ignored, and all result files will be overwritten!

[00:00:00] Reading alignment from file: /groups/pupko/alburquerque/RL/Tree_Data/data/All_sized/Blumea_3/masked_species_real_msa.phy
[00:00:00] Loaded alignment with 20 taxa and 228 sites

WARNING: Sequences Sp004 and Sp005 are exactly identical!
WARNING: Duplicate sequences found: 1

NOTE: Reduced alignment (with duplicates and gap-only sites/taxa removed) 
NOTE: was saved to: /groups/pupko/alburquerque/RL/Tree_Data/data/All_sized/Blumea_3/masked_species_real_msa.phy.raxml.reduced.phy

Alignment comprises 1 partitions and 115 patterns

Partition 0: noname
Model: GTR{0.78313/1.99625/1.67041/1.07324/1.78448/1}+FU{0.22268/0.17669/0.36247/0.23816}+IU{0.209}+G4m{1.045}
Alignment sites / patterns: 228 / 115
Gaps: 6.95 %
Invariant sites: 59.21 %


NOTE: Binary MSA file created: /groups/pupko/alburquerque/RL/Tree_Data/data/All_sized/Blumea_3/masked_species_real_msa.phy.raxml.rba

Parallelization scheme autoconfig: 1 worker(s) x 1 thread(s)

Parallel reduction/worker buffer size: 1 KB  / 0 KB

[00:00:00] Generating 1 random starting tree(s) with 20 taxa
[00:00:00] Data distribution: max. partitions/sites/weight per thread: 1 / 115 / 1840
[00:00:00] Data distribution: max. searches per worker: 1

Starting ML tree search with 1 distinct starting trees

[00:00:00 -1570.930742] Initial branch length optimization
[00:00:00 -1396.565079] Model parameter optimization (eps = 10.000000)
[00:00:00 -1396.373381] AUTODETECT spr round 1 (radius: 5)
[00:00:00 -1218.883595] AUTODETECT spr round 2 (radius: 10)
[00:00:00 -1218.882288] SPR radius for FAST iterations: 5 (autodetect)
[00:00:00 -1218.882288] Model parameter optimization (eps = 3.000000)
[00:00:00 -1218.882161] FAST spr round 1 (radius: 5)
[00:00:00 -1211.358804] FAST spr round 2 (radius: 5)
[00:00:00 -1211.110483] FAST spr round 3 (radius: 5)
[00:00:00 -1211.110465] Model parameter optimization (eps = 1.000000)
[00:00:00 -1211.110464] SLOW spr round 1 (radius: 5)
[00:00:00 -1211.110464] SLOW spr round 2 (radius: 10)
[00:00:00 -1211.110464] SLOW spr round 3 (radius: 15)
[00:00:00 -1211.110464] SLOW spr round 4 (radius: 20)
[00:00:00 -1211.110464] Model parameter optimization (eps = 0.100000)

[00:00:00] ML tree search #1, logLikelihood: -1211.110464


Optimized model parameters:

   Partition 0: noname
   Rate heterogeneity: GAMMA (4 cats, mean),  alpha: 1.045000 (user),  weights&rates: (0.250000,0.145844) (0.250000,0.489872) (0.250000,1.007074) (0.250000,2.357210) 
   P-inv (user): 0.209000
   Base frequencies (user): 0.222680 0.176690 0.362470 0.238160 
   Substitution rates (user): 0.783130 1.996250 1.670410 1.073240 1.784480 1.000000 


Final LogLikelihood: -1211.110464

AIC score: 2496.220929 / AICc score: 2511.020929 / BIC score: 2623.106717
Free parameters (model + branch lengths): 37

WARNING: Best ML tree contains 2 near-zero branches!

Best ML tree with collapsed near-zero branches saved to: /groups/pupko/alburquerque/RL/Tree_Data/data/All_sized/Blumea_3/masked_species_real_msa.phy.raxml.bestTreeCollapsed
Best ML tree saved to: /groups/pupko/alburquerque/RL/Tree_Data/data/All_sized/Blumea_3/masked_species_real_msa.phy.raxml.bestTree
Optimized model saved to: /groups/pupko/alburquerque/RL/Tree_Data/data/All_sized/Blumea_3/masked_species_real_msa.phy.raxml.bestModel

Execution log saved to: /groups/pupko/alburquerque/RL/Tree_Data/data/All_sized/Blumea_3/masked_species_real_msa.phy.raxml.log

Analysis started: 25-Dec-2022 18:31:43 / finished: 25-Dec-2022 18:31:44

Elapsed time: 0.468 seconds

