
RAxML-NG v. 1.1 released on 29.11.2021 by The Exelixis Lab.
Developed by: Alexey M. Kozlov and Alexandros Stamatakis.
Contributors: Diego Darriba, Tomas Flouri, Benoit Morel, Sarah Lutteropp, Ben Bettisworth.
Latest version: https://github.com/amkozlov/raxml-ng
Questions/problems/suggestions? Please visit: https://groups.google.com/forum/#!forum/raxml

System: Intel(R) Xeon(R) CPU E5-2680 v3 @ 2.50GHz, 24 cores, 125 GB RAM

RAxML-NG was called at 21-Dec-2022 19:39:15 as follows:

raxml-ng --msa /groups/pupko/alburquerque/RL/Tree_Data/data/All_sized/3840/masked_species_real_msa.phy --threads 1 --opt-branches on --opt-model --nofiles --tree rand{1} --redo off --model GTR{1.47889/7.21010/1.21257/1.02479/7.00841/1.00000}+I{0.561}+G{0.388}+F{0.20423/0.30351/0.25543/0.23683}

Analysis options:
  run mode: ML tree search
  start tree(s): random (1)
  random seed: 1671644355
  tip-inner: OFF
  pattern compression: ON
  per-rate scalers: OFF
  site repeats: ON
  fast spr radius: AUTO
  spr subtree cutoff: 1.000000
  branch lengths: proportional (ML estimate, algorithm: NR-FAST)
  SIMD kernels: AVX2
  parallelization: coarse-grained (auto), NONE/sequential

WARNING: Running in REDO mode: existing checkpoints are ignored, and all result files will be overwritten!

[00:00:00] Reading alignment from file: /groups/pupko/alburquerque/RL/Tree_Data/data/All_sized/3840/masked_species_real_msa.phy
[00:00:00] Loaded alignment with 15 taxa and 1632 sites

WARNING: Sequences Sp000 and Sp001 are exactly identical!
WARNING: Sequences Sp000 and Sp002 are exactly identical!
WARNING: Sequences Sp006 and Sp007 are exactly identical!
WARNING: Sequences Sp006 and Sp008 are exactly identical!
WARNING: Sequences Sp009 and Sp010 are exactly identical!
WARNING: Sequences Sp012 and Sp013 are exactly identical!
WARNING: Sequences Sp012 and Sp014 are exactly identical!
WARNING: Duplicate sequences found: 7

NOTE: Reduced alignment (with duplicates and gap-only sites/taxa removed) 
NOTE: was saved to: /groups/pupko/alburquerque/RL/Tree_Data/data/All_sized/3840/masked_species_real_msa.phy.raxml.reduced.phy

Alignment comprises 1 partitions and 82 patterns

Partition 0: noname
Model: GTR{1.47889/7.2101/1.21257/1.02479/7.00841/1}+FU{0.20423/0.30351/0.25543/0.23683}+IU{0.561}+G4m{0.388}
Alignment sites / patterns: 1632 / 82
Gaps: 1.51 %
Invariant sites: 92.40 %


NOTE: Binary MSA file created: /groups/pupko/alburquerque/RL/Tree_Data/data/All_sized/3840/masked_species_real_msa.phy.raxml.rba

Parallelization scheme autoconfig: 1 worker(s) x 1 thread(s)

Parallel reduction/worker buffer size: 1 KB  / 0 KB

[00:00:00] Generating 1 random starting tree(s) with 15 taxa
[00:00:00] Data distribution: max. partitions/sites/weight per thread: 1 / 82 / 1312
[00:00:00] Data distribution: max. searches per worker: 1

Starting ML tree search with 1 distinct starting trees

[00:00:00 -4431.583841] Initial branch length optimization
[00:00:00 -3873.113777] Model parameter optimization (eps = 10.000000)
[00:00:00 -3873.071558] AUTODETECT spr round 1 (radius: 5)
[00:00:00 -3088.054008] AUTODETECT spr round 2 (radius: 10)
[00:00:00 -3088.053993] SPR radius for FAST iterations: 5 (autodetect)
[00:00:00 -3088.053993] Model parameter optimization (eps = 3.000000)
[00:00:00 -3088.053993] FAST spr round 1 (radius: 5)
[00:00:00 -3088.053993] Model parameter optimization (eps = 1.000000)
[00:00:00 -3088.053993] SLOW spr round 1 (radius: 5)
[00:00:00 -3088.053993] SLOW spr round 2 (radius: 10)
[00:00:00 -3088.053993] SLOW spr round 3 (radius: 15)
[00:00:00 -3088.053993] Model parameter optimization (eps = 0.100000)

[00:00:00] ML tree search #1, logLikelihood: -3088.053993


Optimized model parameters:

   Partition 0: noname
   Rate heterogeneity: GAMMA (4 cats, mean),  alpha: 0.388000 (user),  weights&rates: (0.250000,0.015022) (0.250000,0.172736) (0.250000,0.717962) (0.250000,3.094280) 
   P-inv (user): 0.561000
   Base frequencies (user): 0.204230 0.303510 0.255430 0.236830 
   Substitution rates (user): 1.478890 7.210100 1.212570 1.024790 7.008410 1.000000 


Final LogLikelihood: -3088.053993

AIC score: 6230.107985 / AICc score: 6231.050629 / BIC score: 6375.842147
Free parameters (model + branch lengths): 27

WARNING: Best ML tree contains 4 near-zero branches!

Best ML tree with collapsed near-zero branches saved to: /groups/pupko/alburquerque/RL/Tree_Data/data/All_sized/3840/masked_species_real_msa.phy.raxml.bestTreeCollapsed
Best ML tree saved to: /groups/pupko/alburquerque/RL/Tree_Data/data/All_sized/3840/masked_species_real_msa.phy.raxml.bestTree
Optimized model saved to: /groups/pupko/alburquerque/RL/Tree_Data/data/All_sized/3840/masked_species_real_msa.phy.raxml.bestModel

Execution log saved to: /groups/pupko/alburquerque/RL/Tree_Data/data/All_sized/3840/masked_species_real_msa.phy.raxml.log

Analysis started: 21-Dec-2022 19:39:15 / finished: 21-Dec-2022 19:39:15

Elapsed time: 0.178 seconds

