
RAxML-NG v. 1.1 released on 29.11.2021 by The Exelixis Lab.
Developed by: Alexey M. Kozlov and Alexandros Stamatakis.
Contributors: Diego Darriba, Tomas Flouri, Benoit Morel, Sarah Lutteropp, Ben Bettisworth.
Latest version: https://github.com/amkozlov/raxml-ng
Questions/problems/suggestions? Please visit: https://groups.google.com/forum/#!forum/raxml

System: Intel(R) Xeon(R) CPU E5-2670 v2 @ 2.50GHz, 20 cores, 62 GB RAM

RAxML-NG was called at 25-Dec-2022 18:30:49 as follows:

raxml-ng --msa /groups/pupko/alburquerque/RL/Tree_Data/data/All_sized/912/masked_species_real_msa.phy --threads 1 --opt-branches on --opt-model --nofiles --tree rand{1} --redo off --model GTR{1.30195/2.16743/1.25034/0.93639/3.84316/1.00000}+I{0.323}+G{2.406}+F{0.27841/0.19821/0.27162/0.25176}

Analysis options:
  run mode: ML tree search
  start tree(s): random (1)
  random seed: 1671985849
  tip-inner: OFF
  pattern compression: ON
  per-rate scalers: OFF
  site repeats: ON
  fast spr radius: AUTO
  spr subtree cutoff: 1.000000
  branch lengths: proportional (ML estimate, algorithm: NR-FAST)
  SIMD kernels: AVX
  parallelization: coarse-grained (auto), NONE/sequential

WARNING: Running in REDO mode: existing checkpoints are ignored, and all result files will be overwritten!

[00:00:00] Reading alignment from file: /groups/pupko/alburquerque/RL/Tree_Data/data/All_sized/912/masked_species_real_msa.phy
[00:00:00] Loaded alignment with 20 taxa and 1406 sites

Alignment comprises 1 partitions and 748 patterns

Partition 0: noname
Model: GTR{1.30195/2.16743/1.25034/0.93639/3.84316/1}+FU{0.27841/0.19821/0.27162/0.25176}+IU{0.323}+G4m{2.406}
Alignment sites / patterns: 1406 / 748
Gaps: 25.58 %
Invariant sites: 42.11 %


NOTE: Binary MSA file created: /groups/pupko/alburquerque/RL/Tree_Data/data/All_sized/912/masked_species_real_msa.phy.raxml.rba

Parallelization scheme autoconfig: 1 worker(s) x 1 thread(s)

Parallel reduction/worker buffer size: 1 KB  / 0 KB

[00:00:00] Generating 1 random starting tree(s) with 20 taxa
[00:00:00] Data distribution: max. partitions/sites/weight per thread: 1 / 748 / 11968
[00:00:00] Data distribution: max. searches per worker: 1

Starting ML tree search with 1 distinct starting trees

[00:00:00 -10868.268406] Initial branch length optimization
[00:00:00 -10177.065341] Model parameter optimization (eps = 10.000000)
[00:00:00 -10177.007038] AUTODETECT spr round 1 (radius: 5)
[00:00:00 -8963.262846] AUTODETECT spr round 2 (radius: 10)
[00:00:00 -8963.259430] SPR radius for FAST iterations: 5 (autodetect)
[00:00:00 -8963.259430] Model parameter optimization (eps = 3.000000)
[00:00:00 -8963.258944] FAST spr round 1 (radius: 5)
[00:00:00 -8836.093541] FAST spr round 2 (radius: 5)
[00:00:01 -8836.093342] Model parameter optimization (eps = 1.000000)
[00:00:01 -8836.093336] SLOW spr round 1 (radius: 5)
[00:00:01 -8835.579728] SLOW spr round 2 (radius: 5)
[00:00:02 -8835.579602] SLOW spr round 3 (radius: 10)
[00:00:02 -8835.579599] SLOW spr round 4 (radius: 15)
[00:00:02 -8835.579599] SLOW spr round 5 (radius: 20)
[00:00:02 -8835.579599] Model parameter optimization (eps = 0.100000)

[00:00:02] ML tree search #1, logLikelihood: -8835.579599


Optimized model parameters:

   Partition 0: noname
   Rate heterogeneity: GAMMA (4 cats, mean),  alpha: 2.406000 (user),  weights&rates: (0.250000,0.337360) (0.250000,0.692241) (0.250000,1.077477) (0.250000,1.892922) 
   P-inv (user): 0.323000
   Base frequencies (user): 0.278410 0.198210 0.271620 0.251760 
   Substitution rates (user): 1.301950 2.167430 1.250340 0.936390 3.843160 1.000000 


Final LogLikelihood: -8835.579599

AIC score: 17745.159197 / AICc score: 17747.214753 / BIC score: 17939.353848
Free parameters (model + branch lengths): 37

Best ML tree saved to: /groups/pupko/alburquerque/RL/Tree_Data/data/All_sized/912/masked_species_real_msa.phy.raxml.bestTree
Optimized model saved to: /groups/pupko/alburquerque/RL/Tree_Data/data/All_sized/912/masked_species_real_msa.phy.raxml.bestModel

Execution log saved to: /groups/pupko/alburquerque/RL/Tree_Data/data/All_sized/912/masked_species_real_msa.phy.raxml.log

Analysis started: 25-Dec-2022 18:30:49 / finished: 25-Dec-2022 18:30:52

Elapsed time: 2.890 seconds

