
RAxML-NG v. 1.1 released on 29.11.2021 by The Exelixis Lab.
Developed by: Alexey M. Kozlov and Alexandros Stamatakis.
Contributors: Diego Darriba, Tomas Flouri, Benoit Morel, Sarah Lutteropp, Ben Bettisworth.
Latest version: https://github.com/amkozlov/raxml-ng
Questions/problems/suggestions? Please visit: https://groups.google.com/forum/#!forum/raxml

System: Intel(R) Xeon(R) CPU E5-2670 v2 @ 2.50GHz, 20 cores, 62 GB RAM

RAxML-NG was called at 13-Feb-2023 17:20:29 as follows:

raxml-ng --msa /groups/pupko/alburquerque/RL/Tree_Data/data/All_sized/36551/masked_species_real_msa.phy --threads 1 --model GTR{0.70767/368.16460/448.17925/6.19167/371.11340/1.00000}+I{0.192}+G{99.845}+F{0.19417/0.31902/0.30504/0.18177} --tree /groups/pupko/alburquerque/RL/Tree_Data/data/All_sized/36551/Temp_start_tree_file_for_raxml_search.txt --redo

Analysis options:
  run mode: ML tree search
  start tree(s): user
  random seed: 1676301629
  tip-inner: OFF
  pattern compression: ON
  per-rate scalers: OFF
  site repeats: ON
  fast spr radius: AUTO
  spr subtree cutoff: 1.000000
  branch lengths: proportional (ML estimate, algorithm: NR-FAST)
  SIMD kernels: AVX
  parallelization: coarse-grained (auto), NONE/sequential

WARNING: Running in REDO mode: existing checkpoints are ignored, and all result files will be overwritten!

[00:00:00] Reading alignment from file: /groups/pupko/alburquerque/RL/Tree_Data/data/All_sized/36551/masked_species_real_msa.phy
[00:00:00] Loaded alignment with 20 taxa and 644 sites

WARNING: Sequences Sp000 and Sp001 are exactly identical!
WARNING: Sequences Sp000 and Sp002 are exactly identical!
WARNING: Sequences Sp000 and Sp003 are exactly identical!
WARNING: Sequences Sp000 and Sp004 are exactly identical!
WARNING: Sequences Sp000 and Sp005 are exactly identical!
WARNING: Sequences Sp000 and Sp006 are exactly identical!
WARNING: Sequences Sp000 and Sp007 are exactly identical!
WARNING: Sequences Sp008 and Sp009 are exactly identical!
WARNING: Sequences Sp010 and Sp011 are exactly identical!
WARNING: Sequences Sp010 and Sp012 are exactly identical!
WARNING: Sequences Sp010 and Sp013 are exactly identical!
WARNING: Sequences Sp010 and Sp014 are exactly identical!
WARNING: Sequences Sp010 and Sp015 are exactly identical!
WARNING: Sequences Sp010 and Sp016 are exactly identical!
WARNING: Sequences Sp010 and Sp017 are exactly identical!
WARNING: Sequences Sp010 and Sp018 are exactly identical!
WARNING: Sequences Sp010 and Sp019 are exactly identical!
WARNING: Duplicate sequences found: 17

NOTE: Reduced alignment (with duplicates and gap-only sites/taxa removed) 
NOTE: was saved to: /groups/pupko/alburquerque/RL/Tree_Data/data/All_sized/36551/masked_species_real_msa.phy.raxml.reduced.phy

Alignment comprises 1 partitions and 7 patterns

Partition 0: noname
Model: GTR{0.70767/368.165/448.179/6.19167/371.113/1}+FU{0.19417/0.31902/0.30504/0.18177}+IU{0.192}+G4m{99.845}
Alignment sites / patterns: 644 / 7
Gaps: 0.00 %
Invariant sites: 99.53 %


NOTE: Binary MSA file created: /groups/pupko/alburquerque/RL/Tree_Data/data/All_sized/36551/masked_species_real_msa.phy.raxml.rba

Parallelization scheme autoconfig: 1 worker(s) x 1 thread(s)

Parallel reduction/worker buffer size: 1 KB  / 0 KB

[00:00:00] Loading user starting tree(s) from: /groups/pupko/alburquerque/RL/Tree_Data/data/All_sized/36551/Temp_start_tree_file_for_raxml_search.txt
[00:00:00] Data distribution: max. partitions/sites/weight per thread: 1 / 7 / 112
[00:00:00] Data distribution: max. searches per worker: 1

Starting ML tree search with 1 distinct starting trees

[00:00:00 -1866.444403] Initial branch length optimization
[00:00:00 -987.834786] Model parameter optimization (eps = 10.000000)
[00:00:00 -987.834786] AUTODETECT spr round 1 (radius: 5)
[00:00:00 -901.985244] AUTODETECT spr round 2 (radius: 10)
[00:00:00 -894.424268] AUTODETECT spr round 3 (radius: 15)
[00:00:00 -894.424268] SPR radius for FAST iterations: 10 (autodetect)
[00:00:00 -894.424268] Model parameter optimization (eps = 3.000000)
[00:00:00 -894.424268] FAST spr round 1 (radius: 10)
[00:00:00 -894.424265] Model parameter optimization (eps = 1.000000)
[00:00:00 -894.424265] SLOW spr round 1 (radius: 5)
[00:00:00 -894.424265] SLOW spr round 2 (radius: 10)
[00:00:00 -894.424265] SLOW spr round 3 (radius: 15)
[00:00:00 -894.424265] SLOW spr round 4 (radius: 20)
[00:00:00 -894.424265] Model parameter optimization (eps = 0.100000)

[00:00:00] ML tree search #1, logLikelihood: -894.424265


Optimized model parameters:

   Partition 0: noname
   Rate heterogeneity: GAMMA (4 cats, mean),  alpha: 99.845000 (user),  weights&rates: (0.250000,0.875812) (0.250000,0.964709) (0.250000,1.029570) (0.250000,1.129909) 
   P-inv (user): 0.192000
   Base frequencies (user): 0.194170 0.319020 0.305040 0.181770 
   Substitution rates (user): 0.707670 368.164600 448.179250 6.191670 371.113400 1.000000 


Final LogLikelihood: -894.424265

AIC score: 1862.848531 / AICc score: 1867.488795 / BIC score: 2028.153384
Free parameters (model + branch lengths): 37

WARNING: Best ML tree contains 15 near-zero branches!

Best ML tree with collapsed near-zero branches saved to: /groups/pupko/alburquerque/RL/Tree_Data/data/All_sized/36551/masked_species_real_msa.phy.raxml.bestTreeCollapsed
Best ML tree saved to: /groups/pupko/alburquerque/RL/Tree_Data/data/All_sized/36551/masked_species_real_msa.phy.raxml.bestTree
Optimized model saved to: /groups/pupko/alburquerque/RL/Tree_Data/data/All_sized/36551/masked_species_real_msa.phy.raxml.bestModel

Execution log saved to: /groups/pupko/alburquerque/RL/Tree_Data/data/All_sized/36551/masked_species_real_msa.phy.raxml.log

Analysis started: 13-Feb-2023 17:20:29 / finished: 13-Feb-2023 17:20:29

Elapsed time: 0.120 seconds

