
RAxML-NG v. 1.1 released on 29.11.2021 by The Exelixis Lab.
Developed by: Alexey M. Kozlov and Alexandros Stamatakis.
Contributors: Diego Darriba, Tomas Flouri, Benoit Morel, Sarah Lutteropp, Ben Bettisworth.
Latest version: https://github.com/amkozlov/raxml-ng
Questions/problems/suggestions? Please visit: https://groups.google.com/forum/#!forum/raxml

System: Intel(R) Xeon(R) Gold 6230 CPU @ 2.10GHz, 1 cores, 31 GB RAM

RAxML-NG was called at 28-Dec-2022 15:01:12 as follows:

raxml-ng --msa /groups/pupko/alburquerque/RL/Tree_Data/data/All_sized/12323/masked_species_real_msa.phy --threads 1 --opt-branches on --opt-model --nofiles --tree rand{1} --redo off --model GTR{1.49246/1.83475/0.07312/0.38587/6.85780/1.00000}+I{0.551}+G{0.772}+F{0.27002/0.20847/0.29586/0.22565}

Analysis options:
  run mode: ML tree search
  start tree(s): random (1)
  random seed: 1672232472
  tip-inner: OFF
  pattern compression: ON
  per-rate scalers: OFF
  site repeats: ON
  fast spr radius: AUTO
  spr subtree cutoff: 1.000000
  branch lengths: proportional (ML estimate, algorithm: NR-FAST)
  SIMD kernels: AVX2
  parallelization: coarse-grained (auto), NONE/sequential

WARNING: Running in REDO mode: existing checkpoints are ignored, and all result files will be overwritten!

[00:00:00] Reading alignment from file: /groups/pupko/alburquerque/RL/Tree_Data/data/All_sized/12323/masked_species_real_msa.phy
[00:00:00] Loaded alignment with 20 taxa and 809 sites

WARNING: Sequences Sp006 and Sp007 are exactly identical!
WARNING: Sequences Sp006 and Sp008 are exactly identical!
WARNING: Sequences Sp006 and Sp009 are exactly identical!
WARNING: Sequences Sp011 and Sp012 are exactly identical!
WARNING: Duplicate sequences found: 4

NOTE: Reduced alignment (with duplicates and gap-only sites/taxa removed) 
NOTE: was saved to: /groups/pupko/alburquerque/RL/Tree_Data/data/All_sized/12323/masked_species_real_msa.phy.raxml.reduced.phy

Alignment comprises 1 partitions and 137 patterns

Partition 0: noname
Model: GTR{1.49246/1.83475/0.07312/0.38587/6.8578/1}+FU{0.27002/0.20847/0.29586/0.22565}+IU{0.551}+G4m{0.772}
Alignment sites / patterns: 809 / 137
Gaps: 5.31 %
Invariant sites: 88.26 %


NOTE: Binary MSA file created: /groups/pupko/alburquerque/RL/Tree_Data/data/All_sized/12323/masked_species_real_msa.phy.raxml.rba

Parallelization scheme autoconfig: 1 worker(s) x 1 thread(s)

Parallel reduction/worker buffer size: 1 KB  / 0 KB

[00:00:00] Generating 1 random starting tree(s) with 20 taxa
[00:00:00] Data distribution: max. partitions/sites/weight per thread: 1 / 137 / 2192
[00:00:00] Data distribution: max. searches per worker: 1

Starting ML tree search with 1 distinct starting trees

[00:00:00 -2442.336263] Initial branch length optimization
[00:00:00 -2089.723985] Model parameter optimization (eps = 10.000000)
[00:00:00 -2089.646719] AUTODETECT spr round 1 (radius: 5)
[00:00:00 -1833.971998] AUTODETECT spr round 2 (radius: 10)
[00:00:00 -1833.909606] SPR radius for FAST iterations: 5 (autodetect)
[00:00:00 -1833.909606] Model parameter optimization (eps = 3.000000)
[00:00:00 -1833.909573] FAST spr round 1 (radius: 5)
[00:00:00 -1808.465121] FAST spr round 2 (radius: 5)
[00:00:00 -1803.610063] FAST spr round 3 (radius: 5)
[00:00:00 -1803.325321] FAST spr round 4 (radius: 5)
[00:00:00 -1803.187977] FAST spr round 5 (radius: 5)
[00:00:00 -1803.187976] Model parameter optimization (eps = 1.000000)
[00:00:00 -1803.187976] SLOW spr round 1 (radius: 5)
[00:00:00 -1803.187949] SLOW spr round 2 (radius: 10)
[00:00:00 -1803.187949] SLOW spr round 3 (radius: 15)
[00:00:00 -1803.187949] SLOW spr round 4 (radius: 20)
[00:00:00 -1803.187949] Model parameter optimization (eps = 0.100000)

[00:00:00] ML tree search #1, logLikelihood: -1803.187949


Optimized model parameters:

   Partition 0: noname
   Rate heterogeneity: GAMMA (4 cats, mean),  alpha: 0.772000 (user),  weights&rates: (0.250000,0.089588) (0.250000,0.395612) (0.250000,0.948884) (0.250000,2.565916) 
   P-inv (user): 0.551000
   Base frequencies (user): 0.270020 0.208470 0.295860 0.225650 
   Substitution rates (user): 1.492460 1.834750 0.073120 0.385870 6.857800 1.000000 


Final LogLikelihood: -1803.187949

AIC score: 3680.375898 / AICc score: 3684.023110 / BIC score: 3854.120458
Free parameters (model + branch lengths): 37

WARNING: Best ML tree contains 5 near-zero branches!

Best ML tree with collapsed near-zero branches saved to: /groups/pupko/alburquerque/RL/Tree_Data/data/All_sized/12323/masked_species_real_msa.phy.raxml.bestTreeCollapsed
Best ML tree saved to: /groups/pupko/alburquerque/RL/Tree_Data/data/All_sized/12323/masked_species_real_msa.phy.raxml.bestTree
Optimized model saved to: /groups/pupko/alburquerque/RL/Tree_Data/data/All_sized/12323/masked_species_real_msa.phy.raxml.bestModel

Execution log saved to: /groups/pupko/alburquerque/RL/Tree_Data/data/All_sized/12323/masked_species_real_msa.phy.raxml.log

Analysis started: 28-Dec-2022 15:01:12 / finished: 28-Dec-2022 15:01:12

Elapsed time: 0.585 seconds

