
RAxML-NG v. 1.1 released on 29.11.2021 by The Exelixis Lab.
Developed by: Alexey M. Kozlov and Alexandros Stamatakis.
Contributors: Diego Darriba, Tomas Flouri, Benoit Morel, Sarah Lutteropp, Ben Bettisworth.
Latest version: https://github.com/amkozlov/raxml-ng
Questions/problems/suggestions? Please visit: https://groups.google.com/forum/#!forum/raxml

System: AMD Opteron(tm) Processor 6128, 16 cores, 117 GB RAM

RAxML-NG was called at 30-Nov-2022 16:47:00 as follows:

raxml-ng --msa /groups/pupko/alburquerque/RL/Tree_Data/data/All_sized/207/masked_species_real_msa.phy --threads 1 --opt-branches on --opt-model --nofiles --tree rand{1} --redo off --model GTR{0.65382/1.48686/1.45015/0.46539/2.79395/1.00000}+I{0.598}+G{0.433}+F{0.21142/0.23446/0.30642/0.24770}

Analysis options:
  run mode: ML tree search
  start tree(s): random (1)
  random seed: 1669819620
  tip-inner: OFF
  pattern compression: ON
  per-rate scalers: OFF
  site repeats: ON
  fast spr radius: AUTO
  spr subtree cutoff: 1.000000
  branch lengths: proportional (ML estimate, algorithm: NR-FAST)
  SIMD kernels: SSE3
  parallelization: coarse-grained (auto), NONE/sequential

WARNING: Running in REDO mode: existing checkpoints are ignored, and all result files will be overwritten!

[00:00:00] Reading alignment from file: /groups/pupko/alburquerque/RL/Tree_Data/data/All_sized/207/masked_species_real_msa.phy
[00:00:00] Loaded alignment with 12 taxa and 4666 sites

Alignment comprises 1 partitions and 1071 patterns

Partition 0: noname
Model: GTR{0.65382/1.48686/1.45015/0.46539/2.79395/1}+FU{0.21142/0.23446/0.30642/0.2477}+IU{0.598}+G4m{0.433}
Alignment sites / patterns: 4666 / 1071
Gaps: 10.72 %
Invariant sites: 75.40 %


NOTE: Binary MSA file created: /groups/pupko/alburquerque/RL/Tree_Data/data/All_sized/207/masked_species_real_msa.phy.raxml.rba

Parallelization scheme autoconfig: 1 worker(s) x 1 thread(s)

Parallel reduction/worker buffer size: 1 KB  / 0 KB

[00:00:00] Generating 1 random starting tree(s) with 12 taxa
[00:00:00] Data distribution: max. partitions/sites/weight per thread: 1 / 1071 / 17136
[00:00:00] Data distribution: max. searches per worker: 1

Starting ML tree search with 1 distinct starting trees

[00:00:00 -18788.873225] Initial branch length optimization
[00:00:00 -17845.847168] Model parameter optimization (eps = 10.000000)
[00:00:00 -17844.595598] AUTODETECT spr round 1 (radius: 5)
[00:00:00 -17148.722695] AUTODETECT spr round 2 (radius: 10)
[00:00:00 -17148.703744] SPR radius for FAST iterations: 5 (autodetect)
[00:00:00 -17148.703744] Model parameter optimization (eps = 3.000000)
[00:00:00 -17148.699448] FAST spr round 1 (radius: 5)
[00:00:01 -17138.517993] FAST spr round 2 (radius: 5)
[00:00:03 -17130.444475] FAST spr round 3 (radius: 5)
[00:00:04 -17130.443523] Model parameter optimization (eps = 1.000000)
[00:00:04 -17130.443510] SLOW spr round 1 (radius: 5)
[00:00:08 -17130.443507] SLOW spr round 2 (radius: 10)
[00:00:08 -17130.443507] Model parameter optimization (eps = 0.100000)

[00:00:08] ML tree search #1, logLikelihood: -17130.443507


Optimized model parameters:

   Partition 0: noname
   Rate heterogeneity: GAMMA (4 cats, mean),  alpha: 0.433000 (user),  weights&rates: (0.250000,0.021749) (0.250000,0.205949) (0.250000,0.764656) (0.250000,3.007646) 
   P-inv (user): 0.598000
   Base frequencies (user): 0.211420 0.234460 0.306420 0.247700 
   Substitution rates (user): 0.653820 1.486860 1.450150 0.465390 2.793950 1.000000 


Final LogLikelihood: -17130.443507

AIC score: 34302.887014 / AICc score: 34303.085980 / BIC score: 34438.296220
Free parameters (model + branch lengths): 21

Best ML tree saved to: /groups/pupko/alburquerque/RL/Tree_Data/data/All_sized/207/masked_species_real_msa.phy.raxml.bestTree
Optimized model saved to: /groups/pupko/alburquerque/RL/Tree_Data/data/All_sized/207/masked_species_real_msa.phy.raxml.bestModel

Execution log saved to: /groups/pupko/alburquerque/RL/Tree_Data/data/All_sized/207/masked_species_real_msa.phy.raxml.log

Analysis started: 30-Nov-2022 16:47:00 / finished: 30-Nov-2022 16:47:09

Elapsed time: 8.768 seconds

