
RAxML-NG v. 1.1 released on 29.11.2021 by The Exelixis Lab.
Developed by: Alexey M. Kozlov and Alexandros Stamatakis.
Contributors: Diego Darriba, Tomas Flouri, Benoit Morel, Sarah Lutteropp, Ben Bettisworth.
Latest version: https://github.com/amkozlov/raxml-ng
Questions/problems/suggestions? Please visit: https://groups.google.com/forum/#!forum/raxml

System: Intel(R) Xeon(R) CPU E5-2680 v3 @ 2.50GHz, 24 cores, 125 GB RAM

RAxML-NG was called at 01-Mar-2023 15:56:57 as follows:

raxml-ng --msa /groups/pupko/alburquerque/RL/Tree_Data/data/All_sized/18066/masked_species_real_msa.phy --threads 1 --model GTR{0.85272/1.97364/0.71360/1.36202/6.42475/1.00000}+I{0.227}+G{0.531}+F{0.23778/0.25220/0.32236/0.18766} --tree /groups/pupko/alburquerque/RL/Tree_Data/data/All_sized/18066/Temp_start_tree_file_for_raxml_search.txt --redo

Analysis options:
  run mode: ML tree search
  start tree(s): user
  random seed: 1677679017
  tip-inner: OFF
  pattern compression: ON
  per-rate scalers: OFF
  site repeats: ON
  fast spr radius: AUTO
  spr subtree cutoff: 1.000000
  branch lengths: proportional (ML estimate, algorithm: NR-FAST)
  SIMD kernels: AVX2
  parallelization: coarse-grained (auto), NONE/sequential

WARNING: Running in REDO mode: existing checkpoints are ignored, and all result files will be overwritten!

[00:00:00] Reading alignment from file: /groups/pupko/alburquerque/RL/Tree_Data/data/All_sized/18066/masked_species_real_msa.phy
[00:00:00] Loaded alignment with 15 taxa and 535 sites

Alignment comprises 1 partitions and 212 patterns

Partition 0: noname
Model: GTR{0.85272/1.97364/0.7136/1.36202/6.42475/1}+FU{0.23778/0.2522/0.32236/0.18766}+IU{0.227}+G4m{0.531}
Alignment sites / patterns: 535 / 212
Gaps: 7.21 %
Invariant sites: 64.11 %


NOTE: Binary MSA file created: /groups/pupko/alburquerque/RL/Tree_Data/data/All_sized/18066/masked_species_real_msa.phy.raxml.rba

Parallelization scheme autoconfig: 1 worker(s) x 1 thread(s)

Parallel reduction/worker buffer size: 1 KB  / 0 KB

[00:00:00] Loading user starting tree(s) from: /groups/pupko/alburquerque/RL/Tree_Data/data/All_sized/18066/Temp_start_tree_file_for_raxml_search.txt
[00:00:00] Data distribution: max. partitions/sites/weight per thread: 1 / 212 / 3392
[00:00:00] Data distribution: max. searches per worker: 1

Starting ML tree search with 1 distinct starting trees

[00:00:00 -3127.986731] Initial branch length optimization
[00:00:00 -2823.227814] Model parameter optimization (eps = 10.000000)
[00:00:00 -2821.992063] AUTODETECT spr round 1 (radius: 5)
[00:00:00 -2646.137536] AUTODETECT spr round 2 (radius: 10)
[00:00:00 -2646.135544] SPR radius for FAST iterations: 5 (autodetect)
[00:00:00 -2646.135544] Model parameter optimization (eps = 3.000000)
[00:00:00 -2646.135314] FAST spr round 1 (radius: 5)
[00:00:00 -2637.355594] FAST spr round 2 (radius: 5)
[00:00:00 -2637.355467] Model parameter optimization (eps = 1.000000)
[00:00:00 -2637.355466] SLOW spr round 1 (radius: 5)
[00:00:00 -2637.355465] SLOW spr round 2 (radius: 10)
[00:00:00 -2637.355465] SLOW spr round 3 (radius: 15)
[00:00:00 -2637.355465] Model parameter optimization (eps = 0.100000)

[00:00:00] ML tree search #1, logLikelihood: -2637.355465


Optimized model parameters:

   Partition 0: noname
   Rate heterogeneity: GAMMA (4 cats, mean),  alpha: 0.531000 (user),  weights&rates: (0.250000,0.039267) (0.250000,0.271672) (0.250000,0.841577) (0.250000,2.847483) 
   P-inv (user): 0.227000
   Base frequencies (user): 0.237780 0.252200 0.322360 0.187660 
   Substitution rates (user): 0.852720 1.973640 0.713600 1.362020 6.424750 1.000000 


Final LogLikelihood: -2637.355465

AIC score: 5328.710931 / AICc score: 5331.693179 / BIC score: 5444.332133
Free parameters (model + branch lengths): 27

Best ML tree saved to: /groups/pupko/alburquerque/RL/Tree_Data/data/All_sized/18066/masked_species_real_msa.phy.raxml.bestTree
Optimized model saved to: /groups/pupko/alburquerque/RL/Tree_Data/data/All_sized/18066/masked_species_real_msa.phy.raxml.bestModel

Execution log saved to: /groups/pupko/alburquerque/RL/Tree_Data/data/All_sized/18066/masked_species_real_msa.phy.raxml.log

Analysis started: 01-Mar-2023 15:56:57 / finished: 01-Mar-2023 15:56:57

Elapsed time: 0.403 seconds

