
RAxML-NG v. 1.1 released on 29.11.2021 by The Exelixis Lab.
Developed by: Alexey M. Kozlov and Alexandros Stamatakis.
Contributors: Diego Darriba, Tomas Flouri, Benoit Morel, Sarah Lutteropp, Ben Bettisworth.
Latest version: https://github.com/amkozlov/raxml-ng
Questions/problems/suggestions? Please visit: https://groups.google.com/forum/#!forum/raxml

System: AMD Opteron(tm) Processor 6128, 16 cores, 117 GB RAM

RAxML-NG was called at 30-Nov-2022 15:19:33 as follows:

raxml-ng --msa /groups/pupko/alburquerque/RL/Tree_Data/data/All_sized/Ifloga_1/masked_species_real_msa.phy --threads 1 --opt-branches on --opt-model --nofiles --tree rand{1} --redo off --model GTR{0.76259/4.41738/1.46732/0.33683/4.93368/1.00000}+I{0.236}+G{1.269}+F{0.20775/0.19184/0.24389/0.35651}

Analysis options:
  run mode: ML tree search
  start tree(s): random (1)
  random seed: 1669814373
  tip-inner: OFF
  pattern compression: ON
  per-rate scalers: OFF
  site repeats: ON
  fast spr radius: AUTO
  spr subtree cutoff: 1.000000
  branch lengths: proportional (ML estimate, algorithm: NR-FAST)
  SIMD kernels: SSE3
  parallelization: coarse-grained (auto), NONE/sequential

WARNING: Running in REDO mode: existing checkpoints are ignored, and all result files will be overwritten!

[00:00:00] Reading alignment from file: /groups/pupko/alburquerque/RL/Tree_Data/data/All_sized/Ifloga_1/masked_species_real_msa.phy
[00:00:00] Loaded alignment with 7 taxa and 466 sites

Alignment comprises 1 partitions and 95 patterns

Partition 0: noname
Model: GTR{0.76259/4.41738/1.46732/0.33683/4.93368/1}+FU{0.20775/0.19184/0.24389/0.35651}+IU{0.236}+G4m{1.269}
Alignment sites / patterns: 466 / 95
Gaps: 2.64 %
Invariant sites: 77.68 %


NOTE: Binary MSA file created: /groups/pupko/alburquerque/RL/Tree_Data/data/All_sized/Ifloga_1/masked_species_real_msa.phy.raxml.rba

Parallelization scheme autoconfig: 1 worker(s) x 1 thread(s)

Parallel reduction/worker buffer size: 1 KB  / 0 KB

[00:00:00] Generating 1 random starting tree(s) with 7 taxa
[00:00:00] Data distribution: max. partitions/sites/weight per thread: 1 / 95 / 1520
[00:00:00] Data distribution: max. searches per worker: 1

Starting ML tree search with 1 distinct starting trees

[00:00:00 -1519.981150] Initial branch length optimization
[00:00:00 -1379.433180] Model parameter optimization (eps = 10.000000)
[00:00:00 -1379.395470] AUTODETECT spr round 1 (radius: 5)
[00:00:00 -1257.337563] SPR radius for FAST iterations: 5 (autodetect)
[00:00:00 -1257.337563] Model parameter optimization (eps = 3.000000)
[00:00:00 -1257.337561] FAST spr round 1 (radius: 5)
[00:00:00 -1255.477620] FAST spr round 2 (radius: 5)
[00:00:00 -1255.477619] Model parameter optimization (eps = 1.000000)
[00:00:00 -1255.477619] SLOW spr round 1 (radius: 5)
[00:00:00 -1255.477619] Model parameter optimization (eps = 0.100000)

[00:00:00] ML tree search #1, logLikelihood: -1255.477619


Optimized model parameters:

   Partition 0: noname
   Rate heterogeneity: GAMMA (4 cats, mean),  alpha: 1.269000 (user),  weights&rates: (0.250000,0.187335) (0.250000,0.544972) (0.250000,1.033390) (0.250000,2.234304) 
   P-inv (user): 0.236000
   Base frequencies (user): 0.207752 0.191842 0.243892 0.356514 
   Substitution rates (user): 0.762590 4.417380 1.467320 0.336830 4.933680 1.000000 


Final LogLikelihood: -1255.477619

AIC score: 2532.955237 / AICc score: 2533.536735 / BIC score: 2578.541279
Free parameters (model + branch lengths): 11

Best ML tree saved to: /groups/pupko/alburquerque/RL/Tree_Data/data/All_sized/Ifloga_1/masked_species_real_msa.phy.raxml.bestTree
Optimized model saved to: /groups/pupko/alburquerque/RL/Tree_Data/data/All_sized/Ifloga_1/masked_species_real_msa.phy.raxml.bestModel

Execution log saved to: /groups/pupko/alburquerque/RL/Tree_Data/data/All_sized/Ifloga_1/masked_species_real_msa.phy.raxml.log

Analysis started: 30-Nov-2022 15:19:33 / finished: 30-Nov-2022 15:19:34

Elapsed time: 0.229 seconds

