
RAxML-NG v. 1.1 released on 29.11.2021 by The Exelixis Lab.
Developed by: Alexey M. Kozlov and Alexandros Stamatakis.
Contributors: Diego Darriba, Tomas Flouri, Benoit Morel, Sarah Lutteropp, Ben Bettisworth.
Latest version: https://github.com/amkozlov/raxml-ng
Questions/problems/suggestions? Please visit: https://groups.google.com/forum/#!forum/raxml

System: Intel(R) Xeon(R) CPU E5-2670 v2 @ 2.50GHz, 20 cores, 62 GB RAM

RAxML-NG was called at 04-Feb-2023 12:50:38 as follows:

raxml-ng --msa /groups/pupko/alburquerque/RL/Tree_Data/data/All_sized/3954/masked_species_real_msa.phy --threads 1 --model GTR{1.32448/3.54955/2.04191/0.77551/9.11909/1.00000}+I{0.137}+G{0.275}+F{0.25607/0.28137/0.25680/0.20575} --tree /groups/pupko/alburquerque/RL/Tree_Data/data/All_sized/3954/Temp_start_tree_file_for_raxml_search.txt --redo

Analysis options:
  run mode: ML tree search
  start tree(s): user
  random seed: 1675507838
  tip-inner: OFF
  pattern compression: ON
  per-rate scalers: OFF
  site repeats: ON
  fast spr radius: AUTO
  spr subtree cutoff: 1.000000
  branch lengths: proportional (ML estimate, algorithm: NR-FAST)
  SIMD kernels: AVX
  parallelization: coarse-grained (auto), NONE/sequential

WARNING: Running in REDO mode: existing checkpoints are ignored, and all result files will be overwritten!

[00:00:00] Reading alignment from file: /groups/pupko/alburquerque/RL/Tree_Data/data/All_sized/3954/masked_species_real_msa.phy
[00:00:00] Loaded alignment with 12 taxa and 756 sites

Alignment comprises 1 partitions and 107 patterns

Partition 0: noname
Model: GTR{1.32448/3.54955/2.04191/0.77551/9.11909/1}+FU{0.25607/0.28137/0.2568/0.20575}+IU{0.137}+G4m{0.275}
Alignment sites / patterns: 756 / 107
Gaps: 2.24 %
Invariant sites: 79.89 %


NOTE: Binary MSA file created: /groups/pupko/alburquerque/RL/Tree_Data/data/All_sized/3954/masked_species_real_msa.phy.raxml.rba

Parallelization scheme autoconfig: 1 worker(s) x 1 thread(s)

Parallel reduction/worker buffer size: 1 KB  / 0 KB

[00:00:00] Loading user starting tree(s) from: /groups/pupko/alburquerque/RL/Tree_Data/data/All_sized/3954/Temp_start_tree_file_for_raxml_search.txt
[00:00:00] Data distribution: max. partitions/sites/weight per thread: 1 / 107 / 1712
[00:00:00] Data distribution: max. searches per worker: 1

Starting ML tree search with 1 distinct starting trees

[00:00:00 -3004.963409] Initial branch length optimization
[00:00:00 -2416.389028] Model parameter optimization (eps = 10.000000)
[00:00:00 -2415.524287] AUTODETECT spr round 1 (radius: 5)
[00:00:00 -1937.233607] AUTODETECT spr round 2 (radius: 10)
[00:00:00 -1936.640461] SPR radius for FAST iterations: 10 (autodetect)
[00:00:00 -1936.640461] Model parameter optimization (eps = 3.000000)
[00:00:00 -1936.640404] FAST spr round 1 (radius: 10)
[00:00:00 -1934.512899] FAST spr round 2 (radius: 10)
[00:00:00 -1934.512895] Model parameter optimization (eps = 1.000000)
[00:00:00 -1934.512895] SLOW spr round 1 (radius: 5)
[00:00:00 -1933.516967] SLOW spr round 2 (radius: 5)
[00:00:00 -1933.516959] SLOW spr round 3 (radius: 10)
[00:00:00 -1933.516959] Model parameter optimization (eps = 0.100000)

[00:00:00] ML tree search #1, logLikelihood: -1933.516959


Optimized model parameters:

   Partition 0: noname
   Rate heterogeneity: GAMMA (4 cats, mean),  alpha: 0.275000 (user),  weights&rates: (0.250000,0.003487) (0.250000,0.085249) (0.250000,0.551330) (0.250000,3.359935) 
   P-inv (user): 0.137000
   Base frequencies (user): 0.256073 0.281373 0.256803 0.205752 
   Substitution rates (user): 1.324480 3.549550 2.041910 0.775510 9.119090 1.000000 


Final LogLikelihood: -1933.516959

AIC score: 3909.033918 / AICc score: 3910.292774 / BIC score: 4006.222787
Free parameters (model + branch lengths): 21

WARNING: Best ML tree contains 3 near-zero branches!

Best ML tree with collapsed near-zero branches saved to: /groups/pupko/alburquerque/RL/Tree_Data/data/All_sized/3954/masked_species_real_msa.phy.raxml.bestTreeCollapsed
Best ML tree saved to: /groups/pupko/alburquerque/RL/Tree_Data/data/All_sized/3954/masked_species_real_msa.phy.raxml.bestTree
Optimized model saved to: /groups/pupko/alburquerque/RL/Tree_Data/data/All_sized/3954/masked_species_real_msa.phy.raxml.bestModel

Execution log saved to: /groups/pupko/alburquerque/RL/Tree_Data/data/All_sized/3954/masked_species_real_msa.phy.raxml.log

Analysis started: 04-Feb-2023 12:50:38 / finished: 04-Feb-2023 12:50:38

Elapsed time: 0.287 seconds

