
RAxML-NG v. 1.1 released on 29.11.2021 by The Exelixis Lab.
Developed by: Alexey M. Kozlov and Alexandros Stamatakis.
Contributors: Diego Darriba, Tomas Flouri, Benoit Morel, Sarah Lutteropp, Ben Bettisworth.
Latest version: https://github.com/amkozlov/raxml-ng
Questions/problems/suggestions? Please visit: https://groups.google.com/forum/#!forum/raxml

System: AMD Opteron(tm) Processor 6128, 16 cores, 117 GB RAM

RAxML-NG was called at 30-Nov-2022 15:31:10 as follows:

raxml-ng --msa /groups/pupko/alburquerque/RL/Tree_Data/data/All_sized/2226/masked_species_real_msa.phy --threads 1 --opt-branches on --opt-model --nofiles --tree rand{1} --redo off --model GTR{1.08953/2.29110/1.07683/0.28836/5.52148/1.00000}+I{0.589}+G{0.517}+F{0.27637/0.18577/0.25468/0.28317}

Analysis options:
  run mode: ML tree search
  start tree(s): random (1)
  random seed: 1669815070
  tip-inner: OFF
  pattern compression: ON
  per-rate scalers: OFF
  site repeats: ON
  fast spr radius: AUTO
  spr subtree cutoff: 1.000000
  branch lengths: proportional (ML estimate, algorithm: NR-FAST)
  SIMD kernels: SSE3
  parallelization: coarse-grained (auto), NONE/sequential

WARNING: Running in REDO mode: existing checkpoints are ignored, and all result files will be overwritten!

[00:00:00] Reading alignment from file: /groups/pupko/alburquerque/RL/Tree_Data/data/All_sized/2226/masked_species_real_msa.phy
[00:00:00] Loaded alignment with 7 taxa and 1738 sites

Alignment comprises 1 partitions and 221 patterns

Partition 0: noname
Model: GTR{1.08953/2.2911/1.07683/0.28836/5.52148/1}+FU{0.27637/0.18577/0.25468/0.28317}+IU{0.589}+G4m{0.517}
Alignment sites / patterns: 1738 / 221
Gaps: 4.50 %
Invariant sites: 85.96 %


NOTE: Binary MSA file created: /groups/pupko/alburquerque/RL/Tree_Data/data/All_sized/2226/masked_species_real_msa.phy.raxml.rba

Parallelization scheme autoconfig: 1 worker(s) x 1 thread(s)

Parallel reduction/worker buffer size: 1 KB  / 0 KB

[00:00:00] Generating 1 random starting tree(s) with 7 taxa
[00:00:00] Data distribution: max. partitions/sites/weight per thread: 1 / 221 / 3536
[00:00:00] Data distribution: max. searches per worker: 1

Starting ML tree search with 1 distinct starting trees

[00:00:00 -4500.371656] Initial branch length optimization
[00:00:00 -4231.466161] Model parameter optimization (eps = 10.000000)
[00:00:00 -4230.492632] AUTODETECT spr round 1 (radius: 5)
[00:00:00 -4153.469459] SPR radius for FAST iterations: 5 (autodetect)
[00:00:00 -4153.469459] Model parameter optimization (eps = 3.000000)
[00:00:00 -4153.469073] FAST spr round 1 (radius: 5)
[00:00:00 -4153.469067] Model parameter optimization (eps = 1.000000)
[00:00:00 -4153.469067] SLOW spr round 1 (radius: 5)
[00:00:00 -4153.469067] Model parameter optimization (eps = 0.100000)

[00:00:00] ML tree search #1, logLikelihood: -4153.469067


Optimized model parameters:

   Partition 0: noname
   Rate heterogeneity: GAMMA (4 cats, mean),  alpha: 0.517000 (user),  weights&rates: (0.250000,0.036580) (0.250000,0.262869) (0.250000,0.832254) (0.250000,2.868296) 
   P-inv (user): 0.589000
   Base frequencies (user): 0.276373 0.185772 0.254683 0.283173 
   Substitution rates (user): 1.089530 2.291100 1.076830 0.288360 5.521480 1.000000 


Final LogLikelihood: -4153.469067

AIC score: 8328.938134 / AICc score: 8329.091088 / BIC score: 8389.003527
Free parameters (model + branch lengths): 11

Best ML tree saved to: /groups/pupko/alburquerque/RL/Tree_Data/data/All_sized/2226/masked_species_real_msa.phy.raxml.bestTree
Optimized model saved to: /groups/pupko/alburquerque/RL/Tree_Data/data/All_sized/2226/masked_species_real_msa.phy.raxml.bestModel

Execution log saved to: /groups/pupko/alburquerque/RL/Tree_Data/data/All_sized/2226/masked_species_real_msa.phy.raxml.log

Analysis started: 30-Nov-2022 15:31:10 / finished: 30-Nov-2022 15:31:10

Elapsed time: 0.320 seconds

