
RAxML-NG v. 1.1 released on 29.11.2021 by The Exelixis Lab.
Developed by: Alexey M. Kozlov and Alexandros Stamatakis.
Contributors: Diego Darriba, Tomas Flouri, Benoit Morel, Sarah Lutteropp, Ben Bettisworth.
Latest version: https://github.com/amkozlov/raxml-ng
Questions/problems/suggestions? Please visit: https://groups.google.com/forum/#!forum/raxml

System: Intel(R) Xeon(R) CPU E5-2670 v2 @ 2.50GHz, 20 cores, 62 GB RAM

RAxML-NG was called at 25-Dec-2022 18:30:31 as follows:

raxml-ng --msa /groups/pupko/alburquerque/RL/Tree_Data/data/All_sized/888/masked_species_real_msa.phy --threads 1 --opt-branches on --opt-model --nofiles --tree rand{1} --redo off --model GTR{1.49997/1.82246/0.37814/1.33270/1.48083/1.00000}+I{0.199}+G{1.028}+F{0.34380/0.15317/0.15333/0.34970}

Analysis options:
  run mode: ML tree search
  start tree(s): random (1)
  random seed: 1671985831
  tip-inner: OFF
  pattern compression: ON
  per-rate scalers: OFF
  site repeats: ON
  fast spr radius: AUTO
  spr subtree cutoff: 1.000000
  branch lengths: proportional (ML estimate, algorithm: NR-FAST)
  SIMD kernels: AVX
  parallelization: coarse-grained (auto), NONE/sequential

WARNING: Running in REDO mode: existing checkpoints are ignored, and all result files will be overwritten!

[00:00:00] Reading alignment from file: /groups/pupko/alburquerque/RL/Tree_Data/data/All_sized/888/masked_species_real_msa.phy
[00:00:00] Loaded alignment with 20 taxa and 2183 sites

Alignment comprises 1 partitions and 110 patterns

Partition 0: noname
Model: GTR{1.49997/1.82246/0.37814/1.3327/1.48083/1}+FU{0.3438/0.15317/0.15333/0.3497}+IU{0.199}+G4m{1.028}
Alignment sites / patterns: 2183 / 110
Gaps: 4.80 %
Invariant sites: 94.64 %


NOTE: Binary MSA file created: /groups/pupko/alburquerque/RL/Tree_Data/data/All_sized/888/masked_species_real_msa.phy.raxml.rba

Parallelization scheme autoconfig: 1 worker(s) x 1 thread(s)

Parallel reduction/worker buffer size: 1 KB  / 0 KB

[00:00:00] Generating 1 random starting tree(s) with 20 taxa
[00:00:00] Data distribution: max. partitions/sites/weight per thread: 1 / 110 / 1760
[00:00:00] Data distribution: max. searches per worker: 1

Starting ML tree search with 1 distinct starting trees

[00:00:00 -5938.983544] Initial branch length optimization
[00:00:00 -3925.540483] Model parameter optimization (eps = 10.000000)
[00:00:00 -3922.987792] AUTODETECT spr round 1 (radius: 5)
[00:00:00 -3714.800417] AUTODETECT spr round 2 (radius: 10)
[00:00:00 -3714.800397] SPR radius for FAST iterations: 5 (autodetect)
[00:00:00 -3714.800397] Model parameter optimization (eps = 3.000000)
[00:00:00 -3714.800397] FAST spr round 1 (radius: 5)
[00:00:00 -3674.993749] FAST spr round 2 (radius: 5)
[00:00:00 -3673.193192] FAST spr round 3 (radius: 5)
[00:00:00 -3673.193190] Model parameter optimization (eps = 1.000000)
[00:00:00 -3673.193190] SLOW spr round 1 (radius: 5)
[00:00:00 -3673.193187] SLOW spr round 2 (radius: 10)
[00:00:00 -3673.193187] SLOW spr round 3 (radius: 15)
[00:00:00 -3673.193187] SLOW spr round 4 (radius: 20)
[00:00:00 -3673.193187] Model parameter optimization (eps = 0.100000)

[00:00:00] ML tree search #1, logLikelihood: -3673.193187


Optimized model parameters:

   Partition 0: noname
   Rate heterogeneity: GAMMA (4 cats, mean),  alpha: 1.028000 (user),  weights&rates: (0.250000,0.142507) (0.250000,0.485009) (0.250000,1.004489) (0.250000,2.367996) 
   P-inv (user): 0.199000
   Base frequencies (user): 0.343800 0.153170 0.153330 0.349700 
   Substitution rates (user): 1.499970 1.822460 0.378140 1.332700 1.480830 1.000000 


Final LogLikelihood: -3673.193187

AIC score: 7420.386374 / AICc score: 7421.697330 / BIC score: 7630.859223
Free parameters (model + branch lengths): 37

WARNING: Best ML tree contains 5 near-zero branches!

Best ML tree with collapsed near-zero branches saved to: /groups/pupko/alburquerque/RL/Tree_Data/data/All_sized/888/masked_species_real_msa.phy.raxml.bestTreeCollapsed
Best ML tree saved to: /groups/pupko/alburquerque/RL/Tree_Data/data/All_sized/888/masked_species_real_msa.phy.raxml.bestTree
Optimized model saved to: /groups/pupko/alburquerque/RL/Tree_Data/data/All_sized/888/masked_species_real_msa.phy.raxml.bestModel

Execution log saved to: /groups/pupko/alburquerque/RL/Tree_Data/data/All_sized/888/masked_species_real_msa.phy.raxml.log

Analysis started: 25-Dec-2022 18:30:31 / finished: 25-Dec-2022 18:30:31

Elapsed time: 0.312 seconds

