
RAxML-NG v. 1.1 released on 29.11.2021 by The Exelixis Lab.
Developed by: Alexey M. Kozlov and Alexandros Stamatakis.
Contributors: Diego Darriba, Tomas Flouri, Benoit Morel, Sarah Lutteropp, Ben Bettisworth.
Latest version: https://github.com/amkozlov/raxml-ng
Questions/problems/suggestions? Please visit: https://groups.google.com/forum/#!forum/raxml

System: Intel(R) Xeon(R) CPU E5-2670 v2 @ 2.50GHz, 20 cores, 62 GB RAM

RAxML-NG was called at 27-Feb-2023 22:23:40 as follows:

raxml-ng --msa /groups/pupko/alburquerque/RL/Tree_Data/data/All_sized/18068/masked_species_real_msa.phy --threads 1 --model GTR{0.81079/1.34596/0.82357/0.80851/4.82577/1.00000}+I{0.374}+G{0.896}+F{0.24506/0.25512/0.31520/0.18461} --tree /groups/pupko/alburquerque/RL/Tree_Data/data/All_sized/18068/Temp_start_tree_file_for_raxml_search.txt --redo

Analysis options:
  run mode: ML tree search
  start tree(s): user
  random seed: 1677529420
  tip-inner: OFF
  pattern compression: ON
  per-rate scalers: OFF
  site repeats: ON
  fast spr radius: AUTO
  spr subtree cutoff: 1.000000
  branch lengths: proportional (ML estimate, algorithm: NR-FAST)
  SIMD kernels: AVX
  parallelization: coarse-grained (auto), NONE/sequential

WARNING: Running in REDO mode: existing checkpoints are ignored, and all result files will be overwritten!

[00:00:00] Reading alignment from file: /groups/pupko/alburquerque/RL/Tree_Data/data/All_sized/18068/masked_species_real_msa.phy
[00:00:00] Loaded alignment with 15 taxa and 545 sites

Alignment comprises 1 partitions and 189 patterns

Partition 0: noname
Model: GTR{0.81079/1.34596/0.82357/0.80851/4.82577/1}+FU{0.24506/0.25512/0.3152/0.18461}+IU{0.374}+G4m{0.896}
Alignment sites / patterns: 545 / 189
Gaps: 12.61 %
Invariant sites: 74.31 %


NOTE: Binary MSA file created: /groups/pupko/alburquerque/RL/Tree_Data/data/All_sized/18068/masked_species_real_msa.phy.raxml.rba

Parallelization scheme autoconfig: 1 worker(s) x 1 thread(s)

Parallel reduction/worker buffer size: 1 KB  / 0 KB

[00:00:00] Loading user starting tree(s) from: /groups/pupko/alburquerque/RL/Tree_Data/data/All_sized/18068/Temp_start_tree_file_for_raxml_search.txt
[00:00:00] Data distribution: max. partitions/sites/weight per thread: 1 / 189 / 3024
[00:00:00] Data distribution: max. searches per worker: 1

Starting ML tree search with 1 distinct starting trees

[00:00:00 -2403.177277] Initial branch length optimization
[00:00:00 -2109.355725] Model parameter optimization (eps = 10.000000)
[00:00:00 -2108.611772] AUTODETECT spr round 1 (radius: 5)
[00:00:00 -1899.259690] AUTODETECT spr round 2 (radius: 10)
[00:00:00 -1899.259484] SPR radius for FAST iterations: 5 (autodetect)
[00:00:00 -1899.259484] Model parameter optimization (eps = 3.000000)
[00:00:00 -1899.259477] FAST spr round 1 (radius: 5)
[00:00:00 -1893.427601] FAST spr round 2 (radius: 5)
[00:00:00 -1889.882495] FAST spr round 3 (radius: 5)
[00:00:00 -1889.882450] Model parameter optimization (eps = 1.000000)
[00:00:00 -1889.882450] SLOW spr round 1 (radius: 5)
[00:00:00 -1889.770379] SLOW spr round 2 (radius: 5)
[00:00:01 -1889.770362] SLOW spr round 3 (radius: 10)
[00:00:01 -1889.770362] SLOW spr round 4 (radius: 15)
[00:00:01 -1889.770362] Model parameter optimization (eps = 0.100000)

[00:00:01] ML tree search #1, logLikelihood: -1889.770362


Optimized model parameters:

   Partition 0: noname
   Rate heterogeneity: GAMMA (4 cats, mean),  alpha: 0.896000 (user),  weights&rates: (0.250000,0.115765) (0.250000,0.443094) (0.250000,0.980377) (0.250000,2.460764) 
   P-inv (user): 0.374000
   Base frequencies (user): 0.245062 0.255123 0.315203 0.184612 
   Substitution rates (user): 0.810790 1.345960 0.823570 0.808510 4.825770 1.000000 


Final LogLikelihood: -1889.770362

AIC score: 3833.540723 / AICc score: 3836.465288 / BIC score: 3949.661940
Free parameters (model + branch lengths): 27

WARNING: Best ML tree contains 3 near-zero branches!

Best ML tree with collapsed near-zero branches saved to: /groups/pupko/alburquerque/RL/Tree_Data/data/All_sized/18068/masked_species_real_msa.phy.raxml.bestTreeCollapsed
Best ML tree saved to: /groups/pupko/alburquerque/RL/Tree_Data/data/All_sized/18068/masked_species_real_msa.phy.raxml.bestTree
Optimized model saved to: /groups/pupko/alburquerque/RL/Tree_Data/data/All_sized/18068/masked_species_real_msa.phy.raxml.bestModel

Execution log saved to: /groups/pupko/alburquerque/RL/Tree_Data/data/All_sized/18068/masked_species_real_msa.phy.raxml.log

Analysis started: 27-Feb-2023 22:23:40 / finished: 27-Feb-2023 22:23:42

Elapsed time: 1.842 seconds

