
RAxML-NG v. 1.1 released on 29.11.2021 by The Exelixis Lab.
Developed by: Alexey M. Kozlov and Alexandros Stamatakis.
Contributors: Diego Darriba, Tomas Flouri, Benoit Morel, Sarah Lutteropp, Ben Bettisworth.
Latest version: https://github.com/amkozlov/raxml-ng
Questions/problems/suggestions? Please visit: https://groups.google.com/forum/#!forum/raxml

System: Intel(R) Xeon(R) CPU E5-2670 v2 @ 2.50GHz, 20 cores, 62 GB RAM

RAxML-NG was called at 25-Dec-2022 18:30:41 as follows:

raxml-ng --msa /groups/pupko/alburquerque/RL/Tree_Data/data/All_sized/4775/masked_species_real_msa.phy --threads 1 --opt-branches on --opt-model --nofiles --tree rand{1} --redo off --model GTR{1.76158/4.48250/2.07805/0.83255/5.55181/1.00000}+I{0.417}+G{0.621}+F{0.22271/0.33393/0.21700/0.22636}

Analysis options:
  run mode: ML tree search
  start tree(s): random (1)
  random seed: 1671985841
  tip-inner: OFF
  pattern compression: ON
  per-rate scalers: OFF
  site repeats: ON
  fast spr radius: AUTO
  spr subtree cutoff: 1.000000
  branch lengths: proportional (ML estimate, algorithm: NR-FAST)
  SIMD kernels: AVX
  parallelization: coarse-grained (auto), NONE/sequential

WARNING: Running in REDO mode: existing checkpoints are ignored, and all result files will be overwritten!

[00:00:00] Reading alignment from file: /groups/pupko/alburquerque/RL/Tree_Data/data/All_sized/4775/masked_species_real_msa.phy
[00:00:00] Loaded alignment with 20 taxa and 1518 sites

WARNING: Sequences Sp002 and Sp015 are exactly identical!
WARNING: Sequences Sp002 and Sp016 are exactly identical!
WARNING: Duplicate sequences found: 2

NOTE: Reduced alignment (with duplicates and gap-only sites/taxa removed) 
NOTE: was saved to: /groups/pupko/alburquerque/RL/Tree_Data/data/All_sized/4775/masked_species_real_msa.phy.raxml.reduced.phy

Alignment comprises 1 partitions and 412 patterns

Partition 0: noname
Model: GTR{1.76158/4.4825/2.07805/0.83255/5.55181/1}+FU{0.22271/0.33393/0.217/0.22636}+IU{0.417}+G4m{0.621}
Alignment sites / patterns: 1518 / 412
Gaps: 3.98 %
Invariant sites: 69.57 %


NOTE: Binary MSA file created: /groups/pupko/alburquerque/RL/Tree_Data/data/All_sized/4775/masked_species_real_msa.phy.raxml.rba

Parallelization scheme autoconfig: 1 worker(s) x 1 thread(s)

Parallel reduction/worker buffer size: 1 KB  / 0 KB

[00:00:00] Generating 1 random starting tree(s) with 20 taxa
[00:00:00] Data distribution: max. partitions/sites/weight per thread: 1 / 412 / 6592
[00:00:00] Data distribution: max. searches per worker: 1

Starting ML tree search with 1 distinct starting trees

[00:00:00 -9299.453597] Initial branch length optimization
[00:00:00 -8017.555917] Model parameter optimization (eps = 10.000000)
[00:00:00 -8017.434765] AUTODETECT spr round 1 (radius: 5)
[00:00:00 -6437.264085] AUTODETECT spr round 2 (radius: 10)
[00:00:00 -6342.854218] AUTODETECT spr round 3 (radius: 15)
[00:00:00 -6342.852844] SPR radius for FAST iterations: 10 (autodetect)
[00:00:00 -6342.852844] Model parameter optimization (eps = 3.000000)
[00:00:00 -6342.852531] FAST spr round 1 (radius: 10)
[00:00:00 -6304.049193] FAST spr round 2 (radius: 10)
[00:00:00 -6302.487252] FAST spr round 3 (radius: 10)
[00:00:00 -6302.486877] Model parameter optimization (eps = 1.000000)
[00:00:00 -6302.486871] SLOW spr round 1 (radius: 5)
[00:00:00 -6302.486870] SLOW spr round 2 (radius: 10)
[00:00:01 -6302.486870] SLOW spr round 3 (radius: 15)
[00:00:01 -6302.486870] SLOW spr round 4 (radius: 20)
[00:00:01 -6302.486870] Model parameter optimization (eps = 0.100000)

[00:00:01] ML tree search #1, logLikelihood: -6302.486870


Optimized model parameters:

   Partition 0: noname
   Rate heterogeneity: GAMMA (4 cats, mean),  alpha: 0.621000 (user),  weights&rates: (0.250000,0.057466) (0.250000,0.323746) (0.250000,0.891666) (0.250000,2.727123) 
   P-inv (user): 0.417000
   Base frequencies (user): 0.222710 0.333930 0.217000 0.226360 
   Substitution rates (user): 1.761580 4.482500 2.078050 0.832550 5.551810 1.000000 


Final LogLikelihood: -6302.486870

AIC score: 12678.973740 / AICc score: 12680.873740 / BIC score: 12876.004251
Free parameters (model + branch lengths): 37

WARNING: Best ML tree contains 2 near-zero branches!

Best ML tree with collapsed near-zero branches saved to: /groups/pupko/alburquerque/RL/Tree_Data/data/All_sized/4775/masked_species_real_msa.phy.raxml.bestTreeCollapsed
Best ML tree saved to: /groups/pupko/alburquerque/RL/Tree_Data/data/All_sized/4775/masked_species_real_msa.phy.raxml.bestTree
Optimized model saved to: /groups/pupko/alburquerque/RL/Tree_Data/data/All_sized/4775/masked_species_real_msa.phy.raxml.bestModel

Execution log saved to: /groups/pupko/alburquerque/RL/Tree_Data/data/All_sized/4775/masked_species_real_msa.phy.raxml.log

Analysis started: 25-Dec-2022 18:30:41 / finished: 25-Dec-2022 18:30:42

Elapsed time: 1.120 seconds

