
RAxML-NG v. 1.1 released on 29.11.2021 by The Exelixis Lab.
Developed by: Alexey M. Kozlov and Alexandros Stamatakis.
Contributors: Diego Darriba, Tomas Flouri, Benoit Morel, Sarah Lutteropp, Ben Bettisworth.
Latest version: https://github.com/amkozlov/raxml-ng
Questions/problems/suggestions? Please visit: https://groups.google.com/forum/#!forum/raxml

System: AMD Opteron(tm) Processor 6128, 16 cores, 117 GB RAM

RAxML-NG was called at 30-Nov-2022 15:31:14 as follows:

raxml-ng --msa /groups/pupko/alburquerque/RL/Tree_Data/data/All_sized/311/masked_species_real_msa.phy --threads 1 --opt-branches on --opt-model --nofiles --tree rand{1} --redo off --model GTR{1.19548/1.70160/1.00318/0.76818/2.28175/1.00000}+I{0.142}+G{0.381}+F{0.22032/0.29488/0.22528/0.25952}

Analysis options:
  run mode: ML tree search
  start tree(s): random (1)
  random seed: 1669815074
  tip-inner: OFF
  pattern compression: ON
  per-rate scalers: OFF
  site repeats: ON
  fast spr radius: AUTO
  spr subtree cutoff: 1.000000
  branch lengths: proportional (ML estimate, algorithm: NR-FAST)
  SIMD kernels: SSE3
  parallelization: coarse-grained (auto), NONE/sequential

WARNING: Running in REDO mode: existing checkpoints are ignored, and all result files will be overwritten!

[00:00:00] Reading alignment from file: /groups/pupko/alburquerque/RL/Tree_Data/data/All_sized/311/masked_species_real_msa.phy
[00:00:00] Loaded alignment with 7 taxa and 1546 sites

Alignment comprises 1 partitions and 249 patterns

Partition 0: noname
Model: GTR{1.19548/1.7016/1.00318/0.76818/2.28175/1}+FU{0.22032/0.29488/0.22528/0.25952}+IU{0.142}+G4m{0.381}
Alignment sites / patterns: 1546 / 249
Gaps: 23.13 %
Invariant sites: 69.34 %


NOTE: Binary MSA file created: /groups/pupko/alburquerque/RL/Tree_Data/data/All_sized/311/masked_species_real_msa.phy.raxml.rba

Parallelization scheme autoconfig: 1 worker(s) x 1 thread(s)

Parallel reduction/worker buffer size: 1 KB  / 0 KB

[00:00:00] Generating 1 random starting tree(s) with 7 taxa
[00:00:00] Data distribution: max. partitions/sites/weight per thread: 1 / 249 / 3984
[00:00:00] Data distribution: max. searches per worker: 1

Starting ML tree search with 1 distinct starting trees

[00:00:00 -4702.314928] Initial branch length optimization
[00:00:00 -4232.695482] Model parameter optimization (eps = 10.000000)
[00:00:00 -4232.593288] AUTODETECT spr round 1 (radius: 5)
[00:00:00 -4223.083823] SPR radius for FAST iterations: 5 (autodetect)
[00:00:00 -4223.083823] Model parameter optimization (eps = 3.000000)
[00:00:00 -4223.081154] FAST spr round 1 (radius: 5)
[00:00:00 -4223.080552] Model parameter optimization (eps = 1.000000)
[00:00:00 -4223.080521] SLOW spr round 1 (radius: 5)
[00:00:00 -4223.080507] Model parameter optimization (eps = 0.100000)

[00:00:00] ML tree search #1, logLikelihood: -4223.080505


Optimized model parameters:

   Partition 0: noname
   Rate heterogeneity: GAMMA (4 cats, mean),  alpha: 0.381000 (user),  weights&rates: (0.250000,0.014071) (0.250000,0.167426) (0.250000,0.709874) (0.250000,3.108629) 
   P-inv (user): 0.142000
   Base frequencies (user): 0.220320 0.294880 0.225280 0.259520 
   Substitution rates (user): 1.195480 1.701600 1.003180 0.768180 2.281750 1.000000 


Final LogLikelihood: -4223.080505

AIC score: 8468.161010 / AICc score: 8468.333109 / BIC score: 8526.938698
Free parameters (model + branch lengths): 11

Best ML tree saved to: /groups/pupko/alburquerque/RL/Tree_Data/data/All_sized/311/masked_species_real_msa.phy.raxml.bestTree
Optimized model saved to: /groups/pupko/alburquerque/RL/Tree_Data/data/All_sized/311/masked_species_real_msa.phy.raxml.bestModel

Execution log saved to: /groups/pupko/alburquerque/RL/Tree_Data/data/All_sized/311/masked_species_real_msa.phy.raxml.log

Analysis started: 30-Nov-2022 15:31:14 / finished: 30-Nov-2022 15:31:14

Elapsed time: 0.421 seconds

