
RAxML-NG v. 1.1 released on 29.11.2021 by The Exelixis Lab.
Developed by: Alexey M. Kozlov and Alexandros Stamatakis.
Contributors: Diego Darriba, Tomas Flouri, Benoit Morel, Sarah Lutteropp, Ben Bettisworth.
Latest version: https://github.com/amkozlov/raxml-ng
Questions/problems/suggestions? Please visit: https://groups.google.com/forum/#!forum/raxml

System: Intel(R) Xeon(R) CPU E5-2670 v2 @ 2.50GHz, 20 cores, 62 GB RAM

RAxML-NG was called at 25-Dec-2022 18:31:31 as follows:

raxml-ng --msa /groups/pupko/alburquerque/RL/Tree_Data/data/All_sized/1606/masked_species_real_msa.phy --threads 1 --opt-branches on --opt-model --nofiles --tree rand{1} --redo off --model GTR{1.51510/4.47605/1.65539/1.11291/5.11426/1.00000}+I{0.334}+G{1.127}+F{0.22433/0.26999/0.25977/0.24591}

Analysis options:
  run mode: ML tree search
  start tree(s): random (1)
  random seed: 1671985891
  tip-inner: OFF
  pattern compression: ON
  per-rate scalers: OFF
  site repeats: ON
  fast spr radius: AUTO
  spr subtree cutoff: 1.000000
  branch lengths: proportional (ML estimate, algorithm: NR-FAST)
  SIMD kernels: AVX
  parallelization: coarse-grained (auto), NONE/sequential

WARNING: Running in REDO mode: existing checkpoints are ignored, and all result files will be overwritten!

[00:00:00] Reading alignment from file: /groups/pupko/alburquerque/RL/Tree_Data/data/All_sized/1606/masked_species_real_msa.phy
[00:00:00] Loaded alignment with 20 taxa and 1521 sites

Alignment comprises 1 partitions and 888 patterns

Partition 0: noname
Model: GTR{1.5151/4.47605/1.65539/1.11291/5.11426/1}+FU{0.22433/0.26999/0.25977/0.24591}+IU{0.334}+G4m{1.127}
Alignment sites / patterns: 1521 / 888
Gaps: 9.55 %
Invariant sites: 42.14 %


NOTE: Binary MSA file created: /groups/pupko/alburquerque/RL/Tree_Data/data/All_sized/1606/masked_species_real_msa.phy.raxml.rba

Parallelization scheme autoconfig: 1 worker(s) x 1 thread(s)

Parallel reduction/worker buffer size: 1 KB  / 0 KB

[00:00:00] Generating 1 random starting tree(s) with 20 taxa
[00:00:00] Data distribution: max. partitions/sites/weight per thread: 1 / 888 / 14208
[00:00:00] Data distribution: max. searches per worker: 1

Starting ML tree search with 1 distinct starting trees

[00:00:00 -18236.592701] Initial branch length optimization
[00:00:00 -16721.071487] Model parameter optimization (eps = 10.000000)
[00:00:00 -16720.494971] AUTODETECT spr round 1 (radius: 5)
[00:00:00 -14699.961441] AUTODETECT spr round 2 (radius: 10)
[00:00:00 -14699.953641] SPR radius for FAST iterations: 5 (autodetect)
[00:00:00 -14699.953641] Model parameter optimization (eps = 3.000000)
[00:00:00 -14699.952227] FAST spr round 1 (radius: 5)
[00:00:00 -14637.166953] FAST spr round 2 (radius: 5)
[00:00:01 -14618.894701] FAST spr round 3 (radius: 5)
[00:00:01 -14616.432928] FAST spr round 4 (radius: 5)
[00:00:01 -14616.431794] Model parameter optimization (eps = 1.000000)
[00:00:01 -14616.431763] SLOW spr round 1 (radius: 5)
[00:00:02 -14616.431756] SLOW spr round 2 (radius: 10)
[00:00:03 -14616.431756] SLOW spr round 3 (radius: 15)
[00:00:03 -14616.431756] SLOW spr round 4 (radius: 20)
[00:00:03 -14616.431756] Model parameter optimization (eps = 0.100000)

[00:00:03] ML tree search #1, logLikelihood: -14616.431756


Optimized model parameters:

   Partition 0: noname
   Rate heterogeneity: GAMMA (4 cats, mean),  alpha: 1.127000 (user),  weights&rates: (0.250000,0.161575) (0.250000,0.511858) (0.250000,1.018224) (0.250000,2.308344) 
   P-inv (user): 0.334000
   Base frequencies (user): 0.224330 0.269990 0.259770 0.245910 
   Substitution rates (user): 1.515100 4.476050 1.655390 1.112910 5.114260 1.000000 


Final LogLikelihood: -14616.431756

AIC score: 29306.863512 / AICc score: 29308.759669 / BIC score: 29503.967074
Free parameters (model + branch lengths): 37

Best ML tree saved to: /groups/pupko/alburquerque/RL/Tree_Data/data/All_sized/1606/masked_species_real_msa.phy.raxml.bestTree
Optimized model saved to: /groups/pupko/alburquerque/RL/Tree_Data/data/All_sized/1606/masked_species_real_msa.phy.raxml.bestModel

Execution log saved to: /groups/pupko/alburquerque/RL/Tree_Data/data/All_sized/1606/masked_species_real_msa.phy.raxml.log

Analysis started: 25-Dec-2022 18:31:31 / finished: 25-Dec-2022 18:31:34

Elapsed time: 3.409 seconds

