
RAxML-NG v. 1.1 released on 29.11.2021 by The Exelixis Lab.
Developed by: Alexey M. Kozlov and Alexandros Stamatakis.
Contributors: Diego Darriba, Tomas Flouri, Benoit Morel, Sarah Lutteropp, Ben Bettisworth.
Latest version: https://github.com/amkozlov/raxml-ng
Questions/problems/suggestions? Please visit: https://groups.google.com/forum/#!forum/raxml

System: Intel(R) Xeon(R) CPU E5-2670 v2 @ 2.50GHz, 20 cores, 62 GB RAM

RAxML-NG was called at 25-Dec-2022 18:30:39 as follows:

raxml-ng --msa /groups/pupko/alburquerque/RL/Tree_Data/data/All_sized/4256/masked_species_real_msa.phy --threads 1 --opt-branches on --opt-model --nofiles --tree rand{1} --redo off --model GTR{0.00034/16.36237/2.43541/1.24244/13.80579/1.00000}+I{0.609}+G{1.438}+F{0.25966/0.10435/0.17546/0.46054}

Analysis options:
  run mode: ML tree search
  start tree(s): random (1)
  random seed: 1671985839
  tip-inner: OFF
  pattern compression: ON
  per-rate scalers: OFF
  site repeats: ON
  fast spr radius: AUTO
  spr subtree cutoff: 1.000000
  branch lengths: proportional (ML estimate, algorithm: NR-FAST)
  SIMD kernels: AVX
  parallelization: coarse-grained (auto), NONE/sequential

WARNING: Running in REDO mode: existing checkpoints are ignored, and all result files will be overwritten!

[00:00:00] Reading alignment from file: /groups/pupko/alburquerque/RL/Tree_Data/data/All_sized/4256/masked_species_real_msa.phy
[00:00:00] Loaded alignment with 20 taxa and 658 sites

Alignment comprises 1 partitions and 206 patterns

Partition 0: noname
Model: GTR{0.00034/16.3624/2.43541/1.24244/13.8058/1}+FU{0.25966/0.10435/0.17546/0.46054}+IU{0.609}+G4m{1.438}
Alignment sites / patterns: 658 / 206
Gaps: 0.98 %
Invariant sites: 65.35 %


NOTE: Binary MSA file created: /groups/pupko/alburquerque/RL/Tree_Data/data/All_sized/4256/masked_species_real_msa.phy.raxml.rba

Parallelization scheme autoconfig: 1 worker(s) x 1 thread(s)

Parallel reduction/worker buffer size: 1 KB  / 0 KB

[00:00:00] Generating 1 random starting tree(s) with 20 taxa
[00:00:00] Data distribution: max. partitions/sites/weight per thread: 1 / 206 / 3296
[00:00:00] Data distribution: max. searches per worker: 1

Starting ML tree search with 1 distinct starting trees

[00:00:00 -4527.689525] Initial branch length optimization
[00:00:00 -3402.195901] Model parameter optimization (eps = 10.000000)
[00:00:00 -3402.081735] AUTODETECT spr round 1 (radius: 5)
[00:00:00 -3166.047345] AUTODETECT spr round 2 (radius: 10)
[00:00:00 -3138.924804] AUTODETECT spr round 3 (radius: 15)
[00:00:00 -3138.918651] SPR radius for FAST iterations: 10 (autodetect)
[00:00:00 -3138.918651] Model parameter optimization (eps = 3.000000)
[00:00:00 -3138.918211] FAST spr round 1 (radius: 10)
[00:00:00 -3101.956040] FAST spr round 2 (radius: 10)
[00:00:00 -3101.626206] FAST spr round 3 (radius: 10)
[00:00:00 -3101.626205] Model parameter optimization (eps = 1.000000)
[00:00:00 -3101.626205] SLOW spr round 1 (radius: 5)
[00:00:00 -3101.626182] SLOW spr round 2 (radius: 10)
[00:00:00 -3101.626182] SLOW spr round 3 (radius: 15)
[00:00:00 -3101.626182] SLOW spr round 4 (radius: 20)
[00:00:00 -3101.626182] Model parameter optimization (eps = 0.100000)

[00:00:00] ML tree search #1, logLikelihood: -3101.626182


Optimized model parameters:

   Partition 0: noname
   Rate heterogeneity: GAMMA (4 cats, mean),  alpha: 1.438000 (user),  weights&rates: (0.250000,0.215584) (0.250000,0.577900) (0.250000,1.046563) (0.250000,2.159953) 
   P-inv (user): 0.609000
   Base frequencies (user): 0.259657 0.104349 0.175458 0.460535 
   Substitution rates (user): 0.000340 16.362370 2.435410 1.242440 13.805790 1.000000 


Final LogLikelihood: -3101.626182

AIC score: 6277.252363 / AICc score: 6281.787847 / BIC score: 6443.352946
Free parameters (model + branch lengths): 37

WARNING: Best ML tree contains 1 near-zero branches!

Best ML tree with collapsed near-zero branches saved to: /groups/pupko/alburquerque/RL/Tree_Data/data/All_sized/4256/masked_species_real_msa.phy.raxml.bestTreeCollapsed
Best ML tree saved to: /groups/pupko/alburquerque/RL/Tree_Data/data/All_sized/4256/masked_species_real_msa.phy.raxml.bestTree
Optimized model saved to: /groups/pupko/alburquerque/RL/Tree_Data/data/All_sized/4256/masked_species_real_msa.phy.raxml.bestModel

Execution log saved to: /groups/pupko/alburquerque/RL/Tree_Data/data/All_sized/4256/masked_species_real_msa.phy.raxml.log

Analysis started: 25-Dec-2022 18:30:39 / finished: 25-Dec-2022 18:30:40

Elapsed time: 0.633 seconds

