
RAxML-NG v. 1.1 released on 29.11.2021 by The Exelixis Lab.
Developed by: Alexey M. Kozlov and Alexandros Stamatakis.
Contributors: Diego Darriba, Tomas Flouri, Benoit Morel, Sarah Lutteropp, Ben Bettisworth.
Latest version: https://github.com/amkozlov/raxml-ng
Questions/problems/suggestions? Please visit: https://groups.google.com/forum/#!forum/raxml

System: AMD Opteron(tm) Processor 6128, 16 cores, 117 GB RAM

RAxML-NG was called at 30-Nov-2022 16:45:54 as follows:

raxml-ng --msa /groups/pupko/alburquerque/RL/Tree_Data/data/All_sized/3218/masked_species_real_msa.phy --threads 1 --opt-branches on --opt-model --nofiles --tree rand{1} --redo off --model GTR{1.65028/2.48188/1.32067/0.55732/4.94171/1.00000}+I{0.000}+G{0.367}+F{0.24037/0.27543/0.24002/0.24418}

Analysis options:
  run mode: ML tree search
  start tree(s): random (1)
  random seed: 1669819554
  tip-inner: OFF
  pattern compression: ON
  per-rate scalers: OFF
  site repeats: ON
  fast spr radius: AUTO
  spr subtree cutoff: 1.000000
  branch lengths: proportional (ML estimate, algorithm: NR-FAST)
  SIMD kernels: SSE3
  parallelization: coarse-grained (auto), NONE/sequential

WARNING: Running in REDO mode: existing checkpoints are ignored, and all result files will be overwritten!

[00:00:00] Reading alignment from file: /groups/pupko/alburquerque/RL/Tree_Data/data/All_sized/3218/masked_species_real_msa.phy
[00:00:00] Loaded alignment with 12 taxa and 543 sites

WARNING: Sequences Sp006 and Sp007 are exactly identical!
WARNING: Duplicate sequences found: 1

NOTE: Reduced alignment (with duplicates and gap-only sites/taxa removed) 
NOTE: was saved to: /groups/pupko/alburquerque/RL/Tree_Data/data/All_sized/3218/masked_species_real_msa.phy.raxml.reduced.phy

Alignment comprises 1 partitions and 231 patterns

Partition 0: noname
Model: GTR{1.65028/2.48188/1.32067/0.55732/4.94171/1}+FU{0.24037/0.27543/0.24002/0.24418}+IU{0}+G4m{0.367}
Alignment sites / patterns: 543 / 231
Gaps: 13.78 %
Invariant sites: 62.43 %


NOTE: Binary MSA file created: /groups/pupko/alburquerque/RL/Tree_Data/data/All_sized/3218/masked_species_real_msa.phy.raxml.rba

Parallelization scheme autoconfig: 1 worker(s) x 1 thread(s)

Parallel reduction/worker buffer size: 1 KB  / 0 KB

[00:00:00] Generating 1 random starting tree(s) with 12 taxa
[00:00:00] Data distribution: max. partitions/sites/weight per thread: 1 / 231 / 3696
[00:00:00] Data distribution: max. searches per worker: 1

Starting ML tree search with 1 distinct starting trees

[00:00:00 -2963.034890] Initial branch length optimization
[00:00:00 -2629.749959] Model parameter optimization (eps = 10.000000)
[00:00:00 -2629.565610] AUTODETECT spr round 1 (radius: 5)
[00:00:00 -2380.931058] AUTODETECT spr round 2 (radius: 10)
[00:00:00 -2380.929691] SPR radius for FAST iterations: 5 (autodetect)
[00:00:00 -2380.929691] Model parameter optimization (eps = 3.000000)
[00:00:00 -2380.929604] FAST spr round 1 (radius: 5)
[00:00:00 -2306.758074] FAST spr round 2 (radius: 5)
[00:00:00 -2306.758064] Model parameter optimization (eps = 1.000000)
[00:00:00 -2306.758064] SLOW spr round 1 (radius: 5)
[00:00:01 -2306.758064] SLOW spr round 2 (radius: 10)
[00:00:01 -2306.758064] Model parameter optimization (eps = 0.100000)

[00:00:01] ML tree search #1, logLikelihood: -2306.758064


Optimized model parameters:

   Partition 0: noname
   Rate heterogeneity: GAMMA (4 cats, mean),  alpha: 0.367000 (user),  weights&rates: (0.250000,0.012256) (0.250000,0.156710) (0.250000,0.692951) (0.250000,3.138083) 
   P-inv (user): 0.000000
   Base frequencies (user): 0.240370 0.275430 0.240020 0.244180 
   Substitution rates (user): 1.650280 2.481880 1.320670 0.557320 4.941710 1.000000 


Final LogLikelihood: -2306.758064

AIC score: 4655.516128 / AICc score: 4657.289641 / BIC score: 4745.755424
Free parameters (model + branch lengths): 21

Best ML tree saved to: /groups/pupko/alburquerque/RL/Tree_Data/data/All_sized/3218/masked_species_real_msa.phy.raxml.bestTree
Optimized model saved to: /groups/pupko/alburquerque/RL/Tree_Data/data/All_sized/3218/masked_species_real_msa.phy.raxml.bestModel

Execution log saved to: /groups/pupko/alburquerque/RL/Tree_Data/data/All_sized/3218/masked_species_real_msa.phy.raxml.log

Analysis started: 30-Nov-2022 16:45:54 / finished: 30-Nov-2022 16:45:55

Elapsed time: 1.254 seconds

