
RAxML-NG v. 1.1 released on 29.11.2021 by The Exelixis Lab.
Developed by: Alexey M. Kozlov and Alexandros Stamatakis.
Contributors: Diego Darriba, Tomas Flouri, Benoit Morel, Sarah Lutteropp, Ben Bettisworth.
Latest version: https://github.com/amkozlov/raxml-ng
Questions/problems/suggestions? Please visit: https://groups.google.com/forum/#!forum/raxml

System: Intel(R) Xeon(R) CPU E5-2670 v2 @ 2.50GHz, 20 cores, 62 GB RAM

RAxML-NG was called at 25-Dec-2022 18:30:41 as follows:

raxml-ng --msa /groups/pupko/alburquerque/RL/Tree_Data/data/All_sized/34161/masked_species_real_msa.phy --threads 1 --opt-branches on --opt-model --nofiles --tree rand{1} --redo off --model GTR{2.59453/3.79123/0.74641/0.69681/6.58001/1.00000}+I{0.637}+G{0.598}+F{0.21631/0.22524/0.25500/0.30345}

Analysis options:
  run mode: ML tree search
  start tree(s): random (1)
  random seed: 1671985841
  tip-inner: OFF
  pattern compression: ON
  per-rate scalers: OFF
  site repeats: ON
  fast spr radius: AUTO
  spr subtree cutoff: 1.000000
  branch lengths: proportional (ML estimate, algorithm: NR-FAST)
  SIMD kernels: AVX
  parallelization: coarse-grained (auto), NONE/sequential

WARNING: Running in REDO mode: existing checkpoints are ignored, and all result files will be overwritten!

[00:00:00] Reading alignment from file: /groups/pupko/alburquerque/RL/Tree_Data/data/All_sized/34161/masked_species_real_msa.phy
[00:00:00] Loaded alignment with 20 taxa and 562 sites

WARNING: Sequences Sp003 and Sp009 are exactly identical!
WARNING: Sequences Sp005 and Sp006 are exactly identical!
WARNING: Sequences Sp005 and Sp007 are exactly identical!
WARNING: Duplicate sequences found: 3

NOTE: Reduced alignment (with duplicates and gap-only sites/taxa removed) 
NOTE: was saved to: /groups/pupko/alburquerque/RL/Tree_Data/data/All_sized/34161/masked_species_real_msa.phy.raxml.reduced.phy

Alignment comprises 1 partitions and 69 patterns

Partition 0: noname
Model: GTR{2.59453/3.79123/0.74641/0.69681/6.58001/1}+FU{0.21631/0.22524/0.255/0.30345}+IU{0.637}+G4m{0.598}
Alignment sites / patterns: 562 / 69
Gaps: 1.47 %
Invariant sites: 89.32 %


NOTE: Binary MSA file created: /groups/pupko/alburquerque/RL/Tree_Data/data/All_sized/34161/masked_species_real_msa.phy.raxml.rba

Parallelization scheme autoconfig: 1 worker(s) x 1 thread(s)

Parallel reduction/worker buffer size: 1 KB  / 0 KB

[00:00:00] Generating 1 random starting tree(s) with 20 taxa
[00:00:00] Data distribution: max. partitions/sites/weight per thread: 1 / 69 / 1104
[00:00:00] Data distribution: max. searches per worker: 1

Starting ML tree search with 1 distinct starting trees

[00:00:00 -1742.896494] Initial branch length optimization
[00:00:00 -1528.238132] Model parameter optimization (eps = 10.000000)
[00:00:00 -1524.811878] AUTODETECT spr round 1 (radius: 5)
[00:00:00 -1236.017553] AUTODETECT spr round 2 (radius: 10)
[00:00:00 -1236.017018] SPR radius for FAST iterations: 5 (autodetect)
[00:00:00 -1236.017018] Model parameter optimization (eps = 3.000000)
[00:00:00 -1236.016978] FAST spr round 1 (radius: 5)
[00:00:00 -1233.903548] FAST spr round 2 (radius: 5)
[00:00:00 -1233.903161] Model parameter optimization (eps = 1.000000)
[00:00:00 -1233.903161] SLOW spr round 1 (radius: 5)
[00:00:00 -1233.903161] SLOW spr round 2 (radius: 10)
[00:00:00 -1233.903161] SLOW spr round 3 (radius: 15)
[00:00:00 -1233.903161] SLOW spr round 4 (radius: 20)
[00:00:00 -1233.903161] Model parameter optimization (eps = 0.100000)

[00:00:00] ML tree search #1, logLikelihood: -1233.903161


Optimized model parameters:

   Partition 0: noname
   Rate heterogeneity: GAMMA (4 cats, mean),  alpha: 0.598000 (user),  weights&rates: (0.250000,0.052696) (0.250000,0.311159) (0.250000,0.880295) (0.250000,2.755850) 
   P-inv (user): 0.637000
   Base frequencies (user): 0.216310 0.225240 0.255000 0.303450 
   Substitution rates (user): 2.594530 3.791230 0.746410 0.696810 6.580010 1.000000 


Final LogLikelihood: -1233.903161

AIC score: 2541.806322 / AICc score: 2547.172734 / BIC score: 2702.071891
Free parameters (model + branch lengths): 37

WARNING: Best ML tree contains 8 near-zero branches!

Best ML tree with collapsed near-zero branches saved to: /groups/pupko/alburquerque/RL/Tree_Data/data/All_sized/34161/masked_species_real_msa.phy.raxml.bestTreeCollapsed
Best ML tree saved to: /groups/pupko/alburquerque/RL/Tree_Data/data/All_sized/34161/masked_species_real_msa.phy.raxml.bestTree
Optimized model saved to: /groups/pupko/alburquerque/RL/Tree_Data/data/All_sized/34161/masked_species_real_msa.phy.raxml.bestModel

Execution log saved to: /groups/pupko/alburquerque/RL/Tree_Data/data/All_sized/34161/masked_species_real_msa.phy.raxml.log

Analysis started: 25-Dec-2022 18:30:41 / finished: 25-Dec-2022 18:30:41

Elapsed time: 0.218 seconds

