
RAxML-NG v. 1.1 released on 29.11.2021 by The Exelixis Lab.
Developed by: Alexey M. Kozlov and Alexandros Stamatakis.
Contributors: Diego Darriba, Tomas Flouri, Benoit Morel, Sarah Lutteropp, Ben Bettisworth.
Latest version: https://github.com/amkozlov/raxml-ng
Questions/problems/suggestions? Please visit: https://groups.google.com/forum/#!forum/raxml

System: AMD Opteron(tm) Processor 6128, 16 cores, 117 GB RAM

RAxML-NG was called at 30-Nov-2022 16:46:48 as follows:

raxml-ng --msa /groups/pupko/alburquerque/RL/Tree_Data/data/All_sized/798/masked_species_real_msa.phy --threads 1 --opt-branches on --opt-model --nofiles --tree rand{1} --redo off --model GTR{0.92774/2.41431/1.32328/1.00676/4.43318/1.00000}+I{0.425}+G{0.647}+F{0.26982/0.20305/0.27471/0.25243}

Analysis options:
  run mode: ML tree search
  start tree(s): random (1)
  random seed: 1669819608
  tip-inner: OFF
  pattern compression: ON
  per-rate scalers: OFF
  site repeats: ON
  fast spr radius: AUTO
  spr subtree cutoff: 1.000000
  branch lengths: proportional (ML estimate, algorithm: NR-FAST)
  SIMD kernels: SSE3
  parallelization: coarse-grained (auto), NONE/sequential

WARNING: Running in REDO mode: existing checkpoints are ignored, and all result files will be overwritten!

[00:00:00] Reading alignment from file: /groups/pupko/alburquerque/RL/Tree_Data/data/All_sized/798/masked_species_real_msa.phy
[00:00:00] Loaded alignment with 12 taxa and 3743 sites

Alignment comprises 1 partitions and 843 patterns

Partition 0: noname
Model: GTR{0.92774/2.41431/1.32328/1.00676/4.43318/1}+FU{0.26982/0.20305/0.27471/0.25243}+IU{0.425}+G4m{0.647}
Alignment sites / patterns: 3743 / 843
Gaps: 7.36 %
Invariant sites: 72.32 %


NOTE: Binary MSA file created: /groups/pupko/alburquerque/RL/Tree_Data/data/All_sized/798/masked_species_real_msa.phy.raxml.rba

Parallelization scheme autoconfig: 1 worker(s) x 1 thread(s)

Parallel reduction/worker buffer size: 1 KB  / 0 KB

[00:00:00] Generating 1 random starting tree(s) with 12 taxa
[00:00:00] Data distribution: max. partitions/sites/weight per thread: 1 / 843 / 13488
[00:00:00] Data distribution: max. searches per worker: 1

Starting ML tree search with 1 distinct starting trees

[00:00:00 -17822.707204] Initial branch length optimization
[00:00:00 -16525.902478] Model parameter optimization (eps = 10.000000)
[00:00:00 -16525.816009] AUTODETECT spr round 1 (radius: 5)
[00:00:00 -14684.016989] AUTODETECT spr round 2 (radius: 10)
[00:00:00 -14684.016474] SPR radius for FAST iterations: 5 (autodetect)
[00:00:00 -14684.016474] Model parameter optimization (eps = 3.000000)
[00:00:00 -14684.016455] FAST spr round 1 (radius: 5)
[00:00:01 -14657.000127] FAST spr round 2 (radius: 5)
[00:00:02 -14655.055990] FAST spr round 3 (radius: 5)
[00:00:03 -14655.055988] Model parameter optimization (eps = 1.000000)
[00:00:03 -14655.055988] SLOW spr round 1 (radius: 5)
[00:00:05 -14655.055988] SLOW spr round 2 (radius: 10)
[00:00:05 -14655.055988] Model parameter optimization (eps = 0.100000)

[00:00:05] ML tree search #1, logLikelihood: -14655.055988


Optimized model parameters:

   Partition 0: noname
   Rate heterogeneity: GAMMA (4 cats, mean),  alpha: 0.647000 (user),  weights&rates: (0.250000,0.062924) (0.250000,0.337412) (0.250000,0.903525) (0.250000,2.696138) 
   P-inv (user): 0.425000
   Base frequencies (user): 0.269817 0.203048 0.274707 0.252427 
   Substitution rates (user): 0.927740 2.414310 1.323280 1.006760 4.433180 1.000000 


Final LogLikelihood: -14655.055988

AIC score: 29352.111976 / AICc score: 29352.360297 / BIC score: 29482.892473
Free parameters (model + branch lengths): 21

Best ML tree saved to: /groups/pupko/alburquerque/RL/Tree_Data/data/All_sized/798/masked_species_real_msa.phy.raxml.bestTree
Optimized model saved to: /groups/pupko/alburquerque/RL/Tree_Data/data/All_sized/798/masked_species_real_msa.phy.raxml.bestModel

Execution log saved to: /groups/pupko/alburquerque/RL/Tree_Data/data/All_sized/798/masked_species_real_msa.phy.raxml.log

Analysis started: 30-Nov-2022 16:46:48 / finished: 30-Nov-2022 16:46:54

Elapsed time: 5.722 seconds

