
RAxML-NG v. 1.1 released on 29.11.2021 by The Exelixis Lab.
Developed by: Alexey M. Kozlov and Alexandros Stamatakis.
Contributors: Diego Darriba, Tomas Flouri, Benoit Morel, Sarah Lutteropp, Ben Bettisworth.
Latest version: https://github.com/amkozlov/raxml-ng
Questions/problems/suggestions? Please visit: https://groups.google.com/forum/#!forum/raxml

System: AMD Opteron(tm) Processor 6128, 16 cores, 117 GB RAM

RAxML-NG was called at 30-Nov-2022 16:47:10 as follows:

raxml-ng --msa /groups/pupko/alburquerque/RL/Tree_Data/data/All_sized/15864/masked_species_real_msa.phy --threads 1 --opt-branches on --opt-model --nofiles --tree rand{1} --redo off --model GTR{1.58468/3.47500/1.99770/1.28143/7.02786/1.00000}+I{0.476}+G{0.609}+F{0.25513/0.25904/0.26486/0.22097}

Analysis options:
  run mode: ML tree search
  start tree(s): random (1)
  random seed: 1669819630
  tip-inner: OFF
  pattern compression: ON
  per-rate scalers: OFF
  site repeats: ON
  fast spr radius: AUTO
  spr subtree cutoff: 1.000000
  branch lengths: proportional (ML estimate, algorithm: NR-FAST)
  SIMD kernels: SSE3
  parallelization: coarse-grained (auto), NONE/sequential

WARNING: Running in REDO mode: existing checkpoints are ignored, and all result files will be overwritten!

[00:00:00] Reading alignment from file: /groups/pupko/alburquerque/RL/Tree_Data/data/All_sized/15864/masked_species_real_msa.phy
[00:00:00] Loaded alignment with 12 taxa and 2285 sites

Alignment comprises 1 partitions and 431 patterns

Partition 0: noname
Model: GTR{1.58468/3.475/1.9977/1.28143/7.02786/1}+FU{0.25513/0.25904/0.26486/0.22097}+IU{0.476}+G4m{0.609}
Alignment sites / patterns: 2285 / 431
Gaps: 0.58 %
Invariant sites: 74.44 %


NOTE: Binary MSA file created: /groups/pupko/alburquerque/RL/Tree_Data/data/All_sized/15864/masked_species_real_msa.phy.raxml.rba

Parallelization scheme autoconfig: 1 worker(s) x 1 thread(s)

Parallel reduction/worker buffer size: 1 KB  / 0 KB

[00:00:00] Generating 1 random starting tree(s) with 12 taxa
[00:00:00] Data distribution: max. partitions/sites/weight per thread: 1 / 431 / 6896
[00:00:00] Data distribution: max. searches per worker: 1

Starting ML tree search with 1 distinct starting trees

[00:00:00 -9999.419951] Initial branch length optimization
[00:00:00 -9064.876139] Model parameter optimization (eps = 10.000000)
[00:00:00 -9064.542252] AUTODETECT spr round 1 (radius: 5)
[00:00:00 -8510.560332] AUTODETECT spr round 2 (radius: 10)
[00:00:00 -8510.559945] SPR radius for FAST iterations: 5 (autodetect)
[00:00:00 -8510.559945] Model parameter optimization (eps = 3.000000)
[00:00:00 -8510.559929] FAST spr round 1 (radius: 5)
[00:00:00 -8510.559929] Model parameter optimization (eps = 1.000000)
[00:00:00 -8510.559929] SLOW spr round 1 (radius: 5)
[00:00:01 -8510.559929] SLOW spr round 2 (radius: 10)
[00:00:02 -8510.559929] Model parameter optimization (eps = 0.100000)

[00:00:02] ML tree search #1, logLikelihood: -8510.559929


Optimized model parameters:

   Partition 0: noname
   Rate heterogeneity: GAMMA (4 cats, mean),  alpha: 0.609000 (user),  weights&rates: (0.250000,0.054969) (0.250000,0.317238) (0.250000,0.885842) (0.250000,2.741951) 
   P-inv (user): 0.476000
   Base frequencies (user): 0.255130 0.259040 0.264860 0.220970 
   Substitution rates (user): 1.584680 3.475000 1.997700 1.281430 7.027860 1.000000 


Final LogLikelihood: -8510.559929

AIC score: 17063.119857 / AICc score: 17063.528165 / BIC score: 17183.536405
Free parameters (model + branch lengths): 21

Best ML tree saved to: /groups/pupko/alburquerque/RL/Tree_Data/data/All_sized/15864/masked_species_real_msa.phy.raxml.bestTree
Optimized model saved to: /groups/pupko/alburquerque/RL/Tree_Data/data/All_sized/15864/masked_species_real_msa.phy.raxml.bestModel

Execution log saved to: /groups/pupko/alburquerque/RL/Tree_Data/data/All_sized/15864/masked_species_real_msa.phy.raxml.log

Analysis started: 30-Nov-2022 16:47:10 / finished: 30-Nov-2022 16:47:12

Elapsed time: 2.085 seconds

