
RAxML-NG v. 1.1 released on 29.11.2021 by The Exelixis Lab.
Developed by: Alexey M. Kozlov and Alexandros Stamatakis.
Contributors: Diego Darriba, Tomas Flouri, Benoit Morel, Sarah Lutteropp, Ben Bettisworth.
Latest version: https://github.com/amkozlov/raxml-ng
Questions/problems/suggestions? Please visit: https://groups.google.com/forum/#!forum/raxml

System: Intel(R) Xeon(R) CPU E5-2670 v2 @ 2.50GHz, 20 cores, 62 GB RAM

RAxML-NG was called at 25-Dec-2022 18:30:58 as follows:

raxml-ng --msa /groups/pupko/alburquerque/RL/Tree_Data/data/All_sized/321/masked_species_real_msa.phy --threads 1 --opt-branches on --opt-model --nofiles --tree rand{1} --redo off --model GTR{0.80189/4.18848/2.40937/0.22733/4.47371/1.00000}+I{0.117}+G{0.367}+F{0.25288/0.19634/0.20838/0.34240}

Analysis options:
  run mode: ML tree search
  start tree(s): random (1)
  random seed: 1671985858
  tip-inner: OFF
  pattern compression: ON
  per-rate scalers: OFF
  site repeats: ON
  fast spr radius: AUTO
  spr subtree cutoff: 1.000000
  branch lengths: proportional (ML estimate, algorithm: NR-FAST)
  SIMD kernels: AVX
  parallelization: coarse-grained (auto), NONE/sequential

WARNING: Running in REDO mode: existing checkpoints are ignored, and all result files will be overwritten!

[00:00:00] Reading alignment from file: /groups/pupko/alburquerque/RL/Tree_Data/data/All_sized/321/masked_species_real_msa.phy
[00:00:00] Loaded alignment with 20 taxa and 638 sites

WARNING: Sequences Sp011 and Sp012 are exactly identical!
WARNING: Sequences Sp014 and Sp018 are exactly identical!
WARNING: Duplicate sequences found: 2

NOTE: Reduced alignment (with duplicates and gap-only sites/taxa removed) 
NOTE: was saved to: /groups/pupko/alburquerque/RL/Tree_Data/data/All_sized/321/masked_species_real_msa.phy.raxml.reduced.phy

Alignment comprises 1 partitions and 189 patterns

Partition 0: noname
Model: GTR{0.80189/4.18848/2.40937/0.22733/4.47371/1}+FU{0.25288/0.19634/0.20838/0.3424}+IU{0.117}+G4m{0.367}
Alignment sites / patterns: 638 / 189
Gaps: 9.08 %
Invariant sites: 69.28 %


NOTE: Binary MSA file created: /groups/pupko/alburquerque/RL/Tree_Data/data/All_sized/321/masked_species_real_msa.phy.raxml.rba

Parallelization scheme autoconfig: 1 worker(s) x 1 thread(s)

Parallel reduction/worker buffer size: 1 KB  / 0 KB

[00:00:00] Generating 1 random starting tree(s) with 20 taxa
[00:00:00] Data distribution: max. partitions/sites/weight per thread: 1 / 189 / 3024
[00:00:00] Data distribution: max. searches per worker: 1

Starting ML tree search with 1 distinct starting trees

[00:00:00 -4032.894317] Initial branch length optimization
[00:00:00 -3238.266559] Model parameter optimization (eps = 10.000000)
[00:00:00 -3238.183978] AUTODETECT spr round 1 (radius: 5)
[00:00:00 -2317.749852] AUTODETECT spr round 2 (radius: 10)
[00:00:00 -2124.650465] AUTODETECT spr round 3 (radius: 15)
[00:00:00 -2124.646704] SPR radius for FAST iterations: 10 (autodetect)
[00:00:00 -2124.646704] Model parameter optimization (eps = 3.000000)
[00:00:00 -2124.646438] FAST spr round 1 (radius: 10)
[00:00:00 -2124.646012] Model parameter optimization (eps = 1.000000)
[00:00:00 -2124.646012] SLOW spr round 1 (radius: 5)
[00:00:00 -2123.037314] SLOW spr round 2 (radius: 5)
[00:00:00 -2123.037240] SLOW spr round 3 (radius: 10)
[00:00:00 -2123.037240] SLOW spr round 4 (radius: 15)
[00:00:00 -2123.037240] SLOW spr round 5 (radius: 20)
[00:00:00 -2123.037240] Model parameter optimization (eps = 0.100000)

[00:00:00] ML tree search #1, logLikelihood: -2123.037240


Optimized model parameters:

   Partition 0: noname
   Rate heterogeneity: GAMMA (4 cats, mean),  alpha: 0.367000 (user),  weights&rates: (0.250000,0.012256) (0.250000,0.156710) (0.250000,0.692951) (0.250000,3.138083) 
   P-inv (user): 0.117000
   Base frequencies (user): 0.252880 0.196340 0.208380 0.342400 
   Substitution rates (user): 0.801890 4.188480 2.409370 0.227330 4.473710 1.000000 


Final LogLikelihood: -2123.037240

AIC score: 4320.074480 / AICc score: 4324.761146 / BIC score: 4485.032996
Free parameters (model + branch lengths): 37

WARNING: Best ML tree contains 10 near-zero branches!

Best ML tree with collapsed near-zero branches saved to: /groups/pupko/alburquerque/RL/Tree_Data/data/All_sized/321/masked_species_real_msa.phy.raxml.bestTreeCollapsed
Best ML tree saved to: /groups/pupko/alburquerque/RL/Tree_Data/data/All_sized/321/masked_species_real_msa.phy.raxml.bestTree
Optimized model saved to: /groups/pupko/alburquerque/RL/Tree_Data/data/All_sized/321/masked_species_real_msa.phy.raxml.bestModel

Execution log saved to: /groups/pupko/alburquerque/RL/Tree_Data/data/All_sized/321/masked_species_real_msa.phy.raxml.log

Analysis started: 25-Dec-2022 18:30:58 / finished: 25-Dec-2022 18:30:59

Elapsed time: 0.532 seconds

