
RAxML-NG v. 1.1 released on 29.11.2021 by The Exelixis Lab.
Developed by: Alexey M. Kozlov and Alexandros Stamatakis.
Contributors: Diego Darriba, Tomas Flouri, Benoit Morel, Sarah Lutteropp, Ben Bettisworth.
Latest version: https://github.com/amkozlov/raxml-ng
Questions/problems/suggestions? Please visit: https://groups.google.com/forum/#!forum/raxml

System: Intel(R) Xeon(R) CPU E5-2670 v2 @ 2.50GHz, 20 cores, 62 GB RAM

RAxML-NG was called at 25-Dec-2022 18:30:35 as follows:

raxml-ng --msa /groups/pupko/alburquerque/RL/Tree_Data/data/All_sized/9336/masked_species_real_msa.phy --threads 1 --opt-branches on --opt-model --nofiles --tree rand{1} --redo off --model GTR{0.75413/3.34135/0.78473/1.00609/3.70533/1.00000}+I{0.236}+G{0.648}+F{0.23283/0.34101/0.26263/0.16352}

Analysis options:
  run mode: ML tree search
  start tree(s): random (1)
  random seed: 1671985835
  tip-inner: OFF
  pattern compression: ON
  per-rate scalers: OFF
  site repeats: ON
  fast spr radius: AUTO
  spr subtree cutoff: 1.000000
  branch lengths: proportional (ML estimate, algorithm: NR-FAST)
  SIMD kernels: AVX
  parallelization: coarse-grained (auto), NONE/sequential

WARNING: Running in REDO mode: existing checkpoints are ignored, and all result files will be overwritten!

[00:00:00] Reading alignment from file: /groups/pupko/alburquerque/RL/Tree_Data/data/All_sized/9336/masked_species_real_msa.phy
[00:00:00] Loaded alignment with 20 taxa and 1389 sites

Alignment comprises 1 partitions and 442 patterns

Partition 0: noname
Model: GTR{0.75413/3.34135/0.78473/1.00609/3.70533/1}+FU{0.23283/0.34101/0.26263/0.16352}+IU{0.236}+G4m{0.648}
Alignment sites / patterns: 1389 / 442
Gaps: 7.90 %
Invariant sites: 59.04 %


NOTE: Binary MSA file created: /groups/pupko/alburquerque/RL/Tree_Data/data/All_sized/9336/masked_species_real_msa.phy.raxml.rba

Parallelization scheme autoconfig: 1 worker(s) x 1 thread(s)

Parallel reduction/worker buffer size: 1 KB  / 0 KB

[00:00:00] Generating 1 random starting tree(s) with 20 taxa
[00:00:00] Data distribution: max. partitions/sites/weight per thread: 1 / 442 / 7072
[00:00:00] Data distribution: max. searches per worker: 1

Starting ML tree search with 1 distinct starting trees

[00:00:00 -9571.645552] Initial branch length optimization
[00:00:00 -8255.885780] Model parameter optimization (eps = 10.000000)
[00:00:00 -8255.786516] AUTODETECT spr round 1 (radius: 5)
[00:00:00 -7218.782884] AUTODETECT spr round 2 (radius: 10)
[00:00:00 -7211.101795] AUTODETECT spr round 3 (radius: 15)
[00:00:00 -7211.098978] SPR radius for FAST iterations: 10 (autodetect)
[00:00:00 -7211.098978] Model parameter optimization (eps = 3.000000)
[00:00:00 -7211.098399] FAST spr round 1 (radius: 10)
[00:00:00 -7135.840724] FAST spr round 2 (radius: 10)
[00:00:00 -7133.680999] FAST spr round 3 (radius: 10)
[00:00:00 -7133.520176] FAST spr round 4 (radius: 10)
[00:00:00 -7132.725694] FAST spr round 5 (radius: 10)
[00:00:00 -7132.725644] Model parameter optimization (eps = 1.000000)
[00:00:00 -7132.725636] SLOW spr round 1 (radius: 5)
[00:00:01 -7132.725630] SLOW spr round 2 (radius: 10)
[00:00:01 -7132.725629] SLOW spr round 3 (radius: 15)
[00:00:01 -7132.725628] SLOW spr round 4 (radius: 20)
[00:00:01 -7132.725628] Model parameter optimization (eps = 0.100000)

[00:00:01] ML tree search #1, logLikelihood: -7132.725628


Optimized model parameters:

   Partition 0: noname
   Rate heterogeneity: GAMMA (4 cats, mean),  alpha: 0.648000 (user),  weights&rates: (0.250000,0.063135) (0.250000,0.337926) (0.250000,0.903962) (0.250000,2.694977) 
   P-inv (user): 0.236000
   Base frequencies (user): 0.232832 0.341013 0.262633 0.163522 
   Substitution rates (user): 0.754130 3.341350 0.784730 1.006090 3.705330 1.000000 


Final LogLikelihood: -7132.725628

AIC score: 14339.451256 / AICc score: 14341.532677 / BIC score: 14533.195812
Free parameters (model + branch lengths): 37

Best ML tree saved to: /groups/pupko/alburquerque/RL/Tree_Data/data/All_sized/9336/masked_species_real_msa.phy.raxml.bestTree
Optimized model saved to: /groups/pupko/alburquerque/RL/Tree_Data/data/All_sized/9336/masked_species_real_msa.phy.raxml.bestModel

Execution log saved to: /groups/pupko/alburquerque/RL/Tree_Data/data/All_sized/9336/masked_species_real_msa.phy.raxml.log

Analysis started: 25-Dec-2022 18:30:35 / finished: 25-Dec-2022 18:30:36

Elapsed time: 1.684 seconds

