
RAxML-NG v. 1.1 released on 29.11.2021 by The Exelixis Lab.
Developed by: Alexey M. Kozlov and Alexandros Stamatakis.
Contributors: Diego Darriba, Tomas Flouri, Benoit Morel, Sarah Lutteropp, Ben Bettisworth.
Latest version: https://github.com/amkozlov/raxml-ng
Questions/problems/suggestions? Please visit: https://groups.google.com/forum/#!forum/raxml

System: AMD Opteron(tm) Processor 6128, 16 cores, 117 GB RAM

RAxML-NG was called at 30-Nov-2022 15:31:12 as follows:

raxml-ng --msa /groups/pupko/alburquerque/RL/Tree_Data/data/All_sized/23773/masked_species_real_msa.phy --threads 1 --opt-branches on --opt-model --nofiles --tree rand{1} --redo off --model GTR{2.45807/4.83726/1.34841/2.43573/6.86222/1.00000}+I{0.452}+G{99.835}+F{0.30130/0.20322/0.23252/0.26295}

Analysis options:
  run mode: ML tree search
  start tree(s): random (1)
  random seed: 1669815072
  tip-inner: OFF
  pattern compression: ON
  per-rate scalers: OFF
  site repeats: ON
  fast spr radius: AUTO
  spr subtree cutoff: 1.000000
  branch lengths: proportional (ML estimate, algorithm: NR-FAST)
  SIMD kernels: SSE3
  parallelization: coarse-grained (auto), NONE/sequential

WARNING: Running in REDO mode: existing checkpoints are ignored, and all result files will be overwritten!

[00:00:00] Reading alignment from file: /groups/pupko/alburquerque/RL/Tree_Data/data/All_sized/23773/masked_species_real_msa.phy
[00:00:00] Loaded alignment with 7 taxa and 1158 sites

Alignment comprises 1 partitions and 126 patterns

Partition 0: noname
Model: GTR{2.45807/4.83726/1.34841/2.43573/6.86222/1}+FU{0.3013/0.20322/0.23252/0.26295}+IU{0.452}+G4m{99.835}
Alignment sites / patterns: 1158 / 126
Gaps: 1.44 %
Invariant sites: 81.61 %


NOTE: Binary MSA file created: /groups/pupko/alburquerque/RL/Tree_Data/data/All_sized/23773/masked_species_real_msa.phy.raxml.rba

Parallelization scheme autoconfig: 1 worker(s) x 1 thread(s)

Parallel reduction/worker buffer size: 1 KB  / 0 KB

[00:00:00] Generating 1 random starting tree(s) with 7 taxa
[00:00:00] Data distribution: max. partitions/sites/weight per thread: 1 / 126 / 2016
[00:00:00] Data distribution: max. searches per worker: 1

Starting ML tree search with 1 distinct starting trees

[00:00:00 -3359.202416] Initial branch length optimization
[00:00:00 -2969.736159] Model parameter optimization (eps = 10.000000)
[00:00:00 -2969.703106] AUTODETECT spr round 1 (radius: 5)
[00:00:00 -2912.249622] SPR radius for FAST iterations: 5 (autodetect)
[00:00:00 -2912.249622] Model parameter optimization (eps = 3.000000)
[00:00:00 -2912.249621] FAST spr round 1 (radius: 5)
[00:00:00 -2912.249621] Model parameter optimization (eps = 1.000000)
[00:00:00 -2912.249621] SLOW spr round 1 (radius: 5)
[00:00:00 -2912.249621] Model parameter optimization (eps = 0.100000)

[00:00:00] ML tree search #1, logLikelihood: -2912.249621


Optimized model parameters:

   Partition 0: noname
   Rate heterogeneity: GAMMA (4 cats, mean),  alpha: 99.835000 (user),  weights&rates: (0.250000,0.875806) (0.250000,0.964708) (0.250000,1.029571) (0.250000,1.129916) 
   P-inv (user): 0.452000
   Base frequencies (user): 0.301303 0.203222 0.232522 0.262953 
   Substitution rates (user): 2.458070 4.837260 1.348410 2.435730 6.862220 1.000000 


Final LogLikelihood: -2912.249621

AIC score: 5846.499243 / AICc score: 5846.729609 / BIC score: 5902.098189
Free parameters (model + branch lengths): 11

Best ML tree saved to: /groups/pupko/alburquerque/RL/Tree_Data/data/All_sized/23773/masked_species_real_msa.phy.raxml.bestTree
Optimized model saved to: /groups/pupko/alburquerque/RL/Tree_Data/data/All_sized/23773/masked_species_real_msa.phy.raxml.bestModel

Execution log saved to: /groups/pupko/alburquerque/RL/Tree_Data/data/All_sized/23773/masked_species_real_msa.phy.raxml.log

Analysis started: 30-Nov-2022 15:31:12 / finished: 30-Nov-2022 15:31:12

Elapsed time: 0.184 seconds

