
RAxML-NG v. 1.1 released on 29.11.2021 by The Exelixis Lab.
Developed by: Alexey M. Kozlov and Alexandros Stamatakis.
Contributors: Diego Darriba, Tomas Flouri, Benoit Morel, Sarah Lutteropp, Ben Bettisworth.
Latest version: https://github.com/amkozlov/raxml-ng
Questions/problems/suggestions? Please visit: https://groups.google.com/forum/#!forum/raxml

System: Intel(R) Xeon(R) CPU E5-2680 v3 @ 2.50GHz, 24 cores, 125 GB RAM

RAxML-NG was called at 21-Dec-2022 19:39:22 as follows:

raxml-ng --msa /groups/pupko/alburquerque/RL/Tree_Data/data/All_sized/4657/masked_species_real_msa.phy --threads 1 --opt-branches on --opt-model --nofiles --tree rand{1} --redo off --model GTR{0.85011/4.38739/1.92719/0.02569/5.28165/1.00000}+I{0.265}+G{1.337}+F{0.30520/0.27742/0.22645/0.19093}

Analysis options:
  run mode: ML tree search
  start tree(s): random (1)
  random seed: 1671644362
  tip-inner: OFF
  pattern compression: ON
  per-rate scalers: OFF
  site repeats: ON
  fast spr radius: AUTO
  spr subtree cutoff: 1.000000
  branch lengths: proportional (ML estimate, algorithm: NR-FAST)
  SIMD kernels: AVX2
  parallelization: coarse-grained (auto), NONE/sequential

WARNING: Running in REDO mode: existing checkpoints are ignored, and all result files will be overwritten!

[00:00:00] Reading alignment from file: /groups/pupko/alburquerque/RL/Tree_Data/data/All_sized/4657/masked_species_real_msa.phy
[00:00:00] Loaded alignment with 15 taxa and 230 sites

WARNING: Sequences Sp003 and Sp004 are exactly identical!
WARNING: Sequences Sp005 and Sp006 are exactly identical!
WARNING: Sequences Sp005 and Sp007 are exactly identical!
WARNING: Sequences Sp009 and Sp010 are exactly identical!
WARNING: Duplicate sequences found: 4

NOTE: Reduced alignment (with duplicates and gap-only sites/taxa removed) 
NOTE: was saved to: /groups/pupko/alburquerque/RL/Tree_Data/data/All_sized/4657/masked_species_real_msa.phy.raxml.reduced.phy

Alignment comprises 1 partitions and 74 patterns

Partition 0: noname
Model: GTR{0.85011/4.38739/1.92719/0.02569/5.28165/1}+FU{0.3052/0.27742/0.22645/0.19093}+IU{0.265}+G4m{1.337}
Alignment sites / patterns: 230 / 74
Gaps: 3.77 %
Invariant sites: 48.70 %


NOTE: Binary MSA file created: /groups/pupko/alburquerque/RL/Tree_Data/data/All_sized/4657/masked_species_real_msa.phy.raxml.rba

Parallelization scheme autoconfig: 1 worker(s) x 1 thread(s)

Parallel reduction/worker buffer size: 1 KB  / 0 KB

[00:00:00] Generating 1 random starting tree(s) with 15 taxa
[00:00:00] Data distribution: max. partitions/sites/weight per thread: 1 / 74 / 1184
[00:00:00] Data distribution: max. searches per worker: 1

Starting ML tree search with 1 distinct starting trees

[00:00:00 -1808.852414] Initial branch length optimization
[00:00:00 -1292.141380] Model parameter optimization (eps = 10.000000)
[00:00:00 -1291.258932] AUTODETECT spr round 1 (radius: 5)
[00:00:00 -920.994017] AUTODETECT spr round 2 (radius: 10)
[00:00:00 -920.989428] SPR radius for FAST iterations: 5 (autodetect)
[00:00:00 -920.989428] Model parameter optimization (eps = 3.000000)
[00:00:00 -920.986704] FAST spr round 1 (radius: 5)
[00:00:00 -919.294390] FAST spr round 2 (radius: 5)
[00:00:00 -919.291524] Model parameter optimization (eps = 1.000000)
[00:00:00 -919.290296] SLOW spr round 1 (radius: 5)
[00:00:00 -919.288212] SLOW spr round 2 (radius: 10)
[00:00:00 -919.286543] SLOW spr round 3 (radius: 15)
[00:00:00 -919.285209] Model parameter optimization (eps = 0.100000)

[00:00:00] ML tree search #1, logLikelihood: -919.284646


Optimized model parameters:

   Partition 0: noname
   Rate heterogeneity: GAMMA (4 cats, mean),  alpha: 1.337000 (user),  weights&rates: (0.250000,0.199009) (0.250000,0.558967) (0.250000,1.039220) (0.250000,2.202804) 
   P-inv (user): 0.265000
   Base frequencies (user): 0.305200 0.277420 0.226450 0.190930 
   Substitution rates (user): 0.850110 4.387390 1.927190 0.025690 5.281650 1.000000 


Final LogLikelihood: -919.284646

AIC score: 1892.569292 / AICc score: 1900.054441 / BIC score: 1985.397434
Free parameters (model + branch lengths): 27

WARNING: Best ML tree contains 2 near-zero branches!

Best ML tree with collapsed near-zero branches saved to: /groups/pupko/alburquerque/RL/Tree_Data/data/All_sized/4657/masked_species_real_msa.phy.raxml.bestTreeCollapsed
Best ML tree saved to: /groups/pupko/alburquerque/RL/Tree_Data/data/All_sized/4657/masked_species_real_msa.phy.raxml.bestTree
Optimized model saved to: /groups/pupko/alburquerque/RL/Tree_Data/data/All_sized/4657/masked_species_real_msa.phy.raxml.bestModel

Execution log saved to: /groups/pupko/alburquerque/RL/Tree_Data/data/All_sized/4657/masked_species_real_msa.phy.raxml.log

Analysis started: 21-Dec-2022 19:39:22 / finished: 21-Dec-2022 19:39:22

Elapsed time: 0.213 seconds

