
RAxML-NG v. 1.1 released on 29.11.2021 by The Exelixis Lab.
Developed by: Alexey M. Kozlov and Alexandros Stamatakis.
Contributors: Diego Darriba, Tomas Flouri, Benoit Morel, Sarah Lutteropp, Ben Bettisworth.
Latest version: https://github.com/amkozlov/raxml-ng
Questions/problems/suggestions? Please visit: https://groups.google.com/forum/#!forum/raxml

System: Intel(R) Xeon(R) CPU E5-2670 v2 @ 2.50GHz, 20 cores, 62 GB RAM

RAxML-NG was called at 25-Dec-2022 18:31:39 as follows:

raxml-ng --msa /groups/pupko/alburquerque/RL/Tree_Data/data/All_sized/39278/masked_species_real_msa.phy --threads 1 --opt-branches on --opt-model --nofiles --tree rand{1} --redo off --model GTR{1.07559/4.47126/1.29495/0.29037/3.20729/1.00000}+I{0.073}+G{1.104}+F{0.31823/0.19840/0.13576/0.34761}

Analysis options:
  run mode: ML tree search
  start tree(s): random (1)
  random seed: 1671985899
  tip-inner: OFF
  pattern compression: ON
  per-rate scalers: OFF
  site repeats: ON
  fast spr radius: AUTO
  spr subtree cutoff: 1.000000
  branch lengths: proportional (ML estimate, algorithm: NR-FAST)
  SIMD kernels: AVX
  parallelization: coarse-grained (auto), NONE/sequential

WARNING: Running in REDO mode: existing checkpoints are ignored, and all result files will be overwritten!

[00:00:00] Reading alignment from file: /groups/pupko/alburquerque/RL/Tree_Data/data/All_sized/39278/masked_species_real_msa.phy
[00:00:00] Loaded alignment with 20 taxa and 539 sites

WARNING: Sequences Sp007 and Sp008 are exactly identical!
WARNING: Sequences Sp007 and Sp009 are exactly identical!
WARNING: Duplicate sequences found: 2

NOTE: Reduced alignment (with duplicates and gap-only sites/taxa removed) 
NOTE: was saved to: /groups/pupko/alburquerque/RL/Tree_Data/data/All_sized/39278/masked_species_real_msa.phy.raxml.reduced.phy

Alignment comprises 1 partitions and 397 patterns

Partition 0: noname
Model: GTR{1.07559/4.47126/1.29495/0.29037/3.20729/1}+FU{0.31823/0.1984/0.13576/0.34761}+IU{0.073}+G4m{1.104}
Alignment sites / patterns: 539 / 397
Gaps: 33.29 %
Invariant sites: 20.78 %


NOTE: Binary MSA file created: /groups/pupko/alburquerque/RL/Tree_Data/data/All_sized/39278/masked_species_real_msa.phy.raxml.rba

Parallelization scheme autoconfig: 1 worker(s) x 1 thread(s)

Parallel reduction/worker buffer size: 1 KB  / 0 KB

[00:00:00] Generating 1 random starting tree(s) with 20 taxa
[00:00:00] Data distribution: max. partitions/sites/weight per thread: 1 / 397 / 6352
[00:00:00] Data distribution: max. searches per worker: 1

Starting ML tree search with 1 distinct starting trees

[00:00:00 -7551.672115] Initial branch length optimization
[00:00:00 -5965.610062] Model parameter optimization (eps = 10.000000)
[00:00:00 -5965.167059] AUTODETECT spr round 1 (radius: 5)
[00:00:00 -5375.440417] AUTODETECT spr round 2 (radius: 10)
[00:00:00 -5375.411576] SPR radius for FAST iterations: 5 (autodetect)
[00:00:00 -5375.411576] Model parameter optimization (eps = 3.000000)
[00:00:00 -5375.401555] FAST spr round 1 (radius: 5)
[00:00:00 -5374.281220] FAST spr round 2 (radius: 5)
[00:00:00 -5366.854835] FAST spr round 3 (radius: 5)
[00:00:00 -5365.936523] FAST spr round 4 (radius: 5)
[00:00:00 -5365.936237] Model parameter optimization (eps = 1.000000)
[00:00:00 -5365.936232] SLOW spr round 1 (radius: 5)
[00:00:01 -5365.936230] SLOW spr round 2 (radius: 10)
[00:00:01 -5365.936230] SLOW spr round 3 (radius: 15)
[00:00:01 -5365.936230] SLOW spr round 4 (radius: 20)
[00:00:01 -5365.936230] Model parameter optimization (eps = 0.100000)

[00:00:01] ML tree search #1, logLikelihood: -5365.936230


Optimized model parameters:

   Partition 0: noname
   Rate heterogeneity: GAMMA (4 cats, mean),  alpha: 1.104000 (user),  weights&rates: (0.250000,0.157225) (0.250000,0.505925) (0.250000,1.015301) (0.250000,2.321549) 
   P-inv (user): 0.073000
   Base frequencies (user): 0.318230 0.198400 0.135760 0.347610 
   Substitution rates (user): 1.075590 4.471260 1.294950 0.290370 3.207290 1.000000 


Final LogLikelihood: -5365.936230

AIC score: 10805.872460 / AICc score: 10811.485235 / BIC score: 10964.591936
Free parameters (model + branch lengths): 37

WARNING: Best ML tree contains 1 near-zero branches!

Best ML tree with collapsed near-zero branches saved to: /groups/pupko/alburquerque/RL/Tree_Data/data/All_sized/39278/masked_species_real_msa.phy.raxml.bestTreeCollapsed
Best ML tree saved to: /groups/pupko/alburquerque/RL/Tree_Data/data/All_sized/39278/masked_species_real_msa.phy.raxml.bestTree
Optimized model saved to: /groups/pupko/alburquerque/RL/Tree_Data/data/All_sized/39278/masked_species_real_msa.phy.raxml.bestModel

Execution log saved to: /groups/pupko/alburquerque/RL/Tree_Data/data/All_sized/39278/masked_species_real_msa.phy.raxml.log

Analysis started: 25-Dec-2022 18:31:39 / finished: 25-Dec-2022 18:31:40

Elapsed time: 1.326 seconds

