
RAxML-NG v. 1.1 released on 29.11.2021 by The Exelixis Lab.
Developed by: Alexey M. Kozlov and Alexandros Stamatakis.
Contributors: Diego Darriba, Tomas Flouri, Benoit Morel, Sarah Lutteropp, Ben Bettisworth.
Latest version: https://github.com/amkozlov/raxml-ng
Questions/problems/suggestions? Please visit: https://groups.google.com/forum/#!forum/raxml

System: Intel(R) Xeon(R) Gold 6230 CPU @ 2.10GHz, 1 cores, 31 GB RAM

RAxML-NG was called at 28-Dec-2022 15:01:30 as follows:

raxml-ng --msa /groups/pupko/alburquerque/RL/Tree_Data/data/All_sized/32089/masked_species_real_msa.phy --threads 1 --opt-branches on --opt-model --nofiles --tree rand{1} --redo off --model GTR{1.22239/3.69700/1.41765/0.64105/6.02676/1.00000}+I{0.031}+G{0.490}+F{0.21437/0.26571/0.26493/0.25499}

Analysis options:
  run mode: ML tree search
  start tree(s): random (1)
  random seed: 1672232490
  tip-inner: OFF
  pattern compression: ON
  per-rate scalers: OFF
  site repeats: ON
  fast spr radius: AUTO
  spr subtree cutoff: 1.000000
  branch lengths: proportional (ML estimate, algorithm: NR-FAST)
  SIMD kernels: AVX2
  parallelization: coarse-grained (auto), NONE/sequential

WARNING: Running in REDO mode: existing checkpoints are ignored, and all result files will be overwritten!

[00:00:00] Reading alignment from file: /groups/pupko/alburquerque/RL/Tree_Data/data/All_sized/32089/masked_species_real_msa.phy
[00:00:00] Loaded alignment with 20 taxa and 1074 sites

WARNING: Sequences Sp003 and Sp004 are exactly identical!
WARNING: Sequences Sp005 and Sp006 are exactly identical!
WARNING: Sequences Sp014 and Sp015 are exactly identical!
WARNING: Sequences Sp014 and Sp016 are exactly identical!
WARNING: Duplicate sequences found: 4

NOTE: Reduced alignment (with duplicates and gap-only sites/taxa removed) 
NOTE: was saved to: /groups/pupko/alburquerque/RL/Tree_Data/data/All_sized/32089/masked_species_real_msa.phy.raxml.reduced.phy

Alignment comprises 1 partitions and 373 patterns

Partition 0: noname
Model: GTR{1.22239/3.697/1.41765/0.64105/6.02676/1}+FU{0.21437/0.26571/0.26493/0.25499}+IU{0.031}+G4m{0.49}
Alignment sites / patterns: 1074 / 373
Gaps: 8.95 %
Invariant sites: 60.43 %


NOTE: Binary MSA file created: /groups/pupko/alburquerque/RL/Tree_Data/data/All_sized/32089/masked_species_real_msa.phy.raxml.rba

Parallelization scheme autoconfig: 1 worker(s) x 1 thread(s)

Parallel reduction/worker buffer size: 1 KB  / 0 KB

[00:00:00] Generating 1 random starting tree(s) with 20 taxa
[00:00:00] Data distribution: max. partitions/sites/weight per thread: 1 / 373 / 5968
[00:00:00] Data distribution: max. searches per worker: 1

Starting ML tree search with 1 distinct starting trees

[00:00:00 -7519.938890] Initial branch length optimization
[00:00:00 -6482.605731] Model parameter optimization (eps = 10.000000)
[00:00:00 -6482.421551] AUTODETECT spr round 1 (radius: 5)
[00:00:00 -4953.883031] AUTODETECT spr round 2 (radius: 10)
[00:00:00 -4694.503688] AUTODETECT spr round 3 (radius: 15)
[00:00:00 -4694.500791] SPR radius for FAST iterations: 10 (autodetect)
[00:00:00 -4694.500791] Model parameter optimization (eps = 3.000000)
[00:00:00 -4694.500347] FAST spr round 1 (radius: 10)
[00:00:00 -4365.781105] FAST spr round 2 (radius: 10)
[00:00:00 -4365.346999] FAST spr round 3 (radius: 10)
[00:00:00 -4365.270003] Model parameter optimization (eps = 1.000000)
[00:00:00 -4365.269334] SLOW spr round 1 (radius: 5)
[00:00:00 -4365.269131] SLOW spr round 2 (radius: 10)
[00:00:01 -4365.269118] SLOW spr round 3 (radius: 15)
[00:00:01 -4365.269118] SLOW spr round 4 (radius: 20)
[00:00:01 -4365.269118] Model parameter optimization (eps = 0.100000)

[00:00:01] ML tree search #1, logLikelihood: -4365.269118


Optimized model parameters:

   Partition 0: noname
   Rate heterogeneity: GAMMA (4 cats, mean),  alpha: 0.490000 (user),  weights&rates: (0.250000,0.031550) (0.250000,0.245337) (0.250000,0.812854) (0.250000,2.910259) 
   P-inv (user): 0.031000
   Base frequencies (user): 0.214370 0.265710 0.264930 0.254990 
   Substitution rates (user): 1.222390 3.697000 1.417650 0.641050 6.026760 1.000000 


Final LogLikelihood: -4365.269118

AIC score: 8804.538235 / AICc score: 8807.252521 / BIC score: 8988.766610
Free parameters (model + branch lengths): 37

WARNING: Best ML tree contains 4 near-zero branches!

Best ML tree with collapsed near-zero branches saved to: /groups/pupko/alburquerque/RL/Tree_Data/data/All_sized/32089/masked_species_real_msa.phy.raxml.bestTreeCollapsed
Best ML tree saved to: /groups/pupko/alburquerque/RL/Tree_Data/data/All_sized/32089/masked_species_real_msa.phy.raxml.bestTree
Optimized model saved to: /groups/pupko/alburquerque/RL/Tree_Data/data/All_sized/32089/masked_species_real_msa.phy.raxml.bestModel

Execution log saved to: /groups/pupko/alburquerque/RL/Tree_Data/data/All_sized/32089/masked_species_real_msa.phy.raxml.log

Analysis started: 28-Dec-2022 15:01:30 / finished: 28-Dec-2022 15:01:31

Elapsed time: 1.181 seconds

