
RAxML-NG v. 1.1 released on 29.11.2021 by The Exelixis Lab.
Developed by: Alexey M. Kozlov and Alexandros Stamatakis.
Contributors: Diego Darriba, Tomas Flouri, Benoit Morel, Sarah Lutteropp, Ben Bettisworth.
Latest version: https://github.com/amkozlov/raxml-ng
Questions/problems/suggestions? Please visit: https://groups.google.com/forum/#!forum/raxml

System: AMD Opteron(tm) Processor 6128, 16 cores, 117 GB RAM

RAxML-NG was called at 30-Nov-2022 16:46:32 as follows:

raxml-ng --msa /groups/pupko/alburquerque/RL/Tree_Data/data/All_sized/44851/masked_species_real_msa.phy --threads 1 --opt-branches on --opt-model --nofiles --tree rand{1} --redo off --model GTR{1.41823/2.87894/1.65680/1.61684/4.41508/1.00000}+I{0.000}+G{0.762}+F{0.23761/0.23262/0.25301/0.27676}

Analysis options:
  run mode: ML tree search
  start tree(s): random (1)
  random seed: 1669819592
  tip-inner: OFF
  pattern compression: ON
  per-rate scalers: OFF
  site repeats: ON
  fast spr radius: AUTO
  spr subtree cutoff: 1.000000
  branch lengths: proportional (ML estimate, algorithm: NR-FAST)
  SIMD kernels: SSE3
  parallelization: coarse-grained (auto), NONE/sequential

WARNING: Running in REDO mode: existing checkpoints are ignored, and all result files will be overwritten!

[00:00:00] Reading alignment from file: /groups/pupko/alburquerque/RL/Tree_Data/data/All_sized/44851/masked_species_real_msa.phy
[00:00:00] Loaded alignment with 12 taxa and 1952 sites

Alignment comprises 1 partitions and 842 patterns

Partition 0: noname
Model: GTR{1.41823/2.87894/1.6568/1.61684/4.41508/1}+FU{0.23761/0.23262/0.25301/0.27676}+IU{0}+G4m{0.762}
Alignment sites / patterns: 1952 / 842
Gaps: 10.81 %
Invariant sites: 27.41 %


NOTE: Binary MSA file created: /groups/pupko/alburquerque/RL/Tree_Data/data/All_sized/44851/masked_species_real_msa.phy.raxml.rba

Parallelization scheme autoconfig: 1 worker(s) x 1 thread(s)

Parallel reduction/worker buffer size: 1 KB  / 0 KB

[00:00:00] Generating 1 random starting tree(s) with 12 taxa
[00:00:00] Data distribution: max. partitions/sites/weight per thread: 1 / 842 / 13472
[00:00:00] Data distribution: max. searches per worker: 1

Starting ML tree search with 1 distinct starting trees

[00:00:00 -15123.195813] Initial branch length optimization
[00:00:00 -12164.308562] Model parameter optimization (eps = 10.000000)
[00:00:00 -12163.864969] AUTODETECT spr round 1 (radius: 5)
[00:00:00 -10679.698079] AUTODETECT spr round 2 (radius: 10)
[00:00:00 -10679.695693] SPR radius for FAST iterations: 5 (autodetect)
[00:00:00 -10679.695693] Model parameter optimization (eps = 3.000000)
[00:00:00 -10679.695376] FAST spr round 1 (radius: 5)
[00:00:01 -10672.921016] FAST spr round 2 (radius: 5)
[00:00:02 -10672.920979] Model parameter optimization (eps = 1.000000)
[00:00:02 -10672.920964] SLOW spr round 1 (radius: 5)
[00:00:04 -10672.920936] SLOW spr round 2 (radius: 10)
[00:00:05 -10672.920907] Model parameter optimization (eps = 0.100000)

[00:00:05] ML tree search #1, logLikelihood: -10672.920893


Optimized model parameters:

   Partition 0: noname
   Rate heterogeneity: GAMMA (4 cats, mean),  alpha: 0.762000 (user),  weights&rates: (0.250000,0.087451) (0.250000,0.391373) (0.250000,0.945843) (0.250000,2.575333) 
   P-inv (user): 0.000000
   Base frequencies (user): 0.237610 0.232620 0.253010 0.276760 
   Substitution rates (user): 1.418230 2.878940 1.656800 1.616840 4.415080 1.000000 


Final LogLikelihood: -10672.920893

AIC score: 21387.841786 / AICc score: 21388.320543 / BIC score: 21504.950591
Free parameters (model + branch lengths): 21

Best ML tree saved to: /groups/pupko/alburquerque/RL/Tree_Data/data/All_sized/44851/masked_species_real_msa.phy.raxml.bestTree
Optimized model saved to: /groups/pupko/alburquerque/RL/Tree_Data/data/All_sized/44851/masked_species_real_msa.phy.raxml.bestModel

Execution log saved to: /groups/pupko/alburquerque/RL/Tree_Data/data/All_sized/44851/masked_species_real_msa.phy.raxml.log

Analysis started: 30-Nov-2022 16:46:32 / finished: 30-Nov-2022 16:46:37

Elapsed time: 5.258 seconds

