
RAxML-NG v. 1.1 released on 29.11.2021 by The Exelixis Lab.
Developed by: Alexey M. Kozlov and Alexandros Stamatakis.
Contributors: Diego Darriba, Tomas Flouri, Benoit Morel, Sarah Lutteropp, Ben Bettisworth.
Latest version: https://github.com/amkozlov/raxml-ng
Questions/problems/suggestions? Please visit: https://groups.google.com/forum/#!forum/raxml

System: Intel(R) Xeon(R) CPU E5-2670 v2 @ 2.50GHz, 20 cores, 62 GB RAM

RAxML-NG was called at 25-Dec-2022 18:31:38 as follows:

raxml-ng --msa /groups/pupko/alburquerque/RL/Tree_Data/data/All_sized/10804/masked_species_real_msa.phy --threads 1 --opt-branches on --opt-model --nofiles --tree rand{1} --redo off --model GTR{1.46987/3.90086/0.97619/0.00027/2.82967/1.00000}+I{0.542}+G{0.441}+F{0.40887/0.15711/0.11879/0.31524}

Analysis options:
  run mode: ML tree search
  start tree(s): random (1)
  random seed: 1671985898
  tip-inner: OFF
  pattern compression: ON
  per-rate scalers: OFF
  site repeats: ON
  fast spr radius: AUTO
  spr subtree cutoff: 1.000000
  branch lengths: proportional (ML estimate, algorithm: NR-FAST)
  SIMD kernels: AVX
  parallelization: coarse-grained (auto), NONE/sequential

WARNING: Running in REDO mode: existing checkpoints are ignored, and all result files will be overwritten!

[00:00:00] Reading alignment from file: /groups/pupko/alburquerque/RL/Tree_Data/data/All_sized/10804/masked_species_real_msa.phy
[00:00:00] Loaded alignment with 20 taxa and 538 sites

WARNING: Sequences Sp002 and Sp003 are exactly identical!
WARNING: Sequences Sp005 and Sp006 are exactly identical!
WARNING: Sequences Sp005 and Sp007 are exactly identical!
WARNING: Sequences Sp005 and Sp008 are exactly identical!
WARNING: Sequences Sp005 and Sp011 are exactly identical!
WARNING: Sequences Sp005 and Sp012 are exactly identical!
WARNING: Duplicate sequences found: 6

NOTE: Reduced alignment (with duplicates and gap-only sites/taxa removed) 
NOTE: was saved to: /groups/pupko/alburquerque/RL/Tree_Data/data/All_sized/10804/masked_species_real_msa.phy.raxml.reduced.phy

Alignment comprises 1 partitions and 70 patterns

Partition 0: noname
Model: GTR{1.46987/3.90086/0.97619/0.00027/2.82967/1}+FU{0.40887/0.15711/0.11879/0.31524}+IU{0.542}+G4m{0.441}
Alignment sites / patterns: 538 / 70
Gaps: 0.61 %
Invariant sites: 85.50 %


NOTE: Binary MSA file created: /groups/pupko/alburquerque/RL/Tree_Data/data/All_sized/10804/masked_species_real_msa.phy.raxml.rba

Parallelization scheme autoconfig: 1 worker(s) x 1 thread(s)

Parallel reduction/worker buffer size: 1 KB  / 0 KB

[00:00:00] Generating 1 random starting tree(s) with 20 taxa
[00:00:00] Data distribution: max. partitions/sites/weight per thread: 1 / 70 / 1120
[00:00:00] Data distribution: max. searches per worker: 1

Starting ML tree search with 1 distinct starting trees

[00:00:00 -2113.891077] Initial branch length optimization
[00:00:00 -1720.341594] Model parameter optimization (eps = 10.000000)
[00:00:00 -1718.238923] AUTODETECT spr round 1 (radius: 5)
[00:00:00 -1308.150313] AUTODETECT spr round 2 (radius: 10)
[00:00:00 -1308.149883] SPR radius for FAST iterations: 5 (autodetect)
[00:00:00 -1308.149883] Model parameter optimization (eps = 3.000000)
[00:00:00 -1308.149880] FAST spr round 1 (radius: 5)
[00:00:00 -1300.827637] FAST spr round 2 (radius: 5)
[00:00:00 -1300.827594] Model parameter optimization (eps = 1.000000)
[00:00:00 -1300.827593] SLOW spr round 1 (radius: 5)
[00:00:00 -1300.827593] SLOW spr round 2 (radius: 10)
[00:00:00 -1300.827593] SLOW spr round 3 (radius: 15)
[00:00:00 -1300.827593] SLOW spr round 4 (radius: 20)
[00:00:00 -1300.827593] Model parameter optimization (eps = 0.100000)

[00:00:00] ML tree search #1, logLikelihood: -1300.827593


Optimized model parameters:

   Partition 0: noname
   Rate heterogeneity: GAMMA (4 cats, mean),  alpha: 0.441000 (user),  weights&rates: (0.250000,0.023046) (0.250000,0.211667) (0.250000,0.772092) (0.250000,2.993195) 
   P-inv (user): 0.542000
   Base frequencies (user): 0.408866 0.157108 0.118789 0.315237 
   Substitution rates (user): 1.469870 3.900860 0.976190 0.000270 2.829670 1.000000 


Final LogLikelihood: -1300.827593

AIC score: 2675.655186 / AICc score: 2681.279186 / BIC score: 2834.305953
Free parameters (model + branch lengths): 37

WARNING: Best ML tree contains 6 near-zero branches!

Best ML tree with collapsed near-zero branches saved to: /groups/pupko/alburquerque/RL/Tree_Data/data/All_sized/10804/masked_species_real_msa.phy.raxml.bestTreeCollapsed
Best ML tree saved to: /groups/pupko/alburquerque/RL/Tree_Data/data/All_sized/10804/masked_species_real_msa.phy.raxml.bestTree
Optimized model saved to: /groups/pupko/alburquerque/RL/Tree_Data/data/All_sized/10804/masked_species_real_msa.phy.raxml.bestModel

Execution log saved to: /groups/pupko/alburquerque/RL/Tree_Data/data/All_sized/10804/masked_species_real_msa.phy.raxml.log

Analysis started: 25-Dec-2022 18:31:38 / finished: 25-Dec-2022 18:31:38

Elapsed time: 0.177 seconds

