
RAxML-NG v. 1.1 released on 29.11.2021 by The Exelixis Lab.
Developed by: Alexey M. Kozlov and Alexandros Stamatakis.
Contributors: Diego Darriba, Tomas Flouri, Benoit Morel, Sarah Lutteropp, Ben Bettisworth.
Latest version: https://github.com/amkozlov/raxml-ng
Questions/problems/suggestions? Please visit: https://groups.google.com/forum/#!forum/raxml

System: Intel(R) Xeon(R) CPU E5-2680 v3 @ 2.50GHz, 24 cores, 125 GB RAM

RAxML-NG was called at 21-Dec-2022 19:39:34 as follows:

raxml-ng --msa /groups/pupko/alburquerque/RL/Tree_Data/data/All_sized/Salacia_2/masked_species_real_msa.phy --threads 1 --opt-branches on --opt-model --nofiles --tree rand{1} --redo off --model GTR{2.48705/6.09230/2.61563/1.23393/19.86203/1.00000}+I{0.684}+G{0.374}+F{0.23258/0.25392/0.34168/0.17182}

Analysis options:
  run mode: ML tree search
  start tree(s): random (1)
  random seed: 1671644374
  tip-inner: OFF
  pattern compression: ON
  per-rate scalers: OFF
  site repeats: ON
  fast spr radius: AUTO
  spr subtree cutoff: 1.000000
  branch lengths: proportional (ML estimate, algorithm: NR-FAST)
  SIMD kernels: AVX2
  parallelization: coarse-grained (auto), NONE/sequential

WARNING: Running in REDO mode: existing checkpoints are ignored, and all result files will be overwritten!

[00:00:00] Reading alignment from file: /groups/pupko/alburquerque/RL/Tree_Data/data/All_sized/Salacia_2/masked_species_real_msa.phy
[00:00:00] Loaded alignment with 15 taxa and 983 sites

Alignment comprises 1 partitions and 151 patterns

Partition 0: noname
Model: GTR{2.48705/6.0923/2.61563/1.23393/19.862/1}+FU{0.23258/0.25392/0.34168/0.17182}+IU{0.684}+G4m{0.374}
Alignment sites / patterns: 983 / 151
Gaps: 9.66 %
Invariant sites: 92.07 %


NOTE: Binary MSA file created: /groups/pupko/alburquerque/RL/Tree_Data/data/All_sized/Salacia_2/masked_species_real_msa.phy.raxml.rba

Parallelization scheme autoconfig: 1 worker(s) x 1 thread(s)

Parallel reduction/worker buffer size: 1 KB  / 0 KB

[00:00:00] Generating 1 random starting tree(s) with 15 taxa
[00:00:00] Data distribution: max. partitions/sites/weight per thread: 1 / 151 / 2416
[00:00:00] Data distribution: max. searches per worker: 1

Starting ML tree search with 1 distinct starting trees

[00:00:00 -2477.815811] Initial branch length optimization
[00:00:00 -2289.576026] Model parameter optimization (eps = 10.000000)
[00:00:00 -2288.185169] AUTODETECT spr round 1 (radius: 5)
[00:00:00 -2007.308150] AUTODETECT spr round 2 (radius: 10)
[00:00:00 -2007.306258] SPR radius for FAST iterations: 5 (autodetect)
[00:00:00 -2007.306258] Model parameter optimization (eps = 3.000000)
[00:00:00 -2007.305830] FAST spr round 1 (radius: 5)
[00:00:00 -1993.515125] FAST spr round 2 (radius: 5)
[00:00:00 -1992.413949] FAST spr round 3 (radius: 5)
[00:00:00 -1992.413911] Model parameter optimization (eps = 1.000000)
[00:00:00 -1992.413911] SLOW spr round 1 (radius: 5)
[00:00:00 -1992.413909] SLOW spr round 2 (radius: 10)
[00:00:00 -1992.413909] SLOW spr round 3 (radius: 15)
[00:00:00 -1992.413909] Model parameter optimization (eps = 0.100000)

[00:00:00] ML tree search #1, logLikelihood: -1992.413909


Optimized model parameters:

   Partition 0: noname
   Rate heterogeneity: GAMMA (4 cats, mean),  alpha: 0.374000 (user),  weights&rates: (0.250000,0.013149) (0.250000,0.162084) (0.250000,0.701540) (0.250000,3.123228) 
   P-inv (user): 0.684000
   Base frequencies (user): 0.232580 0.253920 0.341680 0.171820 
   Substitution rates (user): 2.487050 6.092300 2.615630 1.233930 19.862030 1.000000 


Final LogLikelihood: -1992.413909

AIC score: 4038.827818 / AICc score: 4040.411064 / BIC score: 4170.874264
Free parameters (model + branch lengths): 27

WARNING: Best ML tree contains 2 near-zero branches!

Best ML tree with collapsed near-zero branches saved to: /groups/pupko/alburquerque/RL/Tree_Data/data/All_sized/Salacia_2/masked_species_real_msa.phy.raxml.bestTreeCollapsed
Best ML tree saved to: /groups/pupko/alburquerque/RL/Tree_Data/data/All_sized/Salacia_2/masked_species_real_msa.phy.raxml.bestTree
Optimized model saved to: /groups/pupko/alburquerque/RL/Tree_Data/data/All_sized/Salacia_2/masked_species_real_msa.phy.raxml.bestModel

Execution log saved to: /groups/pupko/alburquerque/RL/Tree_Data/data/All_sized/Salacia_2/masked_species_real_msa.phy.raxml.log

Analysis started: 21-Dec-2022 19:39:34 / finished: 21-Dec-2022 19:39:35

Elapsed time: 0.326 seconds

