
RAxML-NG v. 1.1 released on 29.11.2021 by The Exelixis Lab.
Developed by: Alexey M. Kozlov and Alexandros Stamatakis.
Contributors: Diego Darriba, Tomas Flouri, Benoit Morel, Sarah Lutteropp, Ben Bettisworth.
Latest version: https://github.com/amkozlov/raxml-ng
Questions/problems/suggestions? Please visit: https://groups.google.com/forum/#!forum/raxml

System: Intel(R) Xeon(R) Gold 6230 CPU @ 2.10GHz, 1 cores, 31 GB RAM

RAxML-NG was called at 28-Dec-2022 15:01:04 as follows:

raxml-ng --msa /groups/pupko/alburquerque/RL/Tree_Data/data/All_sized/20848/masked_species_real_msa.phy --threads 1 --opt-branches on --opt-model --nofiles --tree rand{1} --redo off --model GTR{1.08836/2.25600/0.90164/1.16646/3.54543/1.00000}+I{0.000}+G{1.920}+F{0.28762/0.18098/0.24482/0.28658}

Analysis options:
  run mode: ML tree search
  start tree(s): random (1)
  random seed: 1672232464
  tip-inner: OFF
  pattern compression: ON
  per-rate scalers: OFF
  site repeats: ON
  fast spr radius: AUTO
  spr subtree cutoff: 1.000000
  branch lengths: proportional (ML estimate, algorithm: NR-FAST)
  SIMD kernels: AVX2
  parallelization: coarse-grained (auto), NONE/sequential

WARNING: Running in REDO mode: existing checkpoints are ignored, and all result files will be overwritten!

[00:00:00] Reading alignment from file: /groups/pupko/alburquerque/RL/Tree_Data/data/All_sized/20848/masked_species_real_msa.phy
[00:00:00] Loaded alignment with 20 taxa and 430 sites

WARNING: Sequences Sp000 and Sp001 are exactly identical!
WARNING: Sequences Sp000 and Sp002 are exactly identical!
WARNING: Sequences Sp012 and Sp013 are exactly identical!
WARNING: Duplicate sequences found: 3

NOTE: Reduced alignment (with duplicates and gap-only sites/taxa removed) 
NOTE: was saved to: /groups/pupko/alburquerque/RL/Tree_Data/data/All_sized/20848/masked_species_real_msa.phy.raxml.reduced.phy

Alignment comprises 1 partitions and 415 patterns

Partition 0: noname
Model: GTR{1.08836/2.256/0.90164/1.16646/3.54543/1}+FU{0.28762/0.18098/0.24482/0.28658}+IU{0}+G4m{1.92}
Alignment sites / patterns: 430 / 415
Gaps: 13.88 %
Invariant sites: 4.88 %


NOTE: Binary MSA file created: /groups/pupko/alburquerque/RL/Tree_Data/data/All_sized/20848/masked_species_real_msa.phy.raxml.rba

Parallelization scheme autoconfig: 1 worker(s) x 1 thread(s)

Parallel reduction/worker buffer size: 1 KB  / 0 KB

[00:00:00] Generating 1 random starting tree(s) with 20 taxa
[00:00:00] Data distribution: max. partitions/sites/weight per thread: 1 / 415 / 6640
[00:00:00] Data distribution: max. searches per worker: 1

Starting ML tree search with 1 distinct starting trees

[00:00:00 -9389.670897] Initial branch length optimization
[00:00:00 -7050.981813] Model parameter optimization (eps = 10.000000)
[00:00:00 -7049.220822] AUTODETECT spr round 1 (radius: 5)
[00:00:00 -5421.540673] AUTODETECT spr round 2 (radius: 10)
[00:00:00 -5401.164042] AUTODETECT spr round 3 (radius: 15)
[00:00:00 -5401.119475] SPR radius for FAST iterations: 10 (autodetect)
[00:00:00 -5401.119475] Model parameter optimization (eps = 3.000000)
[00:00:00 -5401.085385] FAST spr round 1 (radius: 10)
[00:00:00 -5303.179272] FAST spr round 2 (radius: 10)
[00:00:00 -5302.862248] FAST spr round 3 (radius: 10)
[00:00:00 -5302.862154] Model parameter optimization (eps = 1.000000)
[00:00:00 -5302.862153] SLOW spr round 1 (radius: 5)
[00:00:01 -5302.862152] SLOW spr round 2 (radius: 10)
[00:00:01 -5302.862152] SLOW spr round 3 (radius: 15)
[00:00:01 -5302.862152] SLOW spr round 4 (radius: 20)
[00:00:01 -5302.862152] Model parameter optimization (eps = 0.100000)

[00:00:01] ML tree search #1, logLikelihood: -5302.862152


Optimized model parameters:

   Partition 0: noname
   Rate heterogeneity: GAMMA (4 cats, mean),  alpha: 1.920000 (user),  weights&rates: (0.250000,0.283534) (0.250000,0.646228) (0.250000,1.067852) (0.250000,2.002385) 
   P-inv (user): 0.000000
   Base frequencies (user): 0.287620 0.180980 0.244820 0.286580 
   Substitution rates (user): 1.088360 2.256000 0.901640 1.166460 3.545430 1.000000 


Final LogLikelihood: -5302.862152

AIC score: 10679.724304 / AICc score: 10686.897774 / BIC score: 10830.084357
Free parameters (model + branch lengths): 37

WARNING: Best ML tree contains 1 near-zero branches!

Best ML tree with collapsed near-zero branches saved to: /groups/pupko/alburquerque/RL/Tree_Data/data/All_sized/20848/masked_species_real_msa.phy.raxml.bestTreeCollapsed
Best ML tree saved to: /groups/pupko/alburquerque/RL/Tree_Data/data/All_sized/20848/masked_species_real_msa.phy.raxml.bestTree
Optimized model saved to: /groups/pupko/alburquerque/RL/Tree_Data/data/All_sized/20848/masked_species_real_msa.phy.raxml.bestModel

Execution log saved to: /groups/pupko/alburquerque/RL/Tree_Data/data/All_sized/20848/masked_species_real_msa.phy.raxml.log

Analysis started: 28-Dec-2022 15:01:04 / finished: 28-Dec-2022 15:01:06

Elapsed time: 1.688 seconds

