
RAxML-NG v. 1.1 released on 29.11.2021 by The Exelixis Lab.
Developed by: Alexey M. Kozlov and Alexandros Stamatakis.
Contributors: Diego Darriba, Tomas Flouri, Benoit Morel, Sarah Lutteropp, Ben Bettisworth.
Latest version: https://github.com/amkozlov/raxml-ng
Questions/problems/suggestions? Please visit: https://groups.google.com/forum/#!forum/raxml

System: Intel(R) Xeon(R) CPU E5-2670 v2 @ 2.50GHz, 20 cores, 62 GB RAM

RAxML-NG was called at 01-Feb-2023 02:47:17 as follows:

raxml-ng --msa /groups/pupko/alburquerque/RL/Tree_Data/data/All_sized/19162/masked_species_real_msa.phy --threads 1 --model GTR{1.37285/6.12145/1.00776/1.92013/4.76438/1.00000}+I{0.197}+G{0.593}+F{0.22250/0.21852/0.22671/0.33226} --tree /groups/pupko/alburquerque/RL/Tree_Data/data/All_sized/19162/Temp_start_tree_file_for_raxml_search.txt --redo

Analysis options:
  run mode: ML tree search
  start tree(s): user
  random seed: 1675212437
  tip-inner: OFF
  pattern compression: ON
  per-rate scalers: OFF
  site repeats: ON
  fast spr radius: AUTO
  spr subtree cutoff: 1.000000
  branch lengths: proportional (ML estimate, algorithm: NR-FAST)
  SIMD kernels: AVX
  parallelization: coarse-grained (auto), NONE/sequential

WARNING: Running in REDO mode: existing checkpoints are ignored, and all result files will be overwritten!

[00:00:00] Reading alignment from file: /groups/pupko/alburquerque/RL/Tree_Data/data/All_sized/19162/masked_species_real_msa.phy
[00:00:00] Loaded alignment with 7 taxa and 1569 sites

Alignment comprises 1 partitions and 131 patterns

Partition 0: noname
Model: GTR{1.37285/6.12145/1.00776/1.92013/4.76438/1}+FU{0.2225/0.21852/0.22671/0.33226}+IU{0.197}+G4m{0.593}
Alignment sites / patterns: 1569 / 131
Gaps: 1.20 %
Invariant sites: 86.87 %


NOTE: Binary MSA file created: /groups/pupko/alburquerque/RL/Tree_Data/data/All_sized/19162/masked_species_real_msa.phy.raxml.rba

Parallelization scheme autoconfig: 1 worker(s) x 1 thread(s)

Parallel reduction/worker buffer size: 1 KB  / 0 KB

[00:00:00] Loading user starting tree(s) from: /groups/pupko/alburquerque/RL/Tree_Data/data/All_sized/19162/Temp_start_tree_file_for_raxml_search.txt
[00:00:00] Data distribution: max. partitions/sites/weight per thread: 1 / 131 / 2096
[00:00:00] Data distribution: max. searches per worker: 1

Starting ML tree search with 1 distinct starting trees

[00:00:00 -4162.715417] Initial branch length optimization
[00:00:00 -3738.183030] Model parameter optimization (eps = 10.000000)
[00:00:00 -3738.181739] AUTODETECT spr round 1 (radius: 5)
[00:00:00 -3576.273442] SPR radius for FAST iterations: 5 (autodetect)
[00:00:00 -3576.273442] Model parameter optimization (eps = 3.000000)
[00:00:00 -3576.273364] FAST spr round 1 (radius: 5)
[00:00:00 -3557.569040] FAST spr round 2 (radius: 5)
[00:00:00 -3557.569040] Model parameter optimization (eps = 1.000000)
[00:00:00 -3557.569040] SLOW spr round 1 (radius: 5)
[00:00:00 -3557.569040] Model parameter optimization (eps = 0.100000)

[00:00:00] ML tree search #1, logLikelihood: -3557.569040


Optimized model parameters:

   Partition 0: noname
   Rate heterogeneity: GAMMA (4 cats, mean),  alpha: 0.593000 (user),  weights&rates: (0.250000,0.051668) (0.250000,0.308359) (0.250000,0.877705) (0.250000,2.762268) 
   P-inv (user): 0.197000
   Base frequencies (user): 0.222502 0.218522 0.226712 0.332263 
   Substitution rates (user): 1.372850 6.121450 1.007760 1.920130 4.764380 1.000000 


Final LogLikelihood: -3557.569040

AIC score: 7137.138080 / AICc score: 7137.307637 / BIC score: 7196.078212
Free parameters (model + branch lengths): 11

Best ML tree saved to: /groups/pupko/alburquerque/RL/Tree_Data/data/All_sized/19162/masked_species_real_msa.phy.raxml.bestTree
Optimized model saved to: /groups/pupko/alburquerque/RL/Tree_Data/data/All_sized/19162/masked_species_real_msa.phy.raxml.bestModel

Execution log saved to: /groups/pupko/alburquerque/RL/Tree_Data/data/All_sized/19162/masked_species_real_msa.phy.raxml.log

Analysis started: 01-Feb-2023 02:47:17 / finished: 01-Feb-2023 02:47:18

Elapsed time: 0.075 seconds

