
RAxML-NG v. 1.1 released on 29.11.2021 by The Exelixis Lab.
Developed by: Alexey M. Kozlov and Alexandros Stamatakis.
Contributors: Diego Darriba, Tomas Flouri, Benoit Morel, Sarah Lutteropp, Ben Bettisworth.
Latest version: https://github.com/amkozlov/raxml-ng
Questions/problems/suggestions? Please visit: https://groups.google.com/forum/#!forum/raxml

System: Intel(R) Xeon(R) CPU E5-2670 v2 @ 2.50GHz, 20 cores, 62 GB RAM

RAxML-NG was called at 25-Dec-2022 18:31:10 as follows:

raxml-ng --msa /groups/pupko/alburquerque/RL/Tree_Data/data/All_sized/11159/masked_species_real_msa.phy --threads 1 --opt-branches on --opt-model --nofiles --tree rand{1} --redo off --model GTR{0.58108/1.15894/0.34416/0.67958/3.27442/1.00000}+I{0.000}+G{0.274}+F{0.19161/0.28191/0.32315/0.20332}

Analysis options:
  run mode: ML tree search
  start tree(s): random (1)
  random seed: 1671985870
  tip-inner: OFF
  pattern compression: ON
  per-rate scalers: OFF
  site repeats: ON
  fast spr radius: AUTO
  spr subtree cutoff: 1.000000
  branch lengths: proportional (ML estimate, algorithm: NR-FAST)
  SIMD kernels: AVX
  parallelization: coarse-grained (auto), NONE/sequential

WARNING: Running in REDO mode: existing checkpoints are ignored, and all result files will be overwritten!

[00:00:00] Reading alignment from file: /groups/pupko/alburquerque/RL/Tree_Data/data/All_sized/11159/masked_species_real_msa.phy
[00:00:00] Loaded alignment with 20 taxa and 377 sites

WARNING: Sequences Sp010 and Sp011 are exactly identical!
WARNING: Sequences Sp010 and Sp012 are exactly identical!
WARNING: Sequences Sp010 and Sp013 are exactly identical!
WARNING: Sequences Sp010 and Sp019 are exactly identical!
WARNING: Duplicate sequences found: 4

NOTE: Reduced alignment (with duplicates and gap-only sites/taxa removed) 
NOTE: was saved to: /groups/pupko/alburquerque/RL/Tree_Data/data/All_sized/11159/masked_species_real_msa.phy.raxml.reduced.phy

Alignment comprises 1 partitions and 92 patterns

Partition 0: noname
Model: GTR{0.58108/1.15894/0.34416/0.67958/3.27442/1}+FU{0.19161/0.28191/0.32315/0.20332}+IU{0}+G4m{0.274}
Alignment sites / patterns: 377 / 92
Gaps: 5.81 %
Invariant sites: 80.90 %


NOTE: Binary MSA file created: /groups/pupko/alburquerque/RL/Tree_Data/data/All_sized/11159/masked_species_real_msa.phy.raxml.rba

Parallelization scheme autoconfig: 1 worker(s) x 1 thread(s)

Parallel reduction/worker buffer size: 1 KB  / 0 KB

[00:00:00] Generating 1 random starting tree(s) with 20 taxa
[00:00:00] Data distribution: max. partitions/sites/weight per thread: 1 / 92 / 1472
[00:00:00] Data distribution: max. searches per worker: 1

Starting ML tree search with 1 distinct starting trees

[00:00:00 -1772.132199] Initial branch length optimization
[00:00:00 -1330.065057] Model parameter optimization (eps = 10.000000)
[00:00:00 -1328.706803] AUTODETECT spr round 1 (radius: 5)
[00:00:00 -1082.255313] AUTODETECT spr round 2 (radius: 10)
[00:00:00 -962.368943] AUTODETECT spr round 3 (radius: 15)
[00:00:00 -962.368404] SPR radius for FAST iterations: 10 (autodetect)
[00:00:00 -962.368404] Model parameter optimization (eps = 3.000000)
[00:00:00 -962.368061] FAST spr round 1 (radius: 10)
[00:00:00 -944.187274] FAST spr round 2 (radius: 10)
[00:00:00 -944.187274] Model parameter optimization (eps = 1.000000)
[00:00:00 -944.187274] SLOW spr round 1 (radius: 5)
[00:00:00 -944.187274] SLOW spr round 2 (radius: 10)
[00:00:00 -944.187274] SLOW spr round 3 (radius: 15)
[00:00:00 -944.187274] SLOW spr round 4 (radius: 20)
[00:00:00 -944.187274] Model parameter optimization (eps = 0.100000)

[00:00:00] ML tree search #1, logLikelihood: -944.187274


Optimized model parameters:

   Partition 0: noname
   Rate heterogeneity: GAMMA (4 cats, mean),  alpha: 0.274000 (user),  weights&rates: (0.250000,0.003424) (0.250000,0.084490) (0.250000,0.549443) (0.250000,3.362643) 
   P-inv (user): 0.000000
   Base frequencies (user): 0.191612 0.281913 0.323153 0.203322 
   Substitution rates (user): 0.581080 1.158940 0.344160 0.679580 3.274420 1.000000 


Final LogLikelihood: -944.187274

AIC score: 1962.374548 / AICc score: 1970.669533 / BIC score: 2107.867620
Free parameters (model + branch lengths): 37

WARNING: Best ML tree contains 9 near-zero branches!

Best ML tree with collapsed near-zero branches saved to: /groups/pupko/alburquerque/RL/Tree_Data/data/All_sized/11159/masked_species_real_msa.phy.raxml.bestTreeCollapsed
Best ML tree saved to: /groups/pupko/alburquerque/RL/Tree_Data/data/All_sized/11159/masked_species_real_msa.phy.raxml.bestTree
Optimized model saved to: /groups/pupko/alburquerque/RL/Tree_Data/data/All_sized/11159/masked_species_real_msa.phy.raxml.bestModel

Execution log saved to: /groups/pupko/alburquerque/RL/Tree_Data/data/All_sized/11159/masked_species_real_msa.phy.raxml.log

Analysis started: 25-Dec-2022 18:31:10 / finished: 25-Dec-2022 18:31:11

Elapsed time: 0.250 seconds

