
RAxML-NG v. 1.1 released on 29.11.2021 by The Exelixis Lab.
Developed by: Alexey M. Kozlov and Alexandros Stamatakis.
Contributors: Diego Darriba, Tomas Flouri, Benoit Morel, Sarah Lutteropp, Ben Bettisworth.
Latest version: https://github.com/amkozlov/raxml-ng
Questions/problems/suggestions? Please visit: https://groups.google.com/forum/#!forum/raxml

System: Intel(R) Xeon(R) CPU E5-2670 v2 @ 2.50GHz, 20 cores, 62 GB RAM

RAxML-NG was called at 01-Mar-2023 14:15:13 as follows:

raxml-ng --msa /groups/pupko/alburquerque/RL/Tree_Data/data/All_sized/897/masked_species_real_msa.phy --threads 1 --model GTR{1.76152/4.44114/1.98631/2.01151/4.94202/1.00000}+I{0.107}+G{1.304}+F{0.30076/0.18877/0.23355/0.27692} --tree /groups/pupko/alburquerque/RL/Tree_Data/data/All_sized/897/Temp_start_tree_file_for_raxml_search.txt --redo

Analysis options:
  run mode: ML tree search
  start tree(s): user
  random seed: 1677672913
  tip-inner: OFF
  pattern compression: ON
  per-rate scalers: OFF
  site repeats: ON
  fast spr radius: AUTO
  spr subtree cutoff: 1.000000
  branch lengths: proportional (ML estimate, algorithm: NR-FAST)
  SIMD kernels: AVX
  parallelization: coarse-grained (auto), NONE/sequential

WARNING: Running in REDO mode: existing checkpoints are ignored, and all result files will be overwritten!

[00:00:00] Reading alignment from file: /groups/pupko/alburquerque/RL/Tree_Data/data/All_sized/897/masked_species_real_msa.phy
[00:00:00] Loaded alignment with 15 taxa and 414 sites

Alignment comprises 1 partitions and 171 patterns

Partition 0: noname
Model: GTR{1.76152/4.44114/1.98631/2.01151/4.94202/1}+FU{0.30076/0.18877/0.23355/0.27692}+IU{0.107}+G4m{1.304}
Alignment sites / patterns: 414 / 171
Gaps: 23.04 %
Invariant sites: 63.29 %


NOTE: Binary MSA file created: /groups/pupko/alburquerque/RL/Tree_Data/data/All_sized/897/masked_species_real_msa.phy.raxml.rba

Parallelization scheme autoconfig: 1 worker(s) x 1 thread(s)

Parallel reduction/worker buffer size: 1 KB  / 0 KB

[00:00:00] Loading user starting tree(s) from: /groups/pupko/alburquerque/RL/Tree_Data/data/All_sized/897/Temp_start_tree_file_for_raxml_search.txt
[00:00:00] Data distribution: max. partitions/sites/weight per thread: 1 / 171 / 2736
[00:00:00] Data distribution: max. searches per worker: 1

Starting ML tree search with 1 distinct starting trees

[00:00:00 -3127.895854] Initial branch length optimization
[00:00:00 -2628.284788] Model parameter optimization (eps = 10.000000)
[00:00:00 -2627.869813] AUTODETECT spr round 1 (radius: 5)
[00:00:00 -1370.940157] AUTODETECT spr round 2 (radius: 10)
[00:00:00 -1370.929583] SPR radius for FAST iterations: 5 (autodetect)
[00:00:00 -1370.929583] Model parameter optimization (eps = 3.000000)
[00:00:00 -1370.928108] FAST spr round 1 (radius: 5)
[00:00:00 -1359.964511] FAST spr round 2 (radius: 5)
[00:00:00 -1359.654708] FAST spr round 3 (radius: 5)
[00:00:00 -1359.654591] Model parameter optimization (eps = 1.000000)
[00:00:00 -1359.654591] SLOW spr round 1 (radius: 5)
[00:00:00 -1359.654485] SLOW spr round 2 (radius: 10)
[00:00:00 -1359.654485] SLOW spr round 3 (radius: 15)
[00:00:00 -1359.654485] Model parameter optimization (eps = 0.100000)

[00:00:00] ML tree search #1, logLikelihood: -1359.654485


Optimized model parameters:

   Partition 0: noname
   Rate heterogeneity: GAMMA (4 cats, mean),  alpha: 1.304000 (user),  weights&rates: (0.250000,0.193396) (0.250000,0.552311) (0.250000,1.036490) (0.250000,2.217804) 
   P-inv (user): 0.107000
   Base frequencies (user): 0.300760 0.188770 0.233550 0.276920 
   Substitution rates (user): 1.761520 4.441140 1.986310 2.011510 4.942020 1.000000 


Final LogLikelihood: -1359.654485

AIC score: 2773.308970 / AICc score: 2777.226069 / BIC score: 2882.007352
Free parameters (model + branch lengths): 27

WARNING: Best ML tree contains 3 near-zero branches!

Best ML tree with collapsed near-zero branches saved to: /groups/pupko/alburquerque/RL/Tree_Data/data/All_sized/897/masked_species_real_msa.phy.raxml.bestTreeCollapsed
Best ML tree saved to: /groups/pupko/alburquerque/RL/Tree_Data/data/All_sized/897/masked_species_real_msa.phy.raxml.bestTree
Optimized model saved to: /groups/pupko/alburquerque/RL/Tree_Data/data/All_sized/897/masked_species_real_msa.phy.raxml.bestModel

Execution log saved to: /groups/pupko/alburquerque/RL/Tree_Data/data/All_sized/897/masked_species_real_msa.phy.raxml.log

Analysis started: 01-Mar-2023 14:15:13 / finished: 01-Mar-2023 14:15:14

Elapsed time: 0.791 seconds

