
RAxML-NG v. 1.1 released on 29.11.2021 by The Exelixis Lab.
Developed by: Alexey M. Kozlov and Alexandros Stamatakis.
Contributors: Diego Darriba, Tomas Flouri, Benoit Morel, Sarah Lutteropp, Ben Bettisworth.
Latest version: https://github.com/amkozlov/raxml-ng
Questions/problems/suggestions? Please visit: https://groups.google.com/forum/#!forum/raxml

System: Intel(R) Xeon(R) CPU E5-2680 v3 @ 2.50GHz, 24 cores, 125 GB RAM

RAxML-NG was called at 21-Dec-2022 19:39:24 as follows:

raxml-ng --msa /groups/pupko/alburquerque/RL/Tree_Data/data/All_sized/632/masked_species_real_msa.phy --threads 1 --opt-branches on --opt-model --nofiles --tree rand{1} --redo off --model GTR{1.73601/2.24668/0.65600/0.49958/3.17319/1.00000}+I{0.047}+G{0.829}+F{0.29143/0.15757/0.25882/0.29218}

Analysis options:
  run mode: ML tree search
  start tree(s): random (1)
  random seed: 1671644364
  tip-inner: OFF
  pattern compression: ON
  per-rate scalers: OFF
  site repeats: ON
  fast spr radius: AUTO
  spr subtree cutoff: 1.000000
  branch lengths: proportional (ML estimate, algorithm: NR-FAST)
  SIMD kernels: AVX2
  parallelization: coarse-grained (auto), NONE/sequential

WARNING: Running in REDO mode: existing checkpoints are ignored, and all result files will be overwritten!

[00:00:00] Reading alignment from file: /groups/pupko/alburquerque/RL/Tree_Data/data/All_sized/632/masked_species_real_msa.phy
[00:00:00] Loaded alignment with 15 taxa and 1241 sites

Alignment comprises 1 partitions and 212 patterns

Partition 0: noname
Model: GTR{1.73601/2.24668/0.656/0.49958/3.17319/1}+FU{0.29143/0.15757/0.25882/0.29218}+IU{0.047}+G4m{0.829}
Alignment sites / patterns: 1241 / 212
Gaps: 47.55 %
Invariant sites: 85.98 %


NOTE: Binary MSA file created: /groups/pupko/alburquerque/RL/Tree_Data/data/All_sized/632/masked_species_real_msa.phy.raxml.rba

Parallelization scheme autoconfig: 1 worker(s) x 1 thread(s)

Parallel reduction/worker buffer size: 1 KB  / 0 KB

[00:00:00] Generating 1 random starting tree(s) with 15 taxa
[00:00:00] Data distribution: max. partitions/sites/weight per thread: 1 / 212 / 3392
[00:00:00] Data distribution: max. searches per worker: 1

Starting ML tree search with 1 distinct starting trees

[00:00:00 -3935.985106] Initial branch length optimization
[00:00:00 -3520.517114] Model parameter optimization (eps = 10.000000)
[00:00:00 -3520.358614] AUTODETECT spr round 1 (radius: 5)
[00:00:00 -2952.690060] AUTODETECT spr round 2 (radius: 10)
[00:00:00 -2952.689923] SPR radius for FAST iterations: 5 (autodetect)
[00:00:00 -2952.689923] Model parameter optimization (eps = 3.000000)
[00:00:00 -2952.689922] FAST spr round 1 (radius: 5)
[00:00:00 -2950.060550] FAST spr round 2 (radius: 5)
[00:00:00 -2950.060550] Model parameter optimization (eps = 1.000000)
[00:00:00 -2950.060550] SLOW spr round 1 (radius: 5)
[00:00:00 -2950.060550] SLOW spr round 2 (radius: 10)
[00:00:00 -2950.060550] SLOW spr round 3 (radius: 15)
[00:00:00 -2950.060550] Model parameter optimization (eps = 0.100000)

[00:00:00] ML tree search #1, logLikelihood: -2950.060550


Optimized model parameters:

   Partition 0: noname
   Rate heterogeneity: GAMMA (4 cats, mean),  alpha: 0.829000 (user),  weights&rates: (0.250000,0.101713) (0.250000,0.418553) (0.250000,0.964677) (0.250000,2.515057) 
   P-inv (user): 0.047000
   Base frequencies (user): 0.291430 0.157570 0.258820 0.292180 
   Substitution rates (user): 1.736010 2.246680 0.656000 0.499580 3.173190 1.000000 


Final LogLikelihood: -2950.060550

AIC score: 5954.121099 / AICc score: 5955.367596 / BIC score: 6092.460265
Free parameters (model + branch lengths): 27

WARNING: Best ML tree contains 1 near-zero branches!

Best ML tree with collapsed near-zero branches saved to: /groups/pupko/alburquerque/RL/Tree_Data/data/All_sized/632/masked_species_real_msa.phy.raxml.bestTreeCollapsed
Best ML tree saved to: /groups/pupko/alburquerque/RL/Tree_Data/data/All_sized/632/masked_species_real_msa.phy.raxml.bestTree
Optimized model saved to: /groups/pupko/alburquerque/RL/Tree_Data/data/All_sized/632/masked_species_real_msa.phy.raxml.bestModel

Execution log saved to: /groups/pupko/alburquerque/RL/Tree_Data/data/All_sized/632/masked_species_real_msa.phy.raxml.log

Analysis started: 21-Dec-2022 19:39:24 / finished: 21-Dec-2022 19:39:24

Elapsed time: 0.309 seconds

