
RAxML-NG v. 1.1 released on 29.11.2021 by The Exelixis Lab.
Developed by: Alexey M. Kozlov and Alexandros Stamatakis.
Contributors: Diego Darriba, Tomas Flouri, Benoit Morel, Sarah Lutteropp, Ben Bettisworth.
Latest version: https://github.com/amkozlov/raxml-ng
Questions/problems/suggestions? Please visit: https://groups.google.com/forum/#!forum/raxml

System: Intel(R) Xeon(R) Gold 6230 CPU @ 2.10GHz, 1 cores, 31 GB RAM

RAxML-NG was called at 28-Dec-2022 15:00:57 as follows:

raxml-ng --msa /groups/pupko/alburquerque/RL/Tree_Data/data/All_sized/6122/masked_species_real_msa.phy --threads 1 --opt-branches on --opt-model --nofiles --tree rand{1} --redo off --model GTR{1.17955/5.04736/1.27747/0.65346/7.89532/1.00000}+I{0.152}+G{1.664}+F{0.23781/0.31126/0.21761/0.23332}

Analysis options:
  run mode: ML tree search
  start tree(s): random (1)
  random seed: 1672232457
  tip-inner: OFF
  pattern compression: ON
  per-rate scalers: OFF
  site repeats: ON
  fast spr radius: AUTO
  spr subtree cutoff: 1.000000
  branch lengths: proportional (ML estimate, algorithm: NR-FAST)
  SIMD kernels: AVX2
  parallelization: coarse-grained (auto), NONE/sequential

WARNING: Running in REDO mode: existing checkpoints are ignored, and all result files will be overwritten!

[00:00:00] Reading alignment from file: /groups/pupko/alburquerque/RL/Tree_Data/data/All_sized/6122/masked_species_real_msa.phy
[00:00:00] Loaded alignment with 20 taxa and 1432 sites

Alignment comprises 1 partitions and 95 patterns

Partition 0: noname
Model: GTR{1.17955/5.04736/1.27747/0.65346/7.89532/1}+FU{0.23781/0.31126/0.21761/0.23332}+IU{0.152}+G4m{1.664}
Alignment sites / patterns: 1432 / 95
Gaps: 0.82 %
Invariant sites: 89.39 %


NOTE: Binary MSA file created: /groups/pupko/alburquerque/RL/Tree_Data/data/All_sized/6122/masked_species_real_msa.phy.raxml.rba

Parallelization scheme autoconfig: 1 worker(s) x 1 thread(s)

Parallel reduction/worker buffer size: 1 KB  / 0 KB

[00:00:00] Generating 1 random starting tree(s) with 20 taxa
[00:00:00] Data distribution: max. partitions/sites/weight per thread: 1 / 95 / 1520
[00:00:00] Data distribution: max. searches per worker: 1

Starting ML tree search with 1 distinct starting trees

[00:00:00 -5171.919144] Initial branch length optimization
[00:00:00 -3595.608997] Model parameter optimization (eps = 10.000000)
[00:00:00 -3595.532333] AUTODETECT spr round 1 (radius: 5)
[00:00:00 -3003.343953] AUTODETECT spr round 2 (radius: 10)
[00:00:00 -2997.602261] AUTODETECT spr round 3 (radius: 15)
[00:00:00 -2997.602259] SPR radius for FAST iterations: 10 (autodetect)
[00:00:00 -2997.602259] Model parameter optimization (eps = 3.000000)
[00:00:00 -2997.602259] FAST spr round 1 (radius: 10)
[00:00:00 -2949.866084] FAST spr round 2 (radius: 10)
[00:00:00 -2949.866084] Model parameter optimization (eps = 1.000000)
[00:00:00 -2949.866084] SLOW spr round 1 (radius: 5)
[00:00:00 -2949.866084] SLOW spr round 2 (radius: 10)
[00:00:00 -2949.866084] SLOW spr round 3 (radius: 15)
[00:00:00 -2949.866084] SLOW spr round 4 (radius: 20)
[00:00:00 -2949.866084] Model parameter optimization (eps = 0.100000)

[00:00:00] ML tree search #1, logLikelihood: -2949.866084


Optimized model parameters:

   Partition 0: noname
   Rate heterogeneity: GAMMA (4 cats, mean),  alpha: 1.664000 (user),  weights&rates: (0.250000,0.249582) (0.250000,0.613758) (0.250000,1.058759) (0.250000,2.077901) 
   P-inv (user): 0.152000
   Base frequencies (user): 0.237810 0.311260 0.217610 0.233320 
   Substitution rates (user): 1.179550 5.047360 1.277470 0.653460 7.895320 1.000000 


Final LogLikelihood: -2949.866084

AIC score: 5973.732168 / AICc score: 5975.749385 / BIC score: 6168.604780
Free parameters (model + branch lengths): 37

WARNING: Best ML tree contains 2 near-zero branches!

Best ML tree with collapsed near-zero branches saved to: /groups/pupko/alburquerque/RL/Tree_Data/data/All_sized/6122/masked_species_real_msa.phy.raxml.bestTreeCollapsed
Best ML tree saved to: /groups/pupko/alburquerque/RL/Tree_Data/data/All_sized/6122/masked_species_real_msa.phy.raxml.bestTree
Optimized model saved to: /groups/pupko/alburquerque/RL/Tree_Data/data/All_sized/6122/masked_species_real_msa.phy.raxml.bestModel

Execution log saved to: /groups/pupko/alburquerque/RL/Tree_Data/data/All_sized/6122/masked_species_real_msa.phy.raxml.log

Analysis started: 28-Dec-2022 15:00:57 / finished: 28-Dec-2022 15:00:58

Elapsed time: 0.369 seconds

