
RAxML-NG v. 1.1 released on 29.11.2021 by The Exelixis Lab.
Developed by: Alexey M. Kozlov and Alexandros Stamatakis.
Contributors: Diego Darriba, Tomas Flouri, Benoit Morel, Sarah Lutteropp, Ben Bettisworth.
Latest version: https://github.com/amkozlov/raxml-ng
Questions/problems/suggestions? Please visit: https://groups.google.com/forum/#!forum/raxml

System: Intel(R) Xeon(R) CPU E5-2670 v2 @ 2.50GHz, 20 cores, 62 GB RAM

RAxML-NG was called at 27-Feb-2023 22:12:58 as follows:

raxml-ng --msa /groups/pupko/alburquerque/RL/Tree_Data/data/All_sized/1953/masked_species_real_msa.phy --threads 1 --model GTR{2.63410/5.15680/3.14951/2.37814/9.30478/1.00000}+I{0.577}+G{0.702}+F{0.21997/0.28171/0.26723/0.23109} --tree /groups/pupko/alburquerque/RL/Tree_Data/data/All_sized/1953/Temp_start_tree_file_for_raxml_search.txt --redo

Analysis options:
  run mode: ML tree search
  start tree(s): user
  random seed: 1677528778
  tip-inner: OFF
  pattern compression: ON
  per-rate scalers: OFF
  site repeats: ON
  fast spr radius: AUTO
  spr subtree cutoff: 1.000000
  branch lengths: proportional (ML estimate, algorithm: NR-FAST)
  SIMD kernels: AVX
  parallelization: coarse-grained (auto), NONE/sequential

WARNING: Running in REDO mode: existing checkpoints are ignored, and all result files will be overwritten!

[00:00:00] Reading alignment from file: /groups/pupko/alburquerque/RL/Tree_Data/data/All_sized/1953/masked_species_real_msa.phy
[00:00:00] Loaded alignment with 15 taxa and 3704 sites

Alignment comprises 1 partitions and 632 patterns

Partition 0: noname
Model: GTR{2.6341/5.1568/3.14951/2.37814/9.30478/1}+FU{0.21997/0.28171/0.26723/0.23109}+IU{0.577}+G4m{0.702}
Alignment sites / patterns: 3704 / 632
Gaps: 15.65 %
Invariant sites: 86.91 %


NOTE: Binary MSA file created: /groups/pupko/alburquerque/RL/Tree_Data/data/All_sized/1953/masked_species_real_msa.phy.raxml.rba

Parallelization scheme autoconfig: 1 worker(s) x 1 thread(s)

Parallel reduction/worker buffer size: 1 KB  / 0 KB

[00:00:00] Loading user starting tree(s) from: /groups/pupko/alburquerque/RL/Tree_Data/data/All_sized/1953/Temp_start_tree_file_for_raxml_search.txt
[00:00:00] Data distribution: max. partitions/sites/weight per thread: 1 / 632 / 10112
[00:00:00] Data distribution: max. searches per worker: 1

Starting ML tree search with 1 distinct starting trees

[00:00:00 -11729.255731] Initial branch length optimization
[00:00:00 -10555.042752] Model parameter optimization (eps = 10.000000)
[00:00:00 -10554.454613] AUTODETECT spr round 1 (radius: 5)
[00:00:00 -8680.812022] AUTODETECT spr round 2 (radius: 10)
[00:00:00 -8680.811749] SPR radius for FAST iterations: 5 (autodetect)
[00:00:00 -8680.811749] Model parameter optimization (eps = 3.000000)
[00:00:00 -8680.811746] FAST spr round 1 (radius: 5)
[00:00:00 -8672.664440] FAST spr round 2 (radius: 5)
[00:00:00 -8672.664399] Model parameter optimization (eps = 1.000000)
[00:00:00 -8672.664399] SLOW spr round 1 (radius: 5)
[00:00:01 -8672.664399] SLOW spr round 2 (radius: 10)
[00:00:01 -8672.664399] SLOW spr round 3 (radius: 15)
[00:00:01 -8672.664399] Model parameter optimization (eps = 0.100000)

[00:00:01] ML tree search #1, logLikelihood: -8672.664399


Optimized model parameters:

   Partition 0: noname
   Rate heterogeneity: GAMMA (4 cats, mean),  alpha: 0.702000 (user),  weights&rates: (0.250000,0.074616) (0.250000,0.364472) (0.250000,0.925607) (0.250000,2.635305) 
   P-inv (user): 0.577000
   Base frequencies (user): 0.219970 0.281710 0.267230 0.231090 
   Substitution rates (user): 2.634100 5.156800 3.149510 2.378140 9.304780 1.000000 


Final LogLikelihood: -8672.664399

AIC score: 17399.328799 / AICc score: 17399.740115 / BIC score: 17567.192351
Free parameters (model + branch lengths): 27

Best ML tree saved to: /groups/pupko/alburquerque/RL/Tree_Data/data/All_sized/1953/masked_species_real_msa.phy.raxml.bestTree
Optimized model saved to: /groups/pupko/alburquerque/RL/Tree_Data/data/All_sized/1953/masked_species_real_msa.phy.raxml.bestModel

Execution log saved to: /groups/pupko/alburquerque/RL/Tree_Data/data/All_sized/1953/masked_species_real_msa.phy.raxml.log

Analysis started: 27-Feb-2023 22:12:58 / finished: 27-Feb-2023 22:12:59

Elapsed time: 1.342 seconds

