
RAxML-NG v. 1.1 released on 29.11.2021 by The Exelixis Lab.
Developed by: Alexey M. Kozlov and Alexandros Stamatakis.
Contributors: Diego Darriba, Tomas Flouri, Benoit Morel, Sarah Lutteropp, Ben Bettisworth.
Latest version: https://github.com/amkozlov/raxml-ng
Questions/problems/suggestions? Please visit: https://groups.google.com/forum/#!forum/raxml

System: Intel(R) Xeon(R) CPU E5-2670 v2 @ 2.50GHz, 20 cores, 62 GB RAM

RAxML-NG was called at 25-Dec-2022 18:31:14 as follows:

raxml-ng --msa /groups/pupko/alburquerque/RL/Tree_Data/data/All_sized/44859/masked_species_real_msa.phy --threads 1 --opt-branches on --opt-model --nofiles --tree rand{1} --redo off --model GTR{1.08793/2.83578/2.48264/1.05289/5.31054/1.00000}+I{0.149}+G{0.660}+F{0.29873/0.17402/0.22300/0.30424}

Analysis options:
  run mode: ML tree search
  start tree(s): random (1)
  random seed: 1671985874
  tip-inner: OFF
  pattern compression: ON
  per-rate scalers: OFF
  site repeats: ON
  fast spr radius: AUTO
  spr subtree cutoff: 1.000000
  branch lengths: proportional (ML estimate, algorithm: NR-FAST)
  SIMD kernels: AVX
  parallelization: coarse-grained (auto), NONE/sequential

WARNING: Running in REDO mode: existing checkpoints are ignored, and all result files will be overwritten!

[00:00:00] Reading alignment from file: /groups/pupko/alburquerque/RL/Tree_Data/data/All_sized/44859/masked_species_real_msa.phy
[00:00:00] Loaded alignment with 20 taxa and 2755 sites

Alignment comprises 1 partitions and 1350 patterns

Partition 0: noname
Model: GTR{1.08793/2.83578/2.48264/1.05289/5.31054/1}+FU{0.29873/0.17402/0.223/0.30424}+IU{0.149}+G4m{0.66}
Alignment sites / patterns: 2755 / 1350
Gaps: 12.22 %
Invariant sites: 44.57 %


NOTE: Binary MSA file created: /groups/pupko/alburquerque/RL/Tree_Data/data/All_sized/44859/masked_species_real_msa.phy.raxml.rba

Parallelization scheme autoconfig: 1 worker(s) x 1 thread(s)

Parallel reduction/worker buffer size: 1 KB  / 0 KB

[00:00:00] Generating 1 random starting tree(s) with 20 taxa
[00:00:00] Data distribution: max. partitions/sites/weight per thread: 1 / 1350 / 21600
[00:00:00] Data distribution: max. searches per worker: 1

Starting ML tree search with 1 distinct starting trees

[00:00:00 -24432.419216] Initial branch length optimization
[00:00:00 -21816.045683] Model parameter optimization (eps = 10.000000)
[00:00:00 -21815.900173] AUTODETECT spr round 1 (radius: 5)
[00:00:00 -19934.703920] AUTODETECT spr round 2 (radius: 10)
[00:00:00 -19934.693233] SPR radius for FAST iterations: 5 (autodetect)
[00:00:00 -19934.693233] Model parameter optimization (eps = 3.000000)
[00:00:00 -19934.690066] FAST spr round 1 (radius: 5)
[00:00:00 -19907.335186] FAST spr round 2 (radius: 5)
[00:00:01 -19906.784517] FAST spr round 3 (radius: 5)
[00:00:01 -19906.784455] Model parameter optimization (eps = 1.000000)
[00:00:01 -19906.784454] SLOW spr round 1 (radius: 5)
[00:00:03 -19906.784454] SLOW spr round 2 (radius: 10)
[00:00:04 -19906.784454] SLOW spr round 3 (radius: 15)
[00:00:04 -19906.784454] SLOW spr round 4 (radius: 20)
[00:00:04 -19906.784454] Model parameter optimization (eps = 0.100000)

[00:00:04] ML tree search #1, logLikelihood: -19906.784454


Optimized model parameters:

   Partition 0: noname
   Rate heterogeneity: GAMMA (4 cats, mean),  alpha: 0.660000 (user),  weights&rates: (0.250000,0.065673) (0.250000,0.344029) (0.250000,0.909093) (0.250000,2.681204) 
   P-inv (user): 0.149000
   Base frequencies (user): 0.298733 0.174022 0.223002 0.304243 
   Substitution rates (user): 1.087930 2.835780 2.482640 1.052890 5.310540 1.000000 


Final LogLikelihood: -19906.784454

AIC score: 39887.568908 / AICc score: 39888.603873 / BIC score: 40106.652299
Free parameters (model + branch lengths): 37

Best ML tree saved to: /groups/pupko/alburquerque/RL/Tree_Data/data/All_sized/44859/masked_species_real_msa.phy.raxml.bestTree
Optimized model saved to: /groups/pupko/alburquerque/RL/Tree_Data/data/All_sized/44859/masked_species_real_msa.phy.raxml.bestModel

Execution log saved to: /groups/pupko/alburquerque/RL/Tree_Data/data/All_sized/44859/masked_species_real_msa.phy.raxml.log

Analysis started: 25-Dec-2022 18:31:14 / finished: 25-Dec-2022 18:31:18

Elapsed time: 4.219 seconds

